 Logged in with user[P710777]
 Logged in with user[P710600]
 Logged in with user[P710601]
Start auto log messages stack - Iteration 1.	[MsgId: MMSG-10545]
LSP_Start.c(45): Notify: Transaction "LSP_Start" ended with a "Fail" status (Duration: 2.2427 Wasted Time: 0.0000).	[MsgId: MMSG-16871]
LSP_Start.c(45): Notify: Transaction "LSP_Start" has 0 error message(s).	[MsgId: MMSG-16818]
Ending action LSP_Start.	[MsgId: MMSG-15918]
Starting action LSP_delete.	[MsgId: MMSG-15919]
LSP_delete.c(3): web_add_header("X-CSRF-Token") started  	[MsgId: MMSG-26355]
LSP_delete.c(3): web_add_header("X-CSRF-Token") was successful  	[MsgId: MMSG-26392]
LSP_delete.c(4): web_reg_find started  	[MsgId: MMSG-26355]
LSP_delete.c(4): Registering web_reg_find was successful  	[MsgId: MMSG-26390]
LSP_delete.c(5): web_reg_find started  	[MsgId: MMSG-26355]
LSP_delete.c(5): Registering web_reg_find was successful  	[MsgId: MMSG-26390]
LSP_delete.c(8): web_custom_request("delete") started  	[MsgId: MMSG-26355]
LSP_delete.c(8): Continuing after Error -26612: HTTP Status-Code=500 (Internal Server Error) for "https://diperf1-wf1f52214.dispatcher.int.sap.hana.ondemand.com/di/lsp/delete?workspaceId=workspacedws3mkiot86x86xw"  	[MsgId: MERR-26612]
LSP_delete.c(8): Continuing after Error -26366: "Text=200" not found for web_reg_find  	[MsgId: MERR-26366]
LSP_delete.c(8): Continuing after Error -26366: "Text=Language server deleted" not found for web_reg_find  	[MsgId: MERR-26366]
End auto log messages stack.	[MsgId: MMSG-10544]


Start auto log messages stack - Iteration 2.	[MsgId: MMSG-10545]
LSP_Start.c(45): Notify: Transaction "LSP_Start" ended with a "Fail" status (Duration: 2.3494 Wasted Time: 0.0000).	[MsgId: MMSG-16871]
LSP_Start.c(45): Notify: Transaction "LSP_Start" has 0 error message(s).	[MsgId: MMSG-16818]
Ending action LSP_Start.	[MsgId: MMSG-15918]
Starting action LSP_delete.	[MsgId: MMSG-15919]
LSP_delete.c(3): web_add_header("X-CSRF-Token") started  	[MsgId: MMSG-26355]
LSP_delete.c(3): web_add_header("X-CSRF-Token") was successful  	[MsgId: MMSG-26392]
LSP_delete.c(4): web_reg_find started  	[MsgId: MMSG-26355]
LSP_delete.c(4): Registering web_reg_find was successful  	[MsgId: MMSG-26390]
LSP_delete.c(5): web_reg_find started  	[MsgId: MMSG-26355]
LSP_delete.c(5): Registering web_reg_find was successful  	[MsgId: MMSG-26390]
LSP_delete.c(8): web_custom_request("delete") started  	[MsgId: MMSG-26355]
LSP_delete.c(8): Continuing after Error -26612: HTTP Status-Code=500 (Internal Server Error) for "https://diperf1-wf1f52214.dispatcher.int.sap.hana.ondemand.com/di/lsp/delete?workspaceId=workspacedws3mkiot86x86xw"  	[MsgId: MERR-26612]
LSP_delete.c(8): Continuing after Error -26366: "Text=200" not found for web_reg_find  	[MsgId: MERR-26366]
LSP_delete.c(8): Continuing after Error -26366: "Text=Language server deleted" not found for web_reg_find  	[MsgId: MERR-26366]
End auto log messages stack.	[MsgId: MMSG-10544]


Start auto log messages stack - Iteration 3.	[MsgId: MMSG-10545]
LSP_Start.c(45): Notify: Transaction "LSP_Start" ended with a "Fail" status (Duration: 2.3782 Wasted Time: 0.0000).	[MsgId: MMSG-16871]
LSP_Start.c(45): Notify: Transaction "LSP_Start" has 0 error message(s).	[MsgId: MMSG-16818]
Ending action LSP_Start.	[MsgId: MMSG-15918]
Starting action LSP_delete.	[MsgId: MMSG-15919]
LSP_delete.c(3): web_add_header("X-CSRF-Token") started  	[MsgId: MMSG-26355]
LSP_delete.c(3): web_add_header("X-CSRF-Token") was successful  	[MsgId: MMSG-26392]
LSP_delete.c(4): web_reg_find started  	[MsgId: MMSG-26355]
LSP_delete.c(4): Registering web_reg_find was successful  	[MsgId: MMSG-26390]
LSP_delete.c(5): web_reg_find started  	[MsgId: MMSG-26355]
LSP_delete.c(5): Registering web_reg_find was successful  	[MsgId: MMSG-26390]
LSP_delete.c(8): web_custom_request("delete") started  	[MsgId: MMSG-26355]
LSP_delete.c(8): Continuing after Error -26612: HTTP Status-Code=500 (Internal Server Error) for "https://diperf1-wf1f52214.dispatcher.int.sap.hana.ondemand.com/di/lsp/delete?workspaceId=workspacedws3mkiot86x86xw"  	[MsgId: MERR-26612]
LSP_delete.c(8): Continuing after Error -26366: "Text=200" not found for web_reg_find  	[MsgId: MERR-26366]
LSP_delete.c(8): Continuing after Error -26366: "Text=Language server deleted" not found for web_reg_find  	[MsgId: MERR-26366]
End auto log messages stack.	[MsgId: MMSG-10544]


Start auto log messages stack - Iteration 4.	[MsgId: MMSG-10545]
LSP_Start.c(45): Notify: Transaction "LSP_Start" ended with a "Fail" status (Duration: 2.3914 Wasted Time: 0.0000).	[MsgId: MMSG-16871]
LSP_Start.c(45): Notify: Transaction "LSP_Start" has 0 error message(s).	[MsgId: MMSG-16818]
Ending action LSP_Start.	[MsgId: MMSG-15918]
Starting action LSP_delete.	[MsgId: MMSG-15919]
LSP_delete.c(3): web_add_header("X-CSRF-Token") started  	[MsgId: MMSG-26355]
LSP_delete.c(3): web_add_header("X-CSRF-Token") was successful  	[MsgId: MMSG-26392]
LSP_delete.c(4): web_reg_find started  	[MsgId: MMSG-26355]
LSP_delete.c(4): Registering web_reg_find was successful  	[MsgId: MMSG-26390]
LSP_delete.c(5): web_reg_find started  	[MsgId: MMSG-26355]
LSP_delete.c(5): Registering web_reg_find was successful  	[MsgId: MMSG-26390]
LSP_delete.c(8): web_custom_request("delete") started  	[MsgId: MMSG-26355]
LSP_delete.c(8): Continuing after Error -26612: HTTP Status-Code=500 (Internal Server Error) for "https://diperf1-wf1f52214.dispatcher.int.sap.hana.ondemand.com/di/lsp/delete?workspaceId=workspacedws3mkiot86x86xw"  	[MsgId: MERR-26612]
LSP_delete.c(8): Continuing after Error -26366: "Text=200" not found for web_reg_find  	[MsgId: MERR-26366]
LSP_delete.c(8): Continuing after Error -26366: "Text=Language server deleted" not found for web_reg_find  	[MsgId: MERR-26366]
End auto log messages stack.	[MsgId: MMSG-10544]


Start auto log messages stack - Iteration 5.	[MsgId: MMSG-10545]
LSP_Start.c(45): Notify: Transaction "LSP_Start" ended with a "Fail" status (Duration: 2.4108 Wasted Time: 0.0000).	[MsgId: MMSG-16871]
LSP_Start.c(45): Notify: Transaction "LSP_Start" has 0 error message(s).	[MsgId: MMSG-16818]
Ending action LSP_Start.	[MsgId: MMSG-15918]
Starting action LSP_delete.	[MsgId: MMSG-15919]
LSP_delete.c(3): web_add_header("X-CSRF-Token") started  	[MsgId: MMSG-26355]
LSP_delete.c(3): web_add_header("X-CSRF-Token") was successful  	[MsgId: MMSG-26392]
LSP_delete.c(4): web_reg_find started  	[MsgId: MMSG-26355]
LSP_delete.c(4): Registering web_reg_find was successful  	[MsgId: MMSG-26390]
LSP_delete.c(5): web_reg_find started  	[MsgId: MMSG-26355]
LSP_delete.c(5): Registering web_reg_find was successful  	[MsgId: MMSG-26390]
LSP_delete.c(8): web_custom_request("delete") started  	[MsgId: MMSG-26355]
LSP_delete.c(8): Continuing after Error -26612: HTTP Status-Code=500 (Internal Server Error) for "https://diperf1-wf1f52214.dispatcher.int.sap.hana.ondemand.com/di/lsp/delete?workspaceId=workspacedws3mkiot86x86xw"  	[MsgId: MERR-26612]
LSP_delete.c(8): Continuing after Error -26366: "Text=200" not found for web_reg_find  	[MsgId: MERR-26366]
LSP_delete.c(8): Continuing after Error -26366: "Text=Language server deleted" not found for web_reg_find  	[MsgId: MERR-26366]
End auto log messages stack.	[MsgId: MMSG-10544]


 Logged in with user[P710602]
Start auto log messages stack - Iteration 6.	[MsgId: MMSG-10545]
LSP_Start.c(45): Notify: Transaction "LSP_Start" ended with a "Fail" status (Duration: 2.3682 Wasted Time: 0.0000).	[MsgId: MMSG-16871]
LSP_Start.c(45): Notify: Transaction "LSP_Start" has 0 error message(s).	[MsgId: MMSG-16818]
Ending action LSP_Start.	[MsgId: MMSG-15918]
Starting action LSP_delete.	[MsgId: MMSG-15919]
LSP_delete.c(3): web_add_header("X-CSRF-Token") started  	[MsgId: MMSG-26355]
LSP_delete.c(3): web_add_header("X-CSRF-Token") was successful  	[MsgId: MMSG-26392]
LSP_delete.c(4): web_reg_find started  	[MsgId: MMSG-26355]
LSP_delete.c(4): Registering web_reg_find was successful  	[MsgId: MMSG-26390]
LSP_delete.c(5): web_reg_find started  	[MsgId: MMSG-26355]
LSP_delete.c(5): Registering web_reg_find was successful  	[MsgId: MMSG-26390]
LSP_delete.c(8): web_custom_request("delete") started  	[MsgId: MMSG-26355]
LSP_delete.c(8): Continuing after Error -26612: HTTP Status-Code=500 (Internal Server Error) for "https://diperf1-wf1f52214.dispatcher.int.sap.hana.ondemand.com/di/lsp/delete?workspaceId=workspacedws3mkiot86x86xw"  	[MsgId: MERR-26612]
LSP_delete.c(8): Continuing after Error -26366: "Text=200" not found for web_reg_find  	[MsgId: MERR-26366]
LSP_delete.c(8): Continuing after Error -26366: "Text=Language server deleted" not found for web_reg_find  	[MsgId: MERR-26366]
End auto log messages stack.	[MsgId: MMSG-10544]


Start auto log messages stack - Iteration 1.	[MsgId: MMSG-10545]
LSP_Start.c(45): Notify: Transaction "LSP_Start" ended with a "Fail" status (Duration: 2.3274 Wasted Time: 0.0000).	[MsgId: MMSG-16871]
LSP_Start.c(45): Notify: Transaction "LSP_Start" has 0 error message(s).	[MsgId: MMSG-16818]
Ending action LSP_Start.	[MsgId: MMSG-15918]
Starting action LSP_delete.	[MsgId: MMSG-15919]
LSP_delete.c(3): web_add_header("X-CSRF-Token") started  	[MsgId: MMSG-26355]
LSP_delete.c(3): web_add_header("X-CSRF-Token") was successful  	[MsgId: MMSG-26392]
LSP_delete.c(4): web_reg_find started  	[MsgId: MMSG-26355]
LSP_delete.c(4): Registering web_reg_find was successful  	[MsgId: MMSG-26390]
LSP_delete.c(5): web_reg_find started  	[MsgId: MMSG-26355]
LSP_delete.c(5): Registering web_reg_find was successful  	[MsgId: MMSG-26390]
LSP_delete.c(8): web_custom_request("delete") started  	[MsgId: MMSG-26355]
LSP_delete.c(8): Continuing after Error -26612: HTTP Status-Code=500 (Internal Server Error) for "https://diperf1-wf1f52214.dispatcher.int.sap.hana.ondemand.com/di/lsp/delete?workspaceId=workspace6xsov1p1ut1ktknb"  	[MsgId: MERR-26612]
LSP_delete.c(8): Continuing after Error -26366: "Text=200" not found for web_reg_find  	[MsgId: MERR-26366]
LSP_delete.c(8): Continuing after Error -26366: "Text=Language server deleted" not found for web_reg_find  	[MsgId: MERR-26366]
End auto log messages stack.	[MsgId: MMSG-10544]


Start auto log messages stack - Iteration 7.	[MsgId: MMSG-10545]
LSP_Start.c(45): Notify: Transaction "LSP_Start" ended with a "Fail" status (Duration: 2.3998 Wasted Time: 0.0000).	[MsgId: MMSG-16871]
LSP_Start.c(45): Notify: Transaction "LSP_Start" has 0 error message(s).	[MsgId: MMSG-16818]
Ending action LSP_Start.	[MsgId: MMSG-15918]
Starting action LSP_delete.	[MsgId: MMSG-15919]
LSP_delete.c(3): web_add_header("X-CSRF-Token") started  	[MsgId: MMSG-26355]
LSP_delete.c(3): web_add_header("X-CSRF-Token") was successful  	[MsgId: MMSG-26392]
LSP_delete.c(4): web_reg_find started  	[MsgId: MMSG-26355]
LSP_delete.c(4): Registering web_reg_find was successful  	[MsgId: MMSG-26390]
LSP_delete.c(5): web_reg_find started  	[MsgId: MMSG-26355]
LSP_delete.c(5): Registering web_reg_find was successful  	[MsgId: MMSG-26390]
LSP_delete.c(8): web_custom_request("delete") started  	[MsgId: MMSG-26355]
LSP_delete.c(8): Continuing after Error -26612: HTTP Status-Code=500 (Internal Server Error) for "https://diperf1-wf1f52214.dispatcher.int.sap.hana.ondemand.com/di/lsp/delete?workspaceId=workspacedws3mkiot86x86xw"  	[MsgId: MERR-26612]
LSP_delete.c(8): Continuing after Error -26366: "Text=200" not found for web_reg_find  	[MsgId: MERR-26366]
LSP_delete.c(8): Continuing after Error -26366: "Text=Language server deleted" not found for web_reg_find  	[MsgId: MERR-26366]
End auto log messages stack.	[MsgId: MMSG-10544]


Start auto log messages stack - Iteration 8.	[MsgId: MMSG-10545]
LSP_Start.c(45): Notify: Transaction "LSP_Start" ended with a "Fail" status (Duration: 2.3973 Wasted Time: 0.0000).	[MsgId: MMSG-16871]
LSP_Start.c(45): Notify: Transaction "LSP_Start" has 0 error message(s).	[MsgId: MMSG-16818]
Ending action LSP_Start.	[MsgId: MMSG-15918]
Starting action LSP_delete.	[MsgId: MMSG-15919]
LSP_delete.c(3): web_add_header("X-CSRF-Token") started  	[MsgId: MMSG-26355]
LSP_delete.c(3): web_add_header("X-CSRF-Token") was successful  	[MsgId: MMSG-26392]
LSP_delete.c(4): web_reg_find started  	[MsgId: MMSG-26355]
LSP_delete.c(4): Registering web_reg_find was successful  	[MsgId: MMSG-26390]
LSP_delete.c(5): web_reg_find started  	[MsgId: MMSG-26355]
LSP_delete.c(5): Registering web_reg_find was successful  	[MsgId: MMSG-26390]
LSP_delete.c(8): web_custom_request("delete") started  	[MsgId: MMSG-26355]
LSP_delete.c(8): Continuing after Error -26612: HTTP Status-Code=500 (Internal Server Error) for "https://diperf1-wf1f52214.dispatcher.int.sap.hana.ondemand.com/di/lsp/delete?workspaceId=workspacedws3mkiot86x86xw"  	[MsgId: MERR-26612]
LSP_delete.c(8): Continuing after Error -26366: "Text=200" not found for web_reg_find  	[MsgId: MERR-26366]
LSP_delete.c(8): Continuing after Error -26366: "Text=Language server deleted" not found for web_reg_find  	[MsgId: MERR-26366]
End auto log messages stack.	[MsgId: MMSG-10544]


Start auto log messages stack - Iteration 2.	[MsgId: MMSG-10545]
LSP_Start.c(45): Notify: Transaction "LSP_Start" ended with a "Fail" status (Duration: 2.5420 Wasted Time: 0.0000).	[MsgId: MMSG-16871]
LSP_Start.c(45): Notify: Transaction "LSP_Start" has 0 error message(s).	[MsgId: MMSG-16818]
Ending action LSP_Start.	[MsgId: MMSG-15918]
Starting action LSP_delete.	[MsgId: MMSG-15919]
LSP_delete.c(3): web_add_header("X-CSRF-Token") started  	[MsgId: MMSG-26355]
LSP_delete.c(3): web_add_header("X-CSRF-Token") was successful  	[MsgId: MMSG-26392]
LSP_delete.c(4): web_reg_find started  	[MsgId: MMSG-26355]
LSP_delete.c(4): Registering web_reg_find was successful  	[MsgId: MMSG-26390]
LSP_delete.c(5): web_reg_find started  	[MsgId: MMSG-26355]
LSP_delete.c(5): Registering web_reg_find was successful  	[MsgId: MMSG-26390]
LSP_delete.c(8): web_custom_request("delete") started  	[MsgId: MMSG-26355]
LSP_delete.c(8): Continuing after Error -26612: HTTP Status-Code=500 (Internal Server Error) for "https://diperf1-wf1f52214.dispatcher.int.sap.hana.ondemand.com/di/lsp/delete?workspaceId=workspace6xsov1p1ut1ktknb"  	[MsgId: MERR-26612]
LSP_delete.c(8): Continuing after Error -26366: "Text=200" not found for web_reg_find  	[MsgId: MERR-26366]
LSP_delete.c(8): Continuing after Error -26366: "Text=Language server deleted" not found for web_reg_find  	[MsgId: MERR-26366]
End auto log messages stack.	[MsgId: MMSG-10544]


Start auto log messages stack - Iteration 3.	[MsgId: MMSG-10545]
LSP_Start.c(45): Notify: Transaction "LSP_Start" ended with a "Fail" status (Duration: 2.3512 Wasted Time: 0.0000).	[MsgId: MMSG-16871]
LSP_Start.c(45): Notify: Transaction "LSP_Start" has 0 error message(s).	[MsgId: MMSG-16818]
Ending action LSP_Start.	[MsgId: MMSG-15918]
Starting action LSP_delete.	[MsgId: MMSG-15919]
LSP_delete.c(3): web_add_header("X-CSRF-Token") started  	[MsgId: MMSG-26355]
LSP_delete.c(3): web_add_header("X-CSRF-Token") was successful  	[MsgId: MMSG-26392]
LSP_delete.c(4): web_reg_find started  	[MsgId: MMSG-26355]
LSP_delete.c(4): Registering web_reg_find was successful  	[MsgId: MMSG-26390]
LSP_delete.c(5): web_reg_find started  	[MsgId: MMSG-26355]
LSP_delete.c(5): Registering web_reg_find was successful  	[MsgId: MMSG-26390]
LSP_delete.c(8): web_custom_request("delete") started  	[MsgId: MMSG-26355]
LSP_delete.c(8): Continuing after Error -26612: HTTP Status-Code=500 (Internal Server Error) for "https://diperf1-wf1f52214.dispatcher.int.sap.hana.ondemand.com/di/lsp/delete?workspaceId=workspace6xsov1p1ut1ktknb"  	[MsgId: MERR-26612]
LSP_delete.c(8): Continuing after Error -26366: "Text=200" not found for web_reg_find  	[MsgId: MERR-26366]
LSP_delete.c(8): Continuing after Error -26366: "Text=Language server deleted" not found for web_reg_find  	[MsgId: MERR-26366]
End auto log messages stack.	[MsgId: MMSG-10544]


Start auto log messages stack - Iteration 9.	[MsgId: MMSG-10545]
LSP_Start.c(45): Notify: Transaction "LSP_Start" ended with a "Fail" status (Duration: 2.3569 Wasted Time: 0.0000).	[MsgId: MMSG-16871]
LSP_Start.c(45): Notify: Transaction "LSP_Start" has 0 error message(s).	[MsgId: MMSG-16818]
Ending action LSP_Start.	[MsgId: MMSG-15918]
Starting action LSP_delete.	[MsgId: MMSG-15919]
LSP_delete.c(3): web_add_header("X-CSRF-Token") started  	[MsgId: MMSG-26355]
LSP_delete.c(3): web_add_header("X-CSRF-Token") was successful  	[MsgId: MMSG-26392]
LSP_delete.c(4): web_reg_find started  	[MsgId: MMSG-26355]
LSP_delete.c(4): Registering web_reg_find was successful  	[MsgId: MMSG-26390]
LSP_delete.c(5): web_reg_find started  	[MsgId: MMSG-26355]
LSP_delete.c(5): Registering web_reg_find was successful  	[MsgId: MMSG-26390]
LSP_delete.c(8): web_custom_request("delete") started  	[MsgId: MMSG-26355]
LSP_delete.c(8): Continuing after Error -26612: HTTP Status-Code=500 (Internal Server Error) for "https://diperf1-wf1f52214.dispatcher.int.sap.hana.ondemand.com/di/lsp/delete?workspaceId=workspacedws3mkiot86x86xw"  	[MsgId: MERR-26612]
LSP_delete.c(8): Continuing after Error -26366: "Text=200" not found for web_reg_find  	[MsgId: MERR-26366]
LSP_delete.c(8): Continuing after Error -26366: "Text=Language server deleted" not found for web_reg_find  	[MsgId: MERR-26366]
End auto log messages stack.	[MsgId: MMSG-10544]


Start auto log messages stack - Iteration 4.	[MsgId: MMSG-10545]
LSP_Start.c(45): Notify: Transaction "LSP_Start" ended with a "Fail" status (Duration: 2.3659 Wasted Time: 0.0000).	[MsgId: MMSG-16871]
LSP_Start.c(45): Notify: Transaction "LSP_Start" has 0 error message(s).	[MsgId: MMSG-16818]
Ending action LSP_Start.	[MsgId: MMSG-15918]
Starting action LSP_delete.	[MsgId: MMSG-15919]
LSP_delete.c(3): web_add_header("X-CSRF-Token") started  	[MsgId: MMSG-26355]
LSP_delete.c(3): web_add_header("X-CSRF-Token") was successful  	[MsgId: MMSG-26392]
LSP_delete.c(4): web_reg_find started  	[MsgId: MMSG-26355]
LSP_delete.c(4): Registering web_reg_find was successful  	[MsgId: MMSG-26390]
LSP_delete.c(5): web_reg_find started  	[MsgId: MMSG-26355]
LSP_delete.c(5): Registering web_reg_find was successful  	[MsgId: MMSG-26390]
LSP_delete.c(8): web_custom_request("delete") started  	[MsgId: MMSG-26355]
LSP_delete.c(8): Continuing after Error -26612: HTTP Status-Code=500 (Internal Server Error) for "https://diperf1-wf1f52214.dispatcher.int.sap.hana.ondemand.com/di/lsp/delete?workspaceId=workspace6xsov1p1ut1ktknb"  	[MsgId: MERR-26612]
LSP_delete.c(8): Continuing after Error -26366: "Text=200" not found for web_reg_find  	[MsgId: MERR-26366]
LSP_delete.c(8): Continuing after Error -26366: "Text=Language server deleted" not found for web_reg_find  	[MsgId: MERR-26366]
End auto log messages stack.	[MsgId: MMSG-10544]


Start auto log messages stack - Iteration 10.	[MsgId: MMSG-10545]
LSP_Start.c(45): Notify: Transaction "LSP_Start" ended with a "Fail" status (Duration: 2.3553 Wasted Time: 0.0000).	[MsgId: MMSG-16871]
LSP_Start.c(45): Notify: Transaction "LSP_Start" has 0 error message(s).	[MsgId: MMSG-16818]
Ending action LSP_Start.	[MsgId: MMSG-15918]
Starting action LSP_delete.	[MsgId: MMSG-15919]
LSP_delete.c(3): web_add_header("X-CSRF-Token") started  	[MsgId: MMSG-26355]
LSP_delete.c(3): web_add_header("X-CSRF-Token") was successful  	[MsgId: MMSG-26392]
LSP_delete.c(4): web_reg_find started  	[MsgId: MMSG-26355]
LSP_delete.c(4): Registering web_reg_find was successful  	[MsgId: MMSG-26390]
LSP_delete.c(5): web_reg_find started  	[MsgId: MMSG-26355]
LSP_delete.c(5): Registering web_reg_find was successful  	[MsgId: MMSG-26390]
LSP_delete.c(8): web_custom_request("delete") started  	[MsgId: MMSG-26355]
LSP_delete.c(8): Continuing after Error -26612: HTTP Status-Code=500 (Internal Server Error) for "https://diperf1-wf1f52214.dispatcher.int.sap.hana.ondemand.com/di/lsp/delete?workspaceId=workspacedws3mkiot86x86xw"  	[MsgId: MERR-26612]
LSP_delete.c(8): Continuing after Error -26366: "Text=200" not found for web_reg_find  	[MsgId: MERR-26366]
LSP_delete.c(8): Continuing after Error -26366: "Text=Language server deleted" not found for web_reg_find  	[MsgId: MERR-26366]
End auto log messages stack.	[MsgId: MMSG-10544]


Start auto log messages stack - Iteration 5.	[MsgId: MMSG-10545]
LSP_Start.c(45): Notify: Transaction "LSP_Start" ended with a "Fail" status (Duration: 2.3501 Wasted Time: 0.0000).	[MsgId: MMSG-16871]
LSP_Start.c(45): Notify: Transaction "LSP_Start" has 0 error message(s).	[MsgId: MMSG-16818]
Ending action LSP_Start.	[MsgId: MMSG-15918]
Starting action LSP_delete.	[MsgId: MMSG-15919]
LSP_delete.c(3): web_add_header("X-CSRF-Token") started  	[MsgId: MMSG-26355]
LSP_delete.c(3): web_add_header("X-CSRF-Token") was successful  	[MsgId: MMSG-26392]
LSP_delete.c(4): web_reg_find started  	[MsgId: MMSG-26355]
LSP_delete.c(4): Registering web_reg_find was successful  	[MsgId: MMSG-26390]
LSP_delete.c(5): web_reg_find started  	[MsgId: MMSG-26355]
LSP_delete.c(5): Registering web_reg_find was successful  	[MsgId: MMSG-26390]
LSP_delete.c(8): web_custom_request("delete") started  	[MsgId: MMSG-26355]
LSP_delete.c(8): Continuing after Error -26612: HTTP Status-Code=500 (Internal Server Error) for "https://diperf1-wf1f52214.dispatcher.int.sap.hana.ondemand.com/di/lsp/delete?workspaceId=workspace6xsov1p1ut1ktknb"  	[MsgId: MERR-26612]
LSP_delete.c(8): Continuing after Error -26366: "Text=200" not found for web_reg_find  	[MsgId: MERR-26366]
LSP_delete.c(8): Continuing after Error -26366: "Text=Language server deleted" not found for web_reg_find  	[MsgId: MERR-26366]
End auto log messages stack.	[MsgId: MMSG-10544]


Start auto log messages stack - Iteration 11.	[MsgId: MMSG-10545]
LSP_Start.c(45): Notify: Transaction "LSP_Start" ended with a "Fail" status (Duration: 2.4242 Wasted Time: 0.0000).	[MsgId: MMSG-16871]
LSP_Start.c(45): Notify: Transaction "LSP_Start" has 0 error message(s).	[MsgId: MMSG-16818]
Ending action LSP_Start.	[MsgId: MMSG-15918]
Starting action LSP_delete.	[MsgId: MMSG-15919]
LSP_delete.c(3): web_add_header("X-CSRF-Token") started  	[MsgId: MMSG-26355]
LSP_delete.c(3): web_add_header("X-CSRF-Token") was successful  	[MsgId: MMSG-26392]
LSP_delete.c(4): web_reg_find started  	[MsgId: MMSG-26355]
LSP_delete.c(4): Registering web_reg_find was successful  	[MsgId: MMSG-26390]
LSP_delete.c(5): web_reg_find started  	[MsgId: MMSG-26355]
LSP_delete.c(5): Registering web_reg_find was successful  	[MsgId: MMSG-26390]
LSP_delete.c(8): web_custom_request("delete") started  	[MsgId: MMSG-26355]
LSP_delete.c(8): Continuing after Error -26612: HTTP Status-Code=500 (Internal Server Error) for "https://diperf1-wf1f52214.dispatcher.int.sap.hana.ondemand.com/di/lsp/delete?workspaceId=workspacedws3mkiot86x86xw"  	[MsgId: MERR-26612]
LSP_delete.c(8): Continuing after Error -26366: "Text=200" not found for web_reg_find  	[MsgId: MERR-26366]
LSP_delete.c(8): Continuing after Error -26366: "Text=Language server deleted" not found for web_reg_find  	[MsgId: MERR-26366]
End auto log messages stack.	[MsgId: MMSG-10544]


 Logged in with user[P710603]
Start auto log messages stack - Iteration 6.	[MsgId: MMSG-10545]
LSP_Start.c(45): Notify: Transaction "LSP_Start" ended with a "Fail" status (Duration: 2.3485 Wasted Time: 0.0000).	[MsgId: MMSG-16871]
LSP_Start.c(45): Notify: Transaction "LSP_Start" has 0 error message(s).	[MsgId: MMSG-16818]
Ending action LSP_Start.	[MsgId: MMSG-15918]
Starting action LSP_delete.	[MsgId: MMSG-15919]
LSP_delete.c(3): web_add_header("X-CSRF-Token") started  	[MsgId: MMSG-26355]
LSP_delete.c(3): web_add_header("X-CSRF-Token") was successful  	[MsgId: MMSG-26392]
LSP_delete.c(4): web_reg_find started  	[MsgId: MMSG-26355]
LSP_delete.c(4): Registering web_reg_find was successful  	[MsgId: MMSG-26390]
LSP_delete.c(5): web_reg_find started  	[MsgId: MMSG-26355]
LSP_delete.c(5): Registering web_reg_find was successful  	[MsgId: MMSG-26390]
LSP_delete.c(8): web_custom_request("delete") started  	[MsgId: MMSG-26355]
LSP_delete.c(8): Continuing after Error -26612: HTTP Status-Code=500 (Internal Server Error) for "https://diperf1-wf1f52214.dispatcher.int.sap.hana.ondemand.com/di/lsp/delete?workspaceId=workspace6xsov1p1ut1ktknb"  	[MsgId: MERR-26612]
LSP_delete.c(8): Continuing after Error -26366: "Text=200" not found for web_reg_find  	[MsgId: MERR-26366]
LSP_delete.c(8): Continuing after Error -26366: "Text=Language server deleted" not found for web_reg_find  	[MsgId: MERR-26366]
End auto log messages stack.	[MsgId: MMSG-10544]


Start auto log messages stack - Iteration 12.	[MsgId: MMSG-10545]
LSP_Start.c(45): Notify: Transaction "LSP_Start" ended with a "Fail" status (Duration: 2.3471 Wasted Time: 0.0000).	[MsgId: MMSG-16871]
LSP_Start.c(45): Notify: Transaction "LSP_Start" has 0 error message(s).	[MsgId: MMSG-16818]
Ending action LSP_Start.	[MsgId: MMSG-15918]
Starting action LSP_delete.	[MsgId: MMSG-15919]
LSP_delete.c(3): web_add_header("X-CSRF-Token") started  	[MsgId: MMSG-26355]
LSP_delete.c(3): web_add_header("X-CSRF-Token") was successful  	[MsgId: MMSG-26392]
LSP_delete.c(4): web_reg_find started  	[MsgId: MMSG-26355]
LSP_delete.c(4): Registering web_reg_find was successful  	[MsgId: MMSG-26390]
LSP_delete.c(5): web_reg_find started  	[MsgId: MMSG-26355]
LSP_delete.c(5): Registering web_reg_find was successful  	[MsgId: MMSG-26390]
LSP_delete.c(8): web_custom_request("delete") started  	[MsgId: MMSG-26355]
LSP_delete.c(8): Continuing after Error -26612: HTTP Status-Code=500 (Internal Server Error) for "https://diperf1-wf1f52214.dispatcher.int.sap.hana.ondemand.com/di/lsp/delete?workspaceId=workspacedws3mkiot86x86xw"  	[MsgId: MERR-26612]
LSP_delete.c(8): Continuing after Error -26366: "Text=200" not found for web_reg_find  	[MsgId: MERR-26366]
LSP_delete.c(8): Continuing after Error -26366: "Text=Language server deleted" not found for web_reg_find  	[MsgId: MERR-26366]
End auto log messages stack.	[MsgId: MMSG-10544]


Start auto log messages stack - Iteration 7.	[MsgId: MMSG-10545]
LSP_Start.c(45): Notify: Transaction "LSP_Start" ended with a "Fail" status (Duration: 2.3454 Wasted Time: 0.0000).	[MsgId: MMSG-16871]
LSP_Start.c(45): Notify: Transaction "LSP_Start" has 0 error message(s).	[MsgId: MMSG-16818]
Ending action LSP_Start.	[MsgId: MMSG-15918]
Starting action LSP_delete.	[MsgId: MMSG-15919]
LSP_delete.c(3): web_add_header("X-CSRF-Token") started  	[MsgId: MMSG-26355]
LSP_delete.c(3): web_add_header("X-CSRF-Token") was successful  	[MsgId: MMSG-26392]
LSP_delete.c(4): web_reg_find started  	[MsgId: MMSG-26355]
LSP_delete.c(4): Registering web_reg_find was successful  	[MsgId: MMSG-26390]
LSP_delete.c(5): web_reg_find started  	[MsgId: MMSG-26355]
LSP_delete.c(5): Registering web_reg_find was successful  	[MsgId: MMSG-26390]
LSP_delete.c(8): web_custom_request("delete") started  	[MsgId: MMSG-26355]
LSP_delete.c(8): Continuing after Error -26612: HTTP Status-Code=500 (Internal Server Error) for "https://diperf1-wf1f52214.dispatcher.int.sap.hana.ondemand.com/di/lsp/delete?workspaceId=workspace6xsov1p1ut1ktknb"  	[MsgId: MERR-26612]
LSP_delete.c(8): Continuing after Error -26366: "Text=200" not found for web_reg_find  	[MsgId: MERR-26366]
LSP_delete.c(8): Continuing after Error -26366: "Text=Language server deleted" not found for web_reg_find  	[MsgId: MERR-26366]
End auto log messages stack.	[MsgId: MMSG-10544]


Start auto log messages stack - Iteration 13.	[MsgId: MMSG-10545]
LSP_Start.c(45): Notify: Transaction "LSP_Start" ended with a "Fail" status (Duration: 2.3533 Wasted Time: 0.0000).	[MsgId: MMSG-16871]
LSP_Start.c(45): Notify: Transaction "LSP_Start" has 0 error message(s).	[MsgId: MMSG-16818]
Ending action LSP_Start.	[MsgId: MMSG-15918]
Starting action LSP_delete.	[MsgId: MMSG-15919]
LSP_delete.c(3): web_add_header("X-CSRF-Token") started  	[MsgId: MMSG-26355]
LSP_delete.c(3): web_add_header("X-CSRF-Token") was successful  	[MsgId: MMSG-26392]
LSP_delete.c(4): web_reg_find started  	[MsgId: MMSG-26355]
LSP_delete.c(4): Registering web_reg_find was successful  	[MsgId: MMSG-26390]
LSP_delete.c(5): web_reg_find started  	[MsgId: MMSG-26355]
LSP_delete.c(5): Registering web_reg_find was successful  	[MsgId: MMSG-26390]
LSP_delete.c(8): web_custom_request("delete") started  	[MsgId: MMSG-26355]
LSP_delete.c(8): Continuing after Error -26612: HTTP Status-Code=500 (Internal Server Error) for "https://diperf1-wf1f52214.dispatcher.int.sap.hana.ondemand.com/di/lsp/delete?workspaceId=workspacedws3mkiot86x86xw"  	[MsgId: MERR-26612]
LSP_delete.c(8): Continuing after Error -26366: "Text=200" not found for web_reg_find  	[MsgId: MERR-26366]
LSP_delete.c(8): Continuing after Error -26366: "Text=Language server deleted" not found for web_reg_find  	[MsgId: MERR-26366]
End auto log messages stack.	[MsgId: MMSG-10544]


Start auto log messages stack - Iteration 8.	[MsgId: MMSG-10545]
LSP_Start.c(45): Notify: Transaction "LSP_Start" ended with a "Fail" status (Duration: 2.3920 Wasted Time: 0.0000).	[MsgId: MMSG-16871]
LSP_Start.c(45): Notify: Transaction "LSP_Start" has 0 error message(s).	[MsgId: MMSG-16818]
Ending action LSP_Start.	[MsgId: MMSG-15918]
Starting action LSP_delete.	[MsgId: MMSG-15919]
LSP_delete.c(3): web_add_header("X-CSRF-Token") started  	[MsgId: MMSG-26355]
LSP_delete.c(3): web_add_header("X-CSRF-Token") was successful  	[MsgId: MMSG-26392]
LSP_delete.c(4): web_reg_find started  	[MsgId: MMSG-26355]
LSP_delete.c(4): Registering web_reg_find was successful  	[MsgId: MMSG-26390]
LSP_delete.c(5): web_reg_find started  	[MsgId: MMSG-26355]
LSP_delete.c(5): Registering web_reg_find was successful  	[MsgId: MMSG-26390]
LSP_delete.c(8): web_custom_request("delete") started  	[MsgId: MMSG-26355]
LSP_delete.c(8): Continuing after Error -26612: HTTP Status-Code=500 (Internal Server Error) for "https://diperf1-wf1f52214.dispatcher.int.sap.hana.ondemand.com/di/lsp/delete?workspaceId=workspace6xsov1p1ut1ktknb"  	[MsgId: MERR-26612]
LSP_delete.c(8): Continuing after Error -26366: "Text=200" not found for web_reg_find  	[MsgId: MERR-26366]
LSP_delete.c(8): Continuing after Error -26366: "Text=Language server deleted" not found for web_reg_find  	[MsgId: MERR-26366]
End auto log messages stack.	[MsgId: MMSG-10544]


Start auto log messages stack - Iteration 14.	[MsgId: MMSG-10545]
LSP_Start.c(45): Notify: Transaction "LSP_Start" ended with a "Fail" status (Duration: 2.3491 Wasted Time: 0.0000).	[MsgId: MMSG-16871]
LSP_Start.c(45): Notify: Transaction "LSP_Start" has 0 error message(s).	[MsgId: MMSG-16818]
Ending action LSP_Start.	[MsgId: MMSG-15918]
Starting action LSP_delete.	[MsgId: MMSG-15919]
LSP_delete.c(3): web_add_header("X-CSRF-Token") started  	[MsgId: MMSG-26355]
LSP_delete.c(3): web_add_header("X-CSRF-Token") was successful  	[MsgId: MMSG-26392]
LSP_delete.c(4): web_reg_find started  	[MsgId: MMSG-26355]
LSP_delete.c(4): Registering web_reg_find was successful  	[MsgId: MMSG-26390]
LSP_delete.c(5): web_reg_find started  	[MsgId: MMSG-26355]
LSP_delete.c(5): Registering web_reg_find was successful  	[MsgId: MMSG-26390]
LSP_delete.c(8): web_custom_request("delete") started  	[MsgId: MMSG-26355]
LSP_delete.c(8): Continuing after Error -26612: HTTP Status-Code=500 (Internal Server Error) for "https://diperf1-wf1f52214.dispatcher.int.sap.hana.ondemand.com/di/lsp/delete?workspaceId=workspacedws3mkiot86x86xw"  	[MsgId: MERR-26612]
LSP_delete.c(8): Continuing after Error -26366: "Text=200" not found for web_reg_find  	[MsgId: MERR-26366]
LSP_delete.c(8): Continuing after Error -26366: "Text=Language server deleted" not found for web_reg_find  	[MsgId: MERR-26366]
End auto log messages stack.	[MsgId: MMSG-10544]


Start auto log messages stack - Iteration 2.	[MsgId: MMSG-10545]
LSP_Start.c(11): Registered web_reg_find successful for "Text=Language server start triggered" (count=1)  	[MsgId: MMSG-26364]
LSP_Start.c(11): web_custom_request("start") was successful, 31 body bytes, 241 header bytes  	[MsgId: MMSG-26386]
LSP_Start.c(27): Notify: Transaction "LSP_POLL_Task" started.	[MsgId: MMSG-16999]
LSP_Start.c(28): web_reg_save_param started  	[MsgId: MMSG-26355]
LSP_Start.c(28): Registering web_reg_save_param was successful  	[MsgId: MMSG-26390]
LSP_Start.c(29): web_reg_find started  	[MsgId: MMSG-26355]
LSP_Start.c(29): Registering web_reg_find was successful  	[MsgId: MMSG-26390]
LSP_Start.c(30): web_url("Poll Task") started  	[MsgId: MMSG-26355]
LSP_Start.c(30): Continuing after Error -26377: No match found for the requested parameter "LSP_START_STATUS". Either the specified boundaries were not found in the response or the matched text is longer than current max html parameter size of 50000 bytes. The total length of the response is 0 bytes. You can use "web_set_max_html_param_len" to increase the max parameter size.  	[MsgId: MERR-26377]
End auto log messages stack.	[MsgId: MMSG-10544]


Start auto log messages stack - Iteration 2.	[MsgId: MMSG-10545]
LSP_Start.c(30): Registered web_reg_find successful for "Text=200" (count=1)  	[MsgId: MMSG-26364]
LSP_Start.c(30): Continuing after Error -26374: The above "not found" error(s) may be explained by header and body byte counts being 225 and 0, respectively.  	[MsgId: MERR-26374]
End auto log messages stack.	[MsgId: MMSG-10544]


Start auto log messages stack - Iteration 9.	[MsgId: MMSG-10545]
LSP_Start.c(45): Notify: Transaction "LSP_Start" ended with a "Fail" status (Duration: 2.3535 Wasted Time: 0.0000).	[MsgId: MMSG-16871]
LSP_Start.c(45): Notify: Transaction "LSP_Start" has 0 error message(s).	[MsgId: MMSG-16818]
Ending action LSP_Start.	[MsgId: MMSG-15918]
Starting action LSP_delete.	[MsgId: MMSG-15919]
LSP_delete.c(3): web_add_header("X-CSRF-Token") started  	[MsgId: MMSG-26355]
LSP_delete.c(3): web_add_header("X-CSRF-Token") was successful  	[MsgId: MMSG-26392]
LSP_delete.c(4): web_reg_find started  	[MsgId: MMSG-26355]
LSP_delete.c(4): Registering web_reg_find was successful  	[MsgId: MMSG-26390]
LSP_delete.c(5): web_reg_find started  	[MsgId: MMSG-26355]
LSP_delete.c(5): Registering web_reg_find was successful  	[MsgId: MMSG-26390]
LSP_delete.c(8): web_custom_request("delete") started  	[MsgId: MMSG-26355]
LSP_delete.c(8): Continuing after Error -26612: HTTP Status-Code=500 (Internal Server Error) for "https://diperf1-wf1f52214.dispatcher.int.sap.hana.ondemand.com/di/lsp/delete?workspaceId=workspace6xsov1p1ut1ktknb"  	[MsgId: MERR-26612]
LSP_delete.c(8): Continuing after Error -26366: "Text=200" not found for web_reg_find  	[MsgId: MERR-26366]
LSP_delete.c(8): Continuing after Error -26366: "Text=Language server deleted" not found for web_reg_find  	[MsgId: MERR-26366]
End auto log messages stack.	[MsgId: MMSG-10544]


Start auto log messages stack - Iteration 15.	[MsgId: MMSG-10545]
LSP_Start.c(45): Notify: Transaction "LSP_Start" ended with a "Fail" status (Duration: 2.3808 Wasted Time: 0.0000).	[MsgId: MMSG-16871]
LSP_Start.c(45): Notify: Transaction "LSP_Start" has 0 error message(s).	[MsgId: MMSG-16818]
Ending action LSP_Start.	[MsgId: MMSG-15918]
Starting action LSP_delete.	[MsgId: MMSG-15919]
LSP_delete.c(3): web_add_header("X-CSRF-Token") started  	[MsgId: MMSG-26355]
LSP_delete.c(3): web_add_header("X-CSRF-Token") was successful  	[MsgId: MMSG-26392]
LSP_delete.c(4): web_reg_find started  	[MsgId: MMSG-26355]
LSP_delete.c(4): Registering web_reg_find was successful  	[MsgId: MMSG-26390]
LSP_delete.c(5): web_reg_find started  	[MsgId: MMSG-26355]
LSP_delete.c(5): Registering web_reg_find was successful  	[MsgId: MMSG-26390]
LSP_delete.c(8): web_custom_request("delete") started  	[MsgId: MMSG-26355]
LSP_delete.c(8): Continuing after Error -26612: HTTP Status-Code=500 (Internal Server Error) for "https://diperf1-wf1f52214.dispatcher.int.sap.hana.ondemand.com/di/lsp/delete?workspaceId=workspacedws3mkiot86x86xw"  	[MsgId: MERR-26612]
LSP_delete.c(8): Continuing after Error -26366: "Text=200" not found for web_reg_find  	[MsgId: MERR-26366]
LSP_delete.c(8): Continuing after Error -26366: "Text=Language server deleted" not found for web_reg_find  	[MsgId: MERR-26366]
End auto log messages stack.	[MsgId: MMSG-10544]


Start auto log messages stack - Iteration 2.	[MsgId: MMSG-10545]
Ending action LSP_Start.	[MsgId: MMSG-15918]
Starting action LSP_delete.	[MsgId: MMSG-15919]
LSP_delete.c(3): web_add_header("X-CSRF-Token") started  	[MsgId: MMSG-26355]
LSP_delete.c(3): web_add_header("X-CSRF-Token") was successful  	[MsgId: MMSG-26392]
LSP_delete.c(4): web_reg_find started  	[MsgId: MMSG-26355]
LSP_delete.c(4): Registering web_reg_find was successful  	[MsgId: MMSG-26390]
LSP_delete.c(5): web_reg_find started  	[MsgId: MMSG-26355]
LSP_delete.c(5): Registering web_reg_find was successful  	[MsgId: MMSG-26390]
LSP_delete.c(8): web_custom_request("delete") started  	[MsgId: MMSG-26355]
LSP_delete.c(8): Continuing after Error -26612: HTTP Status-Code=500 (Internal Server Error) for "https://diperf1-wf1f52214.dispatcher.int.sap.hana.ondemand.com/di/lsp/delete?workspaceId=workspacen7ahdx1lm7we8g3a"  	[MsgId: MERR-26612]
LSP_delete.c(8): Continuing after Error -26366: "Text=200" not found for web_reg_find  	[MsgId: MERR-26366]
LSP_delete.c(8): Continuing after Error -26366: "Text=Language server deleted" not found for web_reg_find  	[MsgId: MERR-26366]
End auto log messages stack.	[MsgId: MMSG-10544]


Start auto log messages stack - Iteration 3.	[MsgId: MMSG-10545]
LSP_Start.c(11): Registered web_reg_find successful for "Text=Language server start triggered" (count=1)  	[MsgId: MMSG-26364]
LSP_Start.c(11): web_custom_request("start") was successful, 31 body bytes, 241 header bytes  	[MsgId: MMSG-26386]
LSP_Start.c(27): Notify: Transaction "LSP_POLL_Task" started.	[MsgId: MMSG-16999]
LSP_Start.c(28): web_reg_save_param started  	[MsgId: MMSG-26355]
LSP_Start.c(28): Registering web_reg_save_param was successful  	[MsgId: MMSG-26390]
LSP_Start.c(29): web_reg_find started  	[MsgId: MMSG-26355]
LSP_Start.c(29): Registering web_reg_find was successful  	[MsgId: MMSG-26390]
LSP_Start.c(30): web_url("Poll Task") started  	[MsgId: MMSG-26355]
LSP_Start.c(30): Continuing after Error -26377: No match found for the requested parameter "LSP_START_STATUS". Either the specified boundaries were not found in the response or the matched text is longer than current max html parameter size of 50000 bytes. The total length of the response is 0 bytes. You can use "web_set_max_html_param_len" to increase the max parameter size.  	[MsgId: MERR-26377]
End auto log messages stack.	[MsgId: MMSG-10544]


Start auto log messages stack - Iteration 3.	[MsgId: MMSG-10545]
LSP_Start.c(30): Registered web_reg_find successful for "Text=200" (count=1)  	[MsgId: MMSG-26364]
LSP_Start.c(30): Continuing after Error -26374: The above "not found" error(s) may be explained by header and body byte counts being 225 and 0, respectively.  	[MsgId: MERR-26374]
End auto log messages stack.	[MsgId: MMSG-10544]


Start auto log messages stack - Iteration 10.	[MsgId: MMSG-10545]
LSP_Start.c(45): Notify: Transaction "LSP_Start" ended with a "Fail" status (Duration: 2.3670 Wasted Time: 0.0000).	[MsgId: MMSG-16871]
LSP_Start.c(45): Notify: Transaction "LSP_Start" has 0 error message(s).	[MsgId: MMSG-16818]
Ending action LSP_Start.	[MsgId: MMSG-15918]
Starting action LSP_delete.	[MsgId: MMSG-15919]
LSP_delete.c(3): web_add_header("X-CSRF-Token") started  	[MsgId: MMSG-26355]
LSP_delete.c(3): web_add_header("X-CSRF-Token") was successful  	[MsgId: MMSG-26392]
LSP_delete.c(4): web_reg_find started  	[MsgId: MMSG-26355]
LSP_delete.c(4): Registering web_reg_find was successful  	[MsgId: MMSG-26390]
LSP_delete.c(5): web_reg_find started  	[MsgId: MMSG-26355]
LSP_delete.c(5): Registering web_reg_find was successful  	[MsgId: MMSG-26390]
LSP_delete.c(8): web_custom_request("delete") started  	[MsgId: MMSG-26355]
LSP_delete.c(8): Continuing after Error -26612: HTTP Status-Code=500 (Internal Server Error) for "https://diperf1-wf1f52214.dispatcher.int.sap.hana.ondemand.com/di/lsp/delete?workspaceId=workspace6xsov1p1ut1ktknb"  	[MsgId: MERR-26612]
LSP_delete.c(8): Continuing after Error -26366: "Text=200" not found for web_reg_find  	[MsgId: MERR-26366]
LSP_delete.c(8): Continuing after Error -26366: "Text=Language server deleted" not found for web_reg_find  	[MsgId: MERR-26366]
End auto log messages stack.	[MsgId: MMSG-10544]


Start auto log messages stack - Iteration 16.	[MsgId: MMSG-10545]
LSP_Start.c(45): Notify: Transaction "LSP_Start" ended with a "Fail" status (Duration: 2.3580 Wasted Time: 0.0001).	[MsgId: MMSG-16871]
LSP_Start.c(45): Notify: Transaction "LSP_Start" has 0 error message(s).	[MsgId: MMSG-16818]
Ending action LSP_Start.	[MsgId: MMSG-15918]
Starting action LSP_delete.	[MsgId: MMSG-15919]
LSP_delete.c(3): web_add_header("X-CSRF-Token") started  	[MsgId: MMSG-26355]
LSP_delete.c(3): web_add_header("X-CSRF-Token") was successful  	[MsgId: MMSG-26392]
LSP_delete.c(4): web_reg_find started  	[MsgId: MMSG-26355]
LSP_delete.c(4): Registering web_reg_find was successful  	[MsgId: MMSG-26390]
LSP_delete.c(5): web_reg_find started  	[MsgId: MMSG-26355]
LSP_delete.c(5): Registering web_reg_find was successful  	[MsgId: MMSG-26390]
LSP_delete.c(8): web_custom_request("delete") started  	[MsgId: MMSG-26355]
LSP_delete.c(8): Continuing after Error -26612: HTTP Status-Code=500 (Internal Server Error) for "https://diperf1-wf1f52214.dispatcher.int.sap.hana.ondemand.com/di/lsp/delete?workspaceId=workspacedws3mkiot86x86xw"  	[MsgId: MERR-26612]
LSP_delete.c(8): Continuing after Error -26366: "Text=200" not found for web_reg_find  	[MsgId: MERR-26366]
LSP_delete.c(8): Continuing after Error -26366: "Text=Language server deleted" not found for web_reg_find  	[MsgId: MERR-26366]
End auto log messages stack.	[MsgId: MMSG-10544]


Start auto log messages stack - Iteration 3.	[MsgId: MMSG-10545]
Ending action LSP_Start.	[MsgId: MMSG-15918]
Starting action LSP_delete.	[MsgId: MMSG-15919]
LSP_delete.c(3): web_add_header("X-CSRF-Token") started  	[MsgId: MMSG-26355]
LSP_delete.c(3): web_add_header("X-CSRF-Token") was successful  	[MsgId: MMSG-26392]
LSP_delete.c(4): web_reg_find started  	[MsgId: MMSG-26355]
LSP_delete.c(4): Registering web_reg_find was successful  	[MsgId: MMSG-26390]
LSP_delete.c(5): web_reg_find started  	[MsgId: MMSG-26355]
LSP_delete.c(5): Registering web_reg_find was successful  	[MsgId: MMSG-26390]
LSP_delete.c(8): web_custom_request("delete") started  	[MsgId: MMSG-26355]
LSP_delete.c(8): Continuing after Error -26612: HTTP Status-Code=500 (Internal Server Error) for "https://diperf1-wf1f52214.dispatcher.int.sap.hana.ondemand.com/di/lsp/delete?workspaceId=workspacen7ahdx1lm7we8g3a"  	[MsgId: MERR-26612]
LSP_delete.c(8): Continuing after Error -26366: "Text=200" not found for web_reg_find  	[MsgId: MERR-26366]
LSP_delete.c(8): Continuing after Error -26366: "Text=Language server deleted" not found for web_reg_find  	[MsgId: MERR-26366]
End auto log messages stack.	[MsgId: MMSG-10544]


Start auto log messages stack - Iteration 4.	[MsgId: MMSG-10545]
LSP_Start.c(11): Registered web_reg_find successful for "Text=Language server start triggered" (count=1)  	[MsgId: MMSG-26364]
LSP_Start.c(11): web_custom_request("start") was successful, 31 body bytes, 241 header bytes  	[MsgId: MMSG-26386]
LSP_Start.c(27): Notify: Transaction "LSP_POLL_Task" started.	[MsgId: MMSG-16999]
LSP_Start.c(28): web_reg_save_param started  	[MsgId: MMSG-26355]
LSP_Start.c(28): Registering web_reg_save_param was successful  	[MsgId: MMSG-26390]
LSP_Start.c(29): web_reg_find started  	[MsgId: MMSG-26355]
LSP_Start.c(29): Registering web_reg_find was successful  	[MsgId: MMSG-26390]
LSP_Start.c(30): web_url("Poll Task") started  	[MsgId: MMSG-26355]
LSP_Start.c(30): Continuing after Error -26377: No match found for the requested parameter "LSP_START_STATUS". Either the specified boundaries were not found in the response or the matched text is longer than current max html parameter size of 50000 bytes. The total length of the response is 0 bytes. You can use "web_set_max_html_param_len" to increase the max parameter size.  	[MsgId: MERR-26377]
End auto log messages stack.	[MsgId: MMSG-10544]


Start auto log messages stack - Iteration 4.	[MsgId: MMSG-10545]
LSP_Start.c(30): Registered web_reg_find successful for "Text=200" (count=1)  	[MsgId: MMSG-26364]
LSP_Start.c(30): Continuing after Error -26374: The above "not found" error(s) may be explained by header and body byte counts being 225 and 0, respectively.  	[MsgId: MERR-26374]
End auto log messages stack.	[MsgId: MMSG-10544]


Start auto log messages stack - Iteration 11.	[MsgId: MMSG-10545]
LSP_Start.c(45): Notify: Transaction "LSP_Start" ended with a "Fail" status (Duration: 2.3462 Wasted Time: 0.0000).	[MsgId: MMSG-16871]
LSP_Start.c(45): Notify: Transaction "LSP_Start" has 0 error message(s).	[MsgId: MMSG-16818]
Ending action LSP_Start.	[MsgId: MMSG-15918]
Starting action LSP_delete.	[MsgId: MMSG-15919]
LSP_delete.c(3): web_add_header("X-CSRF-Token") started  	[MsgId: MMSG-26355]
LSP_delete.c(3): web_add_header("X-CSRF-Token") was successful  	[MsgId: MMSG-26392]
LSP_delete.c(4): web_reg_find started  	[MsgId: MMSG-26355]
LSP_delete.c(4): Registering web_reg_find was successful  	[MsgId: MMSG-26390]
LSP_delete.c(5): web_reg_find started  	[MsgId: MMSG-26355]
LSP_delete.c(5): Registering web_reg_find was successful  	[MsgId: MMSG-26390]
LSP_delete.c(8): web_custom_request("delete") started  	[MsgId: MMSG-26355]
LSP_delete.c(8): Continuing after Error -26612: HTTP Status-Code=500 (Internal Server Error) for "https://diperf1-wf1f52214.dispatcher.int.sap.hana.ondemand.com/di/lsp/delete?workspaceId=workspace6xsov1p1ut1ktknb"  	[MsgId: MERR-26612]
LSP_delete.c(8): Continuing after Error -26366: "Text=200" not found for web_reg_find  	[MsgId: MERR-26366]
LSP_delete.c(8): Continuing after Error -26366: "Text=Language server deleted" not found for web_reg_find  	[MsgId: MERR-26366]
End auto log messages stack.	[MsgId: MMSG-10544]


Start auto log messages stack - Iteration 17.	[MsgId: MMSG-10545]
LSP_Start.c(45): Notify: Transaction "LSP_Start" ended with a "Fail" status (Duration: 2.3770 Wasted Time: 0.0000).	[MsgId: MMSG-16871]
LSP_Start.c(45): Notify: Transaction "LSP_Start" has 0 error message(s).	[MsgId: MMSG-16818]
Ending action LSP_Start.	[MsgId: MMSG-15918]
Starting action LSP_delete.	[MsgId: MMSG-15919]
LSP_delete.c(3): web_add_header("X-CSRF-Token") started  	[MsgId: MMSG-26355]
LSP_delete.c(3): web_add_header("X-CSRF-Token") was successful  	[MsgId: MMSG-26392]
LSP_delete.c(4): web_reg_find started  	[MsgId: MMSG-26355]
LSP_delete.c(4): Registering web_reg_find was successful  	[MsgId: MMSG-26390]
LSP_delete.c(5): web_reg_find started  	[MsgId: MMSG-26355]
LSP_delete.c(5): Registering web_reg_find was successful  	[MsgId: MMSG-26390]
LSP_delete.c(8): web_custom_request("delete") started  	[MsgId: MMSG-26355]
LSP_delete.c(8): Continuing after Error -26612: HTTP Status-Code=500 (Internal Server Error) for "https://diperf1-wf1f52214.dispatcher.int.sap.hana.ondemand.com/di/lsp/delete?workspaceId=workspacedws3mkiot86x86xw"  	[MsgId: MERR-26612]
LSP_delete.c(8): Continuing after Error -26366: "Text=200" not found for web_reg_find  	[MsgId: MERR-26366]
LSP_delete.c(8): Continuing after Error -26366: "Text=Language server deleted" not found for web_reg_find  	[MsgId: MERR-26366]
End auto log messages stack.	[MsgId: MMSG-10544]


 Logged in with user[P710604]
Start auto log messages stack - Iteration 4.	[MsgId: MMSG-10545]
Ending action LSP_Start.	[MsgId: MMSG-15918]
Starting action LSP_delete.	[MsgId: MMSG-15919]
LSP_delete.c(3): web_add_header("X-CSRF-Token") started  	[MsgId: MMSG-26355]
LSP_delete.c(3): web_add_header("X-CSRF-Token") was successful  	[MsgId: MMSG-26392]
LSP_delete.c(4): web_reg_find started  	[MsgId: MMSG-26355]
LSP_delete.c(4): Registering web_reg_find was successful  	[MsgId: MMSG-26390]
LSP_delete.c(5): web_reg_find started  	[MsgId: MMSG-26355]
LSP_delete.c(5): Registering web_reg_find was successful  	[MsgId: MMSG-26390]
LSP_delete.c(8): web_custom_request("delete") started  	[MsgId: MMSG-26355]
LSP_delete.c(8): Continuing after Error -26612: HTTP Status-Code=500 (Internal Server Error) for "https://diperf1-wf1f52214.dispatcher.int.sap.hana.ondemand.com/di/lsp/delete?workspaceId=workspacen7ahdx1lm7we8g3a"  	[MsgId: MERR-26612]
LSP_delete.c(8): Continuing after Error -26366: "Text=200" not found for web_reg_find  	[MsgId: MERR-26366]
LSP_delete.c(8): Continuing after Error -26366: "Text=Language server deleted" not found for web_reg_find  	[MsgId: MERR-26366]
End auto log messages stack.	[MsgId: MMSG-10544]


Start auto log messages stack - Iteration 1.	[MsgId: MMSG-10545]
LSP_Start.c(11): Registered web_reg_find successful for "Text=Language server start triggered" (count=1)  	[MsgId: MMSG-26364]
LSP_Start.c(11): web_custom_request("start") was successful, 31 body bytes, 202 header bytes  	[MsgId: MMSG-26386]
LSP_Start.c(27): Notify: Transaction "LSP_POLL_Task" started.	[MsgId: MMSG-16999]
LSP_Start.c(28): web_reg_save_param started  	[MsgId: MMSG-26355]
LSP_Start.c(28): Registering web_reg_save_param was successful  	[MsgId: MMSG-26390]
LSP_Start.c(29): web_reg_find started  	[MsgId: MMSG-26355]
LSP_Start.c(29): Registering web_reg_find was successful  	[MsgId: MMSG-26390]
LSP_Start.c(30): web_url("Poll Task") started  	[MsgId: MMSG-26355]
LSP_Start.c(30): Continuing after Error -26377: No match found for the requested parameter "LSP_START_STATUS". Either the specified boundaries were not found in the response or the matched text is longer than current max html parameter size of 50000 bytes. The total length of the response is 0 bytes. You can use "web_set_max_html_param_len" to increase the max parameter size.  	[MsgId: MERR-26377]
End auto log messages stack.	[MsgId: MMSG-10544]


Start auto log messages stack - Iteration 1.	[MsgId: MMSG-10545]
LSP_Start.c(30): Registered web_reg_find successful for "Text=200" (count=1)  	[MsgId: MMSG-26364]
LSP_Start.c(30): Continuing after Error -26374: The above "not found" error(s) may be explained by header and body byte counts being 225 and 0, respectively.  	[MsgId: MERR-26374]
End auto log messages stack.	[MsgId: MMSG-10544]


Start auto log messages stack - Iteration 5.	[MsgId: MMSG-10545]
LSP_Start.c(11): Registered web_reg_find successful for "Text=Language server start triggered" (count=1)  	[MsgId: MMSG-26364]
LSP_Start.c(11): web_custom_request("start") was successful, 31 body bytes, 241 header bytes  	[MsgId: MMSG-26386]
LSP_Start.c(27): Notify: Transaction "LSP_POLL_Task" started.	[MsgId: MMSG-16999]
LSP_Start.c(28): web_reg_save_param started  	[MsgId: MMSG-26355]
LSP_Start.c(28): Registering web_reg_save_param was successful  	[MsgId: MMSG-26390]
LSP_Start.c(29): web_reg_find started  	[MsgId: MMSG-26355]
LSP_Start.c(29): Registering web_reg_find was successful  	[MsgId: MMSG-26390]
LSP_Start.c(30): web_url("Poll Task") started  	[MsgId: MMSG-26355]
LSP_Start.c(30): Continuing after Error -26377: No match found for the requested parameter "LSP_START_STATUS". Either the specified boundaries were not found in the response or the matched text is longer than current max html parameter size of 50000 bytes. The total length of the response is 0 bytes. You can use "web_set_max_html_param_len" to increase the max parameter size.  	[MsgId: MERR-26377]
End auto log messages stack.	[MsgId: MMSG-10544]


Start auto log messages stack - Iteration 5.	[MsgId: MMSG-10545]
LSP_Start.c(30): Registered web_reg_find successful for "Text=200" (count=1)  	[MsgId: MMSG-26364]
LSP_Start.c(30): Continuing after Error -26374: The above "not found" error(s) may be explained by header and body byte counts being 225 and 0, respectively.  	[MsgId: MERR-26374]
End auto log messages stack.	[MsgId: MMSG-10544]


Start auto log messages stack - Iteration 12.	[MsgId: MMSG-10545]
LSP_Start.c(45): Notify: Transaction "LSP_Start" ended with a "Fail" status (Duration: 2.3520 Wasted Time: 0.0000).	[MsgId: MMSG-16871]
LSP_Start.c(45): Notify: Transaction "LSP_Start" has 0 error message(s).	[MsgId: MMSG-16818]
Ending action LSP_Start.	[MsgId: MMSG-15918]
Starting action LSP_delete.	[MsgId: MMSG-15919]
LSP_delete.c(3): web_add_header("X-CSRF-Token") started  	[MsgId: MMSG-26355]
LSP_delete.c(3): web_add_header("X-CSRF-Token") was successful  	[MsgId: MMSG-26392]
LSP_delete.c(4): web_reg_find started  	[MsgId: MMSG-26355]
LSP_delete.c(4): Registering web_reg_find was successful  	[MsgId: MMSG-26390]
LSP_delete.c(5): web_reg_find started  	[MsgId: MMSG-26355]
LSP_delete.c(5): Registering web_reg_find was successful  	[MsgId: MMSG-26390]
LSP_delete.c(8): web_custom_request("delete") started  	[MsgId: MMSG-26355]
LSP_delete.c(8): Continuing after Error -26612: HTTP Status-Code=500 (Internal Server Error) for "https://diperf1-wf1f52214.dispatcher.int.sap.hana.ondemand.com/di/lsp/delete?workspaceId=workspace6xsov1p1ut1ktknb"  	[MsgId: MERR-26612]
LSP_delete.c(8): Continuing after Error -26366: "Text=200" not found for web_reg_find  	[MsgId: MERR-26366]
LSP_delete.c(8): Continuing after Error -26366: "Text=Language server deleted" not found for web_reg_find  	[MsgId: MERR-26366]
End auto log messages stack.	[MsgId: MMSG-10544]


Start auto log messages stack - Iteration 18.	[MsgId: MMSG-10545]
LSP_Start.c(45): Notify: Transaction "LSP_Start" ended with a "Fail" status (Duration: 2.3482 Wasted Time: 0.0000).	[MsgId: MMSG-16871]
LSP_Start.c(45): Notify: Transaction "LSP_Start" has 0 error message(s).	[MsgId: MMSG-16818]
Ending action LSP_Start.	[MsgId: MMSG-15918]
Starting action LSP_delete.	[MsgId: MMSG-15919]
LSP_delete.c(3): web_add_header("X-CSRF-Token") started  	[MsgId: MMSG-26355]
LSP_delete.c(3): web_add_header("X-CSRF-Token") was successful  	[MsgId: MMSG-26392]
LSP_delete.c(4): web_reg_find started  	[MsgId: MMSG-26355]
LSP_delete.c(4): Registering web_reg_find was successful  	[MsgId: MMSG-26390]
LSP_delete.c(5): web_reg_find started  	[MsgId: MMSG-26355]
LSP_delete.c(5): Registering web_reg_find was successful  	[MsgId: MMSG-26390]
LSP_delete.c(8): web_custom_request("delete") started  	[MsgId: MMSG-26355]
LSP_delete.c(8): Continuing after Error -26612: HTTP Status-Code=500 (Internal Server Error) for "https://diperf1-wf1f52214.dispatcher.int.sap.hana.ondemand.com/di/lsp/delete?workspaceId=workspacedws3mkiot86x86xw"  	[MsgId: MERR-26612]
LSP_delete.c(8): Continuing after Error -26366: "Text=200" not found for web_reg_find  	[MsgId: MERR-26366]
LSP_delete.c(8): Continuing after Error -26366: "Text=Language server deleted" not found for web_reg_find  	[MsgId: MERR-26366]
End auto log messages stack.	[MsgId: MMSG-10544]


Start auto log messages stack - Iteration 1.	[MsgId: MMSG-10545]
Ending action LSP_Start.	[MsgId: MMSG-15918]
Starting action LSP_delete.	[MsgId: MMSG-15919]
LSP_delete.c(3): web_add_header("X-CSRF-Token") started  	[MsgId: MMSG-26355]
LSP_delete.c(3): web_add_header("X-CSRF-Token") was successful  	[MsgId: MMSG-26392]
LSP_delete.c(4): web_reg_find started  	[MsgId: MMSG-26355]
LSP_delete.c(4): Registering web_reg_find was successful  	[MsgId: MMSG-26390]
LSP_delete.c(5): web_reg_find started  	[MsgId: MMSG-26355]
LSP_delete.c(5): Registering web_reg_find was successful  	[MsgId: MMSG-26390]
LSP_delete.c(8): web_custom_request("delete") started  	[MsgId: MMSG-26355]
LSP_delete.c(8): Continuing after Error -26612: HTTP Status-Code=500 (Internal Server Error) for "https://diperf1-wf1f52214.dispatcher.int.sap.hana.ondemand.com/di/lsp/delete?workspaceId=workspacentyxzioj4xukgats"  	[MsgId: MERR-26612]
LSP_delete.c(8): Continuing after Error -26366: "Text=200" not found for web_reg_find  	[MsgId: MERR-26366]
LSP_delete.c(8): Continuing after Error -26366: "Text=Language server deleted" not found for web_reg_find  	[MsgId: MERR-26366]
End auto log messages stack.	[MsgId: MMSG-10544]


Start auto log messages stack - Iteration 5.	[MsgId: MMSG-10545]
Ending action LSP_Start.	[MsgId: MMSG-15918]
Starting action LSP_delete.	[MsgId: MMSG-15919]
LSP_delete.c(3): web_add_header("X-CSRF-Token") started  	[MsgId: MMSG-26355]
LSP_delete.c(3): web_add_header("X-CSRF-Token") was successful  	[MsgId: MMSG-26392]
LSP_delete.c(4): web_reg_find started  	[MsgId: MMSG-26355]
LSP_delete.c(4): Registering web_reg_find was successful  	[MsgId: MMSG-26390]
LSP_delete.c(5): web_reg_find started  	[MsgId: MMSG-26355]
LSP_delete.c(5): Registering web_reg_find was successful  	[MsgId: MMSG-26390]
LSP_delete.c(8): web_custom_request("delete") started  	[MsgId: MMSG-26355]
LSP_delete.c(8): Continuing after Error -26612: HTTP Status-Code=500 (Internal Server Error) for "https://diperf1-wf1f52214.dispatcher.int.sap.hana.ondemand.com/di/lsp/delete?workspaceId=workspacen7ahdx1lm7we8g3a"  	[MsgId: MERR-26612]
LSP_delete.c(8): Continuing after Error -26366: "Text=200" not found for web_reg_find  	[MsgId: MERR-26366]
LSP_delete.c(8): Continuing after Error -26366: "Text=Language server deleted" not found for web_reg_find  	[MsgId: MERR-26366]
End auto log messages stack.	[MsgId: MMSG-10544]


Start auto log messages stack - Iteration 2.	[MsgId: MMSG-10545]
LSP_Start.c(11): Registered web_reg_find successful for "Text=Language server start triggered" (count=1)  	[MsgId: MMSG-26364]
LSP_Start.c(11): web_custom_request("start") was successful, 31 body bytes, 241 header bytes  	[MsgId: MMSG-26386]
LSP_Start.c(27): Notify: Transaction "LSP_POLL_Task" started.	[MsgId: MMSG-16999]
LSP_Start.c(28): web_reg_save_param started  	[MsgId: MMSG-26355]
LSP_Start.c(28): Registering web_reg_save_param was successful  	[MsgId: MMSG-26390]
LSP_Start.c(29): web_reg_find started  	[MsgId: MMSG-26355]
LSP_Start.c(29): Registering web_reg_find was successful  	[MsgId: MMSG-26390]
LSP_Start.c(30): web_url("Poll Task") started  	[MsgId: MMSG-26355]
LSP_Start.c(30): Continuing after Error -26377: No match found for the requested parameter "LSP_START_STATUS". Either the specified boundaries were not found in the response or the matched text is longer than current max html parameter size of 50000 bytes. The total length of the response is 0 bytes. You can use "web_set_max_html_param_len" to increase the max parameter size.  	[MsgId: MERR-26377]
End auto log messages stack.	[MsgId: MMSG-10544]


Start auto log messages stack - Iteration 2.	[MsgId: MMSG-10545]
LSP_Start.c(30): Registered web_reg_find successful for "Text=200" (count=1)  	[MsgId: MMSG-26364]
LSP_Start.c(30): Continuing after Error -26374: The above "not found" error(s) may be explained by header and body byte counts being 225 and 0, respectively.  	[MsgId: MERR-26374]
End auto log messages stack.	[MsgId: MMSG-10544]


Start auto log messages stack - Iteration 6.	[MsgId: MMSG-10545]
LSP_Start.c(11): Registered web_reg_find successful for "Text=Language server start triggered" (count=1)  	[MsgId: MMSG-26364]
LSP_Start.c(11): web_custom_request("start") was successful, 31 body bytes, 241 header bytes  	[MsgId: MMSG-26386]
LSP_Start.c(27): Notify: Transaction "LSP_POLL_Task" started.	[MsgId: MMSG-16999]
LSP_Start.c(28): web_reg_save_param started  	[MsgId: MMSG-26355]
LSP_Start.c(28): Registering web_reg_save_param was successful  	[MsgId: MMSG-26390]
LSP_Start.c(29): web_reg_find started  	[MsgId: MMSG-26355]
LSP_Start.c(29): Registering web_reg_find was successful  	[MsgId: MMSG-26390]
LSP_Start.c(30): web_url("Poll Task") started  	[MsgId: MMSG-26355]
LSP_Start.c(30): Continuing after Error -26377: No match found for the requested parameter "LSP_START_STATUS". Either the specified boundaries were not found in the response or the matched text is longer than current max html parameter size of 50000 bytes. The total length of the response is 0 bytes. You can use "web_set_max_html_param_len" to increase the max parameter size.  	[MsgId: MERR-26377]
End auto log messages stack.	[MsgId: MMSG-10544]


Start auto log messages stack - Iteration 6.	[MsgId: MMSG-10545]
LSP_Start.c(30): Registered web_reg_find successful for "Text=200" (count=1)  	[MsgId: MMSG-26364]
LSP_Start.c(30): Continuing after Error -26374: The above "not found" error(s) may be explained by header and body byte counts being 225 and 0, respectively.  	[MsgId: MERR-26374]
End auto log messages stack.	[MsgId: MMSG-10544]


Start auto log messages stack - Iteration 13.	[MsgId: MMSG-10545]
LSP_Start.c(45): Notify: Transaction "LSP_Start" ended with a "Fail" status (Duration: 2.3682 Wasted Time: 0.0000).	[MsgId: MMSG-16871]
LSP_Start.c(45): Notify: Transaction "LSP_Start" has 0 error message(s).	[MsgId: MMSG-16818]
Ending action LSP_Start.	[MsgId: MMSG-15918]
Starting action LSP_delete.	[MsgId: MMSG-15919]
LSP_delete.c(3): web_add_header("X-CSRF-Token") started  	[MsgId: MMSG-26355]
LSP_delete.c(3): web_add_header("X-CSRF-Token") was successful  	[MsgId: MMSG-26392]
LSP_delete.c(4): web_reg_find started  	[MsgId: MMSG-26355]
LSP_delete.c(4): Registering web_reg_find was successful  	[MsgId: MMSG-26390]
LSP_delete.c(5): web_reg_find started  	[MsgId: MMSG-26355]
LSP_delete.c(5): Registering web_reg_find was successful  	[MsgId: MMSG-26390]
LSP_delete.c(8): web_custom_request("delete") started  	[MsgId: MMSG-26355]
LSP_delete.c(8): Continuing after Error -26612: HTTP Status-Code=500 (Internal Server Error) for "https://diperf1-wf1f52214.dispatcher.int.sap.hana.ondemand.com/di/lsp/delete?workspaceId=workspace6xsov1p1ut1ktknb"  	[MsgId: MERR-26612]
LSP_delete.c(8): Continuing after Error -26366: "Text=200" not found for web_reg_find  	[MsgId: MERR-26366]
LSP_delete.c(8): Continuing after Error -26366: "Text=Language server deleted" not found for web_reg_find  	[MsgId: MERR-26366]
End auto log messages stack.	[MsgId: MMSG-10544]


Start auto log messages stack - Iteration 2.	[MsgId: MMSG-10545]
Ending action LSP_Start.	[MsgId: MMSG-15918]
Starting action LSP_delete.	[MsgId: MMSG-15919]
LSP_delete.c(3): web_add_header("X-CSRF-Token") started  	[MsgId: MMSG-26355]
LSP_delete.c(3): web_add_header("X-CSRF-Token") was successful  	[MsgId: MMSG-26392]
LSP_delete.c(4): web_reg_find started  	[MsgId: MMSG-26355]
LSP_delete.c(4): Registering web_reg_find was successful  	[MsgId: MMSG-26390]
LSP_delete.c(5): web_reg_find started  	[MsgId: MMSG-26355]
LSP_delete.c(5): Registering web_reg_find was successful  	[MsgId: MMSG-26390]
LSP_delete.c(8): web_custom_request("delete") started  	[MsgId: MMSG-26355]
LSP_delete.c(8): Continuing after Error -26612: HTTP Status-Code=500 (Internal Server Error) for "https://diperf1-wf1f52214.dispatcher.int.sap.hana.ondemand.com/di/lsp/delete?workspaceId=workspacentyxzioj4xukgats"  	[MsgId: MERR-26612]
LSP_delete.c(8): Continuing after Error -26366: "Text=200" not found for web_reg_find  	[MsgId: MERR-26366]
LSP_delete.c(8): Continuing after Error -26366: "Text=Language server deleted" not found for web_reg_find  	[MsgId: MERR-26366]
End auto log messages stack.	[MsgId: MMSG-10544]


Start auto log messages stack - Iteration 6.	[MsgId: MMSG-10545]
Ending action LSP_Start.	[MsgId: MMSG-15918]
Starting action LSP_delete.	[MsgId: MMSG-15919]
LSP_delete.c(3): web_add_header("X-CSRF-Token") started  	[MsgId: MMSG-26355]
LSP_delete.c(3): web_add_header("X-CSRF-Token") was successful  	[MsgId: MMSG-26392]
LSP_delete.c(4): web_reg_find started  	[MsgId: MMSG-26355]
LSP_delete.c(4): Registering web_reg_find was successful  	[MsgId: MMSG-26390]
LSP_delete.c(5): web_reg_find started  	[MsgId: MMSG-26355]
LSP_delete.c(5): Registering web_reg_find was successful  	[MsgId: MMSG-26390]
LSP_delete.c(8): web_custom_request("delete") started  	[MsgId: MMSG-26355]
LSP_delete.c(8): Continuing after Error -26612: HTTP Status-Code=500 (Internal Server Error) for "https://diperf1-wf1f52214.dispatcher.int.sap.hana.ondemand.com/di/lsp/delete?workspaceId=workspacen7ahdx1lm7we8g3a"  	[MsgId: MERR-26612]
LSP_delete.c(8): Continuing after Error -26366: "Text=200" not found for web_reg_find  	[MsgId: MERR-26366]
LSP_delete.c(8): Continuing after Error -26366: "Text=Language server deleted" not found for web_reg_find  	[MsgId: MERR-26366]
End auto log messages stack.	[MsgId: MMSG-10544]


Start auto log messages stack - Iteration 3.	[MsgId: MMSG-10545]
LSP_Start.c(11): Registered web_reg_find successful for "Text=Language server start triggered" (count=1)  	[MsgId: MMSG-26364]
LSP_Start.c(11): web_custom_request("start") was successful, 31 body bytes, 241 header bytes  	[MsgId: MMSG-26386]
LSP_Start.c(27): Notify: Transaction "LSP_POLL_Task" started.	[MsgId: MMSG-16999]
LSP_Start.c(28): web_reg_save_param started  	[MsgId: MMSG-26355]
LSP_Start.c(28): Registering web_reg_save_param was successful  	[MsgId: MMSG-26390]
LSP_Start.c(29): web_reg_find started  	[MsgId: MMSG-26355]
LSP_Start.c(29): Registering web_reg_find was successful  	[MsgId: MMSG-26390]
LSP_Start.c(30): web_url("Poll Task") started  	[MsgId: MMSG-26355]
LSP_Start.c(30): Continuing after Error -26377: No match found for the requested parameter "LSP_START_STATUS". Either the specified boundaries were not found in the response or the matched text is longer than current max html parameter size of 50000 bytes. The total length of the response is 0 bytes. You can use "web_set_max_html_param_len" to increase the max parameter size.  	[MsgId: MERR-26377]
End auto log messages stack.	[MsgId: MMSG-10544]


Start auto log messages stack - Iteration 3.	[MsgId: MMSG-10545]
LSP_Start.c(30): Registered web_reg_find successful for "Text=200" (count=1)  	[MsgId: MMSG-26364]
LSP_Start.c(30): Continuing after Error -26374: The above "not found" error(s) may be explained by header and body byte counts being 225 and 0, respectively.  	[MsgId: MERR-26374]
End auto log messages stack.	[MsgId: MMSG-10544]


Start auto log messages stack - Iteration 7.	[MsgId: MMSG-10545]
LSP_Start.c(11): Registered web_reg_find successful for "Text=Language server start triggered" (count=1)  	[MsgId: MMSG-26364]
LSP_Start.c(11): web_custom_request("start") was successful, 31 body bytes, 241 header bytes  	[MsgId: MMSG-26386]
LSP_Start.c(27): Notify: Transaction "LSP_POLL_Task" started.	[MsgId: MMSG-16999]
LSP_Start.c(28): web_reg_save_param started  	[MsgId: MMSG-26355]
LSP_Start.c(28): Registering web_reg_save_param was successful  	[MsgId: MMSG-26390]
LSP_Start.c(29): web_reg_find started  	[MsgId: MMSG-26355]
LSP_Start.c(29): Registering web_reg_find was successful  	[MsgId: MMSG-26390]
LSP_Start.c(30): web_url("Poll Task") started  	[MsgId: MMSG-26355]
LSP_Start.c(30): Continuing after Error -26377: No match found for the requested parameter "LSP_START_STATUS". Either the specified boundaries were not found in the response or the matched text is longer than current max html parameter size of 50000 bytes. The total length of the response is 0 bytes. You can use "web_set_max_html_param_len" to increase the max parameter size.  	[MsgId: MERR-26377]
End auto log messages stack.	[MsgId: MMSG-10544]


Start auto log messages stack - Iteration 7.	[MsgId: MMSG-10545]
LSP_Start.c(30): Registered web_reg_find successful for "Text=200" (count=1)  	[MsgId: MMSG-26364]
LSP_Start.c(30): Continuing after Error -26374: The above "not found" error(s) may be explained by header and body byte counts being 225 and 0, respectively.  	[MsgId: MERR-26374]
End auto log messages stack.	[MsgId: MMSG-10544]


Start auto log messages stack - Iteration 14.	[MsgId: MMSG-10545]
LSP_Start.c(45): Notify: Transaction "LSP_Start" ended with a "Fail" status (Duration: 2.3474 Wasted Time: 0.0001).	[MsgId: MMSG-16871]
LSP_Start.c(45): Notify: Transaction "LSP_Start" has 0 error message(s).	[MsgId: MMSG-16818]
Ending action LSP_Start.	[MsgId: MMSG-15918]
Starting action LSP_delete.	[MsgId: MMSG-15919]
LSP_delete.c(3): web_add_header("X-CSRF-Token") started  	[MsgId: MMSG-26355]
LSP_delete.c(3): web_add_header("X-CSRF-Token") was successful  	[MsgId: MMSG-26392]
LSP_delete.c(4): web_reg_find started  	[MsgId: MMSG-26355]
LSP_delete.c(4): Registering web_reg_find was successful  	[MsgId: MMSG-26390]
LSP_delete.c(5): web_reg_find started  	[MsgId: MMSG-26355]
LSP_delete.c(5): Registering web_reg_find was successful  	[MsgId: MMSG-26390]
LSP_delete.c(8): web_custom_request("delete") started  	[MsgId: MMSG-26355]
LSP_delete.c(8): Continuing after Error -26612: HTTP Status-Code=500 (Internal Server Error) for "https://diperf1-wf1f52214.dispatcher.int.sap.hana.ondemand.com/di/lsp/delete?workspaceId=workspace6xsov1p1ut1ktknb"  	[MsgId: MERR-26612]
LSP_delete.c(8): Continuing after Error -26366: "Text=200" not found for web_reg_find  	[MsgId: MERR-26366]
LSP_delete.c(8): Continuing after Error -26366: "Text=Language server deleted" not found for web_reg_find  	[MsgId: MERR-26366]
End auto log messages stack.	[MsgId: MMSG-10544]


Start auto log messages stack - Iteration 3.	[MsgId: MMSG-10545]
Ending action LSP_Start.	[MsgId: MMSG-15918]
Starting action LSP_delete.	[MsgId: MMSG-15919]
LSP_delete.c(3): web_add_header("X-CSRF-Token") started  	[MsgId: MMSG-26355]
LSP_delete.c(3): web_add_header("X-CSRF-Token") was successful  	[MsgId: MMSG-26392]
LSP_delete.c(4): web_reg_find started  	[MsgId: MMSG-26355]
LSP_delete.c(4): Registering web_reg_find was successful  	[MsgId: MMSG-26390]
LSP_delete.c(5): web_reg_find started  	[MsgId: MMSG-26355]
LSP_delete.c(5): Registering web_reg_find was successful  	[MsgId: MMSG-26390]
LSP_delete.c(8): web_custom_request("delete") started  	[MsgId: MMSG-26355]
LSP_delete.c(8): Continuing after Error -26612: HTTP Status-Code=500 (Internal Server Error) for "https://diperf1-wf1f52214.dispatcher.int.sap.hana.ondemand.com/di/lsp/delete?workspaceId=workspacentyxzioj4xukgats"  	[MsgId: MERR-26612]
LSP_delete.c(8): Continuing after Error -26366: "Text=200" not found for web_reg_find  	[MsgId: MERR-26366]
LSP_delete.c(8): Continuing after Error -26366: "Text=Language server deleted" not found for web_reg_find  	[MsgId: MERR-26366]
End auto log messages stack.	[MsgId: MMSG-10544]


Start auto log messages stack - Iteration 7.	[MsgId: MMSG-10545]
Ending action LSP_Start.	[MsgId: MMSG-15918]
Starting action LSP_delete.	[MsgId: MMSG-15919]
LSP_delete.c(3): web_add_header("X-CSRF-Token") started  	[MsgId: MMSG-26355]
LSP_delete.c(3): web_add_header("X-CSRF-Token") was successful  	[MsgId: MMSG-26392]
LSP_delete.c(4): web_reg_find started  	[MsgId: MMSG-26355]
LSP_delete.c(4): Registering web_reg_find was successful  	[MsgId: MMSG-26390]
LSP_delete.c(5): web_reg_find started  	[MsgId: MMSG-26355]
LSP_delete.c(5): Registering web_reg_find was successful  	[MsgId: MMSG-26390]
LSP_delete.c(8): web_custom_request("delete") started  	[MsgId: MMSG-26355]
LSP_delete.c(8): Continuing after Error -26612: HTTP Status-Code=500 (Internal Server Error) for "https://diperf1-wf1f52214.dispatcher.int.sap.hana.ondemand.com/di/lsp/delete?workspaceId=workspacen7ahdx1lm7we8g3a"  	[MsgId: MERR-26612]
LSP_delete.c(8): Continuing after Error -26366: "Text=200" not found for web_reg_find  	[MsgId: MERR-26366]
LSP_delete.c(8): Continuing after Error -26366: "Text=Language server deleted" not found for web_reg_find  	[MsgId: MERR-26366]
End auto log messages stack.	[MsgId: MMSG-10544]


Start auto log messages stack - Iteration 4.	[MsgId: MMSG-10545]
LSP_Start.c(11): Registered web_reg_find successful for "Text=Language server start triggered" (count=1)  	[MsgId: MMSG-26364]
LSP_Start.c(11): web_custom_request("start") was successful, 31 body bytes, 241 header bytes  	[MsgId: MMSG-26386]
LSP_Start.c(27): Notify: Transaction "LSP_POLL_Task" started.	[MsgId: MMSG-16999]
LSP_Start.c(28): web_reg_save_param started  	[MsgId: MMSG-26355]
LSP_Start.c(28): Registering web_reg_save_param was successful  	[MsgId: MMSG-26390]
LSP_Start.c(29): web_reg_find started  	[MsgId: MMSG-26355]
LSP_Start.c(29): Registering web_reg_find was successful  	[MsgId: MMSG-26390]
LSP_Start.c(30): web_url("Poll Task") started  	[MsgId: MMSG-26355]
LSP_Start.c(30): Continuing after Error -26377: No match found for the requested parameter "LSP_START_STATUS". Either the specified boundaries were not found in the response or the matched text is longer than current max html parameter size of 50000 bytes. The total length of the response is 0 bytes. You can use "web_set_max_html_param_len" to increase the max parameter size.  	[MsgId: MERR-26377]
End auto log messages stack.	[MsgId: MMSG-10544]


Start auto log messages stack - Iteration 4.	[MsgId: MMSG-10545]
LSP_Start.c(30): Registered web_reg_find successful for "Text=200" (count=1)  	[MsgId: MMSG-26364]
LSP_Start.c(30): Continuing after Error -26374: The above "not found" error(s) may be explained by header and body byte counts being 225 and 0, respectively.  	[MsgId: MERR-26374]
End auto log messages stack.	[MsgId: MMSG-10544]


Start auto log messages stack - Iteration 8.	[MsgId: MMSG-10545]
LSP_Start.c(11): Registered web_reg_find successful for "Text=Language server start triggered" (count=1)  	[MsgId: MMSG-26364]
LSP_Start.c(11): web_custom_request("start") was successful, 31 body bytes, 241 header bytes  	[MsgId: MMSG-26386]
LSP_Start.c(27): Notify: Transaction "LSP_POLL_Task" started.	[MsgId: MMSG-16999]
LSP_Start.c(28): web_reg_save_param started  	[MsgId: MMSG-26355]
LSP_Start.c(28): Registering web_reg_save_param was successful  	[MsgId: MMSG-26390]
LSP_Start.c(29): web_reg_find started  	[MsgId: MMSG-26355]
LSP_Start.c(29): Registering web_reg_find was successful  	[MsgId: MMSG-26390]
LSP_Start.c(30): web_url("Poll Task") started  	[MsgId: MMSG-26355]
LSP_Start.c(30): Continuing after Error -26377: No match found for the requested parameter "LSP_START_STATUS". Either the specified boundaries were not found in the response or the matched text is longer than current max html parameter size of 50000 bytes. The total length of the response is 0 bytes. You can use "web_set_max_html_param_len" to increase the max parameter size.  	[MsgId: MERR-26377]
End auto log messages stack.	[MsgId: MMSG-10544]


Start auto log messages stack - Iteration 8.	[MsgId: MMSG-10545]
LSP_Start.c(30): Registered web_reg_find successful for "Text=200" (count=1)  	[MsgId: MMSG-26364]
LSP_Start.c(30): Continuing after Error -26374: The above "not found" error(s) may be explained by header and body byte counts being 225 and 0, respectively.  	[MsgId: MERR-26374]
End auto log messages stack.	[MsgId: MMSG-10544]


Start auto log messages stack - Iteration 15.	[MsgId: MMSG-10545]
LSP_Start.c(45): Notify: Transaction "LSP_Start" ended with a "Fail" status (Duration: 2.3508 Wasted Time: 0.0000).	[MsgId: MMSG-16871]
LSP_Start.c(45): Notify: Transaction "LSP_Start" has 0 error message(s).	[MsgId: MMSG-16818]
Ending action LSP_Start.	[MsgId: MMSG-15918]
Starting action LSP_delete.	[MsgId: MMSG-15919]
LSP_delete.c(3): web_add_header("X-CSRF-Token") started  	[MsgId: MMSG-26355]
LSP_delete.c(3): web_add_header("X-CSRF-Token") was successful  	[MsgId: MMSG-26392]
LSP_delete.c(4): web_reg_find started  	[MsgId: MMSG-26355]
LSP_delete.c(4): Registering web_reg_find was successful  	[MsgId: MMSG-26390]
LSP_delete.c(5): web_reg_find started  	[MsgId: MMSG-26355]
LSP_delete.c(5): Registering web_reg_find was successful  	[MsgId: MMSG-26390]
LSP_delete.c(8): web_custom_request("delete") started  	[MsgId: MMSG-26355]
LSP_delete.c(8): Continuing after Error -26612: HTTP Status-Code=500 (Internal Server Error) for "https://diperf1-wf1f52214.dispatcher.int.sap.hana.ondemand.com/di/lsp/delete?workspaceId=workspace6xsov1p1ut1ktknb"  	[MsgId: MERR-26612]
LSP_delete.c(8): Continuing after Error -26366: "Text=200" not found for web_reg_find  	[MsgId: MERR-26366]
LSP_delete.c(8): Continuing after Error -26366: "Text=Language server deleted" not found for web_reg_find  	[MsgId: MERR-26366]
End auto log messages stack.	[MsgId: MMSG-10544]


Start auto log messages stack - Iteration 4.	[MsgId: MMSG-10545]
Ending action LSP_Start.	[MsgId: MMSG-15918]
Starting action LSP_delete.	[MsgId: MMSG-15919]
LSP_delete.c(3): web_add_header("X-CSRF-Token") started  	[MsgId: MMSG-26355]
LSP_delete.c(3): web_add_header("X-CSRF-Token") was successful  	[MsgId: MMSG-26392]
LSP_delete.c(4): web_reg_find started  	[MsgId: MMSG-26355]
LSP_delete.c(4): Registering web_reg_find was successful  	[MsgId: MMSG-26390]
LSP_delete.c(5): web_reg_find started  	[MsgId: MMSG-26355]
LSP_delete.c(5): Registering web_reg_find was successful  	[MsgId: MMSG-26390]
LSP_delete.c(8): web_custom_request("delete") started  	[MsgId: MMSG-26355]
LSP_delete.c(8): Continuing after Error -26612: HTTP Status-Code=500 (Internal Server Error) for "https://diperf1-wf1f52214.dispatcher.int.sap.hana.ondemand.com/di/lsp/delete?workspaceId=workspacentyxzioj4xukgats"  	[MsgId: MERR-26612]
LSP_delete.c(8): Continuing after Error -26366: "Text=200" not found for web_reg_find  	[MsgId: MERR-26366]
LSP_delete.c(8): Continuing after Error -26366: "Text=Language server deleted" not found for web_reg_find  	[MsgId: MERR-26366]
End auto log messages stack.	[MsgId: MMSG-10544]


Start auto log messages stack - Iteration 8.	[MsgId: MMSG-10545]
Ending action LSP_Start.	[MsgId: MMSG-15918]
Starting action LSP_delete.	[MsgId: MMSG-15919]
LSP_delete.c(3): web_add_header("X-CSRF-Token") started  	[MsgId: MMSG-26355]
LSP_delete.c(3): web_add_header("X-CSRF-Token") was successful  	[MsgId: MMSG-26392]
LSP_delete.c(4): web_reg_find started  	[MsgId: MMSG-26355]
LSP_delete.c(4): Registering web_reg_find was successful  	[MsgId: MMSG-26390]
LSP_delete.c(5): web_reg_find started  	[MsgId: MMSG-26355]
LSP_delete.c(5): Registering web_reg_find was successful  	[MsgId: MMSG-26390]
LSP_delete.c(8): web_custom_request("delete") started  	[MsgId: MMSG-26355]
LSP_delete.c(8): Continuing after Error -26612: HTTP Status-Code=500 (Internal Server Error) for "https://diperf1-wf1f52214.dispatcher.int.sap.hana.ondemand.com/di/lsp/delete?workspaceId=workspacen7ahdx1lm7we8g3a"  	[MsgId: MERR-26612]
LSP_delete.c(8): Continuing after Error -26366: "Text=200" not found for web_reg_find  	[MsgId: MERR-26366]
LSP_delete.c(8): Continuing after Error -26366: "Text=Language server deleted" not found for web_reg_find  	[MsgId: MERR-26366]
End auto log messages stack.	[MsgId: MMSG-10544]


Start auto log messages stack - Iteration 16.	[MsgId: MMSG-10545]
LSP_Start.c(45): Notify: Transaction "LSP_Start" ended with a "Fail" status (Duration: 2.3484 Wasted Time: 0.0000).	[MsgId: MMSG-16871]
LSP_Start.c(45): Notify: Transaction "LSP_Start" has 0 error message(s).	[MsgId: MMSG-16818]
Ending action LSP_Start.	[MsgId: MMSG-15918]
Starting action LSP_delete.	[MsgId: MMSG-15919]
LSP_delete.c(3): web_add_header("X-CSRF-Token") started  	[MsgId: MMSG-26355]
LSP_delete.c(3): web_add_header("X-CSRF-Token") was successful  	[MsgId: MMSG-26392]
LSP_delete.c(4): web_reg_find started  	[MsgId: MMSG-26355]
LSP_delete.c(4): Registering web_reg_find was successful  	[MsgId: MMSG-26390]
LSP_delete.c(5): web_reg_find started  	[MsgId: MMSG-26355]
LSP_delete.c(5): Registering web_reg_find was successful  	[MsgId: MMSG-26390]
LSP_delete.c(8): web_custom_request("delete") started  	[MsgId: MMSG-26355]
LSP_delete.c(8): Continuing after Error -26612: HTTP Status-Code=500 (Internal Server Error) for "https://diperf1-wf1f52214.dispatcher.int.sap.hana.ondemand.com/di/lsp/delete?workspaceId=workspace6xsov1p1ut1ktknb"  	[MsgId: MERR-26612]
LSP_delete.c(8): Continuing after Error -26366: "Text=200" not found for web_reg_find  	[MsgId: MERR-26366]
LSP_delete.c(8): Continuing after Error -26366: "Text=Language server deleted" not found for web_reg_find  	[MsgId: MERR-26366]
End auto log messages stack.	[MsgId: MMSG-10544]


