Save_JS_File.c(25): web_url("Save File Read data") was successful, 17 body bytes, 246 header bytes  	[MsgId: MMSG-26386]
Save_JS_File.c(33): Notify: Transaction "Save File" ended with "Pass" status (Duration: 0.8240).	[MsgId: MMSG-16873]
Ending action Save_JS_File.	[MsgId: MMSG-15918]
Ending iteration 682.	[MsgId: MMSG-15965]
Starting iteration 683.	[MsgId: MMSG-15968]
Starting action Save_JS_File.	[MsgId: MMSG-15919]
Save_JS_File.c(4): Notify: Transaction "Save File" started.	[MsgId: MMSG-16999]
Save_JS_File.c(6): web_add_header("X-CSRF-Token") started  	[MsgId: MMSG-26355]
Save_JS_File.c(6): web_add_header("X-CSRF-Token") was successful  	[MsgId: MMSG-26392]
Save_JS_File.c(7): web_custom_request("Save File") started  	[MsgId: MMSG-26355]
RunApplicationPreview_WithMock.c(40): web_url("Master.view.xml") was successful, 563 body bytes, 248 header bytes, 23 chunking overhead bytes  	[MsgId: MMSG-26385]
RunApplicationPreview_WithMock.c(48): web_url("Master.controller.js") started  	[MsgId: MMSG-26355]
RunApplicationPreview_WithMock.c(40): web_url("Master.view.xml") was successful, 563 body bytes, 248 header bytes, 23 chunking overhead bytes  	[MsgId: MMSG-26385]
RunApplicationPreview_WithMock.c(48): web_url("Master.controller.js") started  	[MsgId: MMSG-26355]
RunApplicationPreview_WithMock.c(32): web_url("App.controller.js") was successful, 46 body bytes, 200 header bytes  	[MsgId: MMSG-26386]
RunApplicationPreview_WithMock.c(40): web_url("Master.view.xml") started  	[MsgId: MMSG-26355]
RunApplicationPreview_WithMock.c(32): web_url("App.controller.js") was successful, 46 body bytes, 200 header bytes  	[MsgId: MMSG-26386]
RunApplicationPreview_WithMock.c(32): web_url("App.controller.js") was successful, 46 body bytes, 200 header bytes  	[MsgId: MMSG-26386]
RunApplicationPreview_WithMock.c(40): web_url("Master.view.xml") started  	[MsgId: MMSG-26355]
RunApplicationPreview_WithMock.c(40): web_url("Master.view.xml") started  	[MsgId: MMSG-26355]
RunApplicationPreview_WithMock.c(48): web_url("Master.controller.js") was successful, 861 body bytes, 201 header bytes  	[MsgId: MMSG-26386]
RunApplicationPreview_WithMock.c(57): Notify: Transaction "RunPreviewAppWithMock" ended with "Pass" status (Duration: 1.0620).	[MsgId: MMSG-16873]
Ending action RunApplicationPreview_WithMock.	[MsgId: MMSG-15918]
RunApplicationPreview_WithMock.c(48): web_url("Master.controller.js") was successful, 861 body bytes, 201 header bytes  	[MsgId: MMSG-26386]
Ending iteration 702.	[MsgId: MMSG-15965]
RunApplicationPreview_WithMock.c(57): Notify: Transaction "RunPreviewAppWithMock" ended with "Pass" status (Duration: 1.0610).	[MsgId: MMSG-16873]
Starting iteration 703.	[MsgId: MMSG-15968]
Ending action RunApplicationPreview_WithMock.	[MsgId: MMSG-15918]
Ending iteration 681.	[MsgId: MMSG-15965]
Starting iteration 682.	[MsgId: MMSG-15968]
Starting action Save_JS_File.	[MsgId: MMSG-15919]
Save_JS_File.c(4): Notify: Transaction "Save File" started.	[MsgId: MMSG-16999]
Save_JS_File.c(6): web_add_header("X-CSRF-Token") started  	[MsgId: MMSG-26355]
Save_JS_File.c(6): web_add_header("X-CSRF-Token") was successful  	[MsgId: MMSG-26392]
Save_JS_File.c(7): web_custom_request("Save File") started  	[MsgId: MMSG-26355]
RunApplicationPreview_WithMock.c(40): web_url("Master.view.xml") was successful, 563 body bytes, 248 header bytes, 23 chunking overhead bytes  	[MsgId: MMSG-26385]
RunApplicationPreview_WithMock.c(48): web_url("Master.controller.js") started  	[MsgId: MMSG-26355]
Starting action Save_JS_File.	[MsgId: MMSG-15919]
Save_JS_File.c(4): Notify: Transaction "Save File" started.	[MsgId: MMSG-16999]
Save_JS_File.c(6): web_add_header("X-CSRF-Token") started  	[MsgId: MMSG-26355]
Save_JS_File.c(6): web_add_header("X-CSRF-Token") was successful  	[MsgId: MMSG-26392]
Save_JS_File.c(7): web_custom_request("Save File") started  	[MsgId: MMSG-26355]
RunApplicationPreview_WithMock.c(40): web_url("Master.view.xml") was successful, 563 body bytes, 248 header bytes, 23 chunking overhead bytes  	[MsgId: MMSG-26385]
RunApplicationPreview_WithMock.c(48): web_url("Master.controller.js") started  	[MsgId: MMSG-26355]
RunApplicationPreview_WithMock.c(40): web_url("Master.view.xml") was successful, 563 body bytes, 248 header bytes, 23 chunking overhead bytes  	[MsgId: MMSG-26385]
RunApplicationPreview_WithMock.c(48): web_url("Master.controller.js") started  	[MsgId: MMSG-26355]
RunApplicationPreview_WithMock.c(6): web_url("mock_preview_sapui5.html") was successful, 853 body bytes, 281 header bytes, 24 chunking overhead bytes  	[MsgId: MMSG-26385]
RunApplicationPreview_WithMock.c(16): web_url("Component.js") started  	[MsgId: MMSG-26355]
RunApplicationPreview_WithMock.c(48): web_url("Master.controller.js") was successful, 861 body bytes, 201 header bytes  	[MsgId: MMSG-26386]
RunApplicationPreview_WithMock.c(57): Notify: Transaction "RunPreviewAppWithMock" ended with "Pass" status (Duration: 1.0920).	[MsgId: MMSG-16873]
Ending action RunApplicationPreview_WithMock.	[MsgId: MMSG-15918]
Ending iteration 727.	[MsgId: MMSG-15965]
Save_JS_File.c(7): web_custom_request("Save File") was successful, 0 body bytes, 200 header bytes  	[MsgId: MMSG-26386]
Starting iteration 728.	[MsgId: MMSG-15968]
Save_JS_File.c(16): web_custom_request("gitapi/status") started  	[MsgId: MMSG-26355]
Starting action RunApplicationPreview_WithMock.	[MsgId: MMSG-15919]
RunApplicationPreview_WithMock.c(3): Notify: Transaction "RunPreviewAppWithMock" started.	[MsgId: MMSG-16999]
RunApplicationPreview_WithMock.c(6): web_url("mock_preview_sapui5.html") started  	[MsgId: MMSG-26355]
RunApplicationPreview_WithMock.c(48): web_url("Master.controller.js") was successful, 861 body bytes, 201 header bytes  	[MsgId: MMSG-26386]
RunApplicationPreview_WithMock.c(57): Notify: Transaction "RunPreviewAppWithMock" ended with "Pass" status (Duration: 1.1610).	[MsgId: MMSG-16873]
Ending action RunApplicationPreview_WithMock.	[MsgId: MMSG-15918]
Ending iteration 744.	[MsgId: MMSG-15965]
Starting iteration 745.	[MsgId: MMSG-15968]
Starting action Save_JS_File.	[MsgId: MMSG-15919]
Save_JS_File.c(4): Notify: Transaction "Save File" started.	[MsgId: MMSG-16999]
Save_JS_File.c(6): web_add_header("X-CSRF-Token") started  	[MsgId: MMSG-26355]
Save_JS_File.c(6): web_add_header("X-CSRF-Token") was successful  	[MsgId: MMSG-26392]
Save_JS_File.c(7): web_custom_request("Save File") started  	[MsgId: MMSG-26355]
RunApplicationPreview_WithMock.c(48): web_url("Master.controller.js") was successful, 861 body bytes, 201 header bytes  	[MsgId: MMSG-26386]
RunApplicationPreview_WithMock.c(57): Notify: Transaction "RunPreviewAppWithMock" ended with "Pass" status (Duration: 1.1450).	[MsgId: MMSG-16873]
Ending action RunApplicationPreview_WithMock.	[MsgId: MMSG-15918]
Ending iteration 709.	[MsgId: MMSG-15965]
Starting iteration 710.	[MsgId: MMSG-15968]
Starting action Save_JS_File.	[MsgId: MMSG-15919]
Save_JS_File.c(4): Notify: Transaction "Save File" started.	[MsgId: MMSG-16999]
Save_JS_File.c(6): web_add_header("X-CSRF-Token") started  	[MsgId: MMSG-26355]
Save_JS_File.c(6): web_add_header("X-CSRF-Token") was successful  	[MsgId: MMSG-26392]
Save_JS_File.c(7): web_custom_request("Save File") started  	[MsgId: MMSG-26355]
RunApplicationPreview_WithMock.c(16): web_url("Component.js") was successful, 1547 body bytes, 255 header bytes, 36 chunking overhead bytes  	[MsgId: MMSG-26385]
RunApplicationPreview_WithMock.c(24): web_url("App.view.xml") started  	[MsgId: MMSG-26355]
Save_JS_File.c(16): web_custom_request("gitapi/status") was successful, 307 body bytes, 231 header bytes, 17 chunking overhead bytes  	[MsgId: MMSG-26385]
Save_JS_File.c(25): web_url("Save File Read data") started  	[MsgId: MMSG-26355]
RunApplicationPreview_WithMock.c(6): web_url("mock_preview_sapui5.html") was successful, 853 body bytes, 281 header bytes, 24 chunking overhead bytes  	[MsgId: MMSG-26385]
RunApplicationPreview_WithMock.c(16): web_url("Component.js") started  	[MsgId: MMSG-26355]
RunApplicationPreview_WithMock.c(24): web_url("App.view.xml") was successful, 398 body bytes, 194 header bytes  	[MsgId: MMSG-26386]
RunApplicationPreview_WithMock.c(32): web_url("App.controller.js") started  	[MsgId: MMSG-26355]
RunApplicationPreview_WithMock.c(16): web_url("Component.js") was successful, 1547 body bytes, 255 header bytes, 36 chunking overhead bytes  	[MsgId: MMSG-26385]
Save_JS_File.c(25): web_url("Save File Read data") was successful, 18 body bytes, 246 header bytes  	[MsgId: MMSG-26386]
RunApplicationPreview_WithMock.c(24): web_url("App.view.xml") started  	[MsgId: MMSG-26355]
Save_JS_File.c(33): Notify: Transaction "Save File" ended with "Pass" status (Duration: 0.8150).	[MsgId: MMSG-16873]
Ending action Save_JS_File.	[MsgId: MMSG-15918]
Ending Vuser...	[MsgId: MMSG-15966]
Starting action vuser_end.	[MsgId: MMSG-15919]
Ending action vuser_end.	[MsgId: MMSG-15918]
Vuser Terminated.	[MsgId: MMSG-15963]
Save_JS_File.c(7): web_custom_request("Save File") was successful, 0 body bytes, 200 header bytes  	[MsgId: MMSG-26386]
Save_JS_File.c(16): web_custom_request("gitapi/status") started  	[MsgId: MMSG-26355]
RunApplicationPreview_WithMock.c(32): web_url("App.controller.js") was successful, 46 body bytes, 200 header bytes  	[MsgId: MMSG-26386]
RunApplicationPreview_WithMock.c(40): web_url("Master.view.xml") started  	[MsgId: MMSG-26355]
RunApplicationPreview_WithMock.c(6): web_url("mock_preview_sapui5.html") was successful, 853 body bytes, 281 header bytes, 24 chunking overhead bytes  	[MsgId: MMSG-26385]
RunApplicationPreview_WithMock.c(16): web_url("Component.js") started  	[MsgId: MMSG-26355]
RunApplicationPreview_WithMock.c(24): web_url("App.view.xml") was successful, 398 body bytes, 194 header bytes  	[MsgId: MMSG-26386]
Save_JS_File.c(7): web_custom_request("Save File") was successful, 0 body bytes, 200 header bytes  	[MsgId: MMSG-26386]
Save_JS_File.c(16): web_custom_request("gitapi/status") started  	[MsgId: MMSG-26355]
RunApplicationPreview_WithMock.c(40): web_url("Master.view.xml") was successful, 563 body bytes, 248 header bytes, 23 chunking overhead bytes  	[MsgId: MMSG-26385]
Save_JS_File.c(7): web_custom_request("Save File") was successful, 0 body bytes, 200 header bytes  	[MsgId: MMSG-26386]
Save_JS_File.c(16): web_custom_request("gitapi/status") started  	[MsgId: MMSG-26355]
RunApplicationPreview_WithMock.c(32): web_url("App.controller.js") started  	[MsgId: MMSG-26355]
RunApplicationPreview_WithMock.c(48): web_url("Master.controller.js") started  	[MsgId: MMSG-26355]
RunApplicationPreview_WithMock.c(16): web_url("Component.js") was successful, 1547 body bytes, 255 header bytes, 36 chunking overhead bytes  	[MsgId: MMSG-26385]
Save_JS_File.c(16): web_custom_request("gitapi/status") was successful, 307 body bytes, 231 header bytes, 17 chunking overhead bytes  	[MsgId: MMSG-26385]
RunApplicationPreview_WithMock.c(24): web_url("App.view.xml") started  	[MsgId: MMSG-26355]
Save_JS_File.c(25): web_url("Save File Read data") started  	[MsgId: MMSG-26355]
RunApplicationPreview_WithMock.c(6): web_url("mock_preview_sapui5.html") was successful, 853 body bytes, 281 header bytes, 24 chunking overhead bytes  	[MsgId: MMSG-26385]
RunApplicationPreview_WithMock.c(16): web_url("Component.js") started  	[MsgId: MMSG-26355]
RunApplicationPreview_WithMock.c(48): web_url("Master.controller.js") was successful, 861 body bytes, 201 header bytes  	[MsgId: MMSG-26386]
RunApplicationPreview_WithMock.c(57): Notify: Transaction "RunPreviewAppWithMock" ended with "Pass" status (Duration: 1.1750).	[MsgId: MMSG-16873]
Ending action RunApplicationPreview_WithMock.	[MsgId: MMSG-15918]
Ending iteration 721.	[MsgId: MMSG-15965]
Starting iteration 722.	[MsgId: MMSG-15968]
RunApplicationPreview_WithMock.c(24): web_url("App.view.xml") was successful, 398 body bytes, 194 header bytes  	[MsgId: MMSG-26386]
RunApplicationPreview_WithMock.c(32): web_url("App.controller.js") was successful, 46 body bytes, 200 header bytes  	[MsgId: MMSG-26386]
Starting action RunApplicationPreview_WithMock.	[MsgId: MMSG-15919]
RunApplicationPreview_WithMock.c(32): web_url("App.controller.js") started  	[MsgId: MMSG-26355]
RunApplicationPreview_WithMock.c(40): web_url("Master.view.xml") started  	[MsgId: MMSG-26355]
RunApplicationPreview_WithMock.c(3): Notify: Transaction "RunPreviewAppWithMock" started.	[MsgId: MMSG-16999]
Save_JS_File.c(25): web_url("Save File Read data") was successful, 17 body bytes, 246 header bytes  	[MsgId: MMSG-26386]
RunApplicationPreview_WithMock.c(6): web_url("mock_preview_sapui5.html") started  	[MsgId: MMSG-26355]
Save_JS_File.c(33): Notify: Transaction "Save File" ended with "Pass" status (Duration: 0.8830).	[MsgId: MMSG-16873]
Ending action Save_JS_File.	[MsgId: MMSG-15918]
Ending iteration 683.	[MsgId: MMSG-15965]
Starting iteration 684.	[MsgId: MMSG-15968]
Starting action RunApplicationPreview_WithMock.	[MsgId: MMSG-15919]
RunApplicationPreview_WithMock.c(3): Notify: Transaction "RunPreviewAppWithMock" started.	[MsgId: MMSG-16999]
Save_JS_File.c(7): web_custom_request("Save File") was successful, 0 body bytes, 200 header bytes  	[MsgId: MMSG-26386]
RunApplicationPreview_WithMock.c(6): web_url("mock_preview_sapui5.html") started  	[MsgId: MMSG-26355]
Save_JS_File.c(16): web_custom_request("gitapi/status") started  	[MsgId: MMSG-26355]
Save_JS_File.c(16): web_custom_request("gitapi/status") was successful, 306 body bytes, 231 header bytes, 17 chunking overhead bytes  	[MsgId: MMSG-26385]
Save_JS_File.c(25): web_url("Save File Read data") started  	[MsgId: MMSG-26355]
RunApplicationPreview_WithMock.c(16): web_url("Component.js") was successful, 1547 body bytes, 255 header bytes, 36 chunking overhead bytes  	[MsgId: MMSG-26385]
RunApplicationPreview_WithMock.c(24): web_url("App.view.xml") started  	[MsgId: MMSG-26355]
Save_JS_File.c(16): web_custom_request("gitapi/status") was successful, 306 body bytes, 231 header bytes, 17 chunking overhead bytes  	[MsgId: MMSG-26385]
Save_JS_File.c(25): web_url("Save File Read data") started  	[MsgId: MMSG-26355]
Save_JS_File.c(7): web_custom_request("Save File") was successful, 0 body bytes, 200 header bytes  	[MsgId: MMSG-26386]
Save_JS_File.c(16): web_custom_request("gitapi/status") started  	[MsgId: MMSG-26355]
RunApplicationPreview_WithMock.c(32): web_url("App.controller.js") was successful, 46 body bytes, 200 header bytes  	[MsgId: MMSG-26386]
RunApplicationPreview_WithMock.c(40): web_url("Master.view.xml") was successful, 563 body bytes, 248 header bytes, 23 chunking overhead bytes  	[MsgId: MMSG-26385]
RunApplicationPreview_WithMock.c(40): web_url("Master.view.xml") started  	[MsgId: MMSG-26355]
RunApplicationPreview_WithMock.c(48): web_url("Master.controller.js") started  	[MsgId: MMSG-26355]
Save_JS_File.c(25): web_url("Save File Read data") was successful, 17 body bytes, 246 header bytes  	[MsgId: MMSG-26386]
Save_JS_File.c(33): Notify: Transaction "Save File" ended with "Pass" status (Duration: 0.8560).	[MsgId: MMSG-16873]
Ending action Save_JS_File.	[MsgId: MMSG-15918]
Ending iteration 682.	[MsgId: MMSG-15965]
Starting iteration 683.	[MsgId: MMSG-15968]
Starting action Save_JS_File.	[MsgId: MMSG-15919]
Save_JS_File.c(4): Notify: Transaction "Save File" started.	[MsgId: MMSG-16999]
Save_JS_File.c(6): web_add_header("X-CSRF-Token") started  	[MsgId: MMSG-26355]
Save_JS_File.c(6): web_add_header("X-CSRF-Token") was successful  	[MsgId: MMSG-26392]
Save_JS_File.c(7): web_custom_request("Save File") started  	[MsgId: MMSG-26355]
RunApplicationPreview_WithMock.c(24): web_url("App.view.xml") was successful, 398 body bytes, 194 header bytes  	[MsgId: MMSG-26386]
RunApplicationPreview_WithMock.c(32): web_url("App.controller.js") started  	[MsgId: MMSG-26355]
Save_JS_File.c(25): web_url("Save File Read data") was successful, 17 body bytes, 246 header bytes  	[MsgId: MMSG-26386]
Save_JS_File.c(33): Notify: Transaction "Save File" ended with "Pass" status (Duration: 0.8460).	[MsgId: MMSG-16873]
Ending action Save_JS_File.	[MsgId: MMSG-15918]
Ending iteration 703.	[MsgId: MMSG-15965]
Starting iteration 704.	[MsgId: MMSG-15968]
Starting action Save_JS_File.	[MsgId: MMSG-15919]
Save_JS_File.c(4): Notify: Transaction "Save File" started.	[MsgId: MMSG-16999]
Save_JS_File.c(6): web_add_header("X-CSRF-Token") started  	[MsgId: MMSG-26355]
Save_JS_File.c(6): web_add_header("X-CSRF-Token") was successful  	[MsgId: MMSG-26392]
Save_JS_File.c(7): web_custom_request("Save File") started  	[MsgId: MMSG-26355]
Save_JS_File.c(16): web_custom_request("gitapi/status") was successful, 306 body bytes, 231 header bytes, 17 chunking overhead bytes  	[MsgId: MMSG-26385]
Save_JS_File.c(25): web_url("Save File Read data") started  	[MsgId: MMSG-26355]
RunApplicationPreview_WithMock.c(48): web_url("Master.controller.js") was successful, 861 body bytes, 201 header bytes  	[MsgId: MMSG-26386]
RunApplicationPreview_WithMock.c(40): web_url("Master.view.xml") was successful, 563 body bytes, 248 header bytes, 23 chunking overhead bytes  	[MsgId: MMSG-26385]
RunApplicationPreview_WithMock.c(48): web_url("Master.controller.js") started  	[MsgId: MMSG-26355]
RunApplicationPreview_WithMock.c(57): Notify: Transaction "RunPreviewAppWithMock" ended with "Pass" status (Duration: 1.2190).	[MsgId: MMSG-16873]
Ending action RunApplicationPreview_WithMock.	[MsgId: MMSG-15918]
Ending iteration 643.	[MsgId: MMSG-15965]
Starting iteration 644.	[MsgId: MMSG-15968]
Starting action RunApplicationPreview_WithMock.	[MsgId: MMSG-15919]
RunApplicationPreview_WithMock.c(3): Notify: Transaction "RunPreviewAppWithMock" started.	[MsgId: MMSG-16999]
Save_JS_File.c(16): web_custom_request("gitapi/status") was successful, 307 body bytes, 231 header bytes, 17 chunking overhead bytes  	[MsgId: MMSG-26385]
RunApplicationPreview_WithMock.c(6): web_url("mock_preview_sapui5.html") started  	[MsgId: MMSG-26355]
Save_JS_File.c(25): web_url("Save File Read data") started  	[MsgId: MMSG-26355]
RunApplicationPreview_WithMock.c(32): web_url("App.controller.js") was successful, 46 body bytes, 200 header bytes  	[MsgId: MMSG-26386]
RunApplicationPreview_WithMock.c(40): web_url("Master.view.xml") started  	[MsgId: MMSG-26355]
Save_JS_File.c(25): web_url("Save File Read data") was successful, 18 body bytes, 246 header bytes  	[MsgId: MMSG-26386]
Save_JS_File.c(33): Notify: Transaction "Save File" ended with "Pass" status (Duration: 0.9010).	[MsgId: MMSG-16873]
Ending action Save_JS_File.	[MsgId: MMSG-15918]
Ending iteration 745.	[MsgId: MMSG-15965]
Starting iteration 746.	[MsgId: MMSG-15968]
Starting action RunApplicationPreview_WithMock.	[MsgId: MMSG-15919]
RunApplicationPreview_WithMock.c(3): Notify: Transaction "RunPreviewAppWithMock" started.	[MsgId: MMSG-16999]
RunApplicationPreview_WithMock.c(6): web_url("mock_preview_sapui5.html") started  	[MsgId: MMSG-26355]
Save_JS_File.c(25): web_url("Save File Read data") was successful, 17 body bytes, 246 header bytes  	[MsgId: MMSG-26386]
Save_JS_File.c(33): Notify: Transaction "Save File" ended with "Pass" status (Duration: 0.9000).	[MsgId: MMSG-16873]
Ending action Save_JS_File.	[MsgId: MMSG-15918]
Ending iteration 710.	[MsgId: MMSG-15965]
Starting iteration 711.	[MsgId: MMSG-15968]
RunApplicationPreview_WithMock.c(40): web_url("Master.view.xml") was successful, 563 body bytes, 248 header bytes, 23 chunking overhead bytes  	[MsgId: MMSG-26385]
RunApplicationPreview_WithMock.c(48): web_url("Master.controller.js") was successful, 861 body bytes, 201 header bytes  	[MsgId: MMSG-26386]
RunApplicationPreview_WithMock.c(57): Notify: Transaction "RunPreviewAppWithMock" ended with "Pass" status (Duration: 1.2670).	[MsgId: MMSG-16873]
RunApplicationPreview_WithMock.c(48): web_url("Master.controller.js") started  	[MsgId: MMSG-26355]
Starting action RunApplicationPreview_WithMock.	[MsgId: MMSG-15919]
RunApplicationPreview_WithMock.c(3): Notify: Transaction "RunPreviewAppWithMock" started.	[MsgId: MMSG-16999]
RunApplicationPreview_WithMock.c(6): web_url("mock_preview_sapui5.html") started  	[MsgId: MMSG-26355]
Ending action RunApplicationPreview_WithMock.	[MsgId: MMSG-15918]
Ending iteration 739.	[MsgId: MMSG-15965]
Starting iteration 740.	[MsgId: MMSG-15968]
Starting action RunApplicationPreview_WithMock.	[MsgId: MMSG-15919]
RunApplicationPreview_WithMock.c(3): Notify: Transaction "RunPreviewAppWithMock" started.	[MsgId: MMSG-16999]
RunApplicationPreview_WithMock.c(6): web_url("mock_preview_sapui5.html") started  	[MsgId: MMSG-26355]
RunApplicationPreview_WithMock.c(48): web_url("Master.controller.js") was successful, 861 body bytes, 201 header bytes  	[MsgId: MMSG-26386]
RunApplicationPreview_WithMock.c(57): Notify: Transaction "RunPreviewAppWithMock" ended with "Pass" status (Duration: 1.1820).	[MsgId: MMSG-16873]
Ending action RunApplicationPreview_WithMock.	[MsgId: MMSG-15918]
Ending iteration 728.	[MsgId: MMSG-15965]
Starting iteration 729.	[MsgId: MMSG-15968]
RunApplicationPreview_WithMock.c(6): web_url("mock_preview_sapui5.html") was successful, 853 body bytes, 281 header bytes, 24 chunking overhead bytes  	[MsgId: MMSG-26385]
RunApplicationPreview_WithMock.c(6): web_url("mock_preview_sapui5.html") was successful, 853 body bytes, 281 header bytes, 24 chunking overhead bytes  	[MsgId: MMSG-26385]
Starting action Save_JS_File.	[MsgId: MMSG-15919]
RunApplicationPreview_WithMock.c(16): web_url("Component.js") started  	[MsgId: MMSG-26355]
RunApplicationPreview_WithMock.c(16): web_url("Component.js") started  	[MsgId: MMSG-26355]
Save_JS_File.c(4): Notify: Transaction "Save File" started.	[MsgId: MMSG-16999]
Save_JS_File.c(6): web_add_header("X-CSRF-Token") started  	[MsgId: MMSG-26355]
Save_JS_File.c(6): web_add_header("X-CSRF-Token") was successful  	[MsgId: MMSG-26392]
Save_JS_File.c(7): web_custom_request("Save File") started  	[MsgId: MMSG-26355]
RunApplicationPreview_WithMock.c(16): web_url("Component.js") was successful, 1547 body bytes, 255 header bytes, 36 chunking overhead bytes  	[MsgId: MMSG-26385]
RunApplicationPreview_WithMock.c(24): web_url("App.view.xml") started  	[MsgId: MMSG-26355]
Save_JS_File.c(7): web_custom_request("Save File") was successful, 0 body bytes, 200 header bytes  	[MsgId: MMSG-26386]
Save_JS_File.c(16): web_custom_request("gitapi/status") started  	[MsgId: MMSG-26355]
RunApplicationPreview_WithMock.c(16): web_url("Component.js") was successful, 1547 body bytes, 255 header bytes, 36 chunking overhead bytes  	[MsgId: MMSG-26385]
RunApplicationPreview_WithMock.c(24): web_url("App.view.xml") started  	[MsgId: MMSG-26355]
Save_JS_File.c(7): web_custom_request("Save File") was successful, 0 body bytes, 200 header bytes  	[MsgId: MMSG-26386]
Save_JS_File.c(16): web_custom_request("gitapi/status") started  	[MsgId: MMSG-26355]
RunApplicationPreview_WithMock.c(24): web_url("App.view.xml") was successful, 398 body bytes, 194 header bytes  	[MsgId: MMSG-26386]
RunApplicationPreview_WithMock.c(32): web_url("App.controller.js") started  	[MsgId: MMSG-26355]
RunApplicationPreview_WithMock.c(24): web_url("App.view.xml") was successful, 398 body bytes, 194 header bytes  	[MsgId: MMSG-26386]
RunApplicationPreview_WithMock.c(32): web_url("App.controller.js") started  	[MsgId: MMSG-26355]
RunApplicationPreview_WithMock.c(6): web_url("mock_preview_sapui5.html") was successful, 853 body bytes, 281 header bytes, 24 chunking overhead bytes  	[MsgId: MMSG-26385]
RunApplicationPreview_WithMock.c(16): web_url("Component.js") started  	[MsgId: MMSG-26355]
Save_JS_File.c(16): web_custom_request("gitapi/status") was successful, 306 body bytes, 231 header bytes, 17 chunking overhead bytes  	[MsgId: MMSG-26385]
Save_JS_File.c(25): web_url("Save File Read data") started  	[MsgId: MMSG-26355]
RunApplicationPreview_WithMock.c(32): web_url("App.controller.js") was successful, 46 body bytes, 200 header bytes  	[MsgId: MMSG-26386]
RunApplicationPreview_WithMock.c(40): web_url("Master.view.xml") started  	[MsgId: MMSG-26355]
RunApplicationPreview_WithMock.c(32): web_url("App.controller.js") was successful, 46 body bytes, 200 header bytes  	[MsgId: MMSG-26386]
RunApplicationPreview_WithMock.c(40): web_url("Master.view.xml") started  	[MsgId: MMSG-26355]
RunApplicationPreview_WithMock.c(6): web_url("mock_preview_sapui5.html") was successful, 853 body bytes, 281 header bytes, 24 chunking overhead bytes  	[MsgId: MMSG-26385]
RunApplicationPreview_WithMock.c(16): web_url("Component.js") started  	[MsgId: MMSG-26355]
RunApplicationPreview_WithMock.c(16): web_url("Component.js") was successful, 1547 body bytes, 255 header bytes, 36 chunking overhead bytes  	[MsgId: MMSG-26385]
RunApplicationPreview_WithMock.c(24): web_url("App.view.xml") started  	[MsgId: MMSG-26355]
Save_JS_File.c(16): web_custom_request("gitapi/status") was successful, 306 body bytes, 231 header bytes, 17 chunking overhead bytes  	[MsgId: MMSG-26385]
Save_JS_File.c(25): web_url("Save File Read data") started  	[MsgId: MMSG-26355]
RunApplicationPreview_WithMock.c(6): web_url("mock_preview_sapui5.html") was successful, 853 body bytes, 281 header bytes, 24 chunking overhead bytes  	[MsgId: MMSG-26385]
RunApplicationPreview_WithMock.c(16): web_url("Component.js") started  	[MsgId: MMSG-26355]
RunApplicationPreview_WithMock.c(6): web_url("mock_preview_sapui5.html") was successful, 853 body bytes, 281 header bytes, 24 chunking overhead bytes  	[MsgId: MMSG-26385]
RunApplicationPreview_WithMock.c(16): web_url("Component.js") started  	[MsgId: MMSG-26355]
Save_JS_File.c(25): web_url("Save File Read data") was successful, 17 body bytes, 246 header bytes  	[MsgId: MMSG-26386]
Save_JS_File.c(33): Notify: Transaction "Save File" ended with "Pass" status (Duration: 0.8130).	[MsgId: MMSG-16873]
Ending action Save_JS_File.	[MsgId: MMSG-15918]
Ending iteration 683.	[MsgId: MMSG-15965]
Starting iteration 684.	[MsgId: MMSG-15968]
Starting action Save_JS_File.	[MsgId: MMSG-15919]
Save_JS_File.c(4): Notify: Transaction "Save File" started.	[MsgId: MMSG-16999]
Save_JS_File.c(6): web_add_header("X-CSRF-Token") started  	[MsgId: MMSG-26355]
Save_JS_File.c(6): web_add_header("X-CSRF-Token") was successful  	[MsgId: MMSG-26392]
Save_JS_File.c(7): web_custom_request("Save File") started  	[MsgId: MMSG-26355]
RunApplicationPreview_WithMock.c(40): web_url("Master.view.xml") was successful, 563 body bytes, 248 header bytes, 23 chunking overhead bytes  	[MsgId: MMSG-26385]
RunApplicationPreview_WithMock.c(48): web_url("Master.controller.js") started  	[MsgId: MMSG-26355]
RunApplicationPreview_WithMock.c(40): web_url("Master.view.xml") was successful, 563 body bytes, 248 header bytes, 23 chunking overhead bytes  	[MsgId: MMSG-26385]
RunApplicationPreview_WithMock.c(48): web_url("Master.controller.js") started  	[MsgId: MMSG-26355]
RunApplicationPreview_WithMock.c(24): web_url("App.view.xml") was successful, 398 body bytes, 194 header bytes  	[MsgId: MMSG-26386]
RunApplicationPreview_WithMock.c(32): web_url("App.controller.js") started  	[MsgId: MMSG-26355]
RunApplicationPreview_WithMock.c(16): web_url("Component.js") was successful, 1547 body bytes, 255 header bytes, 36 chunking overhead bytes  	[MsgId: MMSG-26385]
RunApplicationPreview_WithMock.c(24): web_url("App.view.xml") started  	[MsgId: MMSG-26355]
Save_JS_File.c(25): web_url("Save File Read data") was successful, 18 body bytes, 246 header bytes  	[MsgId: MMSG-26386]
Save_JS_File.c(33): Notify: Transaction "Save File" ended with "Pass" status (Duration: 0.8570).	[MsgId: MMSG-16873]
Ending action Save_JS_File.	[MsgId: MMSG-15918]
Ending iteration 704.	[MsgId: MMSG-15965]
Starting iteration 705.	[MsgId: MMSG-15968]
Starting action RunApplicationPreview_WithMock.	[MsgId: MMSG-15919]
RunApplicationPreview_WithMock.c(3): Notify: Transaction "RunPreviewAppWithMock" started.	[MsgId: MMSG-16999]
RunApplicationPreview_WithMock.c(6): web_url("mock_preview_sapui5.html") started  	[MsgId: MMSG-26355]
RunApplicationPreview_WithMock.c(16): web_url("Component.js") was successful, 1547 body bytes, 255 header bytes, 36 chunking overhead bytes  	[MsgId: MMSG-26385]
RunApplicationPreview_WithMock.c(24): web_url("App.view.xml") started  	[MsgId: MMSG-26355]
RunApplicationPreview_WithMock.c(16): web_url("Component.js") was successful, 1547 body bytes, 255 header bytes, 36 chunking overhead bytes  	[MsgId: MMSG-26385]
RunApplicationPreview_WithMock.c(24): web_url("App.view.xml") started  	[MsgId: MMSG-26355]
RunApplicationPreview_WithMock.c(48): web_url("Master.controller.js") was successful, 861 body bytes, 201 header bytes  	[MsgId: MMSG-26386]
RunApplicationPreview_WithMock.c(57): Notify: Transaction "RunPreviewAppWithMock" ended with "Pass" status (Duration: 1.0900).	[MsgId: MMSG-16873]
Ending action RunApplicationPreview_WithMock.	[MsgId: MMSG-15918]
Ending iteration 684.	[MsgId: MMSG-15965]
Starting iteration 685.	[MsgId: MMSG-15968]
Starting action RunApplicationPreview_WithMock.	[MsgId: MMSG-15919]
RunApplicationPreview_WithMock.c(3): Notify: Transaction "RunPreviewAppWithMock" started.	[MsgId: MMSG-16999]
RunApplicationPreview_WithMock.c(6): web_url("mock_preview_sapui5.html") started  	[MsgId: MMSG-26355]
RunApplicationPreview_WithMock.c(48): web_url("Master.controller.js") was successful, 861 body bytes, 201 header bytes  	[MsgId: MMSG-26386]
RunApplicationPreview_WithMock.c(57): Notify: Transaction "RunPreviewAppWithMock" ended with "Pass" status (Duration: 1.1140).	[MsgId: MMSG-16873]
Ending action RunApplicationPreview_WithMock.	[MsgId: MMSG-15918]
Ending Vuser...	[MsgId: MMSG-15966]
Starting action vuser_end.	[MsgId: MMSG-15919]
Ending action vuser_end.	[MsgId: MMSG-15918]
Vuser Terminated.	[MsgId: MMSG-15963]
RunApplicationPreview_WithMock.c(32): web_url("App.controller.js") was successful, 46 body bytes, 200 header bytes  	[MsgId: MMSG-26386]
RunApplicationPreview_WithMock.c(40): web_url("Master.view.xml") started  	[MsgId: MMSG-26355]
RunApplicationPreview_WithMock.c(24): web_url("App.view.xml") was successful, 398 body bytes, 194 header bytes  	[MsgId: MMSG-26386]
RunApplicationPreview_WithMock.c(32): web_url("App.controller.js") started  	[MsgId: MMSG-26355]
RunApplicationPreview_WithMock.c(24): web_url("App.view.xml") was successful, 398 body bytes, 194 header bytes  	[MsgId: MMSG-26386]
RunApplicationPreview_WithMock.c(32): web_url("App.controller.js") started  	[MsgId: MMSG-26355]
Save_JS_File.c(7): web_custom_request("Save File") was successful, 0 body bytes, 200 header bytes  	[MsgId: MMSG-26386]
Save_JS_File.c(16): web_custom_request("gitapi/status") started  	[MsgId: MMSG-26355]
RunApplicationPreview_WithMock.c(24): web_url("App.view.xml") was successful, 398 body bytes, 194 header bytes  	[MsgId: MMSG-26386]
RunApplicationPreview_WithMock.c(32): web_url("App.controller.js") started  	[MsgId: MMSG-26355]
RunApplicationPreview_WithMock.c(32): web_url("App.controller.js") was successful, 46 body bytes, 200 header bytes  	[MsgId: MMSG-26386]
RunApplicationPreview_WithMock.c(40): web_url("Master.view.xml") was successful, 563 body bytes, 248 header bytes, 23 chunking overhead bytes  	[MsgId: MMSG-26385]
RunApplicationPreview_WithMock.c(40): web_url("Master.view.xml") started  	[MsgId: MMSG-26355]
RunApplicationPreview_WithMock.c(48): web_url("Master.controller.js") started  	[MsgId: MMSG-26355]
RunApplicationPreview_WithMock.c(32): web_url("App.controller.js") was successful, 46 body bytes, 200 header bytes  	[MsgId: MMSG-26386]
RunApplicationPreview_WithMock.c(40): web_url("Master.view.xml") started  	[MsgId: MMSG-26355]
RunApplicationPreview_WithMock.c(32): web_url("App.controller.js") was successful, 46 body bytes, 200 header bytes  	[MsgId: MMSG-26386]
RunApplicationPreview_WithMock.c(40): web_url("Master.view.xml") started  	[MsgId: MMSG-26355]
Save_JS_File.c(16): web_custom_request("gitapi/status") was successful, 307 body bytes, 231 header bytes, 17 chunking overhead bytes  	[MsgId: MMSG-26385]
Save_JS_File.c(25): web_url("Save File Read data") started  	[MsgId: MMSG-26355]
RunApplicationPreview_WithMock.c(48): web_url("Master.controller.js") was successful, 861 body bytes, 201 header bytes  	[MsgId: MMSG-26386]
RunApplicationPreview_WithMock.c(57): Notify: Transaction "RunPreviewAppWithMock" ended with "Pass" status (Duration: 1.1230).	[MsgId: MMSG-16873]
Ending action RunApplicationPreview_WithMock.	[MsgId: MMSG-15918]
Ending iteration 644.	[MsgId: MMSG-15965]
Starting iteration 645.	[MsgId: MMSG-15968]
Starting action RunApplicationPreview_WithMock.	[MsgId: MMSG-15919]
RunApplicationPreview_WithMock.c(3): Notify: Transaction "RunPreviewAppWithMock" started.	[MsgId: MMSG-16999]
RunApplicationPreview_WithMock.c(6): web_url("mock_preview_sapui5.html") started  	[MsgId: MMSG-26355]
RunApplicationPreview_WithMock.c(40): web_url("Master.view.xml") was successful, 563 body bytes, 248 header bytes, 23 chunking overhead bytes  	[MsgId: MMSG-26385]
RunApplicationPreview_WithMock.c(48): web_url("Master.controller.js") started  	[MsgId: MMSG-26355]
RunApplicationPreview_WithMock.c(40): web_url("Master.view.xml") was successful, 563 body bytes, 248 header bytes, 23 chunking overhead bytes  	[MsgId: MMSG-26385]
RunApplicationPreview_WithMock.c(48): web_url("Master.controller.js") started  	[MsgId: MMSG-26355]
RunApplicationPreview_WithMock.c(40): web_url("Master.view.xml") was successful, 563 body bytes, 248 header bytes, 23 chunking overhead bytes  	[MsgId: MMSG-26385]
RunApplicationPreview_WithMock.c(48): web_url("Master.controller.js") started  	[MsgId: MMSG-26355]
Save_JS_File.c(25): web_url("Save File Read data") was successful, 18 body bytes, 246 header bytes  	[MsgId: MMSG-26386]
Save_JS_File.c(33): Notify: Transaction "Save File" ended with "Pass" status (Duration: 0.8270).	[MsgId: MMSG-16873]
Ending action Save_JS_File.	[MsgId: MMSG-15918]
Ending iteration 729.	[MsgId: MMSG-15965]
Starting iteration 730.	[MsgId: MMSG-15968]
Starting action RunApplicationPreview_WithMock.	[MsgId: MMSG-15919]
RunApplicationPreview_WithMock.c(3): Notify: Transaction "RunPreviewAppWithMock" started.	[MsgId: MMSG-16999]
RunApplicationPreview_WithMock.c(6): web_url("mock_preview_sapui5.html") started  	[MsgId: MMSG-26355]
RunApplicationPreview_WithMock.c(48): web_url("Master.controller.js") was successful, 861 body bytes, 201 header bytes  	[MsgId: MMSG-26386]
RunApplicationPreview_WithMock.c(48): web_url("Master.controller.js") was successful, 861 body bytes, 201 header bytes  	[MsgId: MMSG-26386]
RunApplicationPreview_WithMock.c(57): Notify: Transaction "RunPreviewAppWithMock" ended with "Pass" status (Duration: 1.0900).	[MsgId: MMSG-16873]
RunApplicationPreview_WithMock.c(48): web_url("Master.controller.js") was successful, 861 body bytes, 201 header bytes  	[MsgId: MMSG-26386]
RunApplicationPreview_WithMock.c(57): Notify: Transaction "RunPreviewAppWithMock" ended with "Pass" status (Duration: 1.1040).	[MsgId: MMSG-16873]
Ending action RunApplicationPreview_WithMock.	[MsgId: MMSG-15918]
RunApplicationPreview_WithMock.c(57): Notify: Transaction "RunPreviewAppWithMock" ended with "Pass" status (Duration: 1.0830).	[MsgId: MMSG-16873]
Ending action RunApplicationPreview_WithMock.	[MsgId: MMSG-15918]
Ending iteration 746.	[MsgId: MMSG-15965]
Ending action RunApplicationPreview_WithMock.	[MsgId: MMSG-15918]
Ending iteration 740.	[MsgId: MMSG-15965]
Starting iteration 747.	[MsgId: MMSG-15968]
Ending iteration 711.	[MsgId: MMSG-15965]
Starting iteration 712.	[MsgId: MMSG-15968]
Starting iteration 741.	[MsgId: MMSG-15968]
Starting action RunApplicationPreview_WithMock.	[MsgId: MMSG-15919]
Starting action Save_JS_File.	[MsgId: MMSG-15919]
Starting action RunApplicationPreview_WithMock.	[MsgId: MMSG-15919]
RunApplicationPreview_WithMock.c(3): Notify: Transaction "RunPreviewAppWithMock" started.	[MsgId: MMSG-16999]
Save_JS_File.c(4): Notify: Transaction "Save File" started.	[MsgId: MMSG-16999]
RunApplicationPreview_WithMock.c(3): Notify: Transaction "RunPreviewAppWithMock" started.	[MsgId: MMSG-16999]
RunApplicationPreview_WithMock.c(6): web_url("mock_preview_sapui5.html") started  	[MsgId: MMSG-26355]
Save_JS_File.c(6): web_add_header("X-CSRF-Token") started  	[MsgId: MMSG-26355]
RunApplicationPreview_WithMock.c(6): web_url("mock_preview_sapui5.html") started  	[MsgId: MMSG-26355]
Save_JS_File.c(6): web_add_header("X-CSRF-Token") was successful  	[MsgId: MMSG-26392]
Save_JS_File.c(7): web_custom_request("Save File") started  	[MsgId: MMSG-26355]
Save_JS_File.c(7): web_custom_request("Save File") was successful, 0 body bytes, 200 header bytes  	[MsgId: MMSG-26386]
Save_JS_File.c(16): web_custom_request("gitapi/status") started  	[MsgId: MMSG-26355]
RunApplicationPreview_WithMock.c(6): web_url("mock_preview_sapui5.html") was successful, 853 body bytes, 281 header bytes, 24 chunking overhead bytes  	[MsgId: MMSG-26385]
RunApplicationPreview_WithMock.c(16): web_url("Component.js") started  	[MsgId: MMSG-26355]
RunApplicationPreview_WithMock.c(6): web_url("mock_preview_sapui5.html") was successful, 853 body bytes, 281 header bytes, 24 chunking overhead bytes  	[MsgId: MMSG-26385]
RunApplicationPreview_WithMock.c(16): web_url("Component.js") started  	[MsgId: MMSG-26355]
Save_JS_File.c(16): web_custom_request("gitapi/status") was successful, 306 body bytes, 231 header bytes, 17 chunking overhead bytes  	[MsgId: MMSG-26385]
Save_JS_File.c(25): web_url("Save File Read data") started  	[MsgId: MMSG-26355]
RunApplicationPreview_WithMock.c(16): web_url("Component.js") was successful, 1547 body bytes, 255 header bytes, 36 chunking overhead bytes  	[MsgId: MMSG-26385]
RunApplicationPreview_WithMock.c(24): web_url("App.view.xml") started  	[MsgId: MMSG-26355]
RunApplicationPreview_WithMock.c(16): web_url("Component.js") was successful, 1547 body bytes, 255 header bytes, 36 chunking overhead bytes  	[MsgId: MMSG-26385]
RunApplicationPreview_WithMock.c(24): web_url("App.view.xml") was successful, 398 body bytes, 194 header bytes  	[MsgId: MMSG-26386]
RunApplicationPreview_WithMock.c(32): web_url("App.controller.js") started  	[MsgId: MMSG-26355]
RunApplicationPreview_WithMock.c(24): web_url("App.view.xml") started  	[MsgId: MMSG-26355]
Save_JS_File.c(25): web_url("Save File Read data") was successful, 18 body bytes, 246 header bytes  	[MsgId: MMSG-26386]
Save_JS_File.c(33): Notify: Transaction "Save File" ended with "Pass" status (Duration: 0.9070).	[MsgId: MMSG-16873]
Ending action Save_JS_File.	[MsgId: MMSG-15918]
Ending iteration 684.	[MsgId: MMSG-15965]
Starting iteration 685.	[MsgId: MMSG-15968]
Starting action RunApplicationPreview_WithMock.	[MsgId: MMSG-15919]
RunApplicationPreview_WithMock.c(3): Notify: Transaction "RunPreviewAppWithMock" started.	[MsgId: MMSG-16999]
RunApplicationPreview_WithMock.c(6): web_url("mock_preview_sapui5.html") started  	[MsgId: MMSG-26355]
RunApplicationPreview_WithMock.c(6): web_url("mock_preview_sapui5.html") was successful, 853 body bytes, 281 header bytes, 24 chunking overhead bytes  	[MsgId: MMSG-26385]
RunApplicationPreview_WithMock.c(16): web_url("Component.js") started  	[MsgId: MMSG-26355]
RunApplicationPreview_WithMock.c(32): web_url("App.controller.js") was successful, 46 body bytes, 200 header bytes  	[MsgId: MMSG-26386]
RunApplicationPreview_WithMock.c(40): web_url("Master.view.xml") started  	[MsgId: MMSG-26355]
RunApplicationPreview_WithMock.c(24): web_url("App.view.xml") was successful, 398 body bytes, 194 header bytes  	[MsgId: MMSG-26386]
RunApplicationPreview_WithMock.c(32): web_url("App.controller.js") started  	[MsgId: MMSG-26355]
RunApplicationPreview_WithMock.c(6): web_url("mock_preview_sapui5.html") was successful, 853 body bytes, 281 header bytes, 24 chunking overhead bytes  	[MsgId: MMSG-26385]
RunApplicationPreview_WithMock.c(16): web_url("Component.js") started  	[MsgId: MMSG-26355]
RunApplicationPreview_WithMock.c(16): web_url("Component.js") was successful, 1547 body bytes, 255 header bytes, 36 chunking overhead bytes  	[MsgId: MMSG-26385]
RunApplicationPreview_WithMock.c(24): web_url("App.view.xml") started  	[MsgId: MMSG-26355]
RunApplicationPreview_WithMock.c(6): web_url("mock_preview_sapui5.html") was successful, 853 body bytes, 281 header bytes, 24 chunking overhead bytes  	[MsgId: MMSG-26385]
RunApplicationPreview_WithMock.c(16): web_url("Component.js") started  	[MsgId: MMSG-26355]
Save_JS_File.c(7): web_custom_request("Save File") was successful, 0 body bytes, 200 header bytes  	[MsgId: MMSG-26386]
Save_JS_File.c(16): web_custom_request("gitapi/status") started  	[MsgId: MMSG-26355]
RunApplicationPreview_WithMock.c(40): web_url("Master.view.xml") was successful, 563 body bytes, 248 header bytes, 23 chunking overhead bytes  	[MsgId: MMSG-26385]
RunApplicationPreview_WithMock.c(48): web_url("Master.controller.js") started  	[MsgId: MMSG-26355]
RunApplicationPreview_WithMock.c(6): web_url("mock_preview_sapui5.html") was successful, 853 body bytes, 281 header bytes, 24 chunking overhead bytes  	[MsgId: MMSG-26385]
RunApplicationPreview_WithMock.c(16): web_url("Component.js") started  	[MsgId: MMSG-26355]
RunApplicationPreview_WithMock.c(32): web_url("App.controller.js") was successful, 46 body bytes, 200 header bytes  	[MsgId: MMSG-26386]
RunApplicationPreview_WithMock.c(40): web_url("Master.view.xml") started  	[MsgId: MMSG-26355]
RunApplicationPreview_WithMock.c(16): web_url("Component.js") was successful, 1547 body bytes, 255 header bytes, 36 chunking overhead bytes  	[MsgId: MMSG-26385]
RunApplicationPreview_WithMock.c(24): web_url("App.view.xml") started  	[MsgId: MMSG-26355]
RunApplicationPreview_WithMock.c(24): web_url("App.view.xml") was successful, 398 body bytes, 194 header bytes  	[MsgId: MMSG-26386]
RunApplicationPreview_WithMock.c(32): web_url("App.controller.js") started  	[MsgId: MMSG-26355]
RunApplicationPreview_WithMock.c(16): web_url("Component.js") was successful, 1547 body bytes, 255 header bytes, 36 chunking overhead bytes  	[MsgId: MMSG-26385]
RunApplicationPreview_WithMock.c(24): web_url("App.view.xml") started  	[MsgId: MMSG-26355]
RunApplicationPreview_WithMock.c(48): web_url("Master.controller.js") was successful, 861 body bytes, 201 header bytes  	[MsgId: MMSG-26386]
RunApplicationPreview_WithMock.c(57): Notify: Transaction "RunPreviewAppWithMock" ended with "Pass" status (Duration: 1.1320).	[MsgId: MMSG-16873]
Ending action RunApplicationPreview_WithMock.	[MsgId: MMSG-15918]
RunApplicationPreview_WithMock.c(16): web_url("Component.js") was successful, 1547 body bytes, 255 header bytes, 36 chunking overhead bytes  	[MsgId: MMSG-26385]
RunApplicationPreview_WithMock.c(24): web_url("App.view.xml") started  	[MsgId: MMSG-26355]
RunApplicationPreview_WithMock.c(40): web_url("Master.view.xml") was successful, 563 body bytes, 248 header bytes, 23 chunking overhead bytes  	[MsgId: MMSG-26385]
Ending Vuser...	[MsgId: MMSG-15966]
RunApplicationPreview_WithMock.c(48): web_url("Master.controller.js") started  	[MsgId: MMSG-26355]
Starting action vuser_end.	[MsgId: MMSG-15919]
Ending action vuser_end.	[MsgId: MMSG-15918]
Vuser Terminated.	[MsgId: MMSG-15963]
RunApplicationPreview_WithMock.c(24): web_url("App.view.xml") was successful, 398 body bytes, 194 header bytes  	[MsgId: MMSG-26386]
RunApplicationPreview_WithMock.c(32): web_url("App.controller.js") started  	[MsgId: MMSG-26355]
Save_JS_File.c(16): web_custom_request("gitapi/status") was successful, 306 body bytes, 231 header bytes, 17 chunking overhead bytes  	[MsgId: MMSG-26385]
Save_JS_File.c(25): web_url("Save File Read data") started  	[MsgId: MMSG-26355]
RunApplicationPreview_WithMock.c(32): web_url("App.controller.js") was successful, 46 body bytes, 200 header bytes  	[MsgId: MMSG-26386]
RunApplicationPreview_WithMock.c(40): web_url("Master.view.xml") started  	[MsgId: MMSG-26355]
RunApplicationPreview_WithMock.c(24): web_url("App.view.xml") was successful, 398 body bytes, 194 header bytes  	[MsgId: MMSG-26386]
RunApplicationPreview_WithMock.c(32): web_url("App.controller.js") started  	[MsgId: MMSG-26355]
RunApplicationPreview_WithMock.c(24): web_url("App.view.xml") was successful, 398 body bytes, 194 header bytes  	[MsgId: MMSG-26386]
RunApplicationPreview_WithMock.c(48): web_url("Master.controller.js") was successful, 861 body bytes, 201 header bytes  	[MsgId: MMSG-26386]
RunApplicationPreview_WithMock.c(32): web_url("App.controller.js") started  	[MsgId: MMSG-26355]
RunApplicationPreview_WithMock.c(57): Notify: Transaction "RunPreviewAppWithMock" ended with "Pass" status (Duration: 1.1800).	[MsgId: MMSG-16873]
Ending action RunApplicationPreview_WithMock.	[MsgId: MMSG-15918]
Ending iteration 685.	[MsgId: MMSG-15965]
Starting iteration 686.	[MsgId: MMSG-15968]
Starting action RunApplicationPreview_WithMock.	[MsgId: MMSG-15919]
RunApplicationPreview_WithMock.c(3): Notify: Transaction "RunPreviewAppWithMock" started.	[MsgId: MMSG-16999]
RunApplicationPreview_WithMock.c(6): web_url("mock_preview_sapui5.html") started  	[MsgId: MMSG-26355]
RunApplicationPreview_WithMock.c(32): web_url("App.controller.js") was successful, 46 body bytes, 200 header bytes  	[MsgId: MMSG-26386]
RunApplicationPreview_WithMock.c(40): web_url("Master.view.xml") started  	[MsgId: MMSG-26355]
Save_JS_File.c(25): web_url("Save File Read data") was successful, 18 body bytes, 246 header bytes  	[MsgId: MMSG-26386]
RunApplicationPreview_WithMock.c(40): web_url("Master.view.xml") was successful, 563 body bytes, 248 header bytes, 23 chunking overhead bytes  	[MsgId: MMSG-26385]
Save_JS_File.c(33): Notify: Transaction "Save File" ended with "Pass" status (Duration: 0.8620).	[MsgId: MMSG-16873]
RunApplicationPreview_WithMock.c(48): web_url("Master.controller.js") started  	[MsgId: MMSG-26355]
Ending action Save_JS_File.	[MsgId: MMSG-15918]
Ending iteration 747.	[MsgId: MMSG-15965]
Starting iteration 748.	[MsgId: MMSG-15968]
RunApplicationPreview_WithMock.c(32): web_url("App.controller.js") was successful, 46 body bytes, 200 header bytes  	[MsgId: MMSG-26386]
Starting action RunApplicationPreview_WithMock.	[MsgId: MMSG-15919]
RunApplicationPreview_WithMock.c(3): Notify: Transaction "RunPreviewAppWithMock" started.	[MsgId: MMSG-16999]
RunApplicationPreview_WithMock.c(40): web_url("Master.view.xml") started  	[MsgId: MMSG-26355]
RunApplicationPreview_WithMock.c(6): web_url("mock_preview_sapui5.html") started  	[MsgId: MMSG-26355]
RunApplicationPreview_WithMock.c(32): web_url("App.controller.js") was successful, 46 body bytes, 200 header bytes  	[MsgId: MMSG-26386]
RunApplicationPreview_WithMock.c(40): web_url("Master.view.xml") started  	[MsgId: MMSG-26355]
RunApplicationPreview_WithMock.c(40): web_url("Master.view.xml") was successful, 563 body bytes, 248 header bytes, 23 chunking overhead bytes  	[MsgId: MMSG-26385]
RunApplicationPreview_WithMock.c(48): web_url("Master.controller.js") started  	[MsgId: MMSG-26355]
RunApplicationPreview_WithMock.c(48): web_url("Master.controller.js") was successful, 861 body bytes, 201 header bytes  	[MsgId: MMSG-26386]
RunApplicationPreview_WithMock.c(57): Notify: Transaction "RunPreviewAppWithMock" ended with "Pass" status (Duration: 1.0980).	[MsgId: MMSG-16873]
RunApplicationPreview_WithMock.c(40): web_url("Master.view.xml") was successful, 563 body bytes, 248 header bytes, 23 chunking overhead bytes  	[MsgId: MMSG-26385]
RunApplicationPreview_WithMock.c(6): web_url("mock_preview_sapui5.html") was successful, 853 body bytes, 281 header bytes, 24 chunking overhead bytes  	[MsgId: MMSG-26385]
RunApplicationPreview_WithMock.c(48): web_url("Master.controller.js") started  	[MsgId: MMSG-26355]
RunApplicationPreview_WithMock.c(16): web_url("Component.js") started  	[MsgId: MMSG-26355]
Ending action RunApplicationPreview_WithMock.	[MsgId: MMSG-15918]
Ending iteration 645.	[MsgId: MMSG-15965]
Starting iteration 646.	[MsgId: MMSG-15968]
Starting action Save_JS_File.	[MsgId: MMSG-15919]
Save_JS_File.c(4): Notify: Transaction "Save File" started.	[MsgId: MMSG-16999]
Save_JS_File.c(6): web_add_header("X-CSRF-Token") started  	[MsgId: MMSG-26355]
Save_JS_File.c(6): web_add_header("X-CSRF-Token") was successful  	[MsgId: MMSG-26392]
Save_JS_File.c(7): web_custom_request("Save File") started  	[MsgId: MMSG-26355]
RunApplicationPreview_WithMock.c(40): web_url("Master.view.xml") was successful, 563 body bytes, 248 header bytes, 23 chunking overhead bytes  	[MsgId: MMSG-26385]
RunApplicationPreview_WithMock.c(48): web_url("Master.controller.js") started  	[MsgId: MMSG-26355]
RunApplicationPreview_WithMock.c(48): web_url("Master.controller.js") was successful, 861 body bytes, 201 header bytes  	[MsgId: MMSG-26386]
RunApplicationPreview_WithMock.c(57): Notify: Transaction "RunPreviewAppWithMock" ended with "Pass" status (Duration: 1.0840).	[MsgId: MMSG-16873]
Ending action RunApplicationPreview_WithMock.	[MsgId: MMSG-15918]
Ending iteration 730.	[MsgId: MMSG-15965]
Starting iteration 731.	[MsgId: MMSG-15968]
Starting action Save_JS_File.	[MsgId: MMSG-15919]
Save_JS_File.c(4): Notify: Transaction "Save File" started.	[MsgId: MMSG-16999]
Save_JS_File.c(6): web_add_header("X-CSRF-Token") started  	[MsgId: MMSG-26355]
Save_JS_File.c(6): web_add_header("X-CSRF-Token") was successful  	[MsgId: MMSG-26392]
Save_JS_File.c(7): web_custom_request("Save File") started  	[MsgId: MMSG-26355]
RunApplicationPreview_WithMock.c(48): web_url("Master.controller.js") was successful, 861 body bytes, 201 header bytes  	[MsgId: MMSG-26386]
RunApplicationPreview_WithMock.c(16): web_url("Component.js") was successful, 1547 body bytes, 255 header bytes, 36 chunking overhead bytes  	[MsgId: MMSG-26385]
RunApplicationPreview_WithMock.c(57): Notify: Transaction "RunPreviewAppWithMock" ended with "Pass" status (Duration: 1.0910).	[MsgId: MMSG-16873]
RunApplicationPreview_WithMock.c(24): web_url("App.view.xml") started  	[MsgId: MMSG-26355]
Ending action RunApplicationPreview_WithMock.	[MsgId: MMSG-15918]
Ending iteration 741.	[MsgId: MMSG-15965]
Starting iteration 742.	[MsgId: MMSG-15968]
Starting action RunApplicationPreview_WithMock.	[MsgId: MMSG-15919]
RunApplicationPreview_WithMock.c(3): Notify: Transaction "RunPreviewAppWithMock" started.	[MsgId: MMSG-16999]
RunApplicationPreview_WithMock.c(6): web_url("mock_preview_sapui5.html") started  	[MsgId: MMSG-26355]
RunApplicationPreview_WithMock.c(48): web_url("Master.controller.js") was successful, 861 body bytes, 201 header bytes  	[MsgId: MMSG-26386]
RunApplicationPreview_WithMock.c(57): Notify: Transaction "RunPreviewAppWithMock" ended with "Pass" status (Duration: 1.1510).	[MsgId: MMSG-16873]
Ending action RunApplicationPreview_WithMock.	[MsgId: MMSG-15918]
Ending Vuser...	[MsgId: MMSG-15966]
Starting action vuser_end.	[MsgId: MMSG-15919]
Ending action vuser_end.	[MsgId: MMSG-15918]
Vuser Terminated.	[MsgId: MMSG-15963]
RunApplicationPreview_WithMock.c(24): web_url("App.view.xml") was successful, 398 body bytes, 194 header bytes  	[MsgId: MMSG-26386]
RunApplicationPreview_WithMock.c(32): web_url("App.controller.js") started  	[MsgId: MMSG-26355]
RunApplicationPreview_WithMock.c(32): web_url("App.controller.js") was successful, 46 body bytes, 200 header bytes  	[MsgId: MMSG-26386]
RunApplicationPreview_WithMock.c(40): web_url("Master.view.xml") started  	[MsgId: MMSG-26355]
RunApplicationPreview_WithMock.c(6): web_url("mock_preview_sapui5.html") was successful, 853 body bytes, 281 header bytes, 24 chunking overhead bytes  	[MsgId: MMSG-26385]
RunApplicationPreview_WithMock.c(16): web_url("Component.js") started  	[MsgId: MMSG-26355]
RunApplicationPreview_WithMock.c(6): web_url("mock_preview_sapui5.html") was successful, 853 body bytes, 281 header bytes, 24 chunking overhead bytes  	[MsgId: MMSG-26385]
RunApplicationPreview_WithMock.c(40): web_url("Master.view.xml") was successful, 563 body bytes, 248 header bytes, 23 chunking overhead bytes  	[MsgId: MMSG-26385]
RunApplicationPreview_WithMock.c(16): web_url("Component.js") started  	[MsgId: MMSG-26355]
RunApplicationPreview_WithMock.c(48): web_url("Master.controller.js") started  	[MsgId: MMSG-26355]
RunApplicationPreview_WithMock.c(16): web_url("Component.js") was successful, 1547 body bytes, 255 header bytes, 36 chunking overhead bytes  	[MsgId: MMSG-26385]
RunApplicationPreview_WithMock.c(24): web_url("App.view.xml") started  	[MsgId: MMSG-26355]
RunApplicationPreview_WithMock.c(48): web_url("Master.controller.js") was successful, 861 body bytes, 201 header bytes  	[MsgId: MMSG-26386]
RunApplicationPreview_WithMock.c(57): Notify: Transaction "RunPreviewAppWithMock" ended with "Pass" status (Duration: 1.1000).	[MsgId: MMSG-16873]
RunApplicationPreview_WithMock.c(16): web_url("Component.js") was successful, 1547 body bytes, 255 header bytes, 36 chunking overhead bytes  	[MsgId: MMSG-26385]
Ending action RunApplicationPreview_WithMock.	[MsgId: MMSG-15918]
RunApplicationPreview_WithMock.c(24): web_url("App.view.xml") started  	[MsgId: MMSG-26355]
Ending iteration 685.	[MsgId: MMSG-15965]
Starting iteration 686.	[MsgId: MMSG-15968]
Starting action Save_JS_File.	[MsgId: MMSG-15919]
Save_JS_File.c(4): Notify: Transaction "Save File" started.	[MsgId: MMSG-16999]
Save_JS_File.c(6): web_add_header("X-CSRF-Token") started  	[MsgId: MMSG-26355]
Save_JS_File.c(6): web_add_header("X-CSRF-Token") was successful  	[MsgId: MMSG-26392]
Save_JS_File.c(7): web_custom_request("Save File") started  	[MsgId: MMSG-26355]
Save_JS_File.c(7): web_custom_request("Save File") was successful, 0 body bytes, 200 header bytes  	[MsgId: MMSG-26386]
Save_JS_File.c(16): web_custom_request("gitapi/status") started  	[MsgId: MMSG-26355]
RunApplicationPreview_WithMock.c(24): web_url("App.view.xml") was successful, 398 body bytes, 194 header bytes  	[MsgId: MMSG-26386]
RunApplicationPreview_WithMock.c(32): web_url("App.controller.js") started  	[MsgId: MMSG-26355]
Save_JS_File.c(7): web_custom_request("Save File") was successful, 0 body bytes, 200 header bytes  	[MsgId: MMSG-26386]
Save_JS_File.c(16): web_custom_request("gitapi/status") started  	[MsgId: MMSG-26355]
RunApplicationPreview_WithMock.c(24): web_url("App.view.xml") was successful, 398 body bytes, 194 header bytes  	[MsgId: MMSG-26386]
RunApplicationPreview_WithMock.c(32): web_url("App.controller.js") started  	[MsgId: MMSG-26355]
RunApplicationPreview_WithMock.c(6): web_url("mock_preview_sapui5.html") was successful, 853 body bytes, 281 header bytes, 24 chunking overhead bytes  	[MsgId: MMSG-26385]
RunApplicationPreview_WithMock.c(16): web_url("Component.js") started  	[MsgId: MMSG-26355]
RunApplicationPreview_WithMock.c(32): web_url("App.controller.js") was successful, 46 body bytes, 200 header bytes  	[MsgId: MMSG-26386]
RunApplicationPreview_WithMock.c(40): web_url("Master.view.xml") started  	[MsgId: MMSG-26355]
Save_JS_File.c(16): web_custom_request("gitapi/status") was successful, 307 body bytes, 231 header bytes, 17 chunking overhead bytes  	[MsgId: MMSG-26385]
Save_JS_File.c(25): web_url("Save File Read data") started  	[MsgId: MMSG-26355]
RunApplicationPreview_WithMock.c(32): web_url("App.controller.js") was successful, 46 body bytes, 200 header bytes  	[MsgId: MMSG-26386]
RunApplicationPreview_WithMock.c(40): web_url("Master.view.xml") started  	[MsgId: MMSG-26355]
Save_JS_File.c(16): web_custom_request("gitapi/status") was successful, 306 body bytes, 231 header bytes, 17 chunking overhead bytes  	[MsgId: MMSG-26385]
Save_JS_File.c(25): web_url("Save File Read data") started  	[MsgId: MMSG-26355]
RunApplicationPreview_WithMock.c(16): web_url("Component.js") was successful, 1547 body bytes, 255 header bytes, 36 chunking overhead bytes  	[MsgId: MMSG-26385]
RunApplicationPreview_WithMock.c(24): web_url("App.view.xml") started  	[MsgId: MMSG-26355]
RunApplicationPreview_WithMock.c(40): web_url("Master.view.xml") was successful, 563 body bytes, 248 header bytes, 23 chunking overhead bytes  	[MsgId: MMSG-26385]
RunApplicationPreview_WithMock.c(48): web_url("Master.controller.js") started  	[MsgId: MMSG-26355]
RunApplicationPreview_WithMock.c(40): web_url("Master.view.xml") was successful, 563 body bytes, 248 header bytes, 23 chunking overhead bytes  	[MsgId: MMSG-26385]
RunApplicationPreview_WithMock.c(48): web_url("Master.controller.js") started  	[MsgId: MMSG-26355]
Save_JS_File.c(25): web_url("Save File Read data") was successful, 18 body bytes, 246 header bytes  	[MsgId: MMSG-26386]
Save_JS_File.c(33): Notify: Transaction "Save File" ended with "Pass" status (Duration: 0.8010).	[MsgId: MMSG-16873]
Ending action Save_JS_File.	[MsgId: MMSG-15918]
Ending iteration 731.	[MsgId: MMSG-15965]
Starting iteration 732.	[MsgId: MMSG-15968]
Starting action RunApplicationPreview_WithMock.	[MsgId: MMSG-15919]
RunApplicationPreview_WithMock.c(3): Notify: Transaction "RunPreviewAppWithMock" started.	[MsgId: MMSG-16999]
RunApplicationPreview_WithMock.c(6): web_url("mock_preview_sapui5.html") started  	[MsgId: MMSG-26355]
Save_JS_File.c(25): web_url("Save File Read data") was successful, 18 body bytes, 246 header bytes  	[MsgId: MMSG-26386]
Save_JS_File.c(33): Notify: Transaction "Save File" ended with "Pass" status (Duration: 0.8690).	[MsgId: MMSG-16873]
Ending action Save_JS_File.	[MsgId: MMSG-15918]
Ending iteration 646.	[MsgId: MMSG-15965]
Starting iteration 647.	[MsgId: MMSG-15968]
Starting action Save_JS_File.	[MsgId: MMSG-15919]
Save_JS_File.c(4): Notify: Transaction "Save File" started.	[MsgId: MMSG-16999]
Save_JS_File.c(6): web_add_header("X-CSRF-Token") started  	[MsgId: MMSG-26355]
Save_JS_File.c(6): web_add_header("X-CSRF-Token") was successful  	[MsgId: MMSG-26392]
Save_JS_File.c(7): web_custom_request("Save File") started  	[MsgId: MMSG-26355]
RunApplicationPreview_WithMock.c(24): web_url("App.view.xml") was successful, 398 body bytes, 194 header bytes  	[MsgId: MMSG-26386]
RunApplicationPreview_WithMock.c(32): web_url("App.controller.js") started  	[MsgId: MMSG-26355]
RunApplicationPreview_WithMock.c(48): web_url("Master.controller.js") was successful, 861 body bytes, 201 header bytes  	[MsgId: MMSG-26386]
RunApplicationPreview_WithMock.c(57): Notify: Transaction "RunPreviewAppWithMock" ended with "Pass" status (Duration: 1.0600).	[MsgId: MMSG-16873]
Ending action RunApplicationPreview_WithMock.	[MsgId: MMSG-15918]
Ending iteration 686.	[MsgId: MMSG-15965]
Starting iteration 687.	[MsgId: MMSG-15968]
Starting action RunApplicationPreview_WithMock.	[MsgId: MMSG-15919]
RunApplicationPreview_WithMock.c(3): Notify: Transaction "RunPreviewAppWithMock" started.	[MsgId: MMSG-16999]
RunApplicationPreview_WithMock.c(6): web_url("mock_preview_sapui5.html") started  	[MsgId: MMSG-26355]
RunApplicationPreview_WithMock.c(48): web_url("Master.controller.js") was successful, 861 body bytes, 201 header bytes  	[MsgId: MMSG-26386]
RunApplicationPreview_WithMock.c(57): Notify: Transaction "RunPreviewAppWithMock" ended with "Pass" status (Duration: 1.0600).	[MsgId: MMSG-16873]
Ending action RunApplicationPreview_WithMock.	[MsgId: MMSG-15918]
Ending iteration 748.	[MsgId: MMSG-15965]
Starting iteration 749.	[MsgId: MMSG-15968]
Starting action RunApplicationPreview_WithMock.	[MsgId: MMSG-15919]
RunApplicationPreview_WithMock.c(3): Notify: Transaction "RunPreviewAppWithMock" started.	[MsgId: MMSG-16999]
RunApplicationPreview_WithMock.c(6): web_url("mock_preview_sapui5.html") started  	[MsgId: MMSG-26355]
RunApplicationPreview_WithMock.c(32): web_url("App.controller.js") was successful, 46 body bytes, 200 header bytes  	[MsgId: MMSG-26386]
RunApplicationPreview_WithMock.c(40): web_url("Master.view.xml") started  	[MsgId: MMSG-26355]
RunApplicationPreview_WithMock.c(40): web_url("Master.view.xml") was successful, 563 body bytes, 248 header bytes, 23 chunking overhead bytes  	[MsgId: MMSG-26385]
RunApplicationPreview_WithMock.c(48): web_url("Master.controller.js") started  	[MsgId: MMSG-26355]
Save_JS_File.c(7): web_custom_request("Save File") was successful, 0 body bytes, 200 header bytes  	[MsgId: MMSG-26386]
Save_JS_File.c(16): web_custom_request("gitapi/status") started  	[MsgId: MMSG-26355]
RunApplicationPreview_WithMock.c(48): web_url("Master.controller.js") was successful, 861 body bytes, 201 header bytes  	[MsgId: MMSG-26386]
RunApplicationPreview_WithMock.c(57): Notify: Transaction "RunPreviewAppWithMock" ended with "Pass" status (Duration: 1.0790).	[MsgId: MMSG-16873]
Ending action RunApplicationPreview_WithMock.	[MsgId: MMSG-15918]
Ending iteration 742.	[MsgId: MMSG-15965]
Starting iteration 743.	[MsgId: MMSG-15968]
Starting action Save_JS_File.	[MsgId: MMSG-15919]
Save_JS_File.c(4): Notify: Transaction "Save File" started.	[MsgId: MMSG-16999]
Save_JS_File.c(6): web_add_header("X-CSRF-Token") started  	[MsgId: MMSG-26355]
Save_JS_File.c(6): web_add_header("X-CSRF-Token") was successful  	[MsgId: MMSG-26392]
Save_JS_File.c(7): web_custom_request("Save File") started  	[MsgId: MMSG-26355]
Save_JS_File.c(16): web_custom_request("gitapi/status") was successful, 306 body bytes, 231 header bytes, 17 chunking overhead bytes  	[MsgId: MMSG-26385]
Save_JS_File.c(25): web_url("Save File Read data") started  	[MsgId: MMSG-26355]
Save_JS_File.c(25): web_url("Save File Read data") was successful, 18 body bytes, 246 header bytes  	[MsgId: MMSG-26386]
Save_JS_File.c(33): Notify: Transaction "Save File" ended with "Pass" status (Duration: 0.8280).	[MsgId: MMSG-16873]
Ending action Save_JS_File.	[MsgId: MMSG-15918]
Ending Vuser...	[MsgId: MMSG-15966]
Starting action vuser_end.	[MsgId: MMSG-15919]
Ending action vuser_end.	[MsgId: MMSG-15918]
Vuser Terminated.	[MsgId: MMSG-15963]
RunApplicationPreview_WithMock.c(6): web_url("mock_preview_sapui5.html") was successful, 853 body bytes, 281 header bytes, 24 chunking overhead bytes  	[MsgId: MMSG-26385]
RunApplicationPreview_WithMock.c(16): web_url("Component.js") started  	[MsgId: MMSG-26355]
Save_JS_File.c(7): web_custom_request("Save File") was successful, 0 body bytes, 200 header bytes  	[MsgId: MMSG-26386]
Save_JS_File.c(16): web_custom_request("gitapi/status") started  	[MsgId: MMSG-26355]
RunApplicationPreview_WithMock.c(6): web_url("mock_preview_sapui5.html") was successful, 853 body bytes, 281 header bytes, 24 chunking overhead bytes  	[MsgId: MMSG-26385]
RunApplicationPreview_WithMock.c(16): web_url("Component.js") started  	[MsgId: MMSG-26355]
RunApplicationPreview_WithMock.c(6): web_url("mock_preview_sapui5.html") was successful, 853 body bytes, 281 header bytes, 24 chunking overhead bytes  	[MsgId: MMSG-26385]
RunApplicationPreview_WithMock.c(16): web_url("Component.js") started  	[MsgId: MMSG-26355]
RunApplicationPreview_WithMock.c(16): web_url("Component.js") was successful, 1547 body bytes, 255 header bytes, 36 chunking overhead bytes  	[MsgId: MMSG-26385]
RunApplicationPreview_WithMock.c(24): web_url("App.view.xml") started  	[MsgId: MMSG-26355]
RunApplicationPreview_WithMock.c(16): web_url("Component.js") was successful, 1547 body bytes, 255 header bytes, 36 chunking overhead bytes  	[MsgId: MMSG-26385]
RunApplicationPreview_WithMock.c(24): web_url("App.view.xml") started  	[MsgId: MMSG-26355]
Save_JS_File.c(16): web_custom_request("gitapi/status") was successful, 306 body bytes, 231 header bytes, 17 chunking overhead bytes  	[MsgId: MMSG-26385]
Save_JS_File.c(25): web_url("Save File Read data") started  	[MsgId: MMSG-26355]
RunApplicationPreview_WithMock.c(16): web_url("Component.js") was successful, 1547 body bytes, 255 header bytes, 36 chunking overhead bytes  	[MsgId: MMSG-26385]
RunApplicationPreview_WithMock.c(24): web_url("App.view.xml") started  	[MsgId: MMSG-26355]
RunApplicationPreview_WithMock.c(24): web_url("App.view.xml") was successful, 398 body bytes, 194 header bytes  	[MsgId: MMSG-26386]
RunApplicationPreview_WithMock.c(32): web_url("App.controller.js") started  	[MsgId: MMSG-26355]
RunApplicationPreview_WithMock.c(24): web_url("App.view.xml") was successful, 398 body bytes, 194 header bytes  	[MsgId: MMSG-26386]
RunApplicationPreview_WithMock.c(32): web_url("App.controller.js") started  	[MsgId: MMSG-26355]
Save_JS_File.c(25): web_url("Save File Read data") was successful, 17 body bytes, 246 header bytes  	[MsgId: MMSG-26386]
Save_JS_File.c(33): Notify: Transaction "Save File" ended with "Pass" status (Duration: 0.8190).	[MsgId: MMSG-16873]
Ending action Save_JS_File.	[MsgId: MMSG-15918]
RunApplicationPreview_WithMock.c(24): web_url("App.view.xml") was successful, 398 body bytes, 194 header bytes  	[MsgId: MMSG-26386]
RunApplicationPreview_WithMock.c(32): web_url("App.controller.js") started  	[MsgId: MMSG-26355]
Ending iteration 647.	[MsgId: MMSG-15965]
Starting iteration 648.	[MsgId: MMSG-15968]
Starting action Save_JS_File.	[MsgId: MMSG-15919]
Save_JS_File.c(4): Notify: Transaction "Save File" started.	[MsgId: MMSG-16999]
Save_JS_File.c(6): web_add_header("X-CSRF-Token") started  	[MsgId: MMSG-26355]
Save_JS_File.c(6): web_add_header("X-CSRF-Token") was successful  	[MsgId: MMSG-26392]
Save_JS_File.c(7): web_custom_request("Save File") started  	[MsgId: MMSG-26355]
RunApplicationPreview_WithMock.c(32): web_url("App.controller.js") was successful, 46 body bytes, 200 header bytes  	[MsgId: MMSG-26386]
RunApplicationPreview_WithMock.c(40): web_url("Master.view.xml") started  	[MsgId: MMSG-26355]
Save_JS_File.c(7): web_custom_request("Save File") was successful, 0 body bytes, 200 header bytes  	[MsgId: MMSG-26386]
Save_JS_File.c(16): web_custom_request("gitapi/status") started  	[MsgId: MMSG-26355]
RunApplicationPreview_WithMock.c(32): web_url("App.controller.js") was successful, 46 body bytes, 200 header bytes  	[MsgId: MMSG-26386]
RunApplicationPreview_WithMock.c(40): web_url("Master.view.xml") started  	[MsgId: MMSG-26355]
RunApplicationPreview_WithMock.c(32): web_url("App.controller.js") was successful, 46 body bytes, 200 header bytes  	[MsgId: MMSG-26386]
RunApplicationPreview_WithMock.c(40): web_url("Master.view.xml") started  	[MsgId: MMSG-26355]
RunApplicationPreview_WithMock.c(40): web_url("Master.view.xml") was successful, 563 body bytes, 248 header bytes, 23 chunking overhead bytes  	[MsgId: MMSG-26385]
RunApplicationPreview_WithMock.c(48): web_url("Master.controller.js") started  	[MsgId: MMSG-26355]
RunApplicationPreview_WithMock.c(40): web_url("Master.view.xml") was successful, 563 body bytes, 248 header bytes, 23 chunking overhead bytes  	[MsgId: MMSG-26385]
RunApplicationPreview_WithMock.c(48): web_url("Master.controller.js") started  	[MsgId: MMSG-26355]
Save_JS_File.c(16): web_custom_request("gitapi/status") was successful, 306 body bytes, 231 header bytes, 17 chunking overhead bytes  	[MsgId: MMSG-26385]
Save_JS_File.c(25): web_url("Save File Read data") started  	[MsgId: MMSG-26355]
RunApplicationPreview_WithMock.c(40): web_url("Master.view.xml") was successful, 563 body bytes, 248 header bytes, 23 chunking overhead bytes  	[MsgId: MMSG-26385]
RunApplicationPreview_WithMock.c(48): web_url("Master.controller.js") started  	[MsgId: MMSG-26355]
RunApplicationPreview_WithMock.c(48): web_url("Master.controller.js") was successful, 861 body bytes, 201 header bytes  	[MsgId: MMSG-26386]
RunApplicationPreview_WithMock.c(57): Notify: Transaction "RunPreviewAppWithMock" ended with "Pass" status (Duration: 1.0900).	[MsgId: MMSG-16873]
Ending action RunApplicationPreview_WithMock.	[MsgId: MMSG-15918]
Ending iteration 732.	[MsgId: MMSG-15965]
Starting iteration 733.	[MsgId: MMSG-15968]
Starting action Save_JS_File.	[MsgId: MMSG-15919]
Save_JS_File.c(4): Notify: Transaction "Save File" started.	[MsgId: MMSG-16999]
Save_JS_File.c(6): web_add_header("X-CSRF-Token") started  	[MsgId: MMSG-26355]
Save_JS_File.c(6): web_add_header("X-CSRF-Token") was successful  	[MsgId: MMSG-26392]
Save_JS_File.c(7): web_custom_request("Save File") started  	[MsgId: MMSG-26355]
RunApplicationPreview_WithMock.c(48): web_url("Master.controller.js") was successful, 861 body bytes, 201 header bytes  	[MsgId: MMSG-26386]
RunApplicationPreview_WithMock.c(57): Notify: Transaction "RunPreviewAppWithMock" ended with "Pass" status (Duration: 1.0700).	[MsgId: MMSG-16873]
Ending action RunApplicationPreview_WithMock.	[MsgId: MMSG-15918]
Ending iteration 687.	[MsgId: MMSG-15965]
Starting iteration 688.	[MsgId: MMSG-15968]
Starting action RunApplicationPreview_WithMock.	[MsgId: MMSG-15919]
RunApplicationPreview_WithMock.c(3): Notify: Transaction "RunPreviewAppWithMock" started.	[MsgId: MMSG-16999]
RunApplicationPreview_WithMock.c(6): web_url("mock_preview_sapui5.html") started  	[MsgId: MMSG-26355]
Save_JS_File.c(25): web_url("Save File Read data") was successful, 18 body bytes, 246 header bytes  	[MsgId: MMSG-26386]
Save_JS_File.c(33): Notify: Transaction "Save File" ended with "Pass" status (Duration: 0.8040).	[MsgId: MMSG-16873]
Ending action Save_JS_File.	[MsgId: MMSG-15918]
Ending iteration 743.	[MsgId: MMSG-15965]
Starting iteration 744.	[MsgId: MMSG-15968]
Starting action RunApplicationPreview_WithMock.	[MsgId: MMSG-15919]
RunApplicationPreview_WithMock.c(3): Notify: Transaction "RunPreviewAppWithMock" started.	[MsgId: MMSG-16999]
RunApplicationPreview_WithMock.c(6): web_url("mock_preview_sapui5.html") started  	[MsgId: MMSG-26355]
RunApplicationPreview_WithMock.c(48): web_url("Master.controller.js") was successful, 861 body bytes, 201 header bytes  	[MsgId: MMSG-26386]
RunApplicationPreview_WithMock.c(57): Notify: Transaction "RunPreviewAppWithMock" ended with "Pass" status (Duration: 1.0570).	[MsgId: MMSG-16873]
Ending action RunApplicationPreview_WithMock.	[MsgId: MMSG-15918]
Ending iteration 749.	[MsgId: MMSG-15965]
Starting iteration 750.	[MsgId: MMSG-15968]
Starting action Save_JS_File.	[MsgId: MMSG-15919]
Save_JS_File.c(4): Notify: Transaction "Save File" started.	[MsgId: MMSG-16999]
Save_JS_File.c(6): web_add_header("X-CSRF-Token") started  	[MsgId: MMSG-26355]
Save_JS_File.c(6): web_add_header("X-CSRF-Token") was successful  	[MsgId: MMSG-26392]
Save_JS_File.c(7): web_custom_request("Save File") started  	[MsgId: MMSG-26355]
Save_JS_File.c(7): web_custom_request("Save File") was successful, 0 body bytes, 200 header bytes  	[MsgId: MMSG-26386]
Save_JS_File.c(16): web_custom_request("gitapi/status") started  	[MsgId: MMSG-26355]
Save_JS_File.c(16): web_custom_request("gitapi/status") was successful, 306 body bytes, 231 header bytes, 17 chunking overhead bytes  	[MsgId: MMSG-26385]
Save_JS_File.c(25): web_url("Save File Read data") started  	[MsgId: MMSG-26355]
Save_JS_File.c(7): web_custom_request("Save File") was successful, 0 body bytes, 200 header bytes  	[MsgId: MMSG-26386]
Save_JS_File.c(16): web_custom_request("gitapi/status") started  	[MsgId: MMSG-26355]
Save_JS_File.c(25): web_url("Save File Read data") was successful, 18 body bytes, 246 header bytes  	[MsgId: MMSG-26386]
Save_JS_File.c(33): Notify: Transaction "Save File" ended with "Pass" status (Duration: 0.8270).	[MsgId: MMSG-16873]
Ending action Save_JS_File.	[MsgId: MMSG-15918]
Ending Vuser...	[MsgId: MMSG-15966]
Starting action vuser_end.	[MsgId: MMSG-15919]
Ending action vuser_end.	[MsgId: MMSG-15918]
Vuser Terminated.	[MsgId: MMSG-15963]
RunApplicationPreview_WithMock.c(6): web_url("mock_preview_sapui5.html") was successful, 853 body bytes, 281 header bytes, 24 chunking overhead bytes  	[MsgId: MMSG-26385]
RunApplicationPreview_WithMock.c(16): web_url("Component.js") started  	[MsgId: MMSG-26355]
RunApplicationPreview_WithMock.c(6): web_url("mock_preview_sapui5.html") was successful, 853 body bytes, 281 header bytes, 24 chunking overhead bytes  	[MsgId: MMSG-26385]
RunApplicationPreview_WithMock.c(16): web_url("Component.js") started  	[MsgId: MMSG-26355]
Save_JS_File.c(7): web_custom_request("Save File") was successful, 0 body bytes, 200 header bytes  	[MsgId: MMSG-26386]
Save_JS_File.c(16): web_custom_request("gitapi/status") started  	[MsgId: MMSG-26355]
Save_JS_File.c(16): web_custom_request("gitapi/status") was successful, 307 body bytes, 231 header bytes, 17 chunking overhead bytes  	[MsgId: MMSG-26385]
Save_JS_File.c(25): web_url("Save File Read data") started  	[MsgId: MMSG-26355]
RunApplicationPreview_WithMock.c(16): web_url("Component.js") was successful, 1547 body bytes, 255 header bytes, 36 chunking overhead bytes  	[MsgId: MMSG-26385]
RunApplicationPreview_WithMock.c(16): web_url("Component.js") was successful, 1547 body bytes, 255 header bytes, 36 chunking overhead bytes  	[MsgId: MMSG-26385]
RunApplicationPreview_WithMock.c(24): web_url("App.view.xml") started  	[MsgId: MMSG-26355]
RunApplicationPreview_WithMock.c(24): web_url("App.view.xml") started  	[MsgId: MMSG-26355]
Save_JS_File.c(25): web_url("Save File Read data") was successful, 17 body bytes, 246 header bytes  	[MsgId: MMSG-26386]
Save_JS_File.c(33): Notify: Transaction "Save File" ended with "Pass" status (Duration: 0.7900).	[MsgId: MMSG-16873]
Ending action Save_JS_File.	[MsgId: MMSG-15918]
Ending iteration 733.	[MsgId: MMSG-15965]
Starting iteration 734.	[MsgId: MMSG-15968]
Starting action RunApplicationPreview_WithMock.	[MsgId: MMSG-15919]
Save_JS_File.c(16): web_custom_request("gitapi/status") was successful, 306 body bytes, 231 header bytes, 17 chunking overhead bytes  	[MsgId: MMSG-26385]
RunApplicationPreview_WithMock.c(3): Notify: Transaction "RunPreviewAppWithMock" started.	[MsgId: MMSG-16999]
RunApplicationPreview_WithMock.c(24): web_url("App.view.xml") was successful, 398 body bytes, 194 header bytes  	[MsgId: MMSG-26386]
Save_JS_File.c(25): web_url("Save File Read data") started  	[MsgId: MMSG-26355]
RunApplicationPreview_WithMock.c(32): web_url("App.controller.js") started  	[MsgId: MMSG-26355]
RunApplicationPreview_WithMock.c(6): web_url("mock_preview_sapui5.html") started  	[MsgId: MMSG-26355]
RunApplicationPreview_WithMock.c(24): web_url("App.view.xml") was successful, 398 body bytes, 194 header bytes  	[MsgId: MMSG-26386]
RunApplicationPreview_WithMock.c(32): web_url("App.controller.js") started  	[MsgId: MMSG-26355]
RunApplicationPreview_WithMock.c(32): web_url("App.controller.js") was successful, 46 body bytes, 200 header bytes  	[MsgId: MMSG-26386]
RunApplicationPreview_WithMock.c(40): web_url("Master.view.xml") started  	[MsgId: MMSG-26355]
RunApplicationPreview_WithMock.c(32): web_url("App.controller.js") was successful, 46 body bytes, 200 header bytes  	[MsgId: MMSG-26386]
Save_JS_File.c(25): web_url("Save File Read data") was successful, 18 body bytes, 246 header bytes  	[MsgId: MMSG-26386]
RunApplicationPreview_WithMock.c(40): web_url("Master.view.xml") started  	[MsgId: MMSG-26355]
Save_JS_File.c(33): Notify: Transaction "Save File" ended with "Pass" status (Duration: 0.8370).	[MsgId: MMSG-16873]
Ending action Save_JS_File.	[MsgId: MMSG-15918]
Ending iteration 750.	[MsgId: MMSG-15965]
Starting iteration 751.	[MsgId: MMSG-15968]
Starting action RunApplicationPreview_WithMock.	[MsgId: MMSG-15919]
RunApplicationPreview_WithMock.c(3): Notify: Transaction "RunPreviewAppWithMock" started.	[MsgId: MMSG-16999]
RunApplicationPreview_WithMock.c(6): web_url("mock_preview_sapui5.html") started  	[MsgId: MMSG-26355]
RunApplicationPreview_WithMock.c(40): web_url("Master.view.xml") was successful, 563 body bytes, 248 header bytes, 23 chunking overhead bytes  	[MsgId: MMSG-26385]
RunApplicationPreview_WithMock.c(40): web_url("Master.view.xml") was successful, 563 body bytes, 248 header bytes, 23 chunking overhead bytes  	[MsgId: MMSG-26385]
RunApplicationPreview_WithMock.c(48): web_url("Master.controller.js") started  	[MsgId: MMSG-26355]
RunApplicationPreview_WithMock.c(48): web_url("Master.controller.js") started  	[MsgId: MMSG-26355]
RunApplicationPreview_WithMock.c(48): web_url("Master.controller.js") was successful, 861 body bytes, 201 header bytes  	[MsgId: MMSG-26386]
RunApplicationPreview_WithMock.c(57): Notify: Transaction "RunPreviewAppWithMock" ended with "Pass" status (Duration: 1.0540).	[MsgId: MMSG-16873]
Ending action RunApplicationPreview_WithMock.	[MsgId: MMSG-15918]
RunApplicationPreview_WithMock.c(48): web_url("Master.controller.js") was successful, 861 body bytes, 201 header bytes  	[MsgId: MMSG-26386]
RunApplicationPreview_WithMock.c(57): Notify: Transaction "RunPreviewAppWithMock" ended with "Pass" status (Duration: 1.1190).	[MsgId: MMSG-16873]
Ending action RunApplicationPreview_WithMock.	[MsgId: MMSG-15918]
Ending iteration 688.	[MsgId: MMSG-15965]
Starting iteration 689.	[MsgId: MMSG-15968]
Starting action Save_JS_File.	[MsgId: MMSG-15919]
Save_JS_File.c(4): Notify: Transaction "Save File" started.	[MsgId: MMSG-16999]
Save_JS_File.c(6): web_add_header("X-CSRF-Token") started  	[MsgId: MMSG-26355]
Save_JS_File.c(6): web_add_header("X-CSRF-Token") was successful  	[MsgId: MMSG-26392]
Save_JS_File.c(7): web_custom_request("Save File") started  	[MsgId: MMSG-26355]
Ending iteration 744.	[MsgId: MMSG-15965]
Starting iteration 745.	[MsgId: MMSG-15968]
Starting action RunApplicationPreview_WithMock.	[MsgId: MMSG-15919]
RunApplicationPreview_WithMock.c(3): Notify: Transaction "RunPreviewAppWithMock" started.	[MsgId: MMSG-16999]
RunApplicationPreview_WithMock.c(6): web_url("mock_preview_sapui5.html") started  	[MsgId: MMSG-26355]
RunApplicationPreview_WithMock.c(6): web_url("mock_preview_sapui5.html") was successful, 853 body bytes, 281 header bytes, 24 chunking overhead bytes  	[MsgId: MMSG-26385]
RunApplicationPreview_WithMock.c(16): web_url("Component.js") started  	[MsgId: MMSG-26355]
RunApplicationPreview_WithMock.c(6): web_url("mock_preview_sapui5.html") was successful, 853 body bytes, 281 header bytes, 24 chunking overhead bytes  	[MsgId: MMSG-26385]
RunApplicationPreview_WithMock.c(16): web_url("Component.js") started  	[MsgId: MMSG-26355]
RunApplicationPreview_WithMock.c(16): web_url("Component.js") was successful, 1547 body bytes, 255 header bytes, 36 chunking overhead bytes  	[MsgId: MMSG-26385]
RunApplicationPreview_WithMock.c(24): web_url("App.view.xml") started  	[MsgId: MMSG-26355]
RunApplicationPreview_WithMock.c(16): web_url("Component.js") was successful, 1547 body bytes, 255 header bytes, 36 chunking overhead bytes  	[MsgId: MMSG-26385]
RunApplicationPreview_WithMock.c(24): web_url("App.view.xml") started  	[MsgId: MMSG-26355]
RunApplicationPreview_WithMock.c(24): web_url("App.view.xml") was successful, 398 body bytes, 194 header bytes  	[MsgId: MMSG-26386]
RunApplicationPreview_WithMock.c(32): web_url("App.controller.js") started  	[MsgId: MMSG-26355]
RunApplicationPreview_WithMock.c(24): web_url("App.view.xml") was successful, 398 body bytes, 194 header bytes  	[MsgId: MMSG-26386]
RunApplicationPreview_WithMock.c(32): web_url("App.controller.js") started  	[MsgId: MMSG-26355]
RunApplicationPreview_WithMock.c(32): web_url("App.controller.js") was successful, 46 body bytes, 200 header bytes  	[MsgId: MMSG-26386]
RunApplicationPreview_WithMock.c(40): web_url("Master.view.xml") started  	[MsgId: MMSG-26355]
RunApplicationPreview_WithMock.c(6): web_url("mock_preview_sapui5.html") was successful, 853 body bytes, 281 header bytes, 24 chunking overhead bytes  	[MsgId: MMSG-26385]
RunApplicationPreview_WithMock.c(16): web_url("Component.js") started  	[MsgId: MMSG-26355]
RunApplicationPreview_WithMock.c(32): web_url("App.controller.js") was successful, 46 body bytes, 200 header bytes  	[MsgId: MMSG-26386]
RunApplicationPreview_WithMock.c(40): web_url("Master.view.xml") started  	[MsgId: MMSG-26355]
Save_JS_File.c(7): web_custom_request("Save File") was successful, 0 body bytes, 200 header bytes  	[MsgId: MMSG-26386]
Save_JS_File.c(16): web_custom_request("gitapi/status") started  	[MsgId: MMSG-26355]
RunApplicationPreview_WithMock.c(40): web_url("Master.view.xml") was successful, 563 body bytes, 248 header bytes, 23 chunking overhead bytes  	[MsgId: MMSG-26385]
RunApplicationPreview_WithMock.c(48): web_url("Master.controller.js") started  	[MsgId: MMSG-26355]
RunApplicationPreview_WithMock.c(16): web_url("Component.js") was successful, 1547 body bytes, 255 header bytes, 36 chunking overhead bytes  	[MsgId: MMSG-26385]
RunApplicationPreview_WithMock.c(24): web_url("App.view.xml") started  	[MsgId: MMSG-26355]
RunApplicationPreview_WithMock.c(40): web_url("Master.view.xml") was successful, 563 body bytes, 248 header bytes, 23 chunking overhead bytes  	[MsgId: MMSG-26385]
RunApplicationPreview_WithMock.c(48): web_url("Master.controller.js") started  	[MsgId: MMSG-26355]
RunApplicationPreview_WithMock.c(48): web_url("Master.controller.js") was successful, 861 body bytes, 201 header bytes  	[MsgId: MMSG-26386]
RunApplicationPreview_WithMock.c(57): Notify: Transaction "RunPreviewAppWithMock" ended with "Pass" status (Duration: 1.1480).	[MsgId: MMSG-16873]
Ending action RunApplicationPreview_WithMock.	[MsgId: MMSG-15918]
Ending Vuser...	[MsgId: MMSG-15966]
Starting action vuser_end.	[MsgId: MMSG-15919]
Ending action vuser_end.	[MsgId: MMSG-15918]
Save_JS_File.c(16): web_custom_request("gitapi/status") was successful, 307 body bytes, 231 header bytes, 17 chunking overhead bytes  	[MsgId: MMSG-26385]
Vuser Terminated.	[MsgId: MMSG-15963]
Save_JS_File.c(25): web_url("Save File Read data") started  	[MsgId: MMSG-26355]
RunApplicationPreview_WithMock.c(24): web_url("App.view.xml") was successful, 398 body bytes, 194 header bytes  	[MsgId: MMSG-26386]
RunApplicationPreview_WithMock.c(32): web_url("App.controller.js") started  	[MsgId: MMSG-26355]
RunApplicationPreview_WithMock.c(48): web_url("Master.controller.js") was successful, 861 body bytes, 201 header bytes  	[MsgId: MMSG-26386]
RunApplicationPreview_WithMock.c(57): Notify: Transaction "RunPreviewAppWithMock" ended with "Pass" status (Duration: 1.0630).	[MsgId: MMSG-16873]
Ending action RunApplicationPreview_WithMock.	[MsgId: MMSG-15918]
Ending iteration 751.	[MsgId: MMSG-15965]
Starting iteration 752.	[MsgId: MMSG-15968]
Starting action RunApplicationPreview_WithMock.	[MsgId: MMSG-15919]
RunApplicationPreview_WithMock.c(3): Notify: Transaction "RunPreviewAppWithMock" started.	[MsgId: MMSG-16999]
RunApplicationPreview_WithMock.c(6): web_url("mock_preview_sapui5.html") started  	[MsgId: MMSG-26355]
RunApplicationPreview_WithMock.c(32): web_url("App.controller.js") was successful, 46 body bytes, 200 header bytes  	[MsgId: MMSG-26386]
Save_JS_File.c(25): web_url("Save File Read data") was successful, 18 body bytes, 246 header bytes  	[MsgId: MMSG-26386]
RunApplicationPreview_WithMock.c(40): web_url("Master.view.xml") started  	[MsgId: MMSG-26355]
Save_JS_File.c(33): Notify: Transaction "Save File" ended with "Pass" status (Duration: 0.9190).	[MsgId: MMSG-16873]
Ending action Save_JS_File.	[MsgId: MMSG-15918]
Ending iteration 689.	[MsgId: MMSG-15965]
Starting iteration 690.	[MsgId: MMSG-15968]
Starting action Save_JS_File.	[MsgId: MMSG-15919]
Save_JS_File.c(4): Notify: Transaction "Save File" started.	[MsgId: MMSG-16999]
Save_JS_File.c(6): web_add_header("X-CSRF-Token") started  	[MsgId: MMSG-26355]
Save_JS_File.c(6): web_add_header("X-CSRF-Token") was successful  	[MsgId: MMSG-26392]
Save_JS_File.c(7): web_custom_request("Save File") started  	[MsgId: MMSG-26355]
RunApplicationPreview_WithMock.c(40): web_url("Master.view.xml") was successful, 563 body bytes, 248 header bytes, 23 chunking overhead bytes  	[MsgId: MMSG-26385]
RunApplicationPreview_WithMock.c(48): web_url("Master.controller.js") started  	[MsgId: MMSG-26355]
RunApplicationPreview_WithMock.c(48): web_url("Master.controller.js") was successful, 861 body bytes, 201 header bytes  	[MsgId: MMSG-26386]
RunApplicationPreview_WithMock.c(57): Notify: Transaction "RunPreviewAppWithMock" ended with "Pass" status (Duration: 1.1150).	[MsgId: MMSG-16873]
Ending action RunApplicationPreview_WithMock.	[MsgId: MMSG-15918]
Ending Vuser...	[MsgId: MMSG-15966]
Starting action vuser_end.	[MsgId: MMSG-15919]
Ending action vuser_end.	[MsgId: MMSG-15918]
Vuser Terminated.	[MsgId: MMSG-15963]
RunApplicationPreview_WithMock.c(6): web_url("mock_preview_sapui5.html") was successful, 853 body bytes, 281 header bytes, 24 chunking overhead bytes  	[MsgId: MMSG-26385]
RunApplicationPreview_WithMock.c(16): web_url("Component.js") started  	[MsgId: MMSG-26355]
Save_JS_File.c(7): web_custom_request("Save File") was successful, 0 body bytes, 200 header bytes  	[MsgId: MMSG-26386]
Save_JS_File.c(16): web_custom_request("gitapi/status") started  	[MsgId: MMSG-26355]
RunApplicationPreview_WithMock.c(16): web_url("Component.js") was successful, 1547 body bytes, 255 header bytes, 36 chunking overhead bytes  	[MsgId: MMSG-26385]
RunApplicationPreview_WithMock.c(24): web_url("App.view.xml") started  	[MsgId: MMSG-26355]
RunApplicationPreview_WithMock.c(24): web_url("App.view.xml") was successful, 398 body bytes, 194 header bytes  	[MsgId: MMSG-26386]
RunApplicationPreview_WithMock.c(32): web_url("App.controller.js") started  	[MsgId: MMSG-26355]
Save_JS_File.c(16): web_custom_request("gitapi/status") was successful, 307 body bytes, 231 header bytes, 17 chunking overhead bytes  	[MsgId: MMSG-26385]
Save_JS_File.c(25): web_url("Save File Read data") started  	[MsgId: MMSG-26355]
RunApplicationPreview_WithMock.c(32): web_url("App.controller.js") was successful, 46 body bytes, 200 header bytes  	[MsgId: MMSG-26386]
RunApplicationPreview_WithMock.c(40): web_url("Master.view.xml") started  	[MsgId: MMSG-26355]
Save_JS_File.c(25): web_url("Save File Read data") was successful, 17 body bytes, 246 header bytes  	[MsgId: MMSG-26386]
Save_JS_File.c(33): Notify: Transaction "Save File" ended with "Pass" status (Duration: 0.7910).	[MsgId: MMSG-16873]
Ending action Save_JS_File.	[MsgId: MMSG-15918]
Ending iteration 690.	[MsgId: MMSG-15965]
Starting iteration 691.	[MsgId: MMSG-15968]
Starting action RunApplicationPreview_WithMock.	[MsgId: MMSG-15919]
RunApplicationPreview_WithMock.c(3): Notify: Transaction "RunPreviewAppWithMock" started.	[MsgId: MMSG-16999]
RunApplicationPreview_WithMock.c(6): web_url("mock_preview_sapui5.html") started  	[MsgId: MMSG-26355]
RunApplicationPreview_WithMock.c(40): web_url("Master.view.xml") was successful, 563 body bytes, 248 header bytes, 23 chunking overhead bytes  	[MsgId: MMSG-26385]
RunApplicationPreview_WithMock.c(48): web_url("Master.controller.js") started  	[MsgId: MMSG-26355]
RunApplicationPreview_WithMock.c(48): web_url("Master.controller.js") was successful, 861 body bytes, 201 header bytes  	[MsgId: MMSG-26386]
RunApplicationPreview_WithMock.c(57): Notify: Transaction "RunPreviewAppWithMock" ended with "Pass" status (Duration: 1.0690).	[MsgId: MMSG-16873]
Ending action RunApplicationPreview_WithMock.	[MsgId: MMSG-15918]
Ending iteration 752.	[MsgId: MMSG-15965]
Starting iteration 753.	[MsgId: MMSG-15968]
Starting action RunApplicationPreview_WithMock.	[MsgId: MMSG-15919]
RunApplicationPreview_WithMock.c(3): Notify: Transaction "RunPreviewAppWithMock" started.	[MsgId: MMSG-16999]
RunApplicationPreview_WithMock.c(6): web_url("mock_preview_sapui5.html") started  	[MsgId: MMSG-26355]
RunApplicationPreview_WithMock.c(6): web_url("mock_preview_sapui5.html") was successful, 853 body bytes, 281 header bytes, 24 chunking overhead bytes  	[MsgId: MMSG-26385]
RunApplicationPreview_WithMock.c(16): web_url("Component.js") started  	[MsgId: MMSG-26355]
RunApplicationPreview_WithMock.c(16): web_url("Component.js") was successful, 1547 body bytes, 255 header bytes, 36 chunking overhead bytes  	[MsgId: MMSG-26385]
RunApplicationPreview_WithMock.c(24): web_url("App.view.xml") started  	[MsgId: MMSG-26355]
RunApplicationPreview_WithMock.c(6): web_url("mock_preview_sapui5.html") was successful, 853 body bytes, 281 header bytes, 24 chunking overhead bytes  	[MsgId: MMSG-26385]
RunApplicationPreview_WithMock.c(16): web_url("Component.js") started  	[MsgId: MMSG-26355]
RunApplicationPreview_WithMock.c(24): web_url("App.view.xml") was successful, 398 body bytes, 194 header bytes  	[MsgId: MMSG-26386]
RunApplicationPreview_WithMock.c(32): web_url("App.controller.js") started  	[MsgId: MMSG-26355]
RunApplicationPreview_WithMock.c(16): web_url("Component.js") was successful, 1547 body bytes, 255 header bytes, 36 chunking overhead bytes  	[MsgId: MMSG-26385]
RunApplicationPreview_WithMock.c(24): web_url("App.view.xml") started  	[MsgId: MMSG-26355]
RunApplicationPreview_WithMock.c(32): web_url("App.controller.js") was successful, 46 body bytes, 200 header bytes  	[MsgId: MMSG-26386]
RunApplicationPreview_WithMock.c(40): web_url("Master.view.xml") started  	[MsgId: MMSG-26355]
RunApplicationPreview_WithMock.c(24): web_url("App.view.xml") was successful, 398 body bytes, 194 header bytes  	[MsgId: MMSG-26386]
RunApplicationPreview_WithMock.c(32): web_url("App.controller.js") started  	[MsgId: MMSG-26355]
RunApplicationPreview_WithMock.c(40): web_url("Master.view.xml") was successful, 563 body bytes, 248 header bytes, 23 chunking overhead bytes  	[MsgId: MMSG-26385]
RunApplicationPreview_WithMock.c(48): web_url("Master.controller.js") started  	[MsgId: MMSG-26355]
RunApplicationPreview_WithMock.c(32): web_url("App.controller.js") was successful, 46 body bytes, 200 header bytes  	[MsgId: MMSG-26386]
RunApplicationPreview_WithMock.c(40): web_url("Master.view.xml") started  	[MsgId: MMSG-26355]
RunApplicationPreview_WithMock.c(48): web_url("Master.controller.js") was successful, 861 body bytes, 201 header bytes  	[MsgId: MMSG-26386]
RunApplicationPreview_WithMock.c(57): Notify: Transaction "RunPreviewAppWithMock" ended with "Pass" status (Duration: 1.0620).	[MsgId: MMSG-16873]
Ending action RunApplicationPreview_WithMock.	[MsgId: MMSG-15918]
Ending Vuser...	[MsgId: MMSG-15966]
Starting action vuser_end.	[MsgId: MMSG-15919]
Ending action vuser_end.	[MsgId: MMSG-15918]
Vuser Terminated.	[MsgId: MMSG-15963]
RunApplicationPreview_WithMock.c(40): web_url("Master.view.xml") was successful, 563 body bytes, 248 header bytes, 23 chunking overhead bytes  	[MsgId: MMSG-26385]
RunApplicationPreview_WithMock.c(48): web_url("Master.controller.js") started  	[MsgId: MMSG-26355]
RunApplicationPreview_WithMock.c(48): web_url("Master.controller.js") was successful, 861 body bytes, 201 header bytes  	[MsgId: MMSG-26386]
RunApplicationPreview_WithMock.c(57): Notify: Transaction "RunPreviewAppWithMock" ended with "Pass" status (Duration: 1.1080).	[MsgId: MMSG-16873]
Ending action RunApplicationPreview_WithMock.	[MsgId: MMSG-15918]
Ending iteration 753.	[MsgId: MMSG-15965]
Starting iteration 754.	[MsgId: MMSG-15968]
Starting action Save_JS_File.	[MsgId: MMSG-15919]
Save_JS_File.c(4): Notify: Transaction "Save File" started.	[MsgId: MMSG-16999]
Save_JS_File.c(6): web_add_header("X-CSRF-Token") started  	[MsgId: MMSG-26355]
Save_JS_File.c(6): web_add_header("X-CSRF-Token") was successful  	[MsgId: MMSG-26392]
Save_JS_File.c(7): web_custom_request("Save File") started  	[MsgId: MMSG-26355]
Save_JS_File.c(7): web_custom_request("Save File") was successful, 0 body bytes, 200 header bytes  	[MsgId: MMSG-26386]
Save_JS_File.c(16): web_custom_request("gitapi/status") started  	[MsgId: MMSG-26355]
Save_JS_File.c(16): web_custom_request("gitapi/status") was successful, 306 body bytes, 231 header bytes, 17 chunking overhead bytes  	[MsgId: MMSG-26385]
Save_JS_File.c(25): web_url("Save File Read data") started  	[MsgId: MMSG-26355]
Save_JS_File.c(25): web_url("Save File Read data") was successful, 17 body bytes, 246 header bytes  	[MsgId: MMSG-26386]
Save_JS_File.c(33): Notify: Transaction "Save File" ended with "Pass" status (Duration: 0.8520).	[MsgId: MMSG-16873]
Ending action Save_JS_File.	[MsgId: MMSG-15918]
Ending Vuser...	[MsgId: MMSG-15966]
Starting action vuser_end.	[MsgId: MMSG-15919]
Ending action vuser_end.	[MsgId: MMSG-15918]
Vuser Terminated.	[MsgId: MMSG-15963]
