Search_File_Content_7_Files.c(36): web_url("mock_preview_sapui5.html") highest severity level was "continue on error", 184 body bytes, 182 header bytes  	[MsgId: MMSG-26388]
RunApplicationPreview_WithMock.c(24): Warning -26627: HTTP Status-Code=404 (Not Found) for "https://webidetesting-sapperf.hcproxy.neo.ondemand.com/view/App.view.xml"  	[MsgId: MWAR-26627]
RunApplicationPreview_WithMock.c(24): web_url("App.view.xml") highest severity level was "warning", 915 body bytes, 197 header bytes  	[MsgId: MMSG-26388]
RunApplicationPreview_WithMock.c(32): web_url("App.controller.js") started  	[MsgId: MMSG-26355]
Open_JS_File.c(4): Warning -26627: HTTP Status-Code=404 (Not Found) for "https://webidedev-sapperf.hcproxy.neo.ondemand.com/orion/s2s/file/sapperf$P900277-OrionContent/perftestrep28/GIT/P900277.js"  	[MsgId: MWAR-26627]
Open_JS_File.c(20): web_custom_request("File") highest severity level was "warning", 174 body bytes, 182 header bytes  	[MsgId: MMSG-26388]
Open_JS_File.c(29): Notify: Transaction "Open JS file" ended with "Pass" status (Duration: 1.7955 Wasted Time: 0.0000).	[MsgId: MMSG-16871]
Search_File_Content_7_Files.c(36): Continuing after Error -26627: HTTP Status-Code=404 (Not Found) for "https://webidedev-sapperf.hcproxy.neo.ondemand.com/orion/s2s/file/sapperf$P900292-OrionContent/perftestrep30/mock_preview_sapui5.html?parts=meta"  	[MsgId: MERR-26627]
Open_JS_File.c(20): Warning -26627: HTTP Status-Code=404 (Not Found) for "https://webidedev-sapperf.hcproxy.neo.ondemand.com/orion/s2s/file/sapperf$P900258-OrionContent/perftestrep26/GIT/P900258.js?parts=meta"  	[MsgId: MWAR-26627]
Open_JS_File.c(20): web_custom_request("File") highest severity level was "warning", 174 body bytes, 182 header bytes  	[MsgId: MMSG-26388]
Open_JS_File.c(29): Notify: Transaction "Open JS file" ended with "Pass" status (Duration: 1.6577 Wasted Time: 0.0000).	[MsgId: MMSG-16871]
Ending action Open_JS_File.	[MsgId: MMSG-15918]
RunApplicationPreview_WithMock.c(40): Warning -26627: HTTP Status-Code=404 (Not Found) for "https://webidetesting-sapperf.hcproxy.neo.ondemand.com/view/Master.view.xml"  	[MsgId: MWAR-26627]
RunApplicationPreview_WithMock.c(40): web_url("Master.view.xml") highest severity level was "warning", 915 body bytes, 197 header bytes  	[MsgId: MMSG-26388]
RunApplicationPreview_WithMock.c(48): web_url("Master.controller.js") started  	[MsgId: MMSG-26355]
RunApplicationPreview_WithMock.c(24): Warning -26627: HTTP Status-Code=404 (Not Found) for "https://webidetesting-sapperf.hcproxy.neo.ondemand.com/view/App.view.xml"  	[MsgId: MWAR-26627]
RunApplicationPreview_WithMock.c(24): web_url("App.view.xml") highest severity level was "warning", 915 body bytes, 197 header bytes  	[MsgId: MMSG-26388]
Ending action RunApplicationPreview_WithMock.	[MsgId: MMSG-15918]
Search_File_Content_7_Files.c(36): Continuing after error in Vuser script.	[MsgId: MMSG-10678]
Search_File_Content_7_Files.c(44): web_url("localIndex.html") started  	[MsgId: MMSG-26355]
Save_JS_File.c(25): web_url("Save File Read data") highest severity level was "continue on error", 174 body bytes, 182 header bytes  	[MsgId: MMSG-26388]
Save_JS_File.c(25): Continuing after error in Vuser script.	[MsgId: MMSG-10678]
Save_JS_File.c(33): Notify: Transaction "Save File" ended with "Fail" status (Duration: 2.0020 Wasted Time: 0.0000).	[MsgId: MMSG-16871]
Ending action Save_JS_File.	[MsgId: MMSG-15918]
Ending Vuser...	[MsgId: MMSG-15966]
Starting action vuser_end.	[MsgId: MMSG-15919]
Ending action vuser_end.	[MsgId: MMSG-15918]
Vuser Terminated.	[MsgId: MMSG-15963]
Ending Vuser...	[MsgId: MMSG-15966]
Starting action vuser_end.	[MsgId: MMSG-15919]
Ending action vuser_end.	[MsgId: MMSG-15918]
Vuser Terminated.	[MsgId: MMSG-15963]
RunApplicationPreview_WithMock.c(32): web_url("App.controller.js") started  	[MsgId: MMSG-26355]
Ending Vuser...	[MsgId: MMSG-15966]
Starting action vuser_end.	[MsgId: MMSG-15919]
Open_JS_File.c(4): web_url("open file") highest severity level was "warning", 174 body bytes, 182 header bytes  	[MsgId: MMSG-26388]
Open_JS_File.c(11): web_custom_request("File") started  	[MsgId: MMSG-26355]
Ending action Open_JS_File.	[MsgId: MMSG-15918]
Ending Vuser...	[MsgId: MMSG-15966]
Starting action vuser_end.	[MsgId: MMSG-15919]
Ending action vuser_end.	[MsgId: MMSG-15918]
Open_JS_File.c(11): web_custom_request("File") highest severity level was "warning", 174 body bytes, 182 header bytes  	[MsgId: MMSG-26388]
Open_JS_File.c(20): web_custom_request("File") started  	[MsgId: MMSG-26355]
Search_File_Content_7_Files.c(12): web_url("messageBundle_de.properties") highest severity level was "continue on error", 192 body bytes, 143 header bytes  	[MsgId: MMSG-26388]
Ending action Open_JS_File.	[MsgId: MMSG-15918]
RunApplicationPreview_WithMock.c(48): Warning -26627: HTTP Status-Code=404 (Not Found) for "https://webidetesting-sapperf.hcproxy.neo.ondemand.com/view/Master.controller.js"  	[MsgId: MWAR-26627]
RunApplicationPreview_WithMock.c(48): web_url("Master.controller.js") highest severity level was "warning", 915 body bytes, 197 header bytes  	[MsgId: MMSG-26388]
RunApplicationPreview_WithMock.c(57): Notify: Transaction "RunPreviewAppWithMock" ended with "Fail" status (Duration: 3.0291 Wasted Time: 0.0000).	[MsgId: MMSG-16871]
Ending action RunApplicationPreview_WithMock.	[MsgId: MMSG-15918]
Ending Vuser...	[MsgId: MMSG-15966]
Starting action vuser_end.	[MsgId: MMSG-15919]
RunApplicationPreview_WithMock.c(6): Continuing after Error -26627: HTTP Status-Code=404 (Not Found) for "https://webidetesting-sapperf.hcproxy.neo.ondemand.com/mock_preview_sapui5.html?hc_orionpath=/sapperf$P900296-OrionContent/perftestrep30"  	[MsgId: MERR-26627]
RunApplicationPreview_WithMock.c(6): web_url("mock_preview_sapui5.html") highest severity level was "continue on error", 915 body bytes, 197 header bytes  	[MsgId: MMSG-26388]
RunApplicationPreview_WithMock.c(6): Continuing after error in Vuser script.	[MsgId: MMSG-10678]
Search_File_Content_7_Files.c(12): Continuing after error in Vuser script.	[MsgId: MMSG-10678]
Search_File_Content_7_Files.c(20): web_url("messageBundle_en.properties") started  	[MsgId: MMSG-26355]
Save_JS_File.c(25): web_url("Save File Read data") highest severity level was "continue on error", 174 body bytes, 182 header bytes  	[MsgId: MMSG-26388]
Save_JS_File.c(25): Continuing after error in Vuser script.	[MsgId: MMSG-10678]
Save_JS_File.c(33): Notify: Transaction "Save File" ended with "Fail" status (Duration: 2.0379 Wasted Time: 0.0000).	[MsgId: MMSG-16871]
Ending action Save_JS_File.	[MsgId: MMSG-15918]
Ending Vuser...	[MsgId: MMSG-15966]
Starting action vuser_end.	[MsgId: MMSG-15919]
Vuser Terminated.	[MsgId: MMSG-15963]
Save_JS_File.c(33): Notify: Transaction "Save File" ended with "Fail" status (Duration: 2.0201 Wasted Time: 0.0000).	[MsgId: MMSG-16871]
Ending action Save_JS_File.	[MsgId: MMSG-15918]
Ending Vuser...	[MsgId: MMSG-15966]
Starting action vuser_end.	[MsgId: MMSG-15919]
Ending action vuser_end.	[MsgId: MMSG-15918]
Vuser Terminated.	[MsgId: MMSG-15963]
Search_File_Content_7_Files.c(68): Notify: Transaction "Search file content - 7 files" ended with "Fail" status (Duration: 4.1102 Wasted Time: 0.0000).	[MsgId: MMSG-16871]
Ending action Search_File_Content_7_Files.	[MsgId: MMSG-15918]
Ending Vuser...	[MsgId: MMSG-15966]
Starting action vuser_end.	[MsgId: MMSG-15919]
Ending Vuser...	[MsgId: MMSG-15966]
Starting action vuser_end.	[MsgId: MMSG-15919]
Ending action vuser_end.	[MsgId: MMSG-15918]
Vuser Terminated.	[MsgId: MMSG-15963]
Search_File_Content_7_Files.c(36): web_url("mock_preview_sapui5.html") highest severity level was "continue on error", 184 body bytes, 182 header bytes  	[MsgId: MMSG-26388]
Search_File_Content_7_Files.c(36): Continuing after error in Vuser script.	[MsgId: MMSG-10678]
Search_File_Content_7_Files.c(44): web_url("localIndex.html") started  	[MsgId: MMSG-26355]
RunApplicationPreview_WithMock.c(16): web_url("Component.js") started  	[MsgId: MMSG-26355]
Ending action vuser_end.	[MsgId: MMSG-15918]
Vuser Terminated.	[MsgId: MMSG-15963]
Save_JS_File.c(16): Warning -26612: HTTP Status-Code=500 (Internal Server Error) for "https://webidedev-sapperf.hcproxy.neo.ondemand.com/orion/s2s/gitapi/status/file/sapperf$P900257-OrionContent/perftestrep26/"  	[MsgId: MWAR-26612]
Save_JS_File.c(16): web_custom_request("gitapi/status") highest severity level was "warning", 132 body bytes, 213 header bytes  	[MsgId: MMSG-26388]
Save_JS_File.c(25): web_url("Save File Read data") started  	[MsgId: MMSG-26355]
Ending action vuser_end.	[MsgId: MMSG-15918]
Vuser Terminated.	[MsgId: MMSG-15963]
Save_JS_File.c(16): Warning -26612: HTTP Status-Code=500 (Internal Server Error) for "https://webidedev-sapperf.hcproxy.neo.ondemand.com/orion/s2s/gitapi/status/file/sapperf$P900256-OrionContent/perftestrep26/"  	[MsgId: MWAR-26612]
RunApplicationPreview_WithMock.c(32): Warning -26627: HTTP Status-Code=404 (Not Found) for "https://webidetesting-sapperf.hcproxy.neo.ondemand.com/view/App.controller.js"  	[MsgId: MWAR-26627]
RunApplicationPreview_WithMock.c(32): web_url("App.controller.js") highest severity level was "warning", 915 body bytes, 197 header bytes  	[MsgId: MMSG-26388]
Ending Vuser...	[MsgId: MMSG-15966]
Starting action vuser_end.	[MsgId: MMSG-15919]
Save_JS_File.c(16): web_custom_request("gitapi/status") highest severity level was "warning", 132 body bytes, 213 header bytes  	[MsgId: MMSG-26388]
Ending action vuser_end.	[MsgId: MMSG-15918]
RunApplicationPreview_WithMock.c(32): Warning -26627: HTTP Status-Code=404 (Not Found) for "https://webidetesting-sapperf.hcproxy.neo.ondemand.com/view/App.controller.js"  	[MsgId: MWAR-26627]
RunApplicationPreview_WithMock.c(32): web_url("App.controller.js") highest severity level was "warning", 915 body bytes, 197 header bytes  	[MsgId: MMSG-26388]
RunApplicationPreview_WithMock.c(40): web_url("Master.view.xml") started  	[MsgId: MMSG-26355]
Ending action vuser_end.	[MsgId: MMSG-15918]
Vuser Terminated.	[MsgId: MMSG-15963]
RunApplicationPreview_WithMock.c(40): web_url("Master.view.xml") started  	[MsgId: MMSG-26355]
Vuser Terminated.	[MsgId: MMSG-15963]
Ending action vuser_end.	[MsgId: MMSG-15918]
Vuser Terminated.	[MsgId: MMSG-15963]
Save_JS_File.c(25): web_url("Save File Read data") started  	[MsgId: MMSG-26355]
Search_File_Content_7_Files.c(44): Continuing after Error -26627: HTTP Status-Code=404 (Not Found) for "https://webidedev-sapperf.hcproxy.neo.ondemand.com/orion/s2s/file/sapperf$P900264-OrionContent/perftestrep27/localIndex.html?parts=meta"  	[MsgId: MERR-26627]
Search_File_Content_7_Files.c(44): web_url("localIndex.html") highest severity level was "continue on error", 175 body bytes, 182 header bytes  	[MsgId: MMSG-26388]
Search_File_Content_7_Files.c(44): Continuing after error in Vuser script.	[MsgId: MMSG-10678]
Search_File_Content_7_Files.c(52): web_url("Index.html") started  	[MsgId: MMSG-26355]
RunApplicationPreview_WithMock.c(32): Warning -26627: HTTP Status-Code=404 (Not Found) for "https://webidetesting-sapperf.hcproxy.neo.ondemand.com/view/App.controller.js"  	[MsgId: MWAR-26627]
RunApplicationPreview_WithMock.c(32): web_url("App.controller.js") highest severity level was "warning", 915 body bytes, 197 header bytes  	[MsgId: MMSG-26388]
RunApplicationPreview_WithMock.c(40): web_url("Master.view.xml") started  	[MsgId: MMSG-26355]
RunApplicationPreview_WithMock.c(16): Warning -26627: HTTP Status-Code=404 (Not Found) for "https://webidetesting-sapperf.hcproxy.neo.ondemand.com/Component.js"  	[MsgId: MWAR-26627]
RunApplicationPreview_WithMock.c(16): web_url("Component.js") highest severity level was "warning", 915 body bytes, 197 header bytes  	[MsgId: MMSG-26388]
RunApplicationPreview_WithMock.c(24): web_url("App.view.xml") started  	[MsgId: MMSG-26355]
Save_JS_File.c(16): Warning -26612: HTTP Status-Code=500 (Internal Server Error) for "https://webidedev-sapperf.hcproxy.neo.ondemand.com/orion/s2s/gitapi/status/file/sapperf$P900290-OrionContent/perftestrep29/"  	[MsgId: MWAR-26612]
Save_JS_File.c(25): Continuing after Error -26627: HTTP Status-Code=404 (Not Found) for "https://webidedev-sapperf.hcproxy.neo.ondemand.com/orion/s2s/file/sapperf$P900279-OrionContent/perftestrep28/GIT/P900279.js?parts=meta"  	[MsgId: MERR-26627]
Save_JS_File.c(25): web_url("Save File Read data") highest severity level was "continue on error", 174 body bytes, 182 header bytes  	[MsgId: MMSG-26388]
Save_JS_File.c(25): Continuing after error in Vuser script.	[MsgId: MMSG-10678]
Save_JS_File.c(16): web_custom_request("gitapi/status") highest severity level was "warning", 132 body bytes, 213 header bytes  	[MsgId: MMSG-26388]
Search_File_Content_7_Files.c(28): Continuing after Error -26627: HTTP Status-Code=404 (Not Found) for "https://webidedev-sapperf.hcproxy.neo.ondemand.com/orion/s2s/file/sapperf$P900269-OrionContent/perftestrep27/i18n/messageBundle.properties?parts=meta"  	[MsgId: MERR-26627]
Open_JS_File.c(20): Warning -26627: HTTP Status-Code=404 (Not Found) for "https://webidedev-sapperf.hcproxy.neo.ondemand.com/orion/s2s/file/sapperf$P900271-OrionContent/perftestrep28/GIT/P900271.js?parts=meta"  	[MsgId: MWAR-26627]
Save_JS_File.c(33): Notify: Transaction "Save File" ended with "Fail" status (Duration: 1.7564 Wasted Time: 0.0000).	[MsgId: MMSG-16871]
Save_JS_File.c(25): web_url("Save File Read data") started  	[MsgId: MMSG-26355]
Save_JS_File.c(16): Warning -26612: HTTP Status-Code=500 (Internal Server Error) for "https://webidedev-sapperf.hcproxy.neo.ondemand.com/orion/s2s/gitapi/status/file/sapperf$P900294-OrionContent/perftestrep30/"  	[MsgId: MWAR-26612]
Save_JS_File.c(16): web_custom_request("gitapi/status") highest severity level was "warning", 132 body bytes, 213 header bytes  	[MsgId: MMSG-26388]
Save_JS_File.c(25): web_url("Save File Read data") started  	[MsgId: MMSG-26355]
Search_File_Content_7_Files.c(28): web_url("messageBundle.properties") highest severity level was "continue on error", 189 body bytes, 182 header bytes  	[MsgId: MMSG-26388]
Open_JS_File.c(20): web_custom_request("File") highest severity level was "warning", 174 body bytes, 182 header bytes  	[MsgId: MMSG-26388]
Open_JS_File.c(29): Notify: Transaction "Open JS file" ended with "Pass" status (Duration: 1.7523 Wasted Time: 0.0000).	[MsgId: MMSG-16871]
Ending action Open_JS_File.	[MsgId: MMSG-15918]
Ending Vuser...	[MsgId: MMSG-15966]
Starting action vuser_end.	[MsgId: MMSG-15919]
Ending action vuser_end.	[MsgId: MMSG-15918]
Open_JS_File.c(20): Warning -26627: HTTP Status-Code=404 (Not Found) for "https://webidedev-sapperf.hcproxy.neo.ondemand.com/orion/s2s/file/sapperf$P900278-OrionContent/perftestrep28/GIT/P900278.js?parts=meta"  	[MsgId: MWAR-26627]
Open_JS_File.c(20): web_custom_request("File") highest severity level was "warning", 174 body bytes, 182 header bytes  	[MsgId: MMSG-26388]
RunApplicationPreview_WithMock.c(16): Warning -26627: HTTP Status-Code=404 (Not Found) for "https://webidetesting-sapperf.hcproxy.neo.ondemand.com/Component.js"  	[MsgId: MWAR-26627]
RunApplicationPreview_WithMock.c(16): web_url("Component.js") highest severity level was "warning", 915 body bytes, 197 header bytes  	[MsgId: MMSG-26388]
RunApplicationPreview_WithMock.c(24): web_url("App.view.xml") started  	[MsgId: MMSG-26355]
Vuser Terminated.	[MsgId: MMSG-15963]
RunApplicationPreview_WithMock.c(24): Warning -26627: HTTP Status-Code=404 (Not Found) for "https://webidetesting-sapperf.hcproxy.neo.ondemand.com/view/App.view.xml"  	[MsgId: MWAR-26627]
RunApplicationPreview_WithMock.c(24): web_url("App.view.xml") highest severity level was "warning", 915 body bytes, 197 header bytes  	[MsgId: MMSG-26388]
RunApplicationPreview_WithMock.c(32): web_url("App.controller.js") started  	[MsgId: MMSG-26355]
Search_File_Content_7_Files.c(28): Continuing after error in Vuser script.	[MsgId: MMSG-10678]
Search_File_Content_7_Files.c(36): web_url("mock_preview_sapui5.html") started  	[MsgId: MMSG-26355]
RunApplicationPreview_WithMock.c(40): Warning -26627: HTTP Status-Code=404 (Not Found) for "https://webidetesting-sapperf.hcproxy.neo.ondemand.com/view/Master.view.xml"  	[MsgId: MWAR-26627]
Open_JS_File.c(20): Warning -26627: HTTP Status-Code=404 (Not Found) for "https://webidedev-sapperf.hcproxy.neo.ondemand.com/orion/s2s/file/sapperf$P900272-OrionContent/perftestrep28/GIT/P900272.js?parts=meta"  	[MsgId: MWAR-26627]
Open_JS_File.c(20): web_custom_request("File") highest severity level was "warning", 174 body bytes, 182 header bytes  	[MsgId: MMSG-26388]
Open_JS_File.c(29): Notify: Transaction "Open JS file" ended with "Pass" status (Duration: 1.7302 Wasted Time: 0.0000).	[MsgId: MMSG-16871]
Ending action Open_JS_File.	[MsgId: MMSG-15918]
Ending Vuser...	[MsgId: MMSG-15966]
Ending action Save_JS_File.	[MsgId: MMSG-15918]
RunApplicationPreview_WithMock.c(40): web_url("Master.view.xml") highest severity level was "warning", 915 body bytes, 197 header bytes  	[MsgId: MMSG-26388]
RunApplicationPreview_WithMock.c(48): web_url("Master.controller.js") started  	[MsgId: MMSG-26355]
Starting action vuser_end.	[MsgId: MMSG-15919]
Ending action vuser_end.	[MsgId: MMSG-15918]
Open_JS_File.c(29): Notify: Transaction "Open JS file" ended with "Pass" status (Duration: 1.8784 Wasted Time: 0.0000).	[MsgId: MMSG-16871]
Ending action Open_JS_File.	[MsgId: MMSG-15918]
Vuser Terminated.	[MsgId: MMSG-15963]
Ending Vuser...	[MsgId: MMSG-15966]
Starting action vuser_end.	[MsgId: MMSG-15919]
Ending action vuser_end.	[MsgId: MMSG-15918]
Vuser Terminated.	[MsgId: MMSG-15963]
RunApplicationPreview_WithMock.c(48): Warning -26627: HTTP Status-Code=404 (Not Found) for "https://webidetesting-sapperf.hcproxy.neo.ondemand.com/view/Master.controller.js"  	[MsgId: MWAR-26627]
RunApplicationPreview_WithMock.c(32): Warning -26627: HTTP Status-Code=404 (Not Found) for "https://webidetesting-sapperf.hcproxy.neo.ondemand.com/view/App.controller.js"  	[MsgId: MWAR-26627]
RunApplicationPreview_WithMock.c(32): web_url("App.controller.js") highest severity level was "warning", 915 body bytes, 197 header bytes  	[MsgId: MMSG-26388]
RunApplicationPreview_WithMock.c(48): web_url("Master.controller.js") highest severity level was "warning", 915 body bytes, 197 header bytes  	[MsgId: MMSG-26388]
RunApplicationPreview_WithMock.c(57): Notify: Transaction "RunPreviewAppWithMock" ended with "Fail" status (Duration: 3.1760 Wasted Time: 0.0000).	[MsgId: MMSG-16871]
Ending action RunApplicationPreview_WithMock.	[MsgId: MMSG-15918]
Ending Vuser...	[MsgId: MMSG-15966]
Starting action vuser_end.	[MsgId: MMSG-15919]
Ending action vuser_end.	[MsgId: MMSG-15918]
Vuser Terminated.	[MsgId: MMSG-15963]
RunApplicationPreview_WithMock.c(40): web_url("Master.view.xml") started  	[MsgId: MMSG-26355]
Ending Vuser...	[MsgId: MMSG-15966]
Search_File_Content_7_Files.c(44): Continuing after Error -26627: HTTP Status-Code=404 (Not Found) for "https://webidedev-sapperf.hcproxy.neo.ondemand.com/orion/s2s/file/sapperf$P900266-OrionContent/perftestrep27/localIndex.html?parts=meta"  	[MsgId: MERR-26627]
Open_JS_File.c(11): Warning -26627: HTTP Status-Code=404 (Not Found) for "https://webidedev-sapperf.hcproxy.neo.ondemand.com/orion/s2s/file/sapperf$P900277-OrionContent/perftestrep28/GIT/P900277.js?parts=meta"  	[MsgId: MWAR-26627]
Starting action vuser_end.	[MsgId: MMSG-15919]
Ending action vuser_end.	[MsgId: MMSG-15918]
Search_File_Content_7_Files.c(44): web_url("localIndex.html") highest severity level was "continue on error", 175 body bytes, 182 header bytes  	[MsgId: MMSG-26388]
Open_JS_File.c(11): web_custom_request("File") highest severity level was "warning", 174 body bytes, 182 header bytes  	[MsgId: MMSG-26388]
Open_JS_File.c(20): web_custom_request("File") started  	[MsgId: MMSG-26355]
Search_File_Content_7_Files.c(44): Continuing after error in Vuser script.	[MsgId: MMSG-10678]
Vuser Terminated.	[MsgId: MMSG-15963]
RunApplicationPreview_WithMock.c(32): Warning -26627: HTTP Status-Code=404 (Not Found) for "https://webidetesting-sapperf.hcproxy.neo.ondemand.com/view/App.controller.js"  	[MsgId: MWAR-26627]
RunApplicationPreview_WithMock.c(32): web_url("App.controller.js") highest severity level was "warning", 915 body bytes, 197 header bytes  	[MsgId: MMSG-26388]
RunApplicationPreview_WithMock.c(40): web_url("Master.view.xml") started  	[MsgId: MMSG-26355]
Search_File_Content_7_Files.c(52): web_url("Index.html") started  	[MsgId: MMSG-26355]
Open_JS_File.c(20): Warning -26627: HTTP Status-Code=404 (Not Found) for "https://webidedev-sapperf.hcproxy.neo.ondemand.com/orion/s2s/file/sapperf$P900268-OrionContent/perftestrep27/GIT/P900268.js?parts=meta"  	[MsgId: MWAR-26627]
Open_JS_File.c(20): web_custom_request("File") highest severity level was "warning", 174 body bytes, 182 header bytes  	[MsgId: MMSG-26388]
Open_JS_File.c(29): Notify: Transaction "Open JS file" ended with "Pass" status (Duration: 2.1440 Wasted Time: 0.0000).	[MsgId: MMSG-16871]
Ending action Open_JS_File.	[MsgId: MMSG-15918]
Search_File_Content_7_Files.c(20): Continuing after Error -26627: HTTP Status-Code=404 (Not Found) for "https://webidedev-sapperf.hcproxy.neo.ondemand.com/orion/s2s/file/sapperf$P900275-OrionContent/perftestrep28/i18n/messageBundle_en.properties?parts=meta"  	[MsgId: MERR-26627]
Ending Vuser...	[MsgId: MMSG-15966]
Starting action vuser_end.	[MsgId: MMSG-15919]
Ending action vuser_end.	[MsgId: MMSG-15918]
Vuser Terminated.	[MsgId: MMSG-15963]
Search_File_Content_7_Files.c(20): web_url("messageBundle_en.properties") highest severity level was "continue on error", 192 body bytes, 182 header bytes  	[MsgId: MMSG-26388]
Search_File_Content_7_Files.c(20): Continuing after error in Vuser script.	[MsgId: MMSG-10678]
Search_File_Content_7_Files.c(28): web_url("messageBundle.properties") started  	[MsgId: MMSG-26355]
Search_File_Content_7_Files.c(44): Continuing after Error -26627: HTTP Status-Code=404 (Not Found) for "https://webidedev-sapperf.hcproxy.neo.ondemand.com/orion/s2s/file/sapperf$P900292-OrionContent/perftestrep30/localIndex.html?parts=meta"  	[MsgId: MERR-26627]
Search_File_Content_7_Files.c(44): web_url("localIndex.html") highest severity level was "continue on error", 175 body bytes, 182 header bytes  	[MsgId: MMSG-26388]
Search_File_Content_7_Files.c(44): Continuing after error in Vuser script.	[MsgId: MMSG-10678]
Search_File_Content_7_Files.c(52): web_url("Index.html") started  	[MsgId: MMSG-26355]
RunApplicationPreview_WithMock.c(16): Warning -26627: HTTP Status-Code=404 (Not Found) for "https://webidetesting-sapperf.hcproxy.neo.ondemand.com/Component.js"  	[MsgId: MWAR-26627]
RunApplicationPreview_WithMock.c(16): web_url("Component.js") highest severity level was "warning", 915 body bytes, 197 header bytes  	[MsgId: MMSG-26388]
RunApplicationPreview_WithMock.c(24): web_url("App.view.xml") started  	[MsgId: MMSG-26355]
Save_JS_File.c(25): Continuing after Error -26627: HTTP Status-Code=404 (Not Found) for "https://webidedev-sapperf.hcproxy.neo.ondemand.com/orion/s2s/file/sapperf$P900257-OrionContent/perftestrep26/GIT/P900257.js?parts=meta"  	[MsgId: MERR-26627]
Save_JS_File.c(25): web_url("Save File Read data") highest severity level was "continue on error", 174 body bytes, 182 header bytes  	[MsgId: MMSG-26388]
Save_JS_File.c(25): Continuing after error in Vuser script.	[MsgId: MMSG-10678]
Save_JS_File.c(33): Notify: Transaction "Save File" ended with "Fail" status (Duration: 1.6529 Wasted Time: 0.0000).	[MsgId: MMSG-16871]
Ending action Save_JS_File.	[MsgId: MMSG-15918]
Ending Vuser...	[MsgId: MMSG-15966]
Starting action vuser_end.	[MsgId: MMSG-15919]
Ending action vuser_end.	[MsgId: MMSG-15918]
RunApplicationPreview_WithMock.c(40): Warning -26627: HTTP Status-Code=404 (Not Found) for "https://webidetesting-sapperf.hcproxy.neo.ondemand.com/view/Master.view.xml"  	[MsgId: MWAR-26627]
Vuser Terminated.	[MsgId: MMSG-15963]
RunApplicationPreview_WithMock.c(40): web_url("Master.view.xml") highest severity level was "warning", 915 body bytes, 197 header bytes  	[MsgId: MMSG-26388]
RunApplicationPreview_WithMock.c(48): web_url("Master.controller.js") started  	[MsgId: MMSG-26355]
RunApplicationPreview_WithMock.c(40): Warning -26627: HTTP Status-Code=404 (Not Found) for "https://webidetesting-sapperf.hcproxy.neo.ondemand.com/view/Master.view.xml"  	[MsgId: MWAR-26627]
RunApplicationPreview_WithMock.c(40): web_url("Master.view.xml") highest severity level was "warning", 915 body bytes, 197 header bytes  	[MsgId: MMSG-26388]
RunApplicationPreview_WithMock.c(48): web_url("Master.controller.js") started  	[MsgId: MMSG-26355]
Save_JS_File.c(25): Continuing after Error -26627: HTTP Status-Code=404 (Not Found) for "https://webidedev-sapperf.hcproxy.neo.ondemand.com/orion/s2s/file/sapperf$P900256-OrionContent/perftestrep26/GIT/P900256.js?parts=meta"  	[MsgId: MERR-26627]
Save_JS_File.c(25): web_url("Save File Read data") highest severity level was "continue on error", 174 body bytes, 182 header bytes  	[MsgId: MMSG-26388]
Save_JS_File.c(25): Continuing after error in Vuser script.	[MsgId: MMSG-10678]
Save_JS_File.c(33): Notify: Transaction "Save File" ended with "Fail" status (Duration: 1.8338 Wasted Time: 0.0000).	[MsgId: MMSG-16871]
Ending action Save_JS_File.	[MsgId: MMSG-15918]
Ending Vuser...	[MsgId: MMSG-15966]
Starting action vuser_end.	[MsgId: MMSG-15919]
Ending action vuser_end.	[MsgId: MMSG-15918]
Vuser Terminated.	[MsgId: MMSG-15963]
Search_File_Content_7_Files.c(52): Continuing after Error -26627: HTTP Status-Code=404 (Not Found) for "https://webidedev-sapperf.hcproxy.neo.ondemand.com/orion/s2s/file/sapperf$P900264-OrionContent/perftestrep27/index.html?parts=meta"  	[MsgId: MERR-26627]
Search_File_Content_7_Files.c(52): web_url("Index.html") highest severity level was "continue on error", 170 body bytes, 182 header bytes  	[MsgId: MMSG-26388]
Search_File_Content_7_Files.c(52): Continuing after error in Vuser script.	[MsgId: MMSG-10678]
Search_File_Content_7_Files.c(60): web_url("Component.js") started  	[MsgId: MMSG-26355]
RunApplicationPreview_WithMock.c(24): Warning -26627: HTTP Status-Code=404 (Not Found) for "https://webidetesting-sapperf.hcproxy.neo.ondemand.com/view/App.view.xml"  	[MsgId: MWAR-26627]
RunApplicationPreview_WithMock.c(24): web_url("App.view.xml") highest severity level was "warning", 915 body bytes, 197 header bytes  	[MsgId: MMSG-26388]
RunApplicationPreview_WithMock.c(32): web_url("App.controller.js") started  	[MsgId: MMSG-26355]
RunApplicationPreview_WithMock.c(40): Warning -26627: HTTP Status-Code=404 (Not Found) for "https://webidetesting-sapperf.hcproxy.neo.ondemand.com/view/Master.view.xml"  	[MsgId: MWAR-26627]
RunApplicationPreview_WithMock.c(40): web_url("Master.view.xml") highest severity level was "warning", 915 body bytes, 197 header bytes  	[MsgId: MMSG-26388]
RunApplicationPreview_WithMock.c(48): web_url("Master.controller.js") started  	[MsgId: MMSG-26355]
Save_JS_File.c(25): Continuing after Error -26627: HTTP Status-Code=404 (Not Found) for "https://webidedev-sapperf.hcproxy.neo.ondemand.com/orion/s2s/file/sapperf$P900294-OrionContent/perftestrep30/GIT/P900294.js?parts=meta"  	[MsgId: MERR-26627]
RunApplicationPreview_WithMock.c(32): Warning -26627: HTTP Status-Code=404 (Not Found) for "https://webidetesting-sapperf.hcproxy.neo.ondemand.com/view/App.controller.js"  	[MsgId: MWAR-26627]
RunApplicationPreview_WithMock.c(32): web_url("App.controller.js") highest severity level was "warning", 915 body bytes, 197 header bytes  	[MsgId: MMSG-26388]
RunApplicationPreview_WithMock.c(40): web_url("Master.view.xml") started  	[MsgId: MMSG-26355]
RunApplicationPreview_WithMock.c(24): Warning -26627: HTTP Status-Code=404 (Not Found) for "https://webidetesting-sapperf.hcproxy.neo.ondemand.com/view/App.view.xml"  	[MsgId: MWAR-26627]
Save_JS_File.c(25): Continuing after Error -26627: HTTP Status-Code=404 (Not Found) for "https://webidedev-sapperf.hcproxy.neo.ondemand.com/orion/s2s/file/sapperf$P900290-OrionContent/perftestrep29/GIT/P900290.js?parts=meta"  	[MsgId: MERR-26627]
Save_JS_File.c(25): web_url("Save File Read data") highest severity level was "continue on error", 174 body bytes, 182 header bytes  	[MsgId: MMSG-26388]
Save_JS_File.c(25): Continuing after error in Vuser script.	[MsgId: MMSG-10678]
Save_JS_File.c(33): Notify: Transaction "Save File" ended with "Fail" status (Duration: 1.9277 Wasted Time: 0.0000).	[MsgId: MMSG-16871]
Ending action Save_JS_File.	[MsgId: MMSG-15918]
Ending Vuser...	[MsgId: MMSG-15966]
Starting action vuser_end.	[MsgId: MMSG-15919]
Ending action vuser_end.	[MsgId: MMSG-15918]
Vuser Terminated.	[MsgId: MMSG-15963]
Search_File_Content_7_Files.c(36): Continuing after Error -26627: HTTP Status-Code=404 (Not Found) for "https://webidedev-sapperf.hcproxy.neo.ondemand.com/orion/s2s/file/sapperf$P900269-OrionContent/perftestrep27/mock_preview_sapui5.html?parts=meta"  	[MsgId: MERR-26627]
Search_File_Content_7_Files.c(36): web_url("mock_preview_sapui5.html") highest severity level was "continue on error", 184 body bytes, 182 header bytes  	[MsgId: MMSG-26388]
Search_File_Content_7_Files.c(36): Continuing after error in Vuser script.	[MsgId: MMSG-10678]
RunApplicationPreview_WithMock.c(24): web_url("App.view.xml") highest severity level was "warning", 915 body bytes, 197 header bytes  	[MsgId: MMSG-26388]
Save_JS_File.c(25): web_url("Save File Read data") highest severity level was "continue on error", 174 body bytes, 182 header bytes  	[MsgId: MMSG-26388]
Save_JS_File.c(25): Continuing after error in Vuser script.	[MsgId: MMSG-10678]
RunApplicationPreview_WithMock.c(32): web_url("App.controller.js") started  	[MsgId: MMSG-26355]
RunApplicationPreview_WithMock.c(48): Warning -26627: HTTP Status-Code=404 (Not Found) for "https://webidetesting-sapperf.hcproxy.neo.ondemand.com/view/Master.controller.js"  	[MsgId: MWAR-26627]
RunApplicationPreview_WithMock.c(48): web_url("Master.controller.js") highest severity level was "warning", 915 body bytes, 197 header bytes  	[MsgId: MMSG-26388]
RunApplicationPreview_WithMock.c(57): Notify: Transaction "RunPreviewAppWithMock" ended with "Fail" status (Duration: 3.1654 Wasted Time: 0.0000).	[MsgId: MMSG-16871]
Save_JS_File.c(33): Notify: Transaction "Save File" ended with "Fail" status (Duration: 1.7787 Wasted Time: 0.0000).	[MsgId: MMSG-16871]
Search_File_Content_7_Files.c(44): web_url("localIndex.html") started  	[MsgId: MMSG-26355]
Ending action RunApplicationPreview_WithMock.	[MsgId: MMSG-15918]
Ending action Save_JS_File.	[MsgId: MMSG-15918]
Ending Vuser...	[MsgId: MMSG-15966]
Starting action vuser_end.	[MsgId: MMSG-15919]
Ending Vuser...	[MsgId: MMSG-15966]
Ending action vuser_end.	[MsgId: MMSG-15918]
Vuser Terminated.	[MsgId: MMSG-15963]
Starting action vuser_end.	[MsgId: MMSG-15919]
Ending action vuser_end.	[MsgId: MMSG-15918]
Vuser Terminated.	[MsgId: MMSG-15963]
RunApplicationPreview_WithMock.c(40): Warning -26627: HTTP Status-Code=404 (Not Found) for "https://webidetesting-sapperf.hcproxy.neo.ondemand.com/view/Master.view.xml"  	[MsgId: MWAR-26627]
RunApplicationPreview_WithMock.c(40): web_url("Master.view.xml") highest severity level was "warning", 915 body bytes, 197 header bytes  	[MsgId: MMSG-26388]
RunApplicationPreview_WithMock.c(48): web_url("Master.controller.js") started  	[MsgId: MMSG-26355]
Open_JS_File.c(20): Warning -26627: HTTP Status-Code=404 (Not Found) for "https://webidedev-sapperf.hcproxy.neo.ondemand.com/orion/s2s/file/sapperf$P900277-OrionContent/perftestrep28/GIT/P900277.js?parts=meta"  	[MsgId: MWAR-26627]
Open_JS_File.c(20): web_custom_request("File") highest severity level was "warning", 174 body bytes, 182 header bytes  	[MsgId: MMSG-26388]
Open_JS_File.c(29): Notify: Transaction "Open JS file" ended with "Pass" status (Duration: 1.8183 Wasted Time: 0.0000).	[MsgId: MMSG-16871]
Ending action Open_JS_File.	[MsgId: MMSG-15918]
Ending Vuser...	[MsgId: MMSG-15966]
Starting action vuser_end.	[MsgId: MMSG-15919]
Ending action vuser_end.	[MsgId: MMSG-15918]
Vuser Terminated.	[MsgId: MMSG-15963]
RunApplicationPreview_WithMock.c(40): Warning -26627: HTTP Status-Code=404 (Not Found) for "https://webidetesting-sapperf.hcproxy.neo.ondemand.com/view/Master.view.xml"  	[MsgId: MWAR-26627]
RunApplicationPreview_WithMock.c(40): web_url("Master.view.xml") highest severity level was "warning", 915 body bytes, 197 header bytes  	[MsgId: MMSG-26388]
RunApplicationPreview_WithMock.c(48): web_url("Master.controller.js") started  	[MsgId: MMSG-26355]
Search_File_Content_7_Files.c(52): Continuing after Error -26627: HTTP Status-Code=404 (Not Found) for "https://webidedev-sapperf.hcproxy.neo.ondemand.com/orion/s2s/file/sapperf$P900266-OrionContent/perftestrep27/index.html?parts=meta"  	[MsgId: MERR-26627]
Search_File_Content_7_Files.c(52): web_url("Index.html") highest severity level was "continue on error", 170 body bytes, 182 header bytes  	[MsgId: MMSG-26388]
Search_File_Content_7_Files.c(52): Continuing after error in Vuser script.	[MsgId: MMSG-10678]
Search_File_Content_7_Files.c(60): web_url("Component.js") started  	[MsgId: MMSG-26355]
Search_File_Content_7_Files.c(28): Continuing after Error -26627: HTTP Status-Code=404 (Not Found) for "https://webidedev-sapperf.hcproxy.neo.ondemand.com/orion/s2s/file/sapperf$P900275-OrionContent/perftestrep28/i18n/messageBundle.properties?parts=meta"  	[MsgId: MERR-26627]
Search_File_Content_7_Files.c(52): Continuing after Error -26627: HTTP Status-Code=404 (Not Found) for "https://webidedev-sapperf.hcproxy.neo.ondemand.com/orion/s2s/file/sapperf$P900292-OrionContent/perftestrep30/index.html?parts=meta"  	[MsgId: MERR-26627]
Search_File_Content_7_Files.c(28): web_url("messageBundle.properties") highest severity level was "continue on error", 189 body bytes, 182 header bytes  	[MsgId: MMSG-26388]
Search_File_Content_7_Files.c(52): web_url("Index.html") highest severity level was "continue on error", 170 body bytes, 182 header bytes  	[MsgId: MMSG-26388]
Search_File_Content_7_Files.c(28): Continuing after error in Vuser script.	[MsgId: MMSG-10678]
Search_File_Content_7_Files.c(52): Continuing after error in Vuser script.	[MsgId: MMSG-10678]
Search_File_Content_7_Files.c(60): web_url("Component.js") started  	[MsgId: MMSG-26355]
Search_File_Content_7_Files.c(36): web_url("mock_preview_sapui5.html") started  	[MsgId: MMSG-26355]
RunApplicationPreview_WithMock.c(24): Warning -26627: HTTP Status-Code=404 (Not Found) for "https://webidetesting-sapperf.hcproxy.neo.ondemand.com/view/App.view.xml"  	[MsgId: MWAR-26627]
RunApplicationPreview_WithMock.c(24): web_url("App.view.xml") highest severity level was "warning", 915 body bytes, 197 header bytes  	[MsgId: MMSG-26388]
RunApplicationPreview_WithMock.c(32): web_url("App.controller.js") started  	[MsgId: MMSG-26355]
RunApplicationPreview_WithMock.c(48): Warning -26627: HTTP Status-Code=404 (Not Found) for "https://webidetesting-sapperf.hcproxy.neo.ondemand.com/view/Master.controller.js"  	[MsgId: MWAR-26627]
RunApplicationPreview_WithMock.c(48): web_url("Master.controller.js") highest severity level was "warning", 915 body bytes, 197 header bytes  	[MsgId: MMSG-26388]
RunApplicationPreview_WithMock.c(57): Notify: Transaction "RunPreviewAppWithMock" ended with "Fail" status (Duration: 3.1678 Wasted Time: 0.0000).	[MsgId: MMSG-16871]
Ending action RunApplicationPreview_WithMock.	[MsgId: MMSG-15918]
Ending Vuser...	[MsgId: MMSG-15966]
Starting action vuser_end.	[MsgId: MMSG-15919]
Ending action vuser_end.	[MsgId: MMSG-15918]
Vuser Terminated.	[MsgId: MMSG-15963]
RunApplicationPreview_WithMock.c(48): Warning -26627: HTTP Status-Code=404 (Not Found) for "https://webidetesting-sapperf.hcproxy.neo.ondemand.com/view/Master.controller.js"  	[MsgId: MWAR-26627]
RunApplicationPreview_WithMock.c(48): web_url("Master.controller.js") highest severity level was "warning", 915 body bytes, 197 header bytes  	[MsgId: MMSG-26388]
RunApplicationPreview_WithMock.c(57): Notify: Transaction "RunPreviewAppWithMock" ended with "Fail" status (Duration: 6.3516 Wasted Time: 0.0000).	[MsgId: MMSG-16871]
Ending action RunApplicationPreview_WithMock.	[MsgId: MMSG-15918]
Ending Vuser...	[MsgId: MMSG-15966]
Starting action vuser_end.	[MsgId: MMSG-15919]
Ending action vuser_end.	[MsgId: MMSG-15918]
Vuser Terminated.	[MsgId: MMSG-15963]
RunApplicationPreview_WithMock.c(32): Warning -26627: HTTP Status-Code=404 (Not Found) for "https://webidetesting-sapperf.hcproxy.neo.ondemand.com/view/App.controller.js"  	[MsgId: MWAR-26627]
RunApplicationPreview_WithMock.c(32): web_url("App.controller.js") highest severity level was "warning", 915 body bytes, 197 header bytes  	[MsgId: MMSG-26388]
Search_File_Content_7_Files.c(60): Continuing after Error -26627: HTTP Status-Code=404 (Not Found) for "https://webidedev-sapperf.hcproxy.neo.ondemand.com/orion/s2s/file/sapperf$P900264-OrionContent/perftestrep27/Component.js?parts=meta"  	[MsgId: MERR-26627]
RunApplicationPreview_WithMock.c(40): web_url("Master.view.xml") started  	[MsgId: MMSG-26355]
Search_File_Content_7_Files.c(60): web_url("Component.js") highest severity level was "continue on error", 172 body bytes, 182 header bytes  	[MsgId: MMSG-26388]
Search_File_Content_7_Files.c(60): Continuing after error in Vuser script.	[MsgId: MMSG-10678]
Search_File_Content_7_Files.c(68): Notify: Transaction "Search file content - 7 files" ended with "Fail" status (Duration: 3.7353 Wasted Time: 0.0000).	[MsgId: MMSG-16871]
Ending action Search_File_Content_7_Files.	[MsgId: MMSG-15918]
Ending Vuser...	[MsgId: MMSG-15966]
Starting action vuser_end.	[MsgId: MMSG-15919]
Ending action vuser_end.	[MsgId: MMSG-15918]
Vuser Terminated.	[MsgId: MMSG-15963]
RunApplicationPreview_WithMock.c(48): Warning -26627: HTTP Status-Code=404 (Not Found) for "https://webidetesting-sapperf.hcproxy.neo.ondemand.com/view/Master.controller.js"  	[MsgId: MWAR-26627]
RunApplicationPreview_WithMock.c(40): Warning -26627: HTTP Status-Code=404 (Not Found) for "https://webidetesting-sapperf.hcproxy.neo.ondemand.com/view/Master.view.xml"  	[MsgId: MWAR-26627]
RunApplicationPreview_WithMock.c(40): web_url("Master.view.xml") highest severity level was "warning", 915 body bytes, 197 header bytes  	[MsgId: MMSG-26388]
RunApplicationPreview_WithMock.c(48): web_url("Master.controller.js") highest severity level was "warning", 915 body bytes, 197 header bytes  	[MsgId: MMSG-26388]
RunApplicationPreview_WithMock.c(48): web_url("Master.controller.js") started  	[MsgId: MMSG-26355]
RunApplicationPreview_WithMock.c(57): Notify: Transaction "RunPreviewAppWithMock" ended with "Fail" status (Duration: 3.2104 Wasted Time: 0.0000).	[MsgId: MMSG-16871]
Ending action RunApplicationPreview_WithMock.	[MsgId: MMSG-15918]
Ending Vuser...	[MsgId: MMSG-15966]
RunApplicationPreview_WithMock.c(32): Warning -26627: HTTP Status-Code=404 (Not Found) for "https://webidetesting-sapperf.hcproxy.neo.ondemand.com/view/App.controller.js"  	[MsgId: MWAR-26627]
Starting action vuser_end.	[MsgId: MMSG-15919]
Ending action vuser_end.	[MsgId: MMSG-15918]
Search_File_Content_7_Files.c(44): Continuing after Error -26627: HTTP Status-Code=404 (Not Found) for "https://webidedev-sapperf.hcproxy.neo.ondemand.com/orion/s2s/file/sapperf$P900269-OrionContent/perftestrep27/localIndex.html?parts=meta"  	[MsgId: MERR-26627]
Vuser Terminated.	[MsgId: MMSG-15963]
RunApplicationPreview_WithMock.c(32): web_url("App.controller.js") highest severity level was "warning", 915 body bytes, 197 header bytes  	[MsgId: MMSG-26388]
Search_File_Content_7_Files.c(44): web_url("localIndex.html") highest severity level was "continue on error", 175 body bytes, 182 header bytes  	[MsgId: MMSG-26388]
Search_File_Content_7_Files.c(44): Continuing after error in Vuser script.	[MsgId: MMSG-10678]
Search_File_Content_7_Files.c(52): web_url("Index.html") started  	[MsgId: MMSG-26355]
RunApplicationPreview_WithMock.c(40): web_url("Master.view.xml") started  	[MsgId: MMSG-26355]
RunApplicationPreview_WithMock.c(48): Warning -26627: HTTP Status-Code=404 (Not Found) for "https://webidetesting-sapperf.hcproxy.neo.ondemand.com/view/Master.controller.js"  	[MsgId: MWAR-26627]
RunApplicationPreview_WithMock.c(48): web_url("Master.controller.js") highest severity level was "warning", 915 body bytes, 197 header bytes  	[MsgId: MMSG-26388]
RunApplicationPreview_WithMock.c(57): Notify: Transaction "RunPreviewAppWithMock" ended with "Fail" status (Duration: 3.3999 Wasted Time: 0.0000).	[MsgId: MMSG-16871]
Ending action RunApplicationPreview_WithMock.	[MsgId: MMSG-15918]
Ending Vuser...	[MsgId: MMSG-15966]
Starting action vuser_end.	[MsgId: MMSG-15919]
Ending action vuser_end.	[MsgId: MMSG-15918]
Vuser Terminated.	[MsgId: MMSG-15963]
RunApplicationPreview_WithMock.c(48): Warning -26627: HTTP Status-Code=404 (Not Found) for "https://webidetesting-sapperf.hcproxy.neo.ondemand.com/view/Master.controller.js"  	[MsgId: MWAR-26627]
RunApplicationPreview_WithMock.c(48): web_url("Master.controller.js") highest severity level was "warning", 915 body bytes, 197 header bytes  	[MsgId: MMSG-26388]
RunApplicationPreview_WithMock.c(57): Notify: Transaction "RunPreviewAppWithMock" ended with "Fail" status (Duration: 3.3669 Wasted Time: 0.0000).	[MsgId: MMSG-16871]
Ending action RunApplicationPreview_WithMock.	[MsgId: MMSG-15918]
Ending Vuser...	[MsgId: MMSG-15966]
Starting action vuser_end.	[MsgId: MMSG-15919]
Ending action vuser_end.	[MsgId: MMSG-15918]
Vuser Terminated.	[MsgId: MMSG-15963]
Search_File_Content_7_Files.c(60): Continuing after Error -26627: HTTP Status-Code=404 (Not Found) for "https://webidedev-sapperf.hcproxy.neo.ondemand.com/orion/s2s/file/sapperf$P900266-OrionContent/perftestrep27/Component.js?parts=meta"  	[MsgId: MERR-26627]
Search_File_Content_7_Files.c(60): web_url("Component.js") highest severity level was "continue on error", 172 body bytes, 182 header bytes  	[MsgId: MMSG-26388]
Search_File_Content_7_Files.c(60): Continuing after error in Vuser script.	[MsgId: MMSG-10678]
Search_File_Content_7_Files.c(68): Notify: Transaction "Search file content - 7 files" ended with "Fail" status (Duration: 4.2077 Wasted Time: 0.0000).	[MsgId: MMSG-16871]
Ending action Search_File_Content_7_Files.	[MsgId: MMSG-15918]
Ending Vuser...	[MsgId: MMSG-15966]
Starting action vuser_end.	[MsgId: MMSG-15919]
Ending action vuser_end.	[MsgId: MMSG-15918]
Vuser Terminated.	[MsgId: MMSG-15963]
Search_File_Content_7_Files.c(36): Continuing after Error -26627: HTTP Status-Code=404 (Not Found) for "https://webidedev-sapperf.hcproxy.neo.ondemand.com/orion/s2s/file/sapperf$P900275-OrionContent/perftestrep28/mock_preview_sapui5.html?parts=meta"  	[MsgId: MERR-26627]
Search_File_Content_7_Files.c(60): Continuing after Error -26627: HTTP Status-Code=404 (Not Found) for "https://webidedev-sapperf.hcproxy.neo.ondemand.com/orion/s2s/file/sapperf$P900292-OrionContent/perftestrep30/Component.js?parts=meta"  	[MsgId: MERR-26627]
Search_File_Content_7_Files.c(60): web_url("Component.js") highest severity level was "continue on error", 172 body bytes, 182 header bytes  	[MsgId: MMSG-26388]
Search_File_Content_7_Files.c(60): Continuing after error in Vuser script.	[MsgId: MMSG-10678]
Search_File_Content_7_Files.c(36): web_url("mock_preview_sapui5.html") highest severity level was "continue on error", 184 body bytes, 182 header bytes  	[MsgId: MMSG-26388]
Search_File_Content_7_Files.c(36): Continuing after error in Vuser script.	[MsgId: MMSG-10678]
Search_File_Content_7_Files.c(44): web_url("localIndex.html") started  	[MsgId: MMSG-26355]
Search_File_Content_7_Files.c(68): Notify: Transaction "Search file content - 7 files" ended with "Fail" status (Duration: 3.8504 Wasted Time: 0.0000).	[MsgId: MMSG-16871]
Ending action Search_File_Content_7_Files.	[MsgId: MMSG-15918]
Ending Vuser...	[MsgId: MMSG-15966]
Starting action vuser_end.	[MsgId: MMSG-15919]
Ending action vuser_end.	[MsgId: MMSG-15918]
Vuser Terminated.	[MsgId: MMSG-15963]
RunApplicationPreview_WithMock.c(32): Warning -26627: HTTP Status-Code=404 (Not Found) for "https://webidetesting-sapperf.hcproxy.neo.ondemand.com/view/App.controller.js"  	[MsgId: MWAR-26627]
RunApplicationPreview_WithMock.c(32): web_url("App.controller.js") highest severity level was "warning", 915 body bytes, 197 header bytes  	[MsgId: MMSG-26388]
RunApplicationPreview_WithMock.c(40): web_url("Master.view.xml") started  	[MsgId: MMSG-26355]
RunApplicationPreview_WithMock.c(40): Warning -26627: HTTP Status-Code=404 (Not Found) for "https://webidetesting-sapperf.hcproxy.neo.ondemand.com/view/Master.view.xml"  	[MsgId: MWAR-26627]
RunApplicationPreview_WithMock.c(40): web_url("Master.view.xml") highest severity level was "warning", 915 body bytes, 197 header bytes  	[MsgId: MMSG-26388]
RunApplicationPreview_WithMock.c(48): web_url("Master.controller.js") started  	[MsgId: MMSG-26355]
Open_JS_File.c(11): Warning -26627: HTTP Status-Code=404 (Not Found) for "https://webidedev-sapperf.hcproxy.neo.ondemand.com/orion/s2s/file/sapperf$P900288-OrionContent/perftestrep29/GIT/P900288.js?parts=meta"  	[MsgId: MWAR-26627]
Open_JS_File.c(11): web_custom_request("File") highest severity level was "warning", 174 body bytes, 182 header bytes  	[MsgId: MMSG-26388]
Open_JS_File.c(20): web_custom_request("File") started  	[MsgId: MMSG-26355]
RunApplicationPreview_WithMock.c(48): Warning -26627: HTTP Status-Code=404 (Not Found) for "https://webidetesting-sapperf.hcproxy.neo.ondemand.com/view/Master.controller.js"  	[MsgId: MWAR-26627]
RunApplicationPreview_WithMock.c(48): web_url("Master.controller.js") highest severity level was "warning", 915 body bytes, 197 header bytes  	[MsgId: MMSG-26388]
RunApplicationPreview_WithMock.c(57): Notify: Transaction "RunPreviewAppWithMock" ended with "Fail" status (Duration: 3.5324 Wasted Time: 0.0000).	[MsgId: MMSG-16871]
Ending action RunApplicationPreview_WithMock.	[MsgId: MMSG-15918]
Ending Vuser...	[MsgId: MMSG-15966]
Starting action vuser_end.	[MsgId: MMSG-15919]
Ending action vuser_end.	[MsgId: MMSG-15918]
Vuser Terminated.	[MsgId: MMSG-15963]
RunApplicationPreview_WithMock.c(40): Warning -26627: HTTP Status-Code=404 (Not Found) for "https://webidetesting-sapperf.hcproxy.neo.ondemand.com/view/Master.view.xml"  	[MsgId: MWAR-26627]
RunApplicationPreview_WithMock.c(40): web_url("Master.view.xml") highest severity level was "warning", 915 body bytes, 197 header bytes  	[MsgId: MMSG-26388]
RunApplicationPreview_WithMock.c(48): web_url("Master.controller.js") started  	[MsgId: MMSG-26355]
Search_File_Content_7_Files.c(52): Continuing after Error -26627: HTTP Status-Code=404 (Not Found) for "https://webidedev-sapperf.hcproxy.neo.ondemand.com/orion/s2s/file/sapperf$P900269-OrionContent/perftestrep27/index.html?parts=meta"  	[MsgId: MERR-26627]
Search_File_Content_7_Files.c(52): web_url("Index.html") highest severity level was "continue on error", 170 body bytes, 182 header bytes  	[MsgId: MMSG-26388]
Search_File_Content_7_Files.c(52): Continuing after error in Vuser script.	[MsgId: MMSG-10678]
Search_File_Content_7_Files.c(60): web_url("Component.js") started  	[MsgId: MMSG-26355]
Search_File_Content_7_Files.c(44): Continuing after Error -26627: HTTP Status-Code=404 (Not Found) for "https://webidedev-sapperf.hcproxy.neo.ondemand.com/orion/s2s/file/sapperf$P900275-OrionContent/perftestrep28/localIndex.html?parts=meta"  	[MsgId: MERR-26627]
Search_File_Content_7_Files.c(44): web_url("localIndex.html") highest severity level was "continue on error", 175 body bytes, 182 header bytes  	[MsgId: MMSG-26388]
Search_File_Content_7_Files.c(44): Continuing after error in Vuser script.	[MsgId: MMSG-10678]
Search_File_Content_7_Files.c(52): web_url("Index.html") started  	[MsgId: MMSG-26355]
RunApplicationPreview_WithMock.c(40): Warning -26627: HTTP Status-Code=404 (Not Found) for "https://webidetesting-sapperf.hcproxy.neo.ondemand.com/view/Master.view.xml"  	[MsgId: MWAR-26627]
RunApplicationPreview_WithMock.c(40): web_url("Master.view.xml") highest severity level was "warning", 915 body bytes, 197 header bytes  	[MsgId: MMSG-26388]
RunApplicationPreview_WithMock.c(48): web_url("Master.controller.js") started  	[MsgId: MMSG-26355]
RunApplicationPreview_WithMock.c(48): Warning -26627: HTTP Status-Code=404 (Not Found) for "https://webidetesting-sapperf.hcproxy.neo.ondemand.com/view/Master.controller.js"  	[MsgId: MWAR-26627]
RunApplicationPreview_WithMock.c(48): web_url("Master.controller.js") highest severity level was "warning", 915 body bytes, 197 header bytes  	[MsgId: MMSG-26388]
RunApplicationPreview_WithMock.c(57): Notify: Transaction "RunPreviewAppWithMock" ended with "Fail" status (Duration: 3.2860 Wasted Time: 0.0000).	[MsgId: MMSG-16871]
Ending action RunApplicationPreview_WithMock.	[MsgId: MMSG-15918]
Ending Vuser...	[MsgId: MMSG-15966]
Starting action vuser_end.	[MsgId: MMSG-15919]
Ending action vuser_end.	[MsgId: MMSG-15918]
Vuser Terminated.	[MsgId: MMSG-15963]
Open_JS_File.c(20): Warning -26627: HTTP Status-Code=404 (Not Found) for "https://webidedev-sapperf.hcproxy.neo.ondemand.com/orion/s2s/file/sapperf$P900288-OrionContent/perftestrep29/GIT/P900288.js?parts=meta"  	[MsgId: MWAR-26627]
Open_JS_File.c(20): web_custom_request("File") highest severity level was "warning", 174 body bytes, 182 header bytes  	[MsgId: MMSG-26388]
Open_JS_File.c(29): Notify: Transaction "Open JS file" ended with "Pass" status (Duration: 4.3660 Wasted Time: 0.0000).	[MsgId: MMSG-16871]
Ending action Open_JS_File.	[MsgId: MMSG-15918]
Ending Vuser...	[MsgId: MMSG-15966]
Starting action vuser_end.	[MsgId: MMSG-15919]
Ending action vuser_end.	[MsgId: MMSG-15918]
Vuser Terminated.	[MsgId: MMSG-15963]
RunApplicationPreview_WithMock.c(48): Warning -26627: HTTP Status-Code=404 (Not Found) for "https://webidetesting-sapperf.hcproxy.neo.ondemand.com/view/Master.controller.js"  	[MsgId: MWAR-26627]
RunApplicationPreview_WithMock.c(48): web_url("Master.controller.js") highest severity level was "warning", 915 body bytes, 197 header bytes  	[MsgId: MMSG-26388]
RunApplicationPreview_WithMock.c(57): Notify: Transaction "RunPreviewAppWithMock" ended with "Fail" status (Duration: 3.3328 Wasted Time: 0.0000).	[MsgId: MMSG-16871]
Ending action RunApplicationPreview_WithMock.	[MsgId: MMSG-15918]
Ending Vuser...	[MsgId: MMSG-15966]
Starting action vuser_end.	[MsgId: MMSG-15919]
Ending action vuser_end.	[MsgId: MMSG-15918]
Vuser Terminated.	[MsgId: MMSG-15963]
Search_File_Content_7_Files.c(60): Continuing after Error -26627: HTTP Status-Code=404 (Not Found) for "https://webidedev-sapperf.hcproxy.neo.ondemand.com/orion/s2s/file/sapperf$P900269-OrionContent/perftestrep27/Component.js?parts=meta"  	[MsgId: MERR-26627]
Search_File_Content_7_Files.c(60): web_url("Component.js") highest severity level was "continue on error", 172 body bytes, 182 header bytes  	[MsgId: MMSG-26388]
Search_File_Content_7_Files.c(60): Continuing after error in Vuser script.	[MsgId: MMSG-10678]
Search_File_Content_7_Files.c(68): Notify: Transaction "Search file content - 7 files" ended with "Fail" status (Duration: 4.0013 Wasted Time: 0.0000).	[MsgId: MMSG-16871]
Ending action Search_File_Content_7_Files.	[MsgId: MMSG-15918]
Ending Vuser...	[MsgId: MMSG-15966]
Starting action vuser_end.	[MsgId: MMSG-15919]
Ending action vuser_end.	[MsgId: MMSG-15918]
Vuser Terminated.	[MsgId: MMSG-15963]
Search_File_Content_7_Files.c(52): Continuing after Error -26627: HTTP Status-Code=404 (Not Found) for "https://webidedev-sapperf.hcproxy.neo.ondemand.com/orion/s2s/file/sapperf$P900275-OrionContent/perftestrep28/index.html?parts=meta"  	[MsgId: MERR-26627]
Search_File_Content_7_Files.c(52): web_url("Index.html") highest severity level was "continue on error", 170 body bytes, 182 header bytes  	[MsgId: MMSG-26388]
Search_File_Content_7_Files.c(52): Continuing after error in Vuser script.	[MsgId: MMSG-10678]
Search_File_Content_7_Files.c(60): web_url("Component.js") started  	[MsgId: MMSG-26355]
RunApplicationPreview_WithMock.c(48): Warning -26627: HTTP Status-Code=404 (Not Found) for "https://webidetesting-sapperf.hcproxy.neo.ondemand.com/view/Master.controller.js"  	[MsgId: MWAR-26627]
RunApplicationPreview_WithMock.c(48): web_url("Master.controller.js") highest severity level was "warning", 915 body bytes, 197 header bytes  	[MsgId: MMSG-26388]
RunApplicationPreview_WithMock.c(57): Notify: Transaction "RunPreviewAppWithMock" ended with "Fail" status (Duration: 3.3334 Wasted Time: 0.0000).	[MsgId: MMSG-16871]
Ending action RunApplicationPreview_WithMock.	[MsgId: MMSG-15918]
Ending Vuser...	[MsgId: MMSG-15966]
Starting action vuser_end.	[MsgId: MMSG-15919]
Ending action vuser_end.	[MsgId: MMSG-15918]
Vuser Terminated.	[MsgId: MMSG-15963]
Search_File_Content_7_Files.c(60): Continuing after Error -26627: HTTP Status-Code=404 (Not Found) for "https://webidedev-sapperf.hcproxy.neo.ondemand.com/orion/s2s/file/sapperf$P900275-OrionContent/perftestrep28/Component.js?parts=meta"  	[MsgId: MERR-26627]
Search_File_Content_7_Files.c(60): web_url("Component.js") highest severity level was "continue on error", 172 body bytes, 182 header bytes  	[MsgId: MMSG-26388]
Search_File_Content_7_Files.c(60): Continuing after error in Vuser script.	[MsgId: MMSG-10678]
Search_File_Content_7_Files.c(68): Notify: Transaction "Search file content - 7 files" ended with "Fail" status (Duration: 3.8645 Wasted Time: 0.0000).	[MsgId: MMSG-16871]
Ending action Search_File_Content_7_Files.	[MsgId: MMSG-15918]
Ending Vuser...	[MsgId: MMSG-15966]
Starting action vuser_end.	[MsgId: MMSG-15919]
Ending action vuser_end.	[MsgId: MMSG-15918]
Vuser Terminated.	[MsgId: MMSG-15963]
