 Logged in with user[P710777]
 Logged in with user[P710600]
Start auto log messages stack - Iteration 2.	[MsgId: MMSG-10545]
LSP_Start.c(11): Registered web_reg_find successful for "Text=Language server start triggered" (count=1)  	[MsgId: MMSG-26364]
LSP_Start.c(11): web_custom_request("start") was successful, 31 body bytes, 241 header bytes  	[MsgId: MMSG-26386]
LSP_Start.c(27): Notify: Transaction "LSP_POLL_Task" started.	[MsgId: MMSG-16999]
LSP_Start.c(28): web_reg_save_param started  	[MsgId: MMSG-26355]
LSP_Start.c(28): Registering web_reg_save_param was successful  	[MsgId: MMSG-26390]
LSP_Start.c(29): web_reg_find started  	[MsgId: MMSG-26355]
LSP_Start.c(29): Registering web_reg_find was successful  	[MsgId: MMSG-26390]
LSP_Start.c(30): web_url("Poll Task") started  	[MsgId: MMSG-26355]
LSP_Start.c(30): Continuing after Error -26377: No match found for the requested parameter "LSP_START_STATUS". Either the specified boundaries were not found in the response or the matched text is longer than current max html parameter size of 50000 bytes. The total length of the response is 0 bytes. You can use "web_set_max_html_param_len" to increase the max parameter size.  	[MsgId: MERR-26377]
End auto log messages stack.	[MsgId: MMSG-10544]


Start auto log messages stack - Iteration 2.	[MsgId: MMSG-10545]
LSP_Start.c(30): Registered web_reg_find successful for "Text=200" (count=1)  	[MsgId: MMSG-26364]
LSP_Start.c(30): Continuing after Error -26374: The above "not found" error(s) may be explained by header and body byte counts being 225 and 0, respectively.  	[MsgId: MERR-26374]
End auto log messages stack.	[MsgId: MMSG-10544]


Start auto log messages stack - Iteration 2.	[MsgId: MMSG-10545]
Ending action LSP_Start.	[MsgId: MMSG-15918]
Starting action LSP_delete.	[MsgId: MMSG-15919]
LSP_delete.c(3): Notify: Transaction "LSP_delete" started.	[MsgId: MMSG-16999]
LSP_delete.c(4): web_add_header("X-CSRF-Token") started  	[MsgId: MMSG-26355]
LSP_delete.c(4): web_add_header("X-CSRF-Token") was successful  	[MsgId: MMSG-26392]
LSP_delete.c(5): web_reg_find started  	[MsgId: MMSG-26355]
LSP_delete.c(5): Registering web_reg_find was successful  	[MsgId: MMSG-26390]
LSP_delete.c(6): web_reg_find started  	[MsgId: MMSG-26355]
LSP_delete.c(6): Registering web_reg_find was successful  	[MsgId: MMSG-26390]
LSP_delete.c(9): web_custom_request("delete") started  	[MsgId: MMSG-26355]
LSP_delete.c(9): Continuing after Error -26612: HTTP Status-Code=500 (Internal Server Error) for "https://diperf1-wf1f52214.dispatcher.int.sap.hana.ondemand.com/di/lsp/delete?workspaceId=workspacen7ahdx1lm7we8g3a"  	[MsgId: MERR-26612]
LSP_delete.c(9): Continuing after Error -26366: "Text=200" not found for web_reg_find  	[MsgId: MERR-26366]
LSP_delete.c(9): Continuing after Error -26366: "Text=Language server deleted" not found for web_reg_find  	[MsgId: MERR-26366]
End auto log messages stack.	[MsgId: MMSG-10544]


Start auto log messages stack - Iteration 2.	[MsgId: MMSG-10545]
LSP_Start.c(11): Registered web_reg_find successful for "Text=Language server start triggered" (count=1)  	[MsgId: MMSG-26364]
LSP_Start.c(11): web_custom_request("start") was successful, 31 body bytes, 241 header bytes  	[MsgId: MMSG-26386]
LSP_Start.c(27): Notify: Transaction "LSP_POLL_Task" started.	[MsgId: MMSG-16999]
LSP_Start.c(28): web_reg_save_param started  	[MsgId: MMSG-26355]
LSP_Start.c(28): Registering web_reg_save_param was successful  	[MsgId: MMSG-26390]
LSP_Start.c(29): web_reg_find started  	[MsgId: MMSG-26355]
LSP_Start.c(29): Registering web_reg_find was successful  	[MsgId: MMSG-26390]
LSP_Start.c(30): web_url("Poll Task") started  	[MsgId: MMSG-26355]
LSP_Start.c(30): Continuing after Error -26377: No match found for the requested parameter "LSP_START_STATUS". Either the specified boundaries were not found in the response or the matched text is longer than current max html parameter size of 50000 bytes. The total length of the response is 0 bytes. You can use "web_set_max_html_param_len" to increase the max parameter size.  	[MsgId: MERR-26377]
End auto log messages stack.	[MsgId: MMSG-10544]


Start auto log messages stack - Iteration 2.	[MsgId: MMSG-10545]
LSP_Start.c(30): Registered web_reg_find successful for "Text=200" (count=1)  	[MsgId: MMSG-26364]
LSP_Start.c(30): Continuing after Error -26374: The above "not found" error(s) may be explained by header and body byte counts being 225 and 0, respectively.  	[MsgId: MERR-26374]
End auto log messages stack.	[MsgId: MMSG-10544]


Start auto log messages stack - Iteration 2.	[MsgId: MMSG-10545]
Ending action LSP_Start.	[MsgId: MMSG-15918]
Starting action LSP_delete.	[MsgId: MMSG-15919]
LSP_delete.c(3): Notify: Transaction "LSP_delete" started.	[MsgId: MMSG-16999]
LSP_delete.c(4): web_add_header("X-CSRF-Token") started  	[MsgId: MMSG-26355]
LSP_delete.c(4): web_add_header("X-CSRF-Token") was successful  	[MsgId: MMSG-26392]
LSP_delete.c(5): web_reg_find started  	[MsgId: MMSG-26355]
LSP_delete.c(5): Registering web_reg_find was successful  	[MsgId: MMSG-26390]
LSP_delete.c(6): web_reg_find started  	[MsgId: MMSG-26355]
LSP_delete.c(6): Registering web_reg_find was successful  	[MsgId: MMSG-26390]
LSP_delete.c(9): web_custom_request("delete") started  	[MsgId: MMSG-26355]
LSP_delete.c(9): Continuing after Error -26612: HTTP Status-Code=500 (Internal Server Error) for "https://diperf1-wf1f52214.dispatcher.int.sap.hana.ondemand.com/di/lsp/delete?workspaceId=workspace8f2h1nvdvjvr7elr"  	[MsgId: MERR-26612]
LSP_delete.c(9): Continuing after Error -26366: "Text=200" not found for web_reg_find  	[MsgId: MERR-26366]
LSP_delete.c(9): Continuing after Error -26366: "Text=Language server deleted" not found for web_reg_find  	[MsgId: MERR-26366]
End auto log messages stack.	[MsgId: MMSG-10544]


