LSP_Start.c(30): t=335584ms: 84-byte response body for "https://diperf1-wf1f52214.dispatcher.int.sap.hana.ondemand.com/di/lsp/getStatus?workspaceId=workspace8f2h1nvdvjvr7elr" (RelFrameId=1, Internal ID=170)
LSP_Start.c(30):     {"status":"STARTING","url":"UNKNOWN","workspaceRoot":"UNKNOWN","languages":"eslint"}
LSP_Start.c(30): Notify: Saving Parameter "LSP_START_STATUS = STARTING".	[MsgId: MMSG-13798]
LSP_Start.c(30): HTML parsing not performed for Content-Type "application/json" ("ParseHtmlContentType" Run-Time Setting is "TEXT"). URL="https://diperf1-wf1f52214.dispatcher.int.sap.hana.ondemand.com/di/lsp/getStatus?workspaceId=workspace8f2h1nvdvjvr7elr"  	[MsgId: MMSG-26548]
LSP_Start.c(30): Registered web_reg_find successful for "Text=200" (count=1)  	[MsgId: MMSG-26364]
LSP_Start.c(30): web_url("Poll Task") was successful, 84 body bytes, 338 header bytes  	[MsgId: MMSG-26386]
LSP_Start.c(38): Notify: Transaction "LSP_POLL_Task" ended with a "Pass" status (Duration: 2.0934 Wasted Time: 0.0001).	[MsgId: MMSG-16871]
LSP_Start.c(39): Notify: Parameter Substitution: parameter "LSP_START_STATUS" =  "STARTING"	[MsgId: MMSG-13992]
LSP_Start.c(27): Notify: Transaction "LSP_POLL_Task" started.	[MsgId: MMSG-16999]
LSP_Start.c(28): web_reg_save_param started  	[MsgId: MMSG-26355]
LSP_Start.c(28): Registering web_reg_save_param was successful  	[MsgId: MMSG-26390]
LSP_Start.c(29): web_reg_find started  	[MsgId: MMSG-26355]
LSP_Start.c(29): Registering web_reg_find was successful  	[MsgId: MMSG-26390]
LSP_Start.c(30): web_url("Poll Task") started  	[MsgId: MMSG-26355]
LSP_Start.c(30): Notify: Parameter Substitution: parameter "URL" =  "https://diperf1-wf1f52214.dispatcher.int.sap.hana.ondemand.com"	[MsgId: MMSG-13992]
LSP_Start.c(30): Notify: Parameter Substitution: parameter "GET_STATUS_URL" =  "/di/lsp/getStatus?workspaceId=workspacen7ahdx1lm7we8g3a"	[MsgId: MMSG-13992]
LSP_Start.c(30): Notify: Parameter Substitution: parameter "URL" =  "https://diperf1-wf1f52214.dispatcher.int.sap.hana.ondemand.com"	[MsgId: MMSG-13992]
LSP_Start.c(30): t=336380ms: 338-byte response headers for "https://diperf1-wf1f52214.dispatcher.int.sap.hana.ondemand.com/di/lsp/getStatus?workspaceId=workspacen7ahdx1lm7we8g3a" (RelFrameId=1, Internal ID=168)
LSP_Start.c(30):     HTTP/1.1 200 OK\r\n
LSP_Start.c(30):     Cache-Control: private\r\n
LSP_Start.c(30):     Expires: Thu, 01 Jan 1970 00:00:00 UTC\r\n
LSP_Start.c(30):     Cache-Control: public, no-cache, no-store, no-transform\r\n
LSP_Start.c(30):     Vary: Accept-Encoding\r\n
LSP_Start.c(30):     Date: Mon, 25 Dec 2017 11:40:34 GMT\r\n
LSP_Start.c(30):     Content-Type: application/json\r\n
LSP_Start.c(30):     Content-Length: 84\r\n
LSP_Start.c(30):     Server: SAP\r\n
LSP_Start.c(30):     Strict-Transport-Security: max-age=31536000; includeSubDomains; preload\r\n
LSP_Start.c(30):     \r\n
LSP_Start.c(30): Notify: Saving Parameter "response header = HTTP/1.1 200 OK\r\nCache-Control: private\r\nExpires: Thu, 01 Jan 1970 00:00:00 UTC\r\nCache-Control: public, no-cache, no-store, no-transform\r\nVary: Accept-Encoding\r\nDate: Mon, 25 Dec 2017 11:40:34 GMT\r\nContent-Type: application/json\r\nContent-Length: 84\r\nServer: SAP\r\nStrict-Transport-Security: max-age=31536000; includeSubDomains; preload\r\n\r\n".	[MsgId: MMSG-13798]
LSP_Start.c(30): t=336381ms: 84-byte response body for "https://diperf1-wf1f52214.dispatcher.int.sap.hana.ondemand.com/di/lsp/getStatus?workspaceId=workspacen7ahdx1lm7we8g3a" (RelFrameId=1, Internal ID=168)
LSP_Start.c(30):     {"status":"STARTING","url":"UNKNOWN","workspaceRoot":"UNKNOWN","languages":"eslint"}
LSP_Start.c(30): Notify: Saving Parameter "LSP_START_STATUS = STARTING".	[MsgId: MMSG-13798]
LSP_Start.c(30): HTML parsing not performed for Content-Type "application/json" ("ParseHtmlContentType" Run-Time Setting is "TEXT"). URL="https://diperf1-wf1f52214.dispatcher.int.sap.hana.ondemand.com/di/lsp/getStatus?workspaceId=workspacen7ahdx1lm7we8g3a"  	[MsgId: MMSG-26548]
LSP_Start.c(30): Registered web_reg_find successful for "Text=200" (count=1)  	[MsgId: MMSG-26364]
LSP_Start.c(30): web_url("Poll Task") was successful, 84 body bytes, 338 header bytes  	[MsgId: MMSG-26386]
LSP_Start.c(38): Notify: Transaction "LSP_POLL_Task" ended with a "Pass" status (Duration: 2.0935 Wasted Time: 0.0000).	[MsgId: MMSG-16871]
LSP_Start.c(39): Notify: Parameter Substitution: parameter "LSP_START_STATUS" =  "STARTING"	[MsgId: MMSG-13992]
LSP_Start.c(27): Notify: Transaction "LSP_POLL_Task" started.	[MsgId: MMSG-16999]
LSP_Start.c(28): web_reg_save_param started  	[MsgId: MMSG-26355]
LSP_Start.c(28): Registering web_reg_save_param was successful  	[MsgId: MMSG-26390]
LSP_Start.c(29): web_reg_find started  	[MsgId: MMSG-26355]
LSP_Start.c(29): Registering web_reg_find was successful  	[MsgId: MMSG-26390]
LSP_Start.c(30): web_url("Poll Task") started  	[MsgId: MMSG-26355]
LSP_Start.c(30): Notify: Parameter Substitution: parameter "URL" =  "https://diperf1-wf1f52214.dispatcher.int.sap.hana.ondemand.com"	[MsgId: MMSG-13992]
LSP_Start.c(30): Notify: Parameter Substitution: parameter "GET_STATUS_URL" =  "/di/lsp/getStatus?workspaceId=workspacedws3mkiot86x86xw"	[MsgId: MMSG-13992]
LSP_Start.c(30): Notify: Parameter Substitution: parameter "URL" =  "https://diperf1-wf1f52214.dispatcher.int.sap.hana.ondemand.com"	[MsgId: MMSG-13992]
LSP_Start.c(30): t=336745ms: 339-byte response headers for "https://diperf1-wf1f52214.dispatcher.int.sap.hana.ondemand.com/di/lsp/getStatus?workspaceId=workspacedws3mkiot86x86xw" (RelFrameId=1, Internal ID=161)
LSP_Start.c(30):     HTTP/1.1 200 OK\r\n
LSP_Start.c(30):     Cache-Control: private\r\n
LSP_Start.c(30):     Expires: Thu, 01 Jan 1970 00:00:00 UTC\r\n
LSP_Start.c(30):     Cache-Control: public, no-cache, no-store, no-transform\r\n
LSP_Start.c(30):     Vary: Accept-Encoding\r\n
LSP_Start.c(30):     Date: Mon, 25 Dec 2017 11:40:34 GMT\r\n
LSP_Start.c(30):     Content-Type: application/json\r\n
LSP_Start.c(30):     Content-Length: 147\r\n
LSP_Start.c(30):     Server: SAP\r\n
LSP_Start.c(30):     Strict-Transport-Security: max-age=31536000; includeSubDomains; preload\r\n
LSP_Start.c(30):     \r\n
LSP_Start.c(30): Notify: Saving Parameter "response header = HTTP/1.1 200 OK\r\nCache-Control: private\r\nExpires: Thu, 01 Jan 1970 00:00:00 UTC\r\nCache-Control: public, no-cache, no-store, no-transform\r\nVary: Accept-Encoding\r\nDate: Mon, 25 Dec 2017 11:40:34 GMT\r\nContent-Type: application/json\r\nContent-Length: 147\r\nServer: SAP\r\nStrict-Transport-Security: max-age=31536000; includeSubDomains; preload\r\n\r\n".	[MsgId: MMSG-13798]
LSP_Start.c(30): t=336745ms: 147-byte response body for "https://diperf1-wf1f52214.dispatcher.int.sap.hana.ondemand.com/di/lsp/getStatus?workspaceId=workspacedws3mkiot86x86xw" (RelFrameId=1, Internal ID=161)
LSP_Start.c(30):     {"status":"SYNCING","url":"lsp-devxperf-lsp-workspacedws3mkiot86x86xw.cfapps.sap.hana.onde
LSP_Start.c(30):     mand.com","workspaceRoot":"UNKNOWN","languages":"eslint"}
LSP_Start.c(30): Notify: Saving Parameter "LSP_START_STATUS = SYNCING".	[MsgId: MMSG-13798]
LSP_Start.c(30): HTML parsing not performed for Content-Type "application/json" ("ParseHtmlContentType" Run-Time Setting is "TEXT"). URL="https://diperf1-wf1f52214.dispatcher.int.sap.hana.ondemand.com/di/lsp/getStatus?workspaceId=workspacedws3mkiot86x86xw"  	[MsgId: MMSG-26548]
LSP_Start.c(30): Registered web_reg_find successful for "Text=200" (count=1)  	[MsgId: MMSG-26364]
LSP_Start.c(30): web_url("Poll Task") was successful, 147 body bytes, 339 header bytes  	[MsgId: MMSG-26386]
LSP_Start.c(38): Notify: Transaction "LSP_POLL_Task" ended with a "Pass" status (Duration: 2.0935 Wasted Time: 0.0001).	[MsgId: MMSG-16871]
LSP_Start.c(39): Notify: Parameter Substitution: parameter "LSP_START_STATUS" =  "STARTING"	[MsgId: MMSG-13992]
LSP_Start.c(27): Notify: Transaction "LSP_POLL_Task" started.	[MsgId: MMSG-16999]
LSP_Start.c(28): web_reg_save_param started  	[MsgId: MMSG-26355]
LSP_Start.c(28): Registering web_reg_save_param was successful  	[MsgId: MMSG-26390]
LSP_Start.c(29): web_reg_find started  	[MsgId: MMSG-26355]
LSP_Start.c(29): Registering web_reg_find was successful  	[MsgId: MMSG-26390]
LSP_Start.c(30): web_url("Poll Task") started  	[MsgId: MMSG-26355]
LSP_Start.c(30): Notify: Parameter Substitution: parameter "URL" =  "https://diperf1-wf1f52214.dispatcher.int.sap.hana.ondemand.com"	[MsgId: MMSG-13992]
LSP_Start.c(30): Notify: Parameter Substitution: parameter "GET_STATUS_URL" =  "/di/lsp/getStatus?workspaceId=workspace8f2h1nvdvjvr7elr"	[MsgId: MMSG-13992]
LSP_Start.c(30): Notify: Parameter Substitution: parameter "URL" =  "https://diperf1-wf1f52214.dispatcher.int.sap.hana.ondemand.com"	[MsgId: MMSG-13992]
LSP_Start.c(30): t=337683ms: 338-byte response headers for "https://diperf1-wf1f52214.dispatcher.int.sap.hana.ondemand.com/di/lsp/getStatus?workspaceId=workspace8f2h1nvdvjvr7elr" (RelFrameId=1, Internal ID=171)
LSP_Start.c(30):     HTTP/1.1 200 OK\r\n
LSP_Start.c(30):     Cache-Control: private\r\n
LSP_Start.c(30):     Expires: Thu, 01 Jan 1970 00:00:00 UTC\r\n
LSP_Start.c(30):     Cache-Control: public, no-cache, no-store, no-transform\r\n
LSP_Start.c(30):     Vary: Accept-Encoding\r\n
LSP_Start.c(30):     Date: Mon, 25 Dec 2017 11:40:34 GMT\r\n
LSP_Start.c(30):     Content-Type: application/json\r\n
LSP_Start.c(30):     Content-Length: 84\r\n
LSP_Start.c(30):     Server: SAP\r\n
LSP_Start.c(30):     Strict-Transport-Security: max-age=31536000; includeSubDomains; preload\r\n
LSP_Start.c(30):     \r\n
LSP_Start.c(30): Notify: Saving Parameter "response header = HTTP/1.1 200 OK\r\nCache-Control: private\r\nExpires: Thu, 01 Jan 1970 00:00:00 UTC\r\nCache-Control: public, no-cache, no-store, no-transform\r\nVary: Accept-Encoding\r\nDate: Mon, 25 Dec 2017 11:40:34 GMT\r\nContent-Type: application/json\r\nContent-Length: 84\r\nServer: SAP\r\nStrict-Transport-Security: max-age=31536000; includeSubDomains; preload\r\n\r\n".	[MsgId: MMSG-13798]
LSP_Start.c(30): t=337683ms: 84-byte response body for "https://diperf1-wf1f52214.dispatcher.int.sap.hana.ondemand.com/di/lsp/getStatus?workspaceId=workspace8f2h1nvdvjvr7elr" (RelFrameId=1, Internal ID=171)
LSP_Start.c(30):     {"status":"STARTING","url":"UNKNOWN","workspaceRoot":"UNKNOWN","languages":"eslint"}
LSP_Start.c(30): Notify: Saving Parameter "LSP_START_STATUS = STARTING".	[MsgId: MMSG-13798]
LSP_Start.c(30): HTML parsing not performed for Content-Type "application/json" ("ParseHtmlContentType" Run-Time Setting is "TEXT"). URL="https://diperf1-wf1f52214.dispatcher.int.sap.hana.ondemand.com/di/lsp/getStatus?workspaceId=workspace8f2h1nvdvjvr7elr"  	[MsgId: MMSG-26548]
LSP_Start.c(30): Registered web_reg_find successful for "Text=200" (count=1)  	[MsgId: MMSG-26364]
LSP_Start.c(30): web_url("Poll Task") was successful, 84 body bytes, 338 header bytes  	[MsgId: MMSG-26386]
LSP_Start.c(38): Notify: Transaction "LSP_POLL_Task" ended with a "Pass" status (Duration: 2.0935 Wasted Time: 0.0000).	[MsgId: MMSG-16871]
LSP_Start.c(39): Notify: Parameter Substitution: parameter "LSP_START_STATUS" =  "STARTING"	[MsgId: MMSG-13992]
LSP_Start.c(27): Notify: Transaction "LSP_POLL_Task" started.	[MsgId: MMSG-16999]
LSP_Start.c(28): web_reg_save_param started  	[MsgId: MMSG-26355]
LSP_Start.c(28): Registering web_reg_save_param was successful  	[MsgId: MMSG-26390]
LSP_Start.c(29): web_reg_find started  	[MsgId: MMSG-26355]
LSP_Start.c(29): Registering web_reg_find was successful  	[MsgId: MMSG-26390]
LSP_Start.c(30): web_url("Poll Task") started  	[MsgId: MMSG-26355]
LSP_Start.c(30): Notify: Parameter Substitution: parameter "URL" =  "https://diperf1-wf1f52214.dispatcher.int.sap.hana.ondemand.com"	[MsgId: MMSG-13992]
LSP_Start.c(30): Notify: Parameter Substitution: parameter "GET_STATUS_URL" =  "/di/lsp/getStatus?workspaceId=workspacen7ahdx1lm7we8g3a"	[MsgId: MMSG-13992]
LSP_Start.c(30): Notify: Parameter Substitution: parameter "URL" =  "https://diperf1-wf1f52214.dispatcher.int.sap.hana.ondemand.com"	[MsgId: MMSG-13992]
LSP_Start.c(30): t=338483ms: 338-byte response headers for "https://diperf1-wf1f52214.dispatcher.int.sap.hana.ondemand.com/di/lsp/getStatus?workspaceId=workspacen7ahdx1lm7we8g3a" (RelFrameId=1, Internal ID=169)
LSP_Start.c(30):     HTTP/1.1 200 OK\r\n
LSP_Start.c(30):     Cache-Control: private\r\n
LSP_Start.c(30):     Expires: Thu, 01 Jan 1970 00:00:00 UTC\r\n
LSP_Start.c(30):     Cache-Control: public, no-cache, no-store, no-transform\r\n
LSP_Start.c(30):     Vary: Accept-Encoding\r\n
LSP_Start.c(30):     Date: Mon, 25 Dec 2017 11:40:36 GMT\r\n
LSP_Start.c(30):     Content-Type: application/json\r\n
LSP_Start.c(30):     Content-Length: 84\r\n
LSP_Start.c(30):     Server: SAP\r\n
LSP_Start.c(30):     Strict-Transport-Security: max-age=31536000; includeSubDomains; preload\r\n
LSP_Start.c(30):     \r\n
LSP_Start.c(30): Notify: Saving Parameter "response header = HTTP/1.1 200 OK\r\nCache-Control: private\r\nExpires: Thu, 01 Jan 1970 00:00:00 UTC\r\nCache-Control: public, no-cache, no-store, no-transform\r\nVary: Accept-Encoding\r\nDate: Mon, 25 Dec 2017 11:40:36 GMT\r\nContent-Type: application/json\r\nContent-Length: 84\r\nServer: SAP\r\nStrict-Transport-Security: max-age=31536000; includeSubDomains; preload\r\n\r\n".	[MsgId: MMSG-13798]
LSP_Start.c(30): t=338483ms: 84-byte response body for "https://diperf1-wf1f52214.dispatcher.int.sap.hana.ondemand.com/di/lsp/getStatus?workspaceId=workspacen7ahdx1lm7we8g3a" (RelFrameId=1, Internal ID=169)
LSP_Start.c(30):     {"status":"STARTING","url":"UNKNOWN","workspaceRoot":"UNKNOWN","languages":"eslint"}
LSP_Start.c(30): Notify: Saving Parameter "LSP_START_STATUS = STARTING".	[MsgId: MMSG-13798]
LSP_Start.c(30): HTML parsing not performed for Content-Type "application/json" ("ParseHtmlContentType" Run-Time Setting is "TEXT"). URL="https://diperf1-wf1f52214.dispatcher.int.sap.hana.ondemand.com/di/lsp/getStatus?workspaceId=workspacen7ahdx1lm7we8g3a"  	[MsgId: MMSG-26548]
LSP_Start.c(30): Registered web_reg_find successful for "Text=200" (count=1)  	[MsgId: MMSG-26364]
LSP_Start.c(30): web_url("Poll Task") was successful, 84 body bytes, 338 header bytes  	[MsgId: MMSG-26386]
LSP_Start.c(38): Notify: Transaction "LSP_POLL_Task" ended with a "Pass" status (Duration: 2.0935 Wasted Time: 0.0001).	[MsgId: MMSG-16871]
LSP_Start.c(39): Notify: Parameter Substitution: parameter "LSP_START_STATUS" =  "SYNCING"	[MsgId: MMSG-13992]
LSP_Start.c(39): Notify: Parameter Substitution: parameter "LSP_START_STATUS" =  "SYNCING"	[MsgId: MMSG-13992]
LSP_Start.c(39): Notify: Parameter Substitution: parameter "LSP_START_STATUS" =  "SYNCING"	[MsgId: MMSG-13992]
LSP_Start.c(27): Notify: Transaction "LSP_POLL_Task" started.	[MsgId: MMSG-16999]
LSP_Start.c(28): web_reg_save_param started  	[MsgId: MMSG-26355]
LSP_Start.c(28): Registering web_reg_save_param was successful  	[MsgId: MMSG-26390]
LSP_Start.c(29): web_reg_find started  	[MsgId: MMSG-26355]
LSP_Start.c(29): Registering web_reg_find was successful  	[MsgId: MMSG-26390]
LSP_Start.c(30): web_url("Poll Task") started  	[MsgId: MMSG-26355]
LSP_Start.c(30): Notify: Parameter Substitution: parameter "URL" =  "https://diperf1-wf1f52214.dispatcher.int.sap.hana.ondemand.com"	[MsgId: MMSG-13992]
LSP_Start.c(30): Notify: Parameter Substitution: parameter "GET_STATUS_URL" =  "/di/lsp/getStatus?workspaceId=workspacedws3mkiot86x86xw"	[MsgId: MMSG-13992]
LSP_Start.c(30): Notify: Parameter Substitution: parameter "URL" =  "https://diperf1-wf1f52214.dispatcher.int.sap.hana.ondemand.com"	[MsgId: MMSG-13992]
LSP_Start.c(30): t=339213ms: 339-byte response headers for "https://diperf1-wf1f52214.dispatcher.int.sap.hana.ondemand.com/di/lsp/getStatus?workspaceId=workspacedws3mkiot86x86xw" (RelFrameId=1, Internal ID=162)
LSP_Start.c(30):     HTTP/1.1 200 OK\r\n
LSP_Start.c(30):     Cache-Control: private\r\n
LSP_Start.c(30):     Expires: Thu, 01 Jan 1970 00:00:00 UTC\r\n
LSP_Start.c(30):     Cache-Control: public, no-cache, no-store, no-transform\r\n
LSP_Start.c(30):     Vary: Accept-Encoding\r\n
LSP_Start.c(30):     Date: Mon, 25 Dec 2017 11:40:37 GMT\r\n
LSP_Start.c(30):     Content-Type: application/json\r\n
LSP_Start.c(30):     Content-Length: 220\r\n
LSP_Start.c(30):     Server: SAP\r\n
LSP_Start.c(30):     Strict-Transport-Security: max-age=31536000; includeSubDomains; preload\r\n
LSP_Start.c(30):     \r\n
LSP_Start.c(30): Notify: Saving Parameter "response header = HTTP/1.1 200 OK\r\nCache-Control: private\r\nExpires: Thu, 01 Jan 1970 00:00:00 UTC\r\nCache-Control: public, no-cache, no-store, no-transform\r\nVary: Accept-Encoding\r\nDate: Mon, 25 Dec 2017 11:40:37 GMT\r\nContent-Type: application/json\r\nContent-Length: 220\r\nServer: SAP\r\nStrict-Transport-Security: max-age=31536000; includeSubDomains; preload\r\n\r\n".	[MsgId: MMSG-13798]
LSP_Start.c(30): t=339213ms: 220-byte response body for "https://diperf1-wf1f52214.dispatcher.int.sap.hana.ondemand.com/di/lsp/getStatus?workspaceId=workspacedws3mkiot86x86xw" (RelFrameId=1, Internal ID=162)
LSP_Start.c(30):     {"status":"READY","url":"lsp-devxperf-lsp-workspacedws3mkiot86x86xw.cfapps.sap.hana.ondema
LSP_Start.c(30):     nd.com","workspaceRoot":"file:///home/vcap/app/di_ws_root","secToken":"ac151828-a909-4614-
LSP_Start.c(30):     9b2d-33d90cb8cb91","languages":"eslint"}
LSP_Start.c(30): Notify: Saving Parameter "LSP_START_STATUS = READY".	[MsgId: MMSG-13798]
LSP_Start.c(30): HTML parsing not performed for Content-Type "application/json" ("ParseHtmlContentType" Run-Time Setting is "TEXT"). URL="https://diperf1-wf1f52214.dispatcher.int.sap.hana.ondemand.com/di/lsp/getStatus?workspaceId=workspacedws3mkiot86x86xw"  	[MsgId: MMSG-26548]
LSP_Start.c(30): Registered web_reg_find successful for "Text=200" (count=1)  	[MsgId: MMSG-26364]
LSP_Start.c(30): web_url("Poll Task") was successful, 220 body bytes, 339 header bytes  	[MsgId: MMSG-26386]
LSP_Start.c(38): Notify: Transaction "LSP_POLL_Task" ended with a "Pass" status (Duration: 2.0935 Wasted Time: 0.0000).	[MsgId: MMSG-16871]
LSP_Start.c(39): Notify: Parameter Substitution: parameter "LSP_START_STATUS" =  "STARTING"	[MsgId: MMSG-13992]
LSP_Start.c(27): Notify: Transaction "LSP_POLL_Task" started.	[MsgId: MMSG-16999]
LSP_Start.c(28): web_reg_save_param started  	[MsgId: MMSG-26355]
LSP_Start.c(28): Registering web_reg_save_param was successful  	[MsgId: MMSG-26390]
LSP_Start.c(29): web_reg_find started  	[MsgId: MMSG-26355]
LSP_Start.c(29): Registering web_reg_find was successful  	[MsgId: MMSG-26390]
LSP_Start.c(30): web_url("Poll Task") started  	[MsgId: MMSG-26355]
LSP_Start.c(30): Notify: Parameter Substitution: parameter "URL" =  "https://diperf1-wf1f52214.dispatcher.int.sap.hana.ondemand.com"	[MsgId: MMSG-13992]
LSP_Start.c(30): Notify: Parameter Substitution: parameter "GET_STATUS_URL" =  "/di/lsp/getStatus?workspaceId=workspace8f2h1nvdvjvr7elr"	[MsgId: MMSG-13992]
LSP_Start.c(30): Notify: Parameter Substitution: parameter "URL" =  "https://diperf1-wf1f52214.dispatcher.int.sap.hana.ondemand.com"	[MsgId: MMSG-13992]
LSP_Start.c(30): t=339771ms: 338-byte response headers for "https://diperf1-wf1f52214.dispatcher.int.sap.hana.ondemand.com/di/lsp/getStatus?workspaceId=workspace8f2h1nvdvjvr7elr" (RelFrameId=1, Internal ID=172)
LSP_Start.c(30):     HTTP/1.1 200 OK\r\n
LSP_Start.c(30):     Cache-Control: private\r\n
LSP_Start.c(30):     Expires: Thu, 01 Jan 1970 00:00:00 UTC\r\n
LSP_Start.c(30):     Cache-Control: public, no-cache, no-store, no-transform\r\n
LSP_Start.c(30):     Vary: Accept-Encoding\r\n
LSP_Start.c(30):     Date: Mon, 25 Dec 2017 11:40:37 GMT\r\n
LSP_Start.c(30):     Content-Type: application/json\r\n
LSP_Start.c(30):     Content-Length: 84\r\n
LSP_Start.c(30):     Server: SAP\r\n
LSP_Start.c(30):     Strict-Transport-Security: max-age=31536000; includeSubDomains; preload\r\n
LSP_Start.c(30):     \r\n
LSP_Start.c(30): Notify: Saving Parameter "response header = HTTP/1.1 200 OK\r\nCache-Control: private\r\nExpires: Thu, 01 Jan 1970 00:00:00 UTC\r\nCache-Control: public, no-cache, no-store, no-transform\r\nVary: Accept-Encoding\r\nDate: Mon, 25 Dec 2017 11:40:37 GMT\r\nContent-Type: application/json\r\nContent-Length: 84\r\nServer: SAP\r\nStrict-Transport-Security: max-age=31536000; includeSubDomains; preload\r\n\r\n".	[MsgId: MMSG-13798]
LSP_Start.c(30): t=339772ms: 84-byte response body for "https://diperf1-wf1f52214.dispatcher.int.sap.hana.ondemand.com/di/lsp/getStatus?workspaceId=workspace8f2h1nvdvjvr7elr" (RelFrameId=1, Internal ID=172)
LSP_Start.c(30):     {"status":"STARTING","url":"UNKNOWN","workspaceRoot":"UNKNOWN","languages":"eslint"}
LSP_Start.c(30): Notify: Saving Parameter "LSP_START_STATUS = STARTING".	[MsgId: MMSG-13798]
LSP_Start.c(30): HTML parsing not performed for Content-Type "application/json" ("ParseHtmlContentType" Run-Time Setting is "TEXT"). URL="https://diperf1-wf1f52214.dispatcher.int.sap.hana.ondemand.com/di/lsp/getStatus?workspaceId=workspace8f2h1nvdvjvr7elr"  	[MsgId: MMSG-26548]
LSP_Start.c(30): Registered web_reg_find successful for "Text=200" (count=1)  	[MsgId: MMSG-26364]
LSP_Start.c(30): web_url("Poll Task") was successful, 84 body bytes, 338 header bytes  	[MsgId: MMSG-26386]
LSP_Start.c(38): Notify: Transaction "LSP_POLL_Task" ended with a "Pass" status (Duration: 2.0935 Wasted Time: 0.0001).	[MsgId: MMSG-16871]
LSP_Start.c(39): Notify: Parameter Substitution: parameter "LSP_START_STATUS" =  "STARTING"	[MsgId: MMSG-13992]
LSP_Start.c(27): Notify: Transaction "LSP_POLL_Task" started.	[MsgId: MMSG-16999]
LSP_Start.c(28): web_reg_save_param started  	[MsgId: MMSG-26355]
LSP_Start.c(28): Registering web_reg_save_param was successful  	[MsgId: MMSG-26390]
LSP_Start.c(29): web_reg_find started  	[MsgId: MMSG-26355]
LSP_Start.c(29): Registering web_reg_find was successful  	[MsgId: MMSG-26390]
LSP_Start.c(30): web_url("Poll Task") started  	[MsgId: MMSG-26355]
LSP_Start.c(30): Notify: Parameter Substitution: parameter "URL" =  "https://diperf1-wf1f52214.dispatcher.int.sap.hana.ondemand.com"	[MsgId: MMSG-13992]
LSP_Start.c(30): Notify: Parameter Substitution: parameter "GET_STATUS_URL" =  "/di/lsp/getStatus?workspaceId=workspacen7ahdx1lm7we8g3a"	[MsgId: MMSG-13992]
LSP_Start.c(30): Notify: Parameter Substitution: parameter "URL" =  "https://diperf1-wf1f52214.dispatcher.int.sap.hana.ondemand.com"	[MsgId: MMSG-13992]
LSP_Start.c(30): t=340566ms: 338-byte response headers for "https://diperf1-wf1f52214.dispatcher.int.sap.hana.ondemand.com/di/lsp/getStatus?workspaceId=workspacen7ahdx1lm7we8g3a" (RelFrameId=1, Internal ID=170)
LSP_Start.c(30):     HTTP/1.1 200 OK\r\n
LSP_Start.c(30):     Cache-Control: private\r\n
LSP_Start.c(30):     Expires: Thu, 01 Jan 1970 00:00:00 UTC\r\n
LSP_Start.c(30):     Cache-Control: public, no-cache, no-store, no-transform\r\n
LSP_Start.c(30):     Vary: Accept-Encoding\r\n
LSP_Start.c(30):     Date: Mon, 25 Dec 2017 11:40:38 GMT\r\n
LSP_Start.c(30):     Content-Type: application/json\r\n
LSP_Start.c(30):     Content-Length: 84\r\n
LSP_Start.c(30):     Server: SAP\r\n
LSP_Start.c(30):     Strict-Transport-Security: max-age=31536000; includeSubDomains; preload\r\n
LSP_Start.c(30):     \r\n
LSP_Start.c(30): Notify: Saving Parameter "response header = HTTP/1.1 200 OK\r\nCache-Control: private\r\nExpires: Thu, 01 Jan 1970 00:00:00 UTC\r\nCache-Control: public, no-cache, no-store, no-transform\r\nVary: Accept-Encoding\r\nDate: Mon, 25 Dec 2017 11:40:38 GMT\r\nContent-Type: application/json\r\nContent-Length: 84\r\nServer: SAP\r\nStrict-Transport-Security: max-age=31536000; includeSubDomains; preload\r\n\r\n".	[MsgId: MMSG-13798]
LSP_Start.c(30): t=340566ms: 84-byte response body for "https://diperf1-wf1f52214.dispatcher.int.sap.hana.ondemand.com/di/lsp/getStatus?workspaceId=workspacen7ahdx1lm7we8g3a" (RelFrameId=1, Internal ID=170)
LSP_Start.c(30):     {"status":"STARTING","url":"UNKNOWN","workspaceRoot":"UNKNOWN","languages":"eslint"}
LSP_Start.c(30): Notify: Saving Parameter "LSP_START_STATUS = STARTING".	[MsgId: MMSG-13798]
LSP_Start.c(30): HTML parsing not performed for Content-Type "application/json" ("ParseHtmlContentType" Run-Time Setting is "TEXT"). URL="https://diperf1-wf1f52214.dispatcher.int.sap.hana.ondemand.com/di/lsp/getStatus?workspaceId=workspacen7ahdx1lm7we8g3a"  	[MsgId: MMSG-26548]
LSP_Start.c(30): Registered web_reg_find successful for "Text=200" (count=1)  	[MsgId: MMSG-26364]
LSP_Start.c(30): web_url("Poll Task") was successful, 84 body bytes, 338 header bytes  	[MsgId: MMSG-26386]
LSP_Start.c(38): Notify: Transaction "LSP_POLL_Task" ended with a "Pass" status (Duration: 2.4687 Wasted Time: 0.0001).	[MsgId: MMSG-16871]
LSP_Start.c(39): Notify: Parameter Substitution: parameter "LSP_START_STATUS" =  "READY"	[MsgId: MMSG-13992]
LSP_Start.c(39): Notify: Parameter Substitution: parameter "LSP_START_STATUS" =  "READY"	[MsgId: MMSG-13992]
LSP_Start.c(39): Notify: Parameter Substitution: parameter "LSP_START_STATUS" =  "READY"	[MsgId: MMSG-13992]
LSP_Start.c(39): Notify: Parameter Substitution: parameter "LSP_START_STATUS" =  "READY"	[MsgId: MMSG-13992]
LSP_Start.c(41): Notify: Parameter Substitution: parameter "LSP_START_STATUS" =  "READY"	[MsgId: MMSG-13992]
LSP_Start.c(42): Notify: Transaction "LSP_Start" ended with a "Pass" status (Duration: 61.5618 Wasted Time: 0.0016).	[MsgId: MMSG-16871]
LSP_Start.c(48): Warning: The string 'ThinkTime' with parameter delimiters is not a parameter.	[MsgId: MWAR-13987]
Ending action LSP_Start.	[MsgId: MMSG-15918]
Starting action LSP_delete.	[MsgId: MMSG-15919]
LSP_delete.c(3): Notify: Transaction "LSP_delete" started.	[MsgId: MMSG-16999]
LSP_delete.c(4): web_add_header("X-CSRF-Token") started  	[MsgId: MMSG-26355]
LSP_delete.c(4): Notify: Parameter Substitution: parameter "TOKEN" =  "C1227C210EF2C7871C991EC331B08899"	[MsgId: MMSG-13992]
LSP_delete.c(4): web_add_header("X-CSRF-Token") was successful  	[MsgId: MMSG-26392]
LSP_delete.c(5): web_reg_find started  	[MsgId: MMSG-26355]
LSP_delete.c(5): Registering web_reg_find was successful  	[MsgId: MMSG-26390]
LSP_delete.c(6): web_reg_find started  	[MsgId: MMSG-26355]
LSP_delete.c(6): Registering web_reg_find was successful  	[MsgId: MMSG-26390]
LSP_delete.c(8): Notify: Parameter Substitution: parameter "WORKSPACE" =  "workspacedws3mkiot86x86xw"	[MsgId: MMSG-13992]
LSP_delete.c(8): Notify: Saving Parameter "DELETE_URL = /di/lsp/delete?workspaceId=workspacedws3mkiot86x86xw".	[MsgId: MMSG-13798]
LSP_delete.c(9): web_custom_request("delete") started  	[MsgId: MMSG-26355]
LSP_delete.c(9): Notify: Parameter Substitution: parameter "URL" =  "https://diperf1-wf1f52214.dispatcher.int.sap.hana.ondemand.com"	[MsgId: MMSG-13992]
LSP_delete.c(9): Notify: Parameter Substitution: parameter "DELETE_URL" =  "/di/lsp/delete?workspaceId=workspacedws3mkiot86x86xw"	[MsgId: MMSG-13992]
LSP_delete.c(9): Notify: Parameter Substitution: parameter "URL" =  "https://diperf1-wf1f52214.dispatcher.int.sap.hana.ondemand.com"	[MsgId: MMSG-13992]
LSP_Start.c(38): Notify: Transaction "LSP_POLL_Task" ended with a "Pass" status (Duration: 2.0934 Wasted Time: 0.0001).	[MsgId: MMSG-16871]
LSP_Start.c(39): Notify: Parameter Substitution: parameter "LSP_START_STATUS" =  "STARTING"	[MsgId: MMSG-13992]
LSP_Start.c(27): Notify: Transaction "LSP_POLL_Task" started.	[MsgId: MMSG-16999]
LSP_Start.c(28): web_reg_save_param started  	[MsgId: MMSG-26355]
LSP_Start.c(28): Registering web_reg_save_param was successful  	[MsgId: MMSG-26390]
LSP_Start.c(29): web_reg_find started  	[MsgId: MMSG-26355]
LSP_Start.c(29): Registering web_reg_find was successful  	[MsgId: MMSG-26390]
LSP_Start.c(30): web_url("Poll Task") started  	[MsgId: MMSG-26355]
LSP_Start.c(30): Notify: Parameter Substitution: parameter "URL" =  "https://diperf1-wf1f52214.dispatcher.int.sap.hana.ondemand.com"	[MsgId: MMSG-13992]
LSP_Start.c(30): Notify: Parameter Substitution: parameter "GET_STATUS_URL" =  "/di/lsp/getStatus?workspaceId=workspace8f2h1nvdvjvr7elr"	[MsgId: MMSG-13992]
LSP_Start.c(30): Notify: Parameter Substitution: parameter "URL" =  "https://diperf1-wf1f52214.dispatcher.int.sap.hana.ondemand.com"	[MsgId: MMSG-13992]
LSP_Start.c(30): t=341863ms: 338-byte response headers for "https://diperf1-wf1f52214.dispatcher.int.sap.hana.ondemand.com/di/lsp/getStatus?workspaceId=workspace8f2h1nvdvjvr7elr" (RelFrameId=1, Internal ID=173)
LSP_Start.c(30):     HTTP/1.1 200 OK\r\n
LSP_Start.c(30):     Cache-Control: private\r\n
LSP_Start.c(30):     Expires: Thu, 01 Jan 1970 00:00:00 UTC\r\n
LSP_Start.c(30):     Cache-Control: public, no-cache, no-store, no-transform\r\n
LSP_Start.c(30):     Vary: Accept-Encoding\r\n
LSP_Start.c(30):     Date: Mon, 25 Dec 2017 11:40:40 GMT\r\n
LSP_Start.c(30):     Content-Type: application/json\r\n
LSP_Start.c(30):     Content-Length: 84\r\n
LSP_Start.c(30):     Server: SAP\r\n
LSP_Start.c(30):     Strict-Transport-Security: max-age=31536000; includeSubDomains; preload\r\n
LSP_Start.c(30):     \r\n
LSP_Start.c(30): Notify: Saving Parameter "response header = HTTP/1.1 200 OK\r\nCache-Control: private\r\nExpires: Thu, 01 Jan 1970 00:00:00 UTC\r\nCache-Control: public, no-cache, no-store, no-transform\r\nVary: Accept-Encoding\r\nDate: Mon, 25 Dec 2017 11:40:40 GMT\r\nContent-Type: application/json\r\nContent-Length: 84\r\nServer: SAP\r\nStrict-Transport-Security: max-age=31536000; includeSubDomains; preload\r\n\r\n".	[MsgId: MMSG-13798]
LSP_Start.c(30): t=341864ms: 84-byte response body for "https://diperf1-wf1f52214.dispatcher.int.sap.hana.ondemand.com/di/lsp/getStatus?workspaceId=workspace8f2h1nvdvjvr7elr" (RelFrameId=1, Internal ID=173)
LSP_Start.c(30):     {"status":"STARTING","url":"UNKNOWN","workspaceRoot":"UNKNOWN","languages":"eslint"}
LSP_Start.c(30): Notify: Saving Parameter "LSP_START_STATUS = STARTING".	[MsgId: MMSG-13798]
LSP_Start.c(30): HTML parsing not performed for Content-Type "application/json" ("ParseHtmlContentType" Run-Time Setting is "TEXT"). URL="https://diperf1-wf1f52214.dispatcher.int.sap.hana.ondemand.com/di/lsp/getStatus?workspaceId=workspace8f2h1nvdvjvr7elr"  	[MsgId: MMSG-26548]
LSP_Start.c(30): Registered web_reg_find successful for "Text=200" (count=1)  	[MsgId: MMSG-26364]
LSP_Start.c(30): web_url("Poll Task") was successful, 84 body bytes, 338 header bytes  	[MsgId: MMSG-26386]
LSP_Start.c(38): Notify: Transaction "LSP_POLL_Task" ended with a "Pass" status (Duration: 2.0934 Wasted Time: 0.0001).	[MsgId: MMSG-16871]
LSP_Start.c(39): Notify: Parameter Substitution: parameter "LSP_START_STATUS" =  "STARTING"	[MsgId: MMSG-13992]
LSP_Start.c(27): Notify: Transaction "LSP_POLL_Task" started.	[MsgId: MMSG-16999]
LSP_Start.c(28): web_reg_save_param started  	[MsgId: MMSG-26355]
LSP_Start.c(28): Registering web_reg_save_param was successful  	[MsgId: MMSG-26390]
LSP_Start.c(29): web_reg_find started  	[MsgId: MMSG-26355]
LSP_Start.c(29): Registering web_reg_find was successful  	[MsgId: MMSG-26390]
LSP_Start.c(30): web_url("Poll Task") started  	[MsgId: MMSG-26355]
LSP_Start.c(30): Notify: Parameter Substitution: parameter "URL" =  "https://diperf1-wf1f52214.dispatcher.int.sap.hana.ondemand.com"	[MsgId: MMSG-13992]
LSP_Start.c(30): Notify: Parameter Substitution: parameter "GET_STATUS_URL" =  "/di/lsp/getStatus?workspaceId=workspacen7ahdx1lm7we8g3a"	[MsgId: MMSG-13992]
LSP_Start.c(30): Notify: Parameter Substitution: parameter "URL" =  "https://diperf1-wf1f52214.dispatcher.int.sap.hana.ondemand.com"	[MsgId: MMSG-13992]
LSP_Start.c(30): t=343015ms: 338-byte response headers for "https://diperf1-wf1f52214.dispatcher.int.sap.hana.ondemand.com/di/lsp/getStatus?workspaceId=workspacen7ahdx1lm7we8g3a" (RelFrameId=1, Internal ID=171)
LSP_Start.c(30):     HTTP/1.1 200 OK\r\n
LSP_Start.c(30):     Cache-Control: private\r\n
LSP_Start.c(30):     Expires: Thu, 01 Jan 1970 00:00:00 UTC\r\n
LSP_Start.c(30):     Cache-Control: public, no-cache, no-store, no-transform\r\n
LSP_Start.c(30):     Vary: Accept-Encoding\r\n
LSP_Start.c(30):     Date: Mon, 25 Dec 2017 11:40:41 GMT\r\n
LSP_Start.c(30):     Content-Type: application/json\r\n
LSP_Start.c(30):     Content-Length: 84\r\n
LSP_Start.c(30):     Server: SAP\r\n
LSP_Start.c(30):     Strict-Transport-Security: max-age=31536000; includeSubDomains; preload\r\n
LSP_Start.c(30):     \r\n
LSP_Start.c(30): Notify: Saving Parameter "response header = HTTP/1.1 200 OK\r\nCache-Control: private\r\nExpires: Thu, 01 Jan 1970 00:00:00 UTC\r\nCache-Control: public, no-cache, no-store, no-transform\r\nVary: Accept-Encoding\r\nDate: Mon, 25 Dec 2017 11:40:41 GMT\r\nContent-Type: application/json\r\nContent-Length: 84\r\nServer: SAP\r\nStrict-Transport-Security: max-age=31536000; includeSubDomains; preload\r\n\r\n".	[MsgId: MMSG-13798]
LSP_Start.c(30): t=343016ms: 84-byte response body for "https://diperf1-wf1f52214.dispatcher.int.sap.hana.ondemand.com/di/lsp/getStatus?workspaceId=workspacen7ahdx1lm7we8g3a" (RelFrameId=1, Internal ID=171)
LSP_Start.c(30):     {"status":"STARTING","url":"UNKNOWN","workspaceRoot":"UNKNOWN","languages":"eslint"}
LSP_Start.c(30): Notify: Saving Parameter "LSP_START_STATUS = STARTING".	[MsgId: MMSG-13798]
LSP_Start.c(30): HTML parsing not performed for Content-Type "application/json" ("ParseHtmlContentType" Run-Time Setting is "TEXT"). URL="https://diperf1-wf1f52214.dispatcher.int.sap.hana.ondemand.com/di/lsp/getStatus?workspaceId=workspacen7ahdx1lm7we8g3a"  	[MsgId: MMSG-26548]
LSP_Start.c(30): Registered web_reg_find successful for "Text=200" (count=1)  	[MsgId: MMSG-26364]
LSP_Start.c(30): web_url("Poll Task") was successful, 84 body bytes, 338 header bytes  	[MsgId: MMSG-26386]
LSP_Start.c(38): Notify: Transaction "LSP_POLL_Task" ended with a "Pass" status (Duration: 2.0935 Wasted Time: 0.0000).	[MsgId: MMSG-16871]
LSP_Start.c(39): Notify: Parameter Substitution: parameter "LSP_START_STATUS" =  "STARTING"	[MsgId: MMSG-13992]
LSP_Start.c(27): Notify: Transaction "LSP_POLL_Task" started.	[MsgId: MMSG-16999]
LSP_Start.c(28): web_reg_save_param started  	[MsgId: MMSG-26355]
LSP_Start.c(28): Registering web_reg_save_param was successful  	[MsgId: MMSG-26390]
LSP_Start.c(29): web_reg_find started  	[MsgId: MMSG-26355]
LSP_Start.c(29): Registering web_reg_find was successful  	[MsgId: MMSG-26390]
LSP_Start.c(30): web_url("Poll Task") started  	[MsgId: MMSG-26355]
LSP_Start.c(30): Notify: Parameter Substitution: parameter "URL" =  "https://diperf1-wf1f52214.dispatcher.int.sap.hana.ondemand.com"	[MsgId: MMSG-13992]
LSP_Start.c(30): Notify: Parameter Substitution: parameter "GET_STATUS_URL" =  "/di/lsp/getStatus?workspaceId=workspace8f2h1nvdvjvr7elr"	[MsgId: MMSG-13992]
LSP_Start.c(30): Notify: Parameter Substitution: parameter "URL" =  "https://diperf1-wf1f52214.dispatcher.int.sap.hana.ondemand.com"	[MsgId: MMSG-13992]
LSP_Start.c(30): t=343969ms: 338-byte response headers for "https://diperf1-wf1f52214.dispatcher.int.sap.hana.ondemand.com/di/lsp/getStatus?workspaceId=workspace8f2h1nvdvjvr7elr" (RelFrameId=1, Internal ID=174)
LSP_Start.c(30):     HTTP/1.1 200 OK\r\n
LSP_Start.c(30):     Cache-Control: private\r\n
LSP_Start.c(30):     Expires: Thu, 01 Jan 1970 00:00:00 UTC\r\n
LSP_Start.c(30):     Cache-Control: public, no-cache, no-store, no-transform\r\n
LSP_Start.c(30):     Vary: Accept-Encoding\r\n
LSP_Start.c(30):     Date: Mon, 25 Dec 2017 11:40:42 GMT\r\n
LSP_Start.c(30):     Content-Type: application/json\r\n
LSP_Start.c(30):     Content-Length: 84\r\n
LSP_Start.c(30):     Server: SAP\r\n
LSP_Start.c(30):     Strict-Transport-Security: max-age=31536000; includeSubDomains; preload\r\n
LSP_Start.c(30):     \r\n
LSP_Start.c(30): Notify: Saving Parameter "response header = HTTP/1.1 200 OK\r\nCache-Control: private\r\nExpires: Thu, 01 Jan 1970 00:00:00 UTC\r\nCache-Control: public, no-cache, no-store, no-transform\r\nVary: Accept-Encoding\r\nDate: Mon, 25 Dec 2017 11:40:42 GMT\r\nContent-Type: application/json\r\nContent-Length: 84\r\nServer: SAP\r\nStrict-Transport-Security: max-age=31536000; includeSubDomains; preload\r\n\r\n".	[MsgId: MMSG-13798]
LSP_Start.c(30): t=343970ms: 84-byte response body for "https://diperf1-wf1f52214.dispatcher.int.sap.hana.ondemand.com/di/lsp/getStatus?workspaceId=workspace8f2h1nvdvjvr7elr" (RelFrameId=1, Internal ID=174)
LSP_Start.c(30):     {"status":"STARTING","url":"UNKNOWN","workspaceRoot":"UNKNOWN","languages":"eslint"}
LSP_Start.c(30): Notify: Saving Parameter "LSP_START_STATUS = STARTING".	[MsgId: MMSG-13798]
LSP_Start.c(30): HTML parsing not performed for Content-Type "application/json" ("ParseHtmlContentType" Run-Time Setting is "TEXT"). URL="https://diperf1-wf1f52214.dispatcher.int.sap.hana.ondemand.com/di/lsp/getStatus?workspaceId=workspace8f2h1nvdvjvr7elr"  	[MsgId: MMSG-26548]
LSP_Start.c(30): Registered web_reg_find successful for "Text=200" (count=1)  	[MsgId: MMSG-26364]
LSP_Start.c(30): web_url("Poll Task") was successful, 84 body bytes, 338 header bytes  	[MsgId: MMSG-26386]
LSP_delete.c(9): t=344967ms: 266-byte response headers for "https://diperf1-wf1f52214.dispatcher.int.sap.hana.ondemand.com/di/lsp/delete?workspaceId=workspacedws3mkiot86x86xw" (RelFrameId=1, Internal ID=163)
LSP_delete.c(9):     HTTP/1.1 200 OK\r\n
LSP_delete.c(9):     Cache-Control: private\r\n
LSP_delete.c(9):     Expires: Thu, 01 Jan 1970 00:00:00 UTC\r\n
LSP_delete.c(9):     Date: Mon, 25 Dec 2017 11:40:42 GMT\r\n
LSP_delete.c(9):     Content-Type: application/octet-stream\r\n
LSP_delete.c(9):     Content-Length: 23\r\n
LSP_delete.c(9):     Server: SAP\r\n
LSP_delete.c(9):     Strict-Transport-Security: max-age=31536000; includeSubDomains; preload\r\n
LSP_delete.c(9):     \r\n
LSP_delete.c(9): Notify: Saving Parameter "response header = HTTP/1.1 200 OK\r\nCache-Control: private\r\nExpires: Thu, 01 Jan 1970 00:00:00 UTC\r\nDate: Mon, 25 Dec 2017 11:40:42 GMT\r\nContent-Type: application/octet-stream\r\nContent-Length: 23\r\nServer: SAP\r\nStrict-Transport-Security: max-age=31536000; includeSubDomains; preload\r\n\r\n".	[MsgId: MMSG-13798]
LSP_delete.c(9): t=344968ms: 23-byte response body for "https://diperf1-wf1f52214.dispatcher.int.sap.hana.ondemand.com/di/lsp/delete?workspaceId=workspacedws3mkiot86x86xw" (RelFrameId=1, Internal ID=163)
LSP_delete.c(9):     Language server deleted
LSP_delete.c(9): Registered web_reg_find successful for "Text=200" (count=1)  	[MsgId: MMSG-26364]
LSP_delete.c(9): Registered web_reg_find successful for "Text=Language server deleted" (count=1)  	[MsgId: MMSG-26364]
LSP_delete.c(9): web_custom_request("delete") was successful, 23 body bytes, 266 header bytes  	[MsgId: MMSG-26386]
LSP_delete.c(18): Notify: Parameter Substitution: parameter "WORKSPACE" =  "workspacedws3mkiot86x86xw"	[MsgId: MMSG-13992]
LSP_delete.c(18): Notify: Saving Parameter "GET_STATUS_URL = /di/lsp/getStatus?workspaceId=workspacedws3mkiot86x86xw".	[MsgId: MMSG-13798]
LSP_delete.c(21): Notify: Transaction "LSP_POLL_Task" started.	[MsgId: MMSG-16999]
LSP_delete.c(22): web_reg_save_param started  	[MsgId: MMSG-26355]
LSP_delete.c(22): Registering web_reg_save_param was successful  	[MsgId: MMSG-26390]
LSP_delete.c(23): web_reg_find started  	[MsgId: MMSG-26355]
LSP_delete.c(23): Registering web_reg_find was successful  	[MsgId: MMSG-26390]
LSP_delete.c(24): web_url("Poll Task") started  	[MsgId: MMSG-26355]
LSP_delete.c(24): Notify: Parameter Substitution: parameter "URL" =  "https://diperf1-wf1f52214.dispatcher.int.sap.hana.ondemand.com"	[MsgId: MMSG-13992]
LSP_delete.c(24): Notify: Parameter Substitution: parameter "GET_STATUS_URL" =  "/di/lsp/getStatus?workspaceId=workspacedws3mkiot86x86xw"	[MsgId: MMSG-13992]
LSP_delete.c(24): Notify: Parameter Substitution: parameter "URL" =  "https://diperf1-wf1f52214.dispatcher.int.sap.hana.ondemand.com"	[MsgId: MMSG-13992]
LSP_Start.c(38): Notify: Transaction "LSP_POLL_Task" ended with a "Pass" status (Duration: 2.4528 Wasted Time: 0.0001).	[MsgId: MMSG-16871]
LSP_Start.c(39): Notify: Parameter Substitution: parameter "LSP_START_STATUS" =  "STARTING"	[MsgId: MMSG-13992]
LSP_Start.c(27): Notify: Transaction "LSP_POLL_Task" started.	[MsgId: MMSG-16999]
LSP_Start.c(28): web_reg_save_param started  	[MsgId: MMSG-26355]
LSP_Start.c(28): Registering web_reg_save_param was successful  	[MsgId: MMSG-26390]
LSP_Start.c(29): web_reg_find started  	[MsgId: MMSG-26355]
LSP_Start.c(29): Registering web_reg_find was successful  	[MsgId: MMSG-26390]
LSP_Start.c(30): web_url("Poll Task") started  	[MsgId: MMSG-26355]
LSP_Start.c(30): Notify: Parameter Substitution: parameter "URL" =  "https://diperf1-wf1f52214.dispatcher.int.sap.hana.ondemand.com"	[MsgId: MMSG-13992]
LSP_Start.c(30): Notify: Parameter Substitution: parameter "GET_STATUS_URL" =  "/di/lsp/getStatus?workspaceId=workspacen7ahdx1lm7we8g3a"	[MsgId: MMSG-13992]
LSP_Start.c(30): Notify: Parameter Substitution: parameter "URL" =  "https://diperf1-wf1f52214.dispatcher.int.sap.hana.ondemand.com"	[MsgId: MMSG-13992]
LSP_delete.c(24): t=345049ms: 225-byte response headers for "https://diperf1-wf1f52214.dispatcher.int.sap.hana.ondemand.com/di/lsp/getStatus?workspaceId=workspacedws3mkiot86x86xw" (RelFrameId=1, Internal ID=164)
LSP_delete.c(24):     HTTP/1.1 200 OK\r\n
LSP_delete.c(24):     Cache-Control: private\r\n
LSP_delete.c(24):     Expires: Thu, 01 Jan 1970 00:00:00 UTC\r\n
LSP_delete.c(24):     Date: Mon, 25 Dec 2017 11:40:43 GMT\r\n
LSP_delete.c(24):     Content-Length: 0\r\n
LSP_delete.c(24):     Server: SAP\r\n
LSP_delete.c(24):     Strict-Transport-Security: max-age=31536000; includeSubDomains; preload\r\n
LSP_delete.c(24):     \r\n
LSP_delete.c(24): Notify: Saving Parameter "response header = HTTP/1.1 200 OK\r\nCache-Control: private\r\nExpires: Thu, 01 Jan 1970 00:00:00 UTC\r\nDate: Mon, 25 Dec 2017 11:40:43 GMT\r\nContent-Length: 0\r\nServer: SAP\r\nStrict-Transport-Security: max-age=31536000; includeSubDomains; preload\r\n\r\n".	[MsgId: MMSG-13798]
LSP_delete.c(24): Warning -26377: No match found for the requested parameter "LSP_STATUS". Either the specified boundaries were not found in the response or the matched text is longer than current max html parameter size of 50000 bytes. The total length of the response is 0 bytes. You can use "web_set_max_html_param_len" to increase the max parameter size.  	[MsgId: MWAR-26377]
LSP_delete.c(24): Notify: Saving Parameter "LSP_STATUS = ".	[MsgId: MMSG-13798]
LSP_delete.c(24): Registered web_reg_find successful for "Text=200" (count=1)  	[MsgId: MMSG-26364]
LSP_delete.c(24): web_url("Poll Task") highest severity level was "warning", 0 body bytes, 225 header bytes  	[MsgId: MMSG-26388]
LSP_Start.c(30): t=345113ms: 338-byte response headers for "https://diperf1-wf1f52214.dispatcher.int.sap.hana.ondemand.com/di/lsp/getStatus?workspaceId=workspacen7ahdx1lm7we8g3a" (RelFrameId=1, Internal ID=172)
LSP_Start.c(30):     HTTP/1.1 200 OK\r\n
LSP_Start.c(30):     Cache-Control: private\r\n
LSP_Start.c(30):     Expires: Thu, 01 Jan 1970 00:00:00 UTC\r\n
LSP_Start.c(30):     Cache-Control: public, no-cache, no-store, no-transform\r\n
LSP_Start.c(30):     Vary: Accept-Encoding\r\n
LSP_Start.c(30):     Date: Mon, 25 Dec 2017 11:40:43 GMT\r\n
LSP_Start.c(30):     Content-Type: application/json\r\n
LSP_Start.c(30):     Content-Length: 84\r\n
LSP_Start.c(30):     Server: SAP\r\n
LSP_Start.c(30):     Strict-Transport-Security: max-age=31536000; includeSubDomains; preload\r\n
LSP_Start.c(30):     \r\n
LSP_Start.c(30): Notify: Saving Parameter "response header = HTTP/1.1 200 OK\r\nCache-Control: private\r\nExpires: Thu, 01 Jan 1970 00:00:00 UTC\r\nCache-Control: public, no-cache, no-store, no-transform\r\nVary: Accept-Encoding\r\nDate: Mon, 25 Dec 2017 11:40:43 GMT\r\nContent-Type: application/json\r\nContent-Length: 84\r\nServer: SAP\r\nStrict-Transport-Security: max-age=31536000; includeSubDomains; preload\r\n\r\n".	[MsgId: MMSG-13798]
LSP_Start.c(30): t=345114ms: 84-byte response body for "https://diperf1-wf1f52214.dispatcher.int.sap.hana.ondemand.com/di/lsp/getStatus?workspaceId=workspacen7ahdx1lm7we8g3a" (RelFrameId=1, Internal ID=172)
LSP_Start.c(30):     {"status":"STARTING","url":"UNKNOWN","workspaceRoot":"UNKNOWN","languages":"eslint"}
LSP_Start.c(30): Notify: Saving Parameter "LSP_START_STATUS = STARTING".	[MsgId: MMSG-13798]
LSP_Start.c(30): HTML parsing not performed for Content-Type "application/json" ("ParseHtmlContentType" Run-Time Setting is "TEXT"). URL="https://diperf1-wf1f52214.dispatcher.int.sap.hana.ondemand.com/di/lsp/getStatus?workspaceId=workspacen7ahdx1lm7we8g3a"  	[MsgId: MMSG-26548]
LSP_Start.c(30): Registered web_reg_find successful for "Text=200" (count=1)  	[MsgId: MMSG-26364]
LSP_Start.c(30): web_url("Poll Task") was successful, 84 body bytes, 338 header bytes  	[MsgId: MMSG-26386]
LSP_Start.c(38): Notify: Transaction "LSP_POLL_Task" ended with a "Pass" status (Duration: 2.1091 Wasted Time: 0.0001).	[MsgId: MMSG-16871]
LSP_Start.c(39): Notify: Parameter Substitution: parameter "LSP_START_STATUS" =  "STARTING"	[MsgId: MMSG-13992]
LSP_Start.c(27): Notify: Transaction "LSP_POLL_Task" started.	[MsgId: MMSG-16999]
LSP_Start.c(28): web_reg_save_param started  	[MsgId: MMSG-26355]
LSP_Start.c(28): Registering web_reg_save_param was successful  	[MsgId: MMSG-26390]
LSP_Start.c(29): web_reg_find started  	[MsgId: MMSG-26355]
LSP_Start.c(29): Registering web_reg_find was successful  	[MsgId: MMSG-26390]
LSP_Start.c(30): web_url("Poll Task") started  	[MsgId: MMSG-26355]
LSP_Start.c(30): Notify: Parameter Substitution: parameter "URL" =  "https://diperf1-wf1f52214.dispatcher.int.sap.hana.ondemand.com"	[MsgId: MMSG-13992]
LSP_Start.c(30): Notify: Parameter Substitution: parameter "GET_STATUS_URL" =  "/di/lsp/getStatus?workspaceId=workspace8f2h1nvdvjvr7elr"	[MsgId: MMSG-13992]
LSP_Start.c(30): Notify: Parameter Substitution: parameter "URL" =  "https://diperf1-wf1f52214.dispatcher.int.sap.hana.ondemand.com"	[MsgId: MMSG-13992]
LSP_Start.c(30): t=346064ms: 338-byte response headers for "https://diperf1-wf1f52214.dispatcher.int.sap.hana.ondemand.com/di/lsp/getStatus?workspaceId=workspace8f2h1nvdvjvr7elr" (RelFrameId=1, Internal ID=175)
LSP_Start.c(30):     HTTP/1.1 200 OK\r\n
LSP_Start.c(30):     Cache-Control: private\r\n
LSP_Start.c(30):     Expires: Thu, 01 Jan 1970 00:00:00 UTC\r\n
LSP_Start.c(30):     Cache-Control: public, no-cache, no-store, no-transform\r\n
LSP_Start.c(30):     Vary: Accept-Encoding\r\n
LSP_Start.c(30):     Date: Mon, 25 Dec 2017 11:40:44 GMT\r\n
LSP_Start.c(30):     Content-Type: application/json\r\n
LSP_Start.c(30):     Content-Length: 84\r\n
LSP_Start.c(30):     Server: SAP\r\n
LSP_Start.c(30):     Strict-Transport-Security: max-age=31536000; includeSubDomains; preload\r\n
LSP_Start.c(30):     \r\n
LSP_Start.c(30): Notify: Saving Parameter "response header = HTTP/1.1 200 OK\r\nCache-Control: private\r\nExpires: Thu, 01 Jan 1970 00:00:00 UTC\r\nCache-Control: public, no-cache, no-store, no-transform\r\nVary: Accept-Encoding\r\nDate: Mon, 25 Dec 2017 11:40:44 GMT\r\nContent-Type: application/json\r\nContent-Length: 84\r\nServer: SAP\r\nStrict-Transport-Security: max-age=31536000; includeSubDomains; preload\r\n\r\n".	[MsgId: MMSG-13798]
LSP_Start.c(30): t=346065ms: 84-byte response body for "https://diperf1-wf1f52214.dispatcher.int.sap.hana.ondemand.com/di/lsp/getStatus?workspaceId=workspace8f2h1nvdvjvr7elr" (RelFrameId=1, Internal ID=175)
LSP_Start.c(30):     {"status":"STARTING","url":"UNKNOWN","workspaceRoot":"UNKNOWN","languages":"eslint"}
LSP_Start.c(30): Notify: Saving Parameter "LSP_START_STATUS = STARTING".	[MsgId: MMSG-13798]
LSP_Start.c(30): HTML parsing not performed for Content-Type "application/json" ("ParseHtmlContentType" Run-Time Setting is "TEXT"). URL="https://diperf1-wf1f52214.dispatcher.int.sap.hana.ondemand.com/di/lsp/getStatus?workspaceId=workspace8f2h1nvdvjvr7elr"  	[MsgId: MMSG-26548]
LSP_Start.c(30): Registered web_reg_find successful for "Text=200" (count=1)  	[MsgId: MMSG-26364]
LSP_Start.c(30): web_url("Poll Task") was successful, 84 body bytes, 338 header bytes  	[MsgId: MMSG-26386]
LSP_delete.c(32): Notify: Transaction "LSP_POLL_Task" ended with a "Pass" status (Duration: 2.0947 Wasted Time: 0.0000).	[MsgId: MMSG-16871]
LSP_delete.c(33): Notify: Parameter Substitution: parameter "LSP_STATUS" =  ""	[MsgId: MMSG-13992]
LSP_delete.c(35): Notify: Parameter Substitution: parameter "LSP_STATUS" =  ""	[MsgId: MMSG-13992]
LSP_delete.c(36): Notify: Transaction "LSP_delete" ended with a "Pass" status (Duration: 5.8427 Wasted Time: 0.0000).	[MsgId: MMSG-16871]
Ending action LSP_delete.	[MsgId: MMSG-15918]
Action was aborted.	[MsgId: MMSG-10694]
Ending Vuser...	[MsgId: MMSG-15966]
Starting action vuser_end.	[MsgId: MMSG-15919]
Ending action vuser_end.	[MsgId: MMSG-15918]
Vuser Terminated.	[MsgId: MMSG-15963]
Vuser 2 (thread 6632), ended OK."	[MsgId: MMSG-10695]
LSP_Start.c(38): Notify: Transaction "LSP_POLL_Task" ended with a "Pass" status (Duration: 2.0935 Wasted Time: 0.0000).	[MsgId: MMSG-16871]
LSP_Start.c(39): Notify: Parameter Substitution: parameter "LSP_START_STATUS" =  "STARTING"	[MsgId: MMSG-13992]
LSP_Start.c(27): Notify: Transaction "LSP_POLL_Task" started.	[MsgId: MMSG-16999]
LSP_Start.c(28): web_reg_save_param started  	[MsgId: MMSG-26355]
LSP_Start.c(28): Registering web_reg_save_param was successful  	[MsgId: MMSG-26390]
LSP_Start.c(29): web_reg_find started  	[MsgId: MMSG-26355]
LSP_Start.c(29): Registering web_reg_find was successful  	[MsgId: MMSG-26390]
LSP_Start.c(30): web_url("Poll Task") started  	[MsgId: MMSG-26355]
LSP_Start.c(30): Notify: Parameter Substitution: parameter "URL" =  "https://diperf1-wf1f52214.dispatcher.int.sap.hana.ondemand.com"	[MsgId: MMSG-13992]
LSP_Start.c(30): Notify: Parameter Substitution: parameter "GET_STATUS_URL" =  "/di/lsp/getStatus?workspaceId=workspacen7ahdx1lm7we8g3a"	[MsgId: MMSG-13992]
LSP_Start.c(30): Notify: Parameter Substitution: parameter "URL" =  "https://diperf1-wf1f52214.dispatcher.int.sap.hana.ondemand.com"	[MsgId: MMSG-13992]
LSP_Start.c(30): t=347206ms: 338-byte response headers for "https://diperf1-wf1f52214.dispatcher.int.sap.hana.ondemand.com/di/lsp/getStatus?workspaceId=workspacen7ahdx1lm7we8g3a" (RelFrameId=1, Internal ID=173)
LSP_Start.c(30):     HTTP/1.1 200 OK\r\n
LSP_Start.c(30):     Cache-Control: private\r\n
LSP_Start.c(30):     Expires: Thu, 01 Jan 1970 00:00:00 UTC\r\n
LSP_Start.c(30):     Cache-Control: public, no-cache, no-store, no-transform\r\n
LSP_Start.c(30):     Vary: Accept-Encoding\r\n
LSP_Start.c(30):     Date: Mon, 25 Dec 2017 11:40:45 GMT\r\n
LSP_Start.c(30):     Content-Type: application/json\r\n
LSP_Start.c(30):     Content-Length: 84\r\n
LSP_Start.c(30):     Server: SAP\r\n
LSP_Start.c(30):     Strict-Transport-Security: max-age=31536000; includeSubDomains; preload\r\n
LSP_Start.c(30):     \r\n
LSP_Start.c(30): Notify: Saving Parameter "response header = HTTP/1.1 200 OK\r\nCache-Control: private\r\nExpires: Thu, 01 Jan 1970 00:00:00 UTC\r\nCache-Control: public, no-cache, no-store, no-transform\r\nVary: Accept-Encoding\r\nDate: Mon, 25 Dec 2017 11:40:45 GMT\r\nContent-Type: application/json\r\nContent-Length: 84\r\nServer: SAP\r\nStrict-Transport-Security: max-age=31536000; includeSubDomains; preload\r\n\r\n".	[MsgId: MMSG-13798]
LSP_Start.c(30): t=347207ms: 84-byte response body for "https://diperf1-wf1f52214.dispatcher.int.sap.hana.ondemand.com/di/lsp/getStatus?workspaceId=workspacen7ahdx1lm7we8g3a" (RelFrameId=1, Internal ID=173)
LSP_Start.c(30):     {"status":"STARTING","url":"UNKNOWN","workspaceRoot":"UNKNOWN","languages":"eslint"}
LSP_Start.c(30): Notify: Saving Parameter "LSP_START_STATUS = STARTING".	[MsgId: MMSG-13798]
LSP_Start.c(30): HTML parsing not performed for Content-Type "application/json" ("ParseHtmlContentType" Run-Time Setting is "TEXT"). URL="https://diperf1-wf1f52214.dispatcher.int.sap.hana.ondemand.com/di/lsp/getStatus?workspaceId=workspacen7ahdx1lm7we8g3a"  	[MsgId: MMSG-26548]
LSP_Start.c(30): Registered web_reg_find successful for "Text=200" (count=1)  	[MsgId: MMSG-26364]
LSP_Start.c(30): web_url("Poll Task") was successful, 84 body bytes, 338 header bytes  	[MsgId: MMSG-26386]
LSP_Start.c(38): Notify: Transaction "LSP_POLL_Task" ended with a "Pass" status (Duration: 2.0934 Wasted Time: 0.0000).	[MsgId: MMSG-16871]
LSP_Start.c(39): Notify: Parameter Substitution: parameter "LSP_START_STATUS" =  "STARTING"	[MsgId: MMSG-13992]
LSP_Start.c(27): Notify: Transaction "LSP_POLL_Task" started.	[MsgId: MMSG-16999]
LSP_Start.c(28): web_reg_save_param started  	[MsgId: MMSG-26355]
LSP_Start.c(28): Registering web_reg_save_param was successful  	[MsgId: MMSG-26390]
LSP_Start.c(29): web_reg_find started  	[MsgId: MMSG-26355]
LSP_Start.c(29): Registering web_reg_find was successful  	[MsgId: MMSG-26390]
LSP_Start.c(30): web_url("Poll Task") started  	[MsgId: MMSG-26355]
LSP_Start.c(30): Notify: Parameter Substitution: parameter "URL" =  "https://diperf1-wf1f52214.dispatcher.int.sap.hana.ondemand.com"	[MsgId: MMSG-13992]
LSP_Start.c(30): Notify: Parameter Substitution: parameter "GET_STATUS_URL" =  "/di/lsp/getStatus?workspaceId=workspace8f2h1nvdvjvr7elr"	[MsgId: MMSG-13992]
LSP_Start.c(30): Notify: Parameter Substitution: parameter "URL" =  "https://diperf1-wf1f52214.dispatcher.int.sap.hana.ondemand.com"	[MsgId: MMSG-13992]
LSP_Start.c(30): t=348176ms: 338-byte response headers for "https://diperf1-wf1f52214.dispatcher.int.sap.hana.ondemand.com/di/lsp/getStatus?workspaceId=workspace8f2h1nvdvjvr7elr" (RelFrameId=1, Internal ID=176)
LSP_Start.c(30):     HTTP/1.1 200 OK\r\n
LSP_Start.c(30):     Cache-Control: private\r\n
LSP_Start.c(30):     Expires: Thu, 01 Jan 1970 00:00:00 UTC\r\n
LSP_Start.c(30):     Cache-Control: public, no-cache, no-store, no-transform\r\n
LSP_Start.c(30):     Vary: Accept-Encoding\r\n
LSP_Start.c(30):     Date: Mon, 25 Dec 2017 11:40:46 GMT\r\n
LSP_Start.c(30):     Content-Type: application/json\r\n
LSP_Start.c(30):     Content-Length: 84\r\n
LSP_Start.c(30):     Server: SAP\r\n
LSP_Start.c(30):     Strict-Transport-Security: max-age=31536000; includeSubDomains; preload\r\n
LSP_Start.c(30):     \r\n
LSP_Start.c(30): Notify: Saving Parameter "response header = HTTP/1.1 200 OK\r\nCache-Control: private\r\nExpires: Thu, 01 Jan 1970 00:00:00 UTC\r\nCache-Control: public, no-cache, no-store, no-transform\r\nVary: Accept-Encoding\r\nDate: Mon, 25 Dec 2017 11:40:46 GMT\r\nContent-Type: application/json\r\nContent-Length: 84\r\nServer: SAP\r\nStrict-Transport-Security: max-age=31536000; includeSubDomains; preload\r\n\r\n".	[MsgId: MMSG-13798]
LSP_Start.c(30): t=348176ms: 84-byte response body for "https://diperf1-wf1f52214.dispatcher.int.sap.hana.ondemand.com/di/lsp/getStatus?workspaceId=workspace8f2h1nvdvjvr7elr" (RelFrameId=1, Internal ID=176)
LSP_Start.c(30):     {"status":"STARTING","url":"UNKNOWN","workspaceRoot":"UNKNOWN","languages":"eslint"}
LSP_Start.c(30): Notify: Saving Parameter "LSP_START_STATUS = STARTING".	[MsgId: MMSG-13798]
LSP_Start.c(30): HTML parsing not performed for Content-Type "application/json" ("ParseHtmlContentType" Run-Time Setting is "TEXT"). URL="https://diperf1-wf1f52214.dispatcher.int.sap.hana.ondemand.com/di/lsp/getStatus?workspaceId=workspace8f2h1nvdvjvr7elr"  	[MsgId: MMSG-26548]
LSP_Start.c(30): Registered web_reg_find successful for "Text=200" (count=1)  	[MsgId: MMSG-26364]
LSP_Start.c(30): web_url("Poll Task") was successful, 84 body bytes, 338 header bytes  	[MsgId: MMSG-26386]
LSP_Start.c(38): Notify: Transaction "LSP_POLL_Task" ended with a "Pass" status (Duration: 2.0935 Wasted Time: 0.0001).	[MsgId: MMSG-16871]
LSP_Start.c(39): Notify: Parameter Substitution: parameter "LSP_START_STATUS" =  "STARTING"	[MsgId: MMSG-13992]
LSP_Start.c(27): Notify: Transaction "LSP_POLL_Task" started.	[MsgId: MMSG-16999]
LSP_Start.c(28): web_reg_save_param started  	[MsgId: MMSG-26355]
LSP_Start.c(28): Registering web_reg_save_param was successful  	[MsgId: MMSG-26390]
LSP_Start.c(29): web_reg_find started  	[MsgId: MMSG-26355]
LSP_Start.c(29): Registering web_reg_find was successful  	[MsgId: MMSG-26390]
LSP_Start.c(30): web_url("Poll Task") started  	[MsgId: MMSG-26355]
LSP_Start.c(30): Notify: Parameter Substitution: parameter "URL" =  "https://diperf1-wf1f52214.dispatcher.int.sap.hana.ondemand.com"	[MsgId: MMSG-13992]
LSP_Start.c(30): Notify: Parameter Substitution: parameter "GET_STATUS_URL" =  "/di/lsp/getStatus?workspaceId=workspacen7ahdx1lm7we8g3a"	[MsgId: MMSG-13992]
LSP_Start.c(30): Notify: Parameter Substitution: parameter "URL" =  "https://diperf1-wf1f52214.dispatcher.int.sap.hana.ondemand.com"	[MsgId: MMSG-13992]
LSP_Start.c(30): t=349300ms: 338-byte response headers for "https://diperf1-wf1f52214.dispatcher.int.sap.hana.ondemand.com/di/lsp/getStatus?workspaceId=workspacen7ahdx1lm7we8g3a" (RelFrameId=1, Internal ID=174)
LSP_Start.c(30):     HTTP/1.1 200 OK\r\n
LSP_Start.c(30):     Cache-Control: private\r\n
LSP_Start.c(30):     Expires: Thu, 01 Jan 1970 00:00:00 UTC\r\n
LSP_Start.c(30):     Cache-Control: public, no-cache, no-store, no-transform\r\n
LSP_Start.c(30):     Vary: Accept-Encoding\r\n
LSP_Start.c(30):     Date: Mon, 25 Dec 2017 11:40:47 GMT\r\n
LSP_Start.c(30):     Content-Type: application/json\r\n
LSP_Start.c(30):     Content-Length: 84\r\n
LSP_Start.c(30):     Server: SAP\r\n
LSP_Start.c(30):     Strict-Transport-Security: max-age=31536000; includeSubDomains; preload\r\n
LSP_Start.c(30):     \r\n
LSP_Start.c(30): Notify: Saving Parameter "response header = HTTP/1.1 200 OK\r\nCache-Control: private\r\nExpires: Thu, 01 Jan 1970 00:00:00 UTC\r\nCache-Control: public, no-cache, no-store, no-transform\r\nVary: Accept-Encoding\r\nDate: Mon, 25 Dec 2017 11:40:47 GMT\r\nContent-Type: application/json\r\nContent-Length: 84\r\nServer: SAP\r\nStrict-Transport-Security: max-age=31536000; includeSubDomains; preload\r\n\r\n".	[MsgId: MMSG-13798]
LSP_Start.c(30): t=349301ms: 84-byte response body for "https://diperf1-wf1f52214.dispatcher.int.sap.hana.ondemand.com/di/lsp/getStatus?workspaceId=workspacen7ahdx1lm7we8g3a" (RelFrameId=1, Internal ID=174)
LSP_Start.c(30):     {"status":"STARTING","url":"UNKNOWN","workspaceRoot":"UNKNOWN","languages":"eslint"}
LSP_Start.c(30): Notify: Saving Parameter "LSP_START_STATUS = STARTING".	[MsgId: MMSG-13798]
LSP_Start.c(30): HTML parsing not performed for Content-Type "application/json" ("ParseHtmlContentType" Run-Time Setting is "TEXT"). URL="https://diperf1-wf1f52214.dispatcher.int.sap.hana.ondemand.com/di/lsp/getStatus?workspaceId=workspacen7ahdx1lm7we8g3a"  	[MsgId: MMSG-26548]
LSP_Start.c(30): Registered web_reg_find successful for "Text=200" (count=1)  	[MsgId: MMSG-26364]
LSP_Start.c(30): web_url("Poll Task") was successful, 84 body bytes, 338 header bytes  	[MsgId: MMSG-26386]
LSP_Start.c(38): Notify: Transaction "LSP_POLL_Task" ended with a "Pass" status (Duration: 2.1091 Wasted Time: 0.0001).	[MsgId: MMSG-16871]
LSP_Start.c(39): Notify: Parameter Substitution: parameter "LSP_START_STATUS" =  "STARTING"	[MsgId: MMSG-13992]
LSP_Start.c(27): Notify: Transaction "LSP_POLL_Task" started.	[MsgId: MMSG-16999]
LSP_Start.c(28): web_reg_save_param started  	[MsgId: MMSG-26355]
LSP_Start.c(28): Registering web_reg_save_param was successful  	[MsgId: MMSG-26390]
LSP_Start.c(29): web_reg_find started  	[MsgId: MMSG-26355]
LSP_Start.c(29): Registering web_reg_find was successful  	[MsgId: MMSG-26390]
LSP_Start.c(30): web_url("Poll Task") started  	[MsgId: MMSG-26355]
LSP_Start.c(30): Notify: Parameter Substitution: parameter "URL" =  "https://diperf1-wf1f52214.dispatcher.int.sap.hana.ondemand.com"	[MsgId: MMSG-13992]
LSP_Start.c(30): Notify: Parameter Substitution: parameter "GET_STATUS_URL" =  "/di/lsp/getStatus?workspaceId=workspace8f2h1nvdvjvr7elr"	[MsgId: MMSG-13992]
LSP_Start.c(30): Notify: Parameter Substitution: parameter "URL" =  "https://diperf1-wf1f52214.dispatcher.int.sap.hana.ondemand.com"	[MsgId: MMSG-13992]
LSP_Start.c(30): t=350270ms: 338-byte response headers for "https://diperf1-wf1f52214.dispatcher.int.sap.hana.ondemand.com/di/lsp/getStatus?workspaceId=workspace8f2h1nvdvjvr7elr" (RelFrameId=1, Internal ID=177)
LSP_Start.c(30):     HTTP/1.1 200 OK\r\n
LSP_Start.c(30):     Cache-Control: private\r\n
LSP_Start.c(30):     Expires: Thu, 01 Jan 1970 00:00:00 UTC\r\n
LSP_Start.c(30):     Cache-Control: public, no-cache, no-store, no-transform\r\n
LSP_Start.c(30):     Vary: Accept-Encoding\r\n
LSP_Start.c(30):     Date: Mon, 25 Dec 2017 11:40:48 GMT\r\n
LSP_Start.c(30):     Content-Type: application/json\r\n
LSP_Start.c(30):     Content-Length: 84\r\n
LSP_Start.c(30):     Server: SAP\r\n
LSP_Start.c(30):     Strict-Transport-Security: max-age=31536000; includeSubDomains; preload\r\n
LSP_Start.c(30):     \r\n
LSP_Start.c(30): Notify: Saving Parameter "response header = HTTP/1.1 200 OK\r\nCache-Control: private\r\nExpires: Thu, 01 Jan 1970 00:00:00 UTC\r\nCache-Control: public, no-cache, no-store, no-transform\r\nVary: Accept-Encoding\r\nDate: Mon, 25 Dec 2017 11:40:48 GMT\r\nContent-Type: application/json\r\nContent-Length: 84\r\nServer: SAP\r\nStrict-Transport-Security: max-age=31536000; includeSubDomains; preload\r\n\r\n".	[MsgId: MMSG-13798]
LSP_Start.c(30): t=350271ms: 84-byte response body for "https://diperf1-wf1f52214.dispatcher.int.sap.hana.ondemand.com/di/lsp/getStatus?workspaceId=workspace8f2h1nvdvjvr7elr" (RelFrameId=1, Internal ID=177)
LSP_Start.c(30):     {"status":"STARTING","url":"UNKNOWN","workspaceRoot":"UNKNOWN","languages":"eslint"}
LSP_Start.c(30): Notify: Saving Parameter "LSP_START_STATUS = STARTING".	[MsgId: MMSG-13798]
LSP_Start.c(30): HTML parsing not performed for Content-Type "application/json" ("ParseHtmlContentType" Run-Time Setting is "TEXT"). URL="https://diperf1-wf1f52214.dispatcher.int.sap.hana.ondemand.com/di/lsp/getStatus?workspaceId=workspace8f2h1nvdvjvr7elr"  	[MsgId: MMSG-26548]
LSP_Start.c(30): Registered web_reg_find successful for "Text=200" (count=1)  	[MsgId: MMSG-26364]
LSP_Start.c(30): web_url("Poll Task") was successful, 84 body bytes, 338 header bytes  	[MsgId: MMSG-26386]
LSP_Start.c(38): Notify: Transaction "LSP_POLL_Task" ended with a "Pass" status (Duration: 2.0935 Wasted Time: 0.0001).	[MsgId: MMSG-16871]
LSP_Start.c(39): Notify: Parameter Substitution: parameter "LSP_START_STATUS" =  "STARTING"	[MsgId: MMSG-13992]
LSP_Start.c(27): Notify: Transaction "LSP_POLL_Task" started.	[MsgId: MMSG-16999]
LSP_Start.c(28): web_reg_save_param started  	[MsgId: MMSG-26355]
LSP_Start.c(28): Registering web_reg_save_param was successful  	[MsgId: MMSG-26390]
LSP_Start.c(29): web_reg_find started  	[MsgId: MMSG-26355]
LSP_Start.c(29): Registering web_reg_find was successful  	[MsgId: MMSG-26390]
LSP_Start.c(30): web_url("Poll Task") started  	[MsgId: MMSG-26355]
LSP_Start.c(30): Notify: Parameter Substitution: parameter "URL" =  "https://diperf1-wf1f52214.dispatcher.int.sap.hana.ondemand.com"	[MsgId: MMSG-13992]
LSP_Start.c(30): Notify: Parameter Substitution: parameter "GET_STATUS_URL" =  "/di/lsp/getStatus?workspaceId=workspacen7ahdx1lm7we8g3a"	[MsgId: MMSG-13992]
LSP_Start.c(30): Notify: Parameter Substitution: parameter "URL" =  "https://diperf1-wf1f52214.dispatcher.int.sap.hana.ondemand.com"	[MsgId: MMSG-13992]
LSP_Start.c(30): t=352210ms: 339-byte response headers for "https://diperf1-wf1f52214.dispatcher.int.sap.hana.ondemand.com/di/lsp/getStatus?workspaceId=workspacen7ahdx1lm7we8g3a" (RelFrameId=1, Internal ID=175)
LSP_Start.c(30):     HTTP/1.1 200 OK\r\n
LSP_Start.c(30):     Cache-Control: private\r\n
LSP_Start.c(30):     Expires: Thu, 01 Jan 1970 00:00:00 UTC\r\n
LSP_Start.c(30):     Cache-Control: public, no-cache, no-store, no-transform\r\n
LSP_Start.c(30):     Vary: Accept-Encoding\r\n
LSP_Start.c(30):     Date: Mon, 25 Dec 2017 11:40:50 GMT\r\n
LSP_Start.c(30):     Content-Type: application/json\r\n
LSP_Start.c(30):     Content-Length: 220\r\n
LSP_Start.c(30):     Server: SAP\r\n
LSP_Start.c(30):     Strict-Transport-Security: max-age=31536000; includeSubDomains; preload\r\n
LSP_Start.c(30):     \r\n
LSP_Start.c(30): Notify: Saving Parameter "response header = HTTP/1.1 200 OK\r\nCache-Control: private\r\nExpires: Thu, 01 Jan 1970 00:00:00 UTC\r\nCache-Control: public, no-cache, no-store, no-transform\r\nVary: Accept-Encoding\r\nDate: Mon, 25 Dec 2017 11:40:50 GMT\r\nContent-Type: application/json\r\nContent-Length: 220\r\nServer: SAP\r\nStrict-Transport-Security: max-age=31536000; includeSubDomains; preload\r\n\r\n".	[MsgId: MMSG-13798]
LSP_Start.c(30): t=352210ms: 220-byte response body for "https://diperf1-wf1f52214.dispatcher.int.sap.hana.ondemand.com/di/lsp/getStatus?workspaceId=workspacen7ahdx1lm7we8g3a" (RelFrameId=1, Internal ID=175)
LSP_Start.c(30):     {"status":"READY","url":"lsp-devxperf-lsp-workspacen7ahdx1lm7we8g3a.cfapps.sap.hana.ondema
LSP_Start.c(30):     nd.com","workspaceRoot":"file:///home/vcap/app/di_ws_root","secToken":"6a7ad594-ec68-4e56-
LSP_Start.c(30):     9c9e-e54983de382c","languages":"eslint"}
LSP_Start.c(30): Notify: Saving Parameter "LSP_START_STATUS = READY".	[MsgId: MMSG-13798]
LSP_Start.c(30): HTML parsing not performed for Content-Type "application/json" ("ParseHtmlContentType" Run-Time Setting is "TEXT"). URL="https://diperf1-wf1f52214.dispatcher.int.sap.hana.ondemand.com/di/lsp/getStatus?workspaceId=workspacen7ahdx1lm7we8g3a"  	[MsgId: MMSG-26548]
LSP_Start.c(30): Registered web_reg_find successful for "Text=200" (count=1)  	[MsgId: MMSG-26364]
LSP_Start.c(30): web_url("Poll Task") was successful, 220 body bytes, 339 header bytes  	[MsgId: MMSG-26386]
LSP_Start.c(38): Notify: Transaction "LSP_POLL_Task" ended with a "Pass" status (Duration: 2.0935 Wasted Time: 0.0001).	[MsgId: MMSG-16871]
LSP_Start.c(39): Notify: Parameter Substitution: parameter "LSP_START_STATUS" =  "STARTING"	[MsgId: MMSG-13992]
LSP_Start.c(27): Notify: Transaction "LSP_POLL_Task" started.	[MsgId: MMSG-16999]
LSP_Start.c(28): web_reg_save_param started  	[MsgId: MMSG-26355]
LSP_Start.c(28): Registering web_reg_save_param was successful  	[MsgId: MMSG-26390]
LSP_Start.c(29): web_reg_find started  	[MsgId: MMSG-26355]
LSP_Start.c(29): Registering web_reg_find was successful  	[MsgId: MMSG-26390]
LSP_Start.c(30): web_url("Poll Task") started  	[MsgId: MMSG-26355]
LSP_Start.c(30): Notify: Parameter Substitution: parameter "URL" =  "https://diperf1-wf1f52214.dispatcher.int.sap.hana.ondemand.com"	[MsgId: MMSG-13992]
LSP_Start.c(30): Notify: Parameter Substitution: parameter "GET_STATUS_URL" =  "/di/lsp/getStatus?workspaceId=workspace8f2h1nvdvjvr7elr"	[MsgId: MMSG-13992]
LSP_Start.c(30): Notify: Parameter Substitution: parameter "URL" =  "https://diperf1-wf1f52214.dispatcher.int.sap.hana.ondemand.com"	[MsgId: MMSG-13992]
LSP_Start.c(30): t=352727ms: 339-byte response headers for "https://diperf1-wf1f52214.dispatcher.int.sap.hana.ondemand.com/di/lsp/getStatus?workspaceId=workspace8f2h1nvdvjvr7elr" (RelFrameId=1, Internal ID=178)
LSP_Start.c(30):     HTTP/1.1 200 OK\r\n
LSP_Start.c(30):     Cache-Control: private\r\n
LSP_Start.c(30):     Expires: Thu, 01 Jan 1970 00:00:00 UTC\r\n
LSP_Start.c(30):     Cache-Control: public, no-cache, no-store, no-transform\r\n
LSP_Start.c(30):     Vary: Accept-Encoding\r\n
LSP_Start.c(30):     Date: Mon, 25 Dec 2017 11:40:50 GMT\r\n
LSP_Start.c(30):     Content-Type: application/json\r\n
LSP_Start.c(30):     Content-Length: 220\r\n
LSP_Start.c(30):     Server: SAP\r\n
LSP_Start.c(30):     Strict-Transport-Security: max-age=31536000; includeSubDomains; preload\r\n
LSP_Start.c(30):     \r\n
LSP_Start.c(30): Notify: Saving Parameter "response header = HTTP/1.1 200 OK\r\nCache-Control: private\r\nExpires: Thu, 01 Jan 1970 00:00:00 UTC\r\nCache-Control: public, no-cache, no-store, no-transform\r\nVary: Accept-Encoding\r\nDate: Mon, 25 Dec 2017 11:40:50 GMT\r\nContent-Type: application/json\r\nContent-Length: 220\r\nServer: SAP\r\nStrict-Transport-Security: max-age=31536000; includeSubDomains; preload\r\n\r\n".	[MsgId: MMSG-13798]
LSP_Start.c(30): t=352728ms: 220-byte response body for "https://diperf1-wf1f52214.dispatcher.int.sap.hana.ondemand.com/di/lsp/getStatus?workspaceId=workspace8f2h1nvdvjvr7elr" (RelFrameId=1, Internal ID=178)
LSP_Start.c(30):     {"status":"READY","url":"lsp-devxperf-lsp-workspace8f2h1nvdvjvr7elr.cfapps.sap.hana.ondema
LSP_Start.c(30):     nd.com","workspaceRoot":"file:///home/vcap/app/di_ws_root","secToken":"e7224e68-9414-4af1-
LSP_Start.c(30):     977e-9a41fb3ecee9","languages":"eslint"}
LSP_Start.c(30): Notify: Saving Parameter "LSP_START_STATUS = READY".	[MsgId: MMSG-13798]
LSP_Start.c(30): HTML parsing not performed for Content-Type "application/json" ("ParseHtmlContentType" Run-Time Setting is "TEXT"). URL="https://diperf1-wf1f52214.dispatcher.int.sap.hana.ondemand.com/di/lsp/getStatus?workspaceId=workspace8f2h1nvdvjvr7elr"  	[MsgId: MMSG-26548]
LSP_Start.c(30): Registered web_reg_find successful for "Text=200" (count=1)  	[MsgId: MMSG-26364]
LSP_Start.c(30): web_url("Poll Task") was successful, 220 body bytes, 339 header bytes  	[MsgId: MMSG-26386]
LSP_Start.c(38): Notify: Transaction "LSP_POLL_Task" ended with a "Pass" status (Duration: 2.9061 Wasted Time: 0.0001).	[MsgId: MMSG-16871]
LSP_Start.c(39): Notify: Parameter Substitution: parameter "LSP_START_STATUS" =  "READY"	[MsgId: MMSG-13992]
LSP_Start.c(39): Notify: Parameter Substitution: parameter "LSP_START_STATUS" =  "READY"	[MsgId: MMSG-13992]
LSP_Start.c(39): Notify: Parameter Substitution: parameter "LSP_START_STATUS" =  "READY"	[MsgId: MMSG-13992]
LSP_Start.c(39): Notify: Parameter Substitution: parameter "LSP_START_STATUS" =  "READY"	[MsgId: MMSG-13992]
LSP_Start.c(41): Notify: Parameter Substitution: parameter "LSP_START_STATUS" =  "READY"	[MsgId: MMSG-13992]
LSP_Start.c(42): Notify: Transaction "LSP_Start" ended with a "Pass" status (Duration: 72.7645 Wasted Time: 0.0019).	[MsgId: MMSG-16871]
LSP_Start.c(48): Warning: The string 'ThinkTime' with parameter delimiters is not a parameter.	[MsgId: MWAR-13987]
Ending action LSP_Start.	[MsgId: MMSG-15918]
Starting action LSP_delete.	[MsgId: MMSG-15919]
LSP_delete.c(3): Notify: Transaction "LSP_delete" started.	[MsgId: MMSG-16999]
LSP_delete.c(4): web_add_header("X-CSRF-Token") started  	[MsgId: MMSG-26355]
LSP_delete.c(4): Notify: Parameter Substitution: parameter "TOKEN" =  "21AF0E93444740496F422A8F145B4E7B"	[MsgId: MMSG-13992]
LSP_delete.c(4): web_add_header("X-CSRF-Token") was successful  	[MsgId: MMSG-26392]
LSP_delete.c(5): web_reg_find started  	[MsgId: MMSG-26355]
LSP_delete.c(5): Registering web_reg_find was successful  	[MsgId: MMSG-26390]
LSP_delete.c(6): web_reg_find started  	[MsgId: MMSG-26355]
LSP_delete.c(6): Registering web_reg_find was successful  	[MsgId: MMSG-26390]
LSP_delete.c(8): Notify: Parameter Substitution: parameter "WORKSPACE" =  "workspacen7ahdx1lm7we8g3a"	[MsgId: MMSG-13992]
LSP_delete.c(8): Notify: Saving Parameter "DELETE_URL = /di/lsp/delete?workspaceId=workspacen7ahdx1lm7we8g3a".	[MsgId: MMSG-13798]
LSP_delete.c(9): web_custom_request("delete") started  	[MsgId: MMSG-26355]
LSP_delete.c(9): Notify: Parameter Substitution: parameter "URL" =  "https://diperf1-wf1f52214.dispatcher.int.sap.hana.ondemand.com"	[MsgId: MMSG-13992]
LSP_delete.c(9): Notify: Parameter Substitution: parameter "DELETE_URL" =  "/di/lsp/delete?workspaceId=workspacen7ahdx1lm7we8g3a"	[MsgId: MMSG-13992]
LSP_delete.c(9): Notify: Parameter Substitution: parameter "URL" =  "https://diperf1-wf1f52214.dispatcher.int.sap.hana.ondemand.com"	[MsgId: MMSG-13992]
LSP_Start.c(38): Notify: Transaction "LSP_POLL_Task" ended with a "Pass" status (Duration: 2.4529 Wasted Time: 0.0001).	[MsgId: MMSG-16871]
LSP_Start.c(39): Notify: Parameter Substitution: parameter "LSP_START_STATUS" =  "READY"	[MsgId: MMSG-13992]
LSP_Start.c(39): Notify: Parameter Substitution: parameter "LSP_START_STATUS" =  "READY"	[MsgId: MMSG-13992]
LSP_Start.c(39): Notify: Parameter Substitution: parameter "LSP_START_STATUS" =  "READY"	[MsgId: MMSG-13992]
LSP_Start.c(39): Notify: Parameter Substitution: parameter "LSP_START_STATUS" =  "READY"	[MsgId: MMSG-13992]
LSP_Start.c(41): Notify: Parameter Substitution: parameter "LSP_START_STATUS" =  "READY"	[MsgId: MMSG-13992]
LSP_Start.c(42): Notify: Transaction "LSP_Start" ended with a "Pass" status (Duration: 59.5145 Wasted Time: 0.0016).	[MsgId: MMSG-16871]
LSP_Start.c(48): Warning: The string 'ThinkTime' with parameter delimiters is not a parameter.	[MsgId: MWAR-13987]
Ending action LSP_Start.	[MsgId: MMSG-15918]
Starting action LSP_delete.	[MsgId: MMSG-15919]
LSP_delete.c(3): Notify: Transaction "LSP_delete" started.	[MsgId: MMSG-16999]
LSP_delete.c(4): web_add_header("X-CSRF-Token") started  	[MsgId: MMSG-26355]
LSP_delete.c(4): Notify: Parameter Substitution: parameter "TOKEN" =  "16727A0E3B0EE17F7F96B68B7E3A9DB9"	[MsgId: MMSG-13992]
LSP_delete.c(4): web_add_header("X-CSRF-Token") was successful  	[MsgId: MMSG-26392]
LSP_delete.c(5): web_reg_find started  	[MsgId: MMSG-26355]
LSP_delete.c(5): Registering web_reg_find was successful  	[MsgId: MMSG-26390]
LSP_delete.c(6): web_reg_find started  	[MsgId: MMSG-26355]
LSP_delete.c(6): Registering web_reg_find was successful  	[MsgId: MMSG-26390]
LSP_delete.c(8): Notify: Parameter Substitution: parameter "WORKSPACE" =  "workspace8f2h1nvdvjvr7elr"	[MsgId: MMSG-13992]
LSP_delete.c(8): Notify: Saving Parameter "DELETE_URL = /di/lsp/delete?workspaceId=workspace8f2h1nvdvjvr7elr".	[MsgId: MMSG-13798]
LSP_delete.c(9): web_custom_request("delete") started  	[MsgId: MMSG-26355]
LSP_delete.c(9): Notify: Parameter Substitution: parameter "URL" =  "https://diperf1-wf1f52214.dispatcher.int.sap.hana.ondemand.com"	[MsgId: MMSG-13992]
LSP_delete.c(9): Notify: Parameter Substitution: parameter "DELETE_URL" =  "/di/lsp/delete?workspaceId=workspace8f2h1nvdvjvr7elr"	[MsgId: MMSG-13992]
LSP_delete.c(9): Notify: Parameter Substitution: parameter "URL" =  "https://diperf1-wf1f52214.dispatcher.int.sap.hana.ondemand.com"	[MsgId: MMSG-13992]
LSP_delete.c(9): t=357969ms: 266-byte response headers for "https://diperf1-wf1f52214.dispatcher.int.sap.hana.ondemand.com/di/lsp/delete?workspaceId=workspacen7ahdx1lm7we8g3a" (RelFrameId=1, Internal ID=176)
LSP_delete.c(9):     HTTP/1.1 200 OK\r\n
LSP_delete.c(9):     Cache-Control: private\r\n
LSP_delete.c(9):     Expires: Thu, 01 Jan 1970 00:00:00 UTC\r\n
LSP_delete.c(9):     Date: Mon, 25 Dec 2017 11:40:56 GMT\r\n
LSP_delete.c(9):     Content-Type: application/octet-stream\r\n
LSP_delete.c(9):     Content-Length: 23\r\n
LSP_delete.c(9):     Server: SAP\r\n
LSP_delete.c(9):     Strict-Transport-Security: max-age=31536000; includeSubDomains; preload\r\n
LSP_delete.c(9):     \r\n
LSP_delete.c(9): Notify: Saving Parameter "response header = HTTP/1.1 200 OK\r\nCache-Control: private\r\nExpires: Thu, 01 Jan 1970 00:00:00 UTC\r\nDate: Mon, 25 Dec 2017 11:40:56 GMT\r\nContent-Type: application/octet-stream\r\nContent-Length: 23\r\nServer: SAP\r\nStrict-Transport-Security: max-age=31536000; includeSubDomains; preload\r\n\r\n".	[MsgId: MMSG-13798]
LSP_delete.c(9): t=357970ms: 23-byte response body for "https://diperf1-wf1f52214.dispatcher.int.sap.hana.ondemand.com/di/lsp/delete?workspaceId=workspacen7ahdx1lm7we8g3a" (RelFrameId=1, Internal ID=176)
LSP_delete.c(9):     Language server deleted
LSP_delete.c(9): Registered web_reg_find successful for "Text=200" (count=1)  	[MsgId: MMSG-26364]
LSP_delete.c(9): Registered web_reg_find successful for "Text=Language server deleted" (count=1)  	[MsgId: MMSG-26364]
LSP_delete.c(9): web_custom_request("delete") was successful, 23 body bytes, 266 header bytes  	[MsgId: MMSG-26386]
LSP_delete.c(18): Notify: Parameter Substitution: parameter "WORKSPACE" =  "workspacen7ahdx1lm7we8g3a"	[MsgId: MMSG-13992]
LSP_delete.c(18): Notify: Saving Parameter "GET_STATUS_URL = /di/lsp/getStatus?workspaceId=workspacen7ahdx1lm7we8g3a".	[MsgId: MMSG-13798]
LSP_delete.c(21): Notify: Transaction "LSP_POLL_Task" started.	[MsgId: MMSG-16999]
LSP_delete.c(22): web_reg_save_param started  	[MsgId: MMSG-26355]
LSP_delete.c(22): Registering web_reg_save_param was successful  	[MsgId: MMSG-26390]
LSP_delete.c(23): web_reg_find started  	[MsgId: MMSG-26355]
LSP_delete.c(23): Registering web_reg_find was successful  	[MsgId: MMSG-26390]
LSP_delete.c(24): web_url("Poll Task") started  	[MsgId: MMSG-26355]
LSP_delete.c(24): Notify: Parameter Substitution: parameter "URL" =  "https://diperf1-wf1f52214.dispatcher.int.sap.hana.ondemand.com"	[MsgId: MMSG-13992]
LSP_delete.c(24): Notify: Parameter Substitution: parameter "GET_STATUS_URL" =  "/di/lsp/getStatus?workspaceId=workspacen7ahdx1lm7we8g3a"	[MsgId: MMSG-13992]
LSP_delete.c(24): Notify: Parameter Substitution: parameter "URL" =  "https://diperf1-wf1f52214.dispatcher.int.sap.hana.ondemand.com"	[MsgId: MMSG-13992]
LSP_delete.c(24): t=358052ms: 225-byte response headers for "https://diperf1-wf1f52214.dispatcher.int.sap.hana.ondemand.com/di/lsp/getStatus?workspaceId=workspacen7ahdx1lm7we8g3a" (RelFrameId=1, Internal ID=177)
LSP_delete.c(24):     HTTP/1.1 200 OK\r\n
LSP_delete.c(24):     Cache-Control: private\r\n
LSP_delete.c(24):     Expires: Thu, 01 Jan 1970 00:00:00 UTC\r\n
LSP_delete.c(24):     Date: Mon, 25 Dec 2017 11:40:56 GMT\r\n
LSP_delete.c(24):     Content-Length: 0\r\n
LSP_delete.c(24):     Server: SAP\r\n
LSP_delete.c(24):     Strict-Transport-Security: max-age=31536000; includeSubDomains; preload\r\n
LSP_delete.c(24):     \r\n
LSP_delete.c(24): Notify: Saving Parameter "response header = HTTP/1.1 200 OK\r\nCache-Control: private\r\nExpires: Thu, 01 Jan 1970 00:00:00 UTC\r\nDate: Mon, 25 Dec 2017 11:40:56 GMT\r\nContent-Length: 0\r\nServer: SAP\r\nStrict-Transport-Security: max-age=31536000; includeSubDomains; preload\r\n\r\n".	[MsgId: MMSG-13798]
LSP_delete.c(24): Warning -26377: No match found for the requested parameter "LSP_STATUS". Either the specified boundaries were not found in the response or the matched text is longer than current max html parameter size of 50000 bytes. The total length of the response is 0 bytes. You can use "web_set_max_html_param_len" to increase the max parameter size.  	[MsgId: MWAR-26377]
LSP_delete.c(24): Notify: Saving Parameter "LSP_STATUS = ".	[MsgId: MMSG-13798]
LSP_delete.c(24): Registered web_reg_find successful for "Text=200" (count=1)  	[MsgId: MMSG-26364]
LSP_delete.c(24): web_url("Poll Task") highest severity level was "warning", 0 body bytes, 225 header bytes  	[MsgId: MMSG-26388]
LSP_delete.c(9): t=358513ms: 266-byte response headers for "https://diperf1-wf1f52214.dispatcher.int.sap.hana.ondemand.com/di/lsp/delete?workspaceId=workspace8f2h1nvdvjvr7elr" (RelFrameId=1, Internal ID=179)
LSP_delete.c(9):     HTTP/1.1 200 OK\r\n
LSP_delete.c(9):     Cache-Control: private\r\n
LSP_delete.c(9):     Expires: Thu, 01 Jan 1970 00:00:00 UTC\r\n
LSP_delete.c(9):     Date: Mon, 25 Dec 2017 11:40:56 GMT\r\n
LSP_delete.c(9):     Content-Type: application/octet-stream\r\n
LSP_delete.c(9):     Content-Length: 23\r\n
LSP_delete.c(9):     Server: SAP\r\n
LSP_delete.c(9):     Strict-Transport-Security: max-age=31536000; includeSubDomains; preload\r\n
LSP_delete.c(9):     \r\n
LSP_delete.c(9): Notify: Saving Parameter "response header = HTTP/1.1 200 OK\r\nCache-Control: private\r\nExpires: Thu, 01 Jan 1970 00:00:00 UTC\r\nDate: Mon, 25 Dec 2017 11:40:56 GMT\r\nContent-Type: application/octet-stream\r\nContent-Length: 23\r\nServer: SAP\r\nStrict-Transport-Security: max-age=31536000; includeSubDomains; preload\r\n\r\n".	[MsgId: MMSG-13798]
LSP_delete.c(9): t=358514ms: 23-byte response body for "https://diperf1-wf1f52214.dispatcher.int.sap.hana.ondemand.com/di/lsp/delete?workspaceId=workspace8f2h1nvdvjvr7elr" (RelFrameId=1, Internal ID=179)
LSP_delete.c(9):     Language server deleted
LSP_delete.c(9): Registered web_reg_find successful for "Text=200" (count=1)  	[MsgId: MMSG-26364]
LSP_delete.c(9): Registered web_reg_find successful for "Text=Language server deleted" (count=1)  	[MsgId: MMSG-26364]
LSP_delete.c(9): web_custom_request("delete") was successful, 23 body bytes, 266 header bytes  	[MsgId: MMSG-26386]
LSP_delete.c(18): Notify: Parameter Substitution: parameter "WORKSPACE" =  "workspace8f2h1nvdvjvr7elr"	[MsgId: MMSG-13992]
LSP_delete.c(18): Notify: Saving Parameter "GET_STATUS_URL = /di/lsp/getStatus?workspaceId=workspace8f2h1nvdvjvr7elr".	[MsgId: MMSG-13798]
LSP_delete.c(21): Notify: Transaction "LSP_POLL_Task" started.	[MsgId: MMSG-16999]
LSP_delete.c(22): web_reg_save_param started  	[MsgId: MMSG-26355]
LSP_delete.c(22): Registering web_reg_save_param was successful  	[MsgId: MMSG-26390]
LSP_delete.c(23): web_reg_find started  	[MsgId: MMSG-26355]
LSP_delete.c(23): Registering web_reg_find was successful  	[MsgId: MMSG-26390]
LSP_delete.c(24): web_url("Poll Task") started  	[MsgId: MMSG-26355]
LSP_delete.c(24): Notify: Parameter Substitution: parameter "URL" =  "https://diperf1-wf1f52214.dispatcher.int.sap.hana.ondemand.com"	[MsgId: MMSG-13992]
LSP_delete.c(24): Notify: Parameter Substitution: parameter "GET_STATUS_URL" =  "/di/lsp/getStatus?workspaceId=workspace8f2h1nvdvjvr7elr"	[MsgId: MMSG-13992]
LSP_delete.c(24): Notify: Parameter Substitution: parameter "URL" =  "https://diperf1-wf1f52214.dispatcher.int.sap.hana.ondemand.com"	[MsgId: MMSG-13992]
LSP_delete.c(24): t=358659ms: 225-byte response headers for "https://diperf1-wf1f52214.dispatcher.int.sap.hana.ondemand.com/di/lsp/getStatus?workspaceId=workspace8f2h1nvdvjvr7elr" (RelFrameId=1, Internal ID=180)
LSP_delete.c(24):     HTTP/1.1 200 OK\r\n
LSP_delete.c(24):     Cache-Control: private\r\n
LSP_delete.c(24):     Expires: Thu, 01 Jan 1970 00:00:00 UTC\r\n
LSP_delete.c(24):     Date: Mon, 25 Dec 2017 11:40:56 GMT\r\n
LSP_delete.c(24):     Content-Length: 0\r\n
LSP_delete.c(24):     Server: SAP\r\n
LSP_delete.c(24):     Strict-Transport-Security: max-age=31536000; includeSubDomains; preload\r\n
LSP_delete.c(24):     \r\n
LSP_delete.c(24): Notify: Saving Parameter "response header = HTTP/1.1 200 OK\r\nCache-Control: private\r\nExpires: Thu, 01 Jan 1970 00:00:00 UTC\r\nDate: Mon, 25 Dec 2017 11:40:56 GMT\r\nContent-Length: 0\r\nServer: SAP\r\nStrict-Transport-Security: max-age=31536000; includeSubDomains; preload\r\n\r\n".	[MsgId: MMSG-13798]
LSP_delete.c(24): Warning -26377: No match found for the requested parameter "LSP_STATUS". Either the specified boundaries were not found in the response or the matched text is longer than current max html parameter size of 50000 bytes. The total length of the response is 0 bytes. You can use "web_set_max_html_param_len" to increase the max parameter size.  	[MsgId: MWAR-26377]
LSP_delete.c(24): Notify: Saving Parameter "LSP_STATUS = ".	[MsgId: MMSG-13798]
LSP_delete.c(24): Registered web_reg_find successful for "Text=200" (count=1)  	[MsgId: MMSG-26364]
LSP_delete.c(24): web_url("Poll Task") highest severity level was "warning", 0 body bytes, 225 header bytes  	[MsgId: MMSG-26388]
LSP_delete.c(32): Notify: Transaction "LSP_POLL_Task" ended with a "Pass" status (Duration: 2.0929 Wasted Time: 0.0000).	[MsgId: MMSG-16871]
LSP_delete.c(33): Notify: Parameter Substitution: parameter "LSP_STATUS" =  ""	[MsgId: MMSG-13992]
LSP_delete.c(35): Notify: Parameter Substitution: parameter "LSP_STATUS" =  ""	[MsgId: MMSG-13992]
LSP_delete.c(36): Notify: Transaction "LSP_delete" ended with a "Pass" status (Duration: 5.8433 Wasted Time: 0.0000).	[MsgId: MMSG-16871]
Ending action LSP_delete.	[MsgId: MMSG-15918]
Action was aborted.	[MsgId: MMSG-10694]
Ending Vuser...	[MsgId: MMSG-15966]
Starting action vuser_end.	[MsgId: MMSG-15919]
Ending action vuser_end.	[MsgId: MMSG-15918]
Vuser Terminated.	[MsgId: MMSG-15963]
Vuser 0 (thread 8972), ended OK."	[MsgId: MMSG-10695]
LSP_delete.c(32): Notify: Transaction "LSP_POLL_Task" ended with a "Pass" status (Duration: 2.1581 Wasted Time: 0.0000).	[MsgId: MMSG-16871]
LSP_delete.c(33): Notify: Parameter Substitution: parameter "LSP_STATUS" =  ""	[MsgId: MMSG-13992]
LSP_delete.c(35): Notify: Parameter Substitution: parameter "LSP_STATUS" =  ""	[MsgId: MMSG-13992]
LSP_delete.c(36): Notify: Transaction "LSP_delete" ended with a "Pass" status (Duration: 5.9371 Wasted Time: 0.0000).	[MsgId: MMSG-16871]
Ending action LSP_delete.	[MsgId: MMSG-15918]
Action was aborted.	[MsgId: MMSG-10694]
Ending Vuser...	[MsgId: MMSG-15966]
Starting action vuser_end.	[MsgId: MMSG-15919]
Ending action vuser_end.	[MsgId: MMSG-15918]
Vuser Terminated.	[MsgId: MMSG-15963]
Vuser 1 (thread 3476), ended OK."	[MsgId: MMSG-10695]
