Start auto log messages stack.	[MsgId: MMSG-10546]
vuser_init.c(27): Registering web_reg_save_param_regexp was successful  	[MsgId: MMSG-26390]
vuser_init.c(37): web_reg_save_param_regexp started  	[MsgId: MMSG-26355]
vuser_init.c(37): Registering web_reg_save_param_regexp was successful  	[MsgId: MMSG-26390]
vuser_init.c(46): web_url("{URL}") started  	[MsgId: MMSG-26355]
vuser_init.c(46): web_url("{URL}") was successful, 2080 body bytes, 1161 header bytes, 48 chunking overhead bytes  	[MsgId: MMSG-26385]
vuser_init.c(57): web_submit_data("accounts.sap.com") started  	[MsgId: MMSG-26355]
vuser_init.c(57): Warning: Client Certificate was requested by SSL server  	[MsgId: MMSG-26000]
vuser_init.c(57): Continuing after Error -26609: HTTP Status-Code=503 (Service Unavailable) for "https://accounts500.sap.com/saml2/idp/sso/accounts.sap.com"  	[MsgId: MERR-26609]
End auto log messages stack.	[MsgId: MMSG-10544]


Start auto log messages stack.	[MsgId: MMSG-10546]
vuser_init.c(57): web_submit_data("accounts.sap.com") highest severity level was "continue on error", 3902 body bytes, 136 header bytes  	[MsgId: MMSG-26388]
vuser_init.c(57): Continuing after error in Vuser script.	[MsgId: MMSG-10678]
vuser_init.c(69): Notify: Transaction "account500_logon_watt-{ACCOUNT}" started.	[MsgId: MMSG-16999]
vuser_init.c(72): web_submit_form("accounts.sap.com_2") started  	[MsgId: MMSG-26355]
vuser_init.c(72): Continuing after Error -27979: Requested form not found  	[MsgId: MERR-27979]
End auto log messages stack.	[MsgId: MMSG-10544]


Start auto log messages stack.	[MsgId: MMSG-10546]
vuser_init.c(72): web_submit_form("accounts.sap.com_2") highest severity level was "continue on error", 0 body bytes, 0 header bytes  	[MsgId: MMSG-26388]
vuser_init.c(72): Continuing after error in Vuser script.	[MsgId: MMSG-10678]
vuser_init.c(80): web_submit_form("test") started  	[MsgId: MMSG-26355]
vuser_init.c(80): Continuing after Error -27979: Requested form not found  	[MsgId: MERR-27979]
End auto log messages stack.	[MsgId: MMSG-10544]


Start auto log messages stack.	[MsgId: MMSG-10546]
vuser_init.c(27): Registering web_reg_save_param_regexp was successful  	[MsgId: MMSG-26390]
vuser_init.c(37): web_reg_save_param_regexp started  	[MsgId: MMSG-26355]
vuser_init.c(37): Registering web_reg_save_param_regexp was successful  	[MsgId: MMSG-26390]
vuser_init.c(46): web_url("{URL}") started  	[MsgId: MMSG-26355]
vuser_init.c(46): web_url("{URL}") was successful, 2081 body bytes, 1167 header bytes, 48 chunking overhead bytes  	[MsgId: MMSG-26385]
vuser_init.c(57): web_submit_data("accounts.sap.com") started  	[MsgId: MMSG-26355]
vuser_init.c(57): Warning: Client Certificate was requested by SSL server  	[MsgId: MMSG-26000]
vuser_init.c(57): Continuing after Error -26609: HTTP Status-Code=503 (Service Unavailable) for "https://accounts500.sap.com/saml2/idp/sso/accounts.sap.com"  	[MsgId: MERR-26609]
End auto log messages stack.	[MsgId: MMSG-10544]


Start auto log messages stack.	[MsgId: MMSG-10546]
vuser_init.c(57): web_submit_data("accounts.sap.com") highest severity level was "continue on error", 3902 body bytes, 136 header bytes  	[MsgId: MMSG-26388]
vuser_init.c(57): Continuing after error in Vuser script.	[MsgId: MMSG-10678]
vuser_init.c(69): Notify: Transaction "account500_logon_watt-{ACCOUNT}" started.	[MsgId: MMSG-16999]
vuser_init.c(72): web_submit_form("accounts.sap.com_2") started  	[MsgId: MMSG-26355]
vuser_init.c(72): Continuing after Error -27979: Requested form not found  	[MsgId: MERR-27979]
End auto log messages stack.	[MsgId: MMSG-10544]


Start auto log messages stack.	[MsgId: MMSG-10546]
vuser_init.c(72): web_submit_form("accounts.sap.com_2") highest severity level was "continue on error", 0 body bytes, 0 header bytes  	[MsgId: MMSG-26388]
vuser_init.c(72): Continuing after error in Vuser script.	[MsgId: MMSG-10678]
vuser_init.c(80): web_submit_form("test") started  	[MsgId: MMSG-26355]
vuser_init.c(80): Continuing after Error -27979: Requested form not found  	[MsgId: MERR-27979]
End auto log messages stack.	[MsgId: MMSG-10544]


Start auto log messages stack.	[MsgId: MMSG-10546]
vuser_init.c(89): web_add_header("X-CSRF-Token") was successful  	[MsgId: MMSG-26392]
vuser_init.c(90): web_save_header started  	[MsgId: MMSG-26355]
vuser_init.c(90): web_save_header was successful  	[MsgId: MMSG-26392]
vuser_init.c(92): web_reg_save_param started  	[MsgId: MMSG-26355]
vuser_init.c(92): Registering web_reg_save_param was successful  	[MsgId: MMSG-26390]
vuser_init.c(106): web_reg_save_param started  	[MsgId: MMSG-26355]
vuser_init.c(106): Registering web_reg_save_param was successful  	[MsgId: MMSG-26390]
vuser_init.c(114): web_url("get worksspace") started  	[MsgId: MMSG-26355]
vuser_init.c(114): Continuing after Error -26377: No match found for the requested parameter "TOKEN". Check whether the requested boundaries exist in the response data. Also, if the data you want to save exceeds 2500 bytes, use web_set_max_html_param_len to increase the parameter size  	[MsgId: MERR-26377]
End auto log messages stack.	[MsgId: MMSG-10544]


Start auto log messages stack.	[MsgId: MMSG-10546]
vuser_init.c(89): web_add_header("X-CSRF-Token") was successful  	[MsgId: MMSG-26392]
vuser_init.c(90): web_save_header started  	[MsgId: MMSG-26355]
vuser_init.c(90): web_save_header was successful  	[MsgId: MMSG-26392]
vuser_init.c(92): web_reg_save_param started  	[MsgId: MMSG-26355]
vuser_init.c(92): Registering web_reg_save_param was successful  	[MsgId: MMSG-26390]
vuser_init.c(106): web_reg_save_param started  	[MsgId: MMSG-26355]
vuser_init.c(106): Registering web_reg_save_param was successful  	[MsgId: MMSG-26390]
vuser_init.c(114): web_url("get worksspace") started  	[MsgId: MMSG-26355]
vuser_init.c(114): Continuing after Error -26377: No match found for the requested parameter "TOKEN". Check whether the requested boundaries exist in the response data. Also, if the data you want to save exceeds 2500 bytes, use web_set_max_html_param_len to increase the parameter size  	[MsgId: MERR-26377]
End auto log messages stack.	[MsgId: MMSG-10544]


Start auto log messages stack - Iteration 1.	[MsgId: MMSG-10545]
Ending action WM_Create_File.	[MsgId: MMSG-15918]
Starting action WM_Delete_File.	[MsgId: MMSG-15919]
WM_Delete_File.c(4): Notify: Transaction "WM_Delete_File" started.	[MsgId: MMSG-16999]
WM_Delete_File.c(7): web_add_header("X-CSRF-Token") started  	[MsgId: MMSG-26355]
WM_Delete_File.c(7): Warning -26597: Added header value is NULL, empty or contains white spaces only. It is added anyway  	[MsgId: MWAR-26597]
WM_Delete_File.c(7): web_add_header("X-CSRF-Token") highest severity level was "warning"  	[MsgId: MMSG-26391]
WM_Delete_File.c(8): web_reg_find started  	[MsgId: MMSG-26355]
WM_Delete_File.c(8): Registering web_reg_find was successful  	[MsgId: MMSG-26390]
WM_Delete_File.c(9): web_custom_request("Delete File") started  	[MsgId: MMSG-26355]
WM_Delete_File.c(9): Continuing after Error -26366: "Text=204" not found for web_reg_find  	[MsgId: MERR-26366]
End auto log messages stack.	[MsgId: MMSG-10544]


Start auto log messages stack - Iteration 3.	[MsgId: MMSG-10545]
Ending action WM_Create_File.	[MsgId: MMSG-15918]
Starting action WM_Delete_File.	[MsgId: MMSG-15919]
WM_Delete_File.c(4): Notify: Transaction "WM_Delete_File" started.	[MsgId: MMSG-16999]
WM_Delete_File.c(7): web_add_header("X-CSRF-Token") started  	[MsgId: MMSG-26355]
WM_Delete_File.c(7): Warning -26597: Added header value is NULL, empty or contains white spaces only. It is added anyway  	[MsgId: MWAR-26597]
WM_Delete_File.c(7): web_add_header("X-CSRF-Token") highest severity level was "warning"  	[MsgId: MMSG-26391]
WM_Delete_File.c(8): web_reg_find started  	[MsgId: MMSG-26355]
WM_Delete_File.c(8): Registering web_reg_find was successful  	[MsgId: MMSG-26390]
WM_Delete_File.c(9): web_custom_request("Delete File") started  	[MsgId: MMSG-26355]
WM_Delete_File.c(9): Continuing after Error -26366: "Text=204" not found for web_reg_find  	[MsgId: MERR-26366]
End auto log messages stack.	[MsgId: MMSG-10544]


Start auto log messages stack - Iteration 6.	[MsgId: MMSG-10545]
Ending action WM_Create_File.	[MsgId: MMSG-15918]
Starting action WM_Delete_File.	[MsgId: MMSG-15919]
WM_Delete_File.c(4): Notify: Transaction "WM_Delete_File" started.	[MsgId: MMSG-16999]
WM_Delete_File.c(7): web_add_header("X-CSRF-Token") started  	[MsgId: MMSG-26355]
WM_Delete_File.c(7): Warning -26597: Added header value is NULL, empty or contains white spaces only. It is added anyway  	[MsgId: MWAR-26597]
WM_Delete_File.c(7): web_add_header("X-CSRF-Token") highest severity level was "warning"  	[MsgId: MMSG-26391]
WM_Delete_File.c(8): web_reg_find started  	[MsgId: MMSG-26355]
WM_Delete_File.c(8): Registering web_reg_find was successful  	[MsgId: MMSG-26390]
WM_Delete_File.c(9): web_custom_request("Delete File") started  	[MsgId: MMSG-26355]
WM_Delete_File.c(9): Continuing after Error -26366: "Text=204" not found for web_reg_find  	[MsgId: MERR-26366]
End auto log messages stack.	[MsgId: MMSG-10544]


Start auto log messages stack - Iteration 8.	[MsgId: MMSG-10545]
Ending action WM_Create_File.	[MsgId: MMSG-15918]
Starting action WM_Delete_File.	[MsgId: MMSG-15919]
WM_Delete_File.c(4): Notify: Transaction "WM_Delete_File" started.	[MsgId: MMSG-16999]
WM_Delete_File.c(7): web_add_header("X-CSRF-Token") started  	[MsgId: MMSG-26355]
WM_Delete_File.c(7): Warning -26597: Added header value is NULL, empty or contains white spaces only. It is added anyway  	[MsgId: MWAR-26597]
WM_Delete_File.c(7): web_add_header("X-CSRF-Token") highest severity level was "warning"  	[MsgId: MMSG-26391]
WM_Delete_File.c(8): web_reg_find started  	[MsgId: MMSG-26355]
WM_Delete_File.c(8): Registering web_reg_find was successful  	[MsgId: MMSG-26390]
WM_Delete_File.c(9): web_custom_request("Delete File") started  	[MsgId: MMSG-26355]
WM_Delete_File.c(9): Continuing after Error -26366: "Text=204" not found for web_reg_find  	[MsgId: MERR-26366]
End auto log messages stack.	[MsgId: MMSG-10544]


Start auto log messages stack - Iteration 9.	[MsgId: MMSG-10545]
Ending action WM_Create_File.	[MsgId: MMSG-15918]
Starting action WM_Delete_File.	[MsgId: MMSG-15919]
WM_Delete_File.c(4): Notify: Transaction "WM_Delete_File" started.	[MsgId: MMSG-16999]
WM_Delete_File.c(7): web_add_header("X-CSRF-Token") started  	[MsgId: MMSG-26355]
WM_Delete_File.c(7): Warning -26597: Added header value is NULL, empty or contains white spaces only. It is added anyway  	[MsgId: MWAR-26597]
WM_Delete_File.c(7): web_add_header("X-CSRF-Token") highest severity level was "warning"  	[MsgId: MMSG-26391]
WM_Delete_File.c(8): web_reg_find started  	[MsgId: MMSG-26355]
WM_Delete_File.c(8): Registering web_reg_find was successful  	[MsgId: MMSG-26390]
WM_Delete_File.c(9): web_custom_request("Delete File") started  	[MsgId: MMSG-26355]
WM_Delete_File.c(9): Continuing after Error -26366: "Text=204" not found for web_reg_find  	[MsgId: MERR-26366]
End auto log messages stack.	[MsgId: MMSG-10544]


Start auto log messages stack - Iteration 15.	[MsgId: MMSG-10545]
Ending action WM_Create_File.	[MsgId: MMSG-15918]
Starting action WM_Delete_File.	[MsgId: MMSG-15919]
WM_Delete_File.c(4): Notify: Transaction "WM_Delete_File" started.	[MsgId: MMSG-16999]
WM_Delete_File.c(7): web_add_header("X-CSRF-Token") started  	[MsgId: MMSG-26355]
WM_Delete_File.c(7): Warning -26597: Added header value is NULL, empty or contains white spaces only. It is added anyway  	[MsgId: MWAR-26597]
WM_Delete_File.c(7): web_add_header("X-CSRF-Token") highest severity level was "warning"  	[MsgId: MMSG-26391]
WM_Delete_File.c(8): web_reg_find started  	[MsgId: MMSG-26355]
WM_Delete_File.c(8): Registering web_reg_find was successful  	[MsgId: MMSG-26390]
WM_Delete_File.c(9): web_custom_request("Delete File") started  	[MsgId: MMSG-26355]
WM_Delete_File.c(9): Continuing after Error -26366: "Text=204" not found for web_reg_find  	[MsgId: MERR-26366]
End auto log messages stack.	[MsgId: MMSG-10544]


Start auto log messages stack.	[MsgId: MMSG-10546]
vuser_init.c(27): Registering web_reg_save_param_regexp was successful  	[MsgId: MMSG-26390]
vuser_init.c(37): web_reg_save_param_regexp started  	[MsgId: MMSG-26355]
vuser_init.c(37): Registering web_reg_save_param_regexp was successful  	[MsgId: MMSG-26390]
vuser_init.c(46): web_url("{URL}") started  	[MsgId: MMSG-26355]
vuser_init.c(46): web_url("{URL}") was successful, 2080 body bytes, 1147 header bytes, 48 chunking overhead bytes  	[MsgId: MMSG-26385]
vuser_init.c(57): web_submit_data("accounts.sap.com") started  	[MsgId: MMSG-26355]
vuser_init.c(57): Warning: Client Certificate was requested by SSL server  	[MsgId: MMSG-26000]
vuser_init.c(57): Continuing after Error -26609: HTTP Status-Code=503 (Service Unavailable) for "https://accounts500.sap.com/saml2/idp/sso/accounts.sap.com"  	[MsgId: MERR-26609]
End auto log messages stack.	[MsgId: MMSG-10544]


Start auto log messages stack.	[MsgId: MMSG-10546]
vuser_init.c(57): web_submit_data("accounts.sap.com") highest severity level was "continue on error", 3902 body bytes, 136 header bytes  	[MsgId: MMSG-26388]
vuser_init.c(57): Continuing after error in Vuser script.	[MsgId: MMSG-10678]
vuser_init.c(69): Notify: Transaction "account500_logon_watt-{ACCOUNT}" started.	[MsgId: MMSG-16999]
vuser_init.c(72): web_submit_form("accounts.sap.com_2") started  	[MsgId: MMSG-26355]
vuser_init.c(72): Continuing after Error -27979: Requested form not found  	[MsgId: MERR-27979]
End auto log messages stack.	[MsgId: MMSG-10544]


Start auto log messages stack.	[MsgId: MMSG-10546]
vuser_init.c(72): web_submit_form("accounts.sap.com_2") highest severity level was "continue on error", 0 body bytes, 0 header bytes  	[MsgId: MMSG-26388]
vuser_init.c(72): Continuing after error in Vuser script.	[MsgId: MMSG-10678]
vuser_init.c(80): web_submit_form("test") started  	[MsgId: MMSG-26355]
vuser_init.c(80): Continuing after Error -27979: Requested form not found  	[MsgId: MERR-27979]
End auto log messages stack.	[MsgId: MMSG-10544]


Start auto log messages stack.	[MsgId: MMSG-10546]
vuser_init.c(27): Registering web_reg_save_param_regexp was successful  	[MsgId: MMSG-26390]
vuser_init.c(37): web_reg_save_param_regexp started  	[MsgId: MMSG-26355]
vuser_init.c(37): Registering web_reg_save_param_regexp was successful  	[MsgId: MMSG-26390]
vuser_init.c(46): web_url("{URL}") started  	[MsgId: MMSG-26355]
vuser_init.c(46): web_url("{URL}") was successful, 2076 body bytes, 1157 header bytes, 48 chunking overhead bytes  	[MsgId: MMSG-26385]
vuser_init.c(57): web_submit_data("accounts.sap.com") started  	[MsgId: MMSG-26355]
vuser_init.c(57): Warning: Client Certificate was requested by SSL server  	[MsgId: MMSG-26000]
vuser_init.c(57): Continuing after Error -26609: HTTP Status-Code=503 (Service Unavailable) for "https://accounts500.sap.com/saml2/idp/sso/accounts.sap.com"  	[MsgId: MERR-26609]
End auto log messages stack.	[MsgId: MMSG-10544]


Start auto log messages stack.	[MsgId: MMSG-10546]
vuser_init.c(57): web_submit_data("accounts.sap.com") highest severity level was "continue on error", 3902 body bytes, 136 header bytes  	[MsgId: MMSG-26388]
vuser_init.c(57): Continuing after error in Vuser script.	[MsgId: MMSG-10678]
vuser_init.c(69): Notify: Transaction "account500_logon_watt-{ACCOUNT}" started.	[MsgId: MMSG-16999]
vuser_init.c(72): web_submit_form("accounts.sap.com_2") started  	[MsgId: MMSG-26355]
vuser_init.c(72): Continuing after Error -27979: Requested form not found  	[MsgId: MERR-27979]
End auto log messages stack.	[MsgId: MMSG-10544]


Start auto log messages stack.	[MsgId: MMSG-10546]
vuser_init.c(72): web_submit_form("accounts.sap.com_2") highest severity level was "continue on error", 0 body bytes, 0 header bytes  	[MsgId: MMSG-26388]
vuser_init.c(72): Continuing after error in Vuser script.	[MsgId: MMSG-10678]
vuser_init.c(80): web_submit_form("test") started  	[MsgId: MMSG-26355]
vuser_init.c(80): Continuing after Error -27979: Requested form not found  	[MsgId: MERR-27979]
End auto log messages stack.	[MsgId: MMSG-10544]


Start auto log messages stack.	[MsgId: MMSG-10546]
vuser_init.c(89): web_add_header("X-CSRF-Token") was successful  	[MsgId: MMSG-26392]
vuser_init.c(90): web_save_header started  	[MsgId: MMSG-26355]
vuser_init.c(90): web_save_header was successful  	[MsgId: MMSG-26392]
vuser_init.c(92): web_reg_save_param started  	[MsgId: MMSG-26355]
vuser_init.c(92): Registering web_reg_save_param was successful  	[MsgId: MMSG-26390]
vuser_init.c(106): web_reg_save_param started  	[MsgId: MMSG-26355]
vuser_init.c(106): Registering web_reg_save_param was successful  	[MsgId: MMSG-26390]
vuser_init.c(114): web_url("get worksspace") started  	[MsgId: MMSG-26355]
vuser_init.c(114): Continuing after Error -26377: No match found for the requested parameter "TOKEN". Check whether the requested boundaries exist in the response data. Also, if the data you want to save exceeds 2500 bytes, use web_set_max_html_param_len to increase the parameter size  	[MsgId: MERR-26377]
End auto log messages stack.	[MsgId: MMSG-10544]


Start auto log messages stack.	[MsgId: MMSG-10546]
vuser_init.c(89): web_add_header("X-CSRF-Token") was successful  	[MsgId: MMSG-26392]
vuser_init.c(90): web_save_header started  	[MsgId: MMSG-26355]
vuser_init.c(90): web_save_header was successful  	[MsgId: MMSG-26392]
vuser_init.c(92): web_reg_save_param started  	[MsgId: MMSG-26355]
vuser_init.c(92): Registering web_reg_save_param was successful  	[MsgId: MMSG-26390]
vuser_init.c(106): web_reg_save_param started  	[MsgId: MMSG-26355]
vuser_init.c(106): Registering web_reg_save_param was successful  	[MsgId: MMSG-26390]
vuser_init.c(114): web_url("get worksspace") started  	[MsgId: MMSG-26355]
vuser_init.c(114): Continuing after Error -26377: No match found for the requested parameter "TOKEN". Check whether the requested boundaries exist in the response data. Also, if the data you want to save exceeds 2500 bytes, use web_set_max_html_param_len to increase the parameter size  	[MsgId: MERR-26377]
End auto log messages stack.	[MsgId: MMSG-10544]


Start auto log messages stack - Iteration 21.	[MsgId: MMSG-10545]
Ending action WM_Create_File.	[MsgId: MMSG-15918]
Starting action WM_Delete_File.	[MsgId: MMSG-15919]
WM_Delete_File.c(4): Notify: Transaction "WM_Delete_File" started.	[MsgId: MMSG-16999]
WM_Delete_File.c(7): web_add_header("X-CSRF-Token") started  	[MsgId: MMSG-26355]
WM_Delete_File.c(7): Warning -26597: Added header value is NULL, empty or contains white spaces only. It is added anyway  	[MsgId: MWAR-26597]
WM_Delete_File.c(7): web_add_header("X-CSRF-Token") highest severity level was "warning"  	[MsgId: MMSG-26391]
WM_Delete_File.c(8): web_reg_find started  	[MsgId: MMSG-26355]
WM_Delete_File.c(8): Registering web_reg_find was successful  	[MsgId: MMSG-26390]
WM_Delete_File.c(9): web_custom_request("Delete File") started  	[MsgId: MMSG-26355]
WM_Delete_File.c(9): Continuing after Error -26366: "Text=204" not found for web_reg_find  	[MsgId: MERR-26366]
End auto log messages stack.	[MsgId: MMSG-10544]


Start auto log messages stack - Iteration 1.	[MsgId: MMSG-10545]
Ending action WM_Create_File.	[MsgId: MMSG-15918]
Starting action WM_Delete_File.	[MsgId: MMSG-15919]
WM_Delete_File.c(4): Notify: Transaction "WM_Delete_File" started.	[MsgId: MMSG-16999]
WM_Delete_File.c(7): web_add_header("X-CSRF-Token") started  	[MsgId: MMSG-26355]
WM_Delete_File.c(7): Warning -26597: Added header value is NULL, empty or contains white spaces only. It is added anyway  	[MsgId: MWAR-26597]
WM_Delete_File.c(7): web_add_header("X-CSRF-Token") highest severity level was "warning"  	[MsgId: MMSG-26391]
WM_Delete_File.c(8): web_reg_find started  	[MsgId: MMSG-26355]
WM_Delete_File.c(8): Registering web_reg_find was successful  	[MsgId: MMSG-26390]
WM_Delete_File.c(9): web_custom_request("Delete File") started  	[MsgId: MMSG-26355]
WM_Delete_File.c(9): Continuing after Error -26366: "Text=204" not found for web_reg_find  	[MsgId: MERR-26366]
End auto log messages stack.	[MsgId: MMSG-10544]


Start auto log messages stack - Iteration 4.	[MsgId: MMSG-10545]
Ending action WM_Create_File.	[MsgId: MMSG-15918]
Starting action WM_Delete_File.	[MsgId: MMSG-15919]
WM_Delete_File.c(4): Notify: Transaction "WM_Delete_File" started.	[MsgId: MMSG-16999]
WM_Delete_File.c(7): web_add_header("X-CSRF-Token") started  	[MsgId: MMSG-26355]
WM_Delete_File.c(7): Warning -26597: Added header value is NULL, empty or contains white spaces only. It is added anyway  	[MsgId: MWAR-26597]
WM_Delete_File.c(7): web_add_header("X-CSRF-Token") highest severity level was "warning"  	[MsgId: MMSG-26391]
WM_Delete_File.c(8): web_reg_find started  	[MsgId: MMSG-26355]
WM_Delete_File.c(8): Registering web_reg_find was successful  	[MsgId: MMSG-26390]
WM_Delete_File.c(9): web_custom_request("Delete File") started  	[MsgId: MMSG-26355]
WM_Delete_File.c(9): Continuing after Error -26366: "Text=204" not found for web_reg_find  	[MsgId: MERR-26366]
End auto log messages stack.	[MsgId: MMSG-10544]


Start auto log messages stack - Iteration 34.	[MsgId: MMSG-10545]
Ending action WM_Create_File.	[MsgId: MMSG-15918]
Starting action WM_Delete_File.	[MsgId: MMSG-15919]
WM_Delete_File.c(4): Notify: Transaction "WM_Delete_File" started.	[MsgId: MMSG-16999]
WM_Delete_File.c(7): web_add_header("X-CSRF-Token") started  	[MsgId: MMSG-26355]
WM_Delete_File.c(7): Warning -26597: Added header value is NULL, empty or contains white spaces only. It is added anyway  	[MsgId: MWAR-26597]
WM_Delete_File.c(7): web_add_header("X-CSRF-Token") highest severity level was "warning"  	[MsgId: MMSG-26391]
WM_Delete_File.c(8): web_reg_find started  	[MsgId: MMSG-26355]
WM_Delete_File.c(8): Registering web_reg_find was successful  	[MsgId: MMSG-26390]
WM_Delete_File.c(9): web_custom_request("Delete File") started  	[MsgId: MMSG-26355]
WM_Delete_File.c(9): Continuing after Error -26366: "Text=204" not found for web_reg_find  	[MsgId: MERR-26366]
End auto log messages stack.	[MsgId: MMSG-10544]


Start auto log messages stack - Iteration 36.	[MsgId: MMSG-10545]
Ending action WM_Create_File.	[MsgId: MMSG-15918]
Starting action WM_Delete_File.	[MsgId: MMSG-15919]
WM_Delete_File.c(4): Notify: Transaction "WM_Delete_File" started.	[MsgId: MMSG-16999]
WM_Delete_File.c(7): web_add_header("X-CSRF-Token") started  	[MsgId: MMSG-26355]
WM_Delete_File.c(7): Warning -26597: Added header value is NULL, empty or contains white spaces only. It is added anyway  	[MsgId: MWAR-26597]
WM_Delete_File.c(7): web_add_header("X-CSRF-Token") highest severity level was "warning"  	[MsgId: MMSG-26391]
WM_Delete_File.c(8): web_reg_find started  	[MsgId: MMSG-26355]
WM_Delete_File.c(8): Registering web_reg_find was successful  	[MsgId: MMSG-26390]
WM_Delete_File.c(9): web_custom_request("Delete File") started  	[MsgId: MMSG-26355]
WM_Delete_File.c(9): Continuing after Error -26366: "Text=204" not found for web_reg_find  	[MsgId: MERR-26366]
End auto log messages stack.	[MsgId: MMSG-10544]


Start auto log messages stack - Iteration 39.	[MsgId: MMSG-10545]
Ending action WM_Create_File.	[MsgId: MMSG-15918]
Starting action WM_Delete_File.	[MsgId: MMSG-15919]
WM_Delete_File.c(4): Notify: Transaction "WM_Delete_File" started.	[MsgId: MMSG-16999]
WM_Delete_File.c(7): web_add_header("X-CSRF-Token") started  	[MsgId: MMSG-26355]
WM_Delete_File.c(7): Warning -26597: Added header value is NULL, empty or contains white spaces only. It is added anyway  	[MsgId: MWAR-26597]
WM_Delete_File.c(7): web_add_header("X-CSRF-Token") highest severity level was "warning"  	[MsgId: MMSG-26391]
WM_Delete_File.c(8): web_reg_find started  	[MsgId: MMSG-26355]
WM_Delete_File.c(8): Registering web_reg_find was successful  	[MsgId: MMSG-26390]
WM_Delete_File.c(9): web_custom_request("Delete File") started  	[MsgId: MMSG-26355]
WM_Delete_File.c(9): Continuing after Error -26366: "Text=204" not found for web_reg_find  	[MsgId: MERR-26366]
End auto log messages stack.	[MsgId: MMSG-10544]


Start auto log messages stack - Iteration 17.	[MsgId: MMSG-10545]
Ending action WM_Create_File.	[MsgId: MMSG-15918]
Starting action WM_Delete_File.	[MsgId: MMSG-15919]
WM_Delete_File.c(4): Notify: Transaction "WM_Delete_File" started.	[MsgId: MMSG-16999]
WM_Delete_File.c(7): web_add_header("X-CSRF-Token") started  	[MsgId: MMSG-26355]
WM_Delete_File.c(7): Warning -26597: Added header value is NULL, empty or contains white spaces only. It is added anyway  	[MsgId: MWAR-26597]
WM_Delete_File.c(7): web_add_header("X-CSRF-Token") highest severity level was "warning"  	[MsgId: MMSG-26391]
WM_Delete_File.c(8): web_reg_find started  	[MsgId: MMSG-26355]
WM_Delete_File.c(8): Registering web_reg_find was successful  	[MsgId: MMSG-26390]
WM_Delete_File.c(9): web_custom_request("Delete File") started  	[MsgId: MMSG-26355]
WM_Delete_File.c(9): Continuing after Error -26366: "Text=204" not found for web_reg_find  	[MsgId: MERR-26366]
End auto log messages stack.	[MsgId: MMSG-10544]


Start auto log messages stack - Iteration 19.	[MsgId: MMSG-10545]
Ending action WM_Create_File.	[MsgId: MMSG-15918]
Starting action WM_Delete_File.	[MsgId: MMSG-15919]
WM_Delete_File.c(4): Notify: Transaction "WM_Delete_File" started.	[MsgId: MMSG-16999]
WM_Delete_File.c(7): web_add_header("X-CSRF-Token") started  	[MsgId: MMSG-26355]
WM_Delete_File.c(7): Warning -26597: Added header value is NULL, empty or contains white spaces only. It is added anyway  	[MsgId: MWAR-26597]
WM_Delete_File.c(7): web_add_header("X-CSRF-Token") highest severity level was "warning"  	[MsgId: MMSG-26391]
WM_Delete_File.c(8): web_reg_find started  	[MsgId: MMSG-26355]
WM_Delete_File.c(8): Registering web_reg_find was successful  	[MsgId: MMSG-26390]
WM_Delete_File.c(9): web_custom_request("Delete File") started  	[MsgId: MMSG-26355]
WM_Delete_File.c(9): Continuing after Error -26366: "Text=204" not found for web_reg_find  	[MsgId: MERR-26366]
End auto log messages stack.	[MsgId: MMSG-10544]


Start auto log messages stack - Iteration 40.	[MsgId: MMSG-10545]
Ending action WM_Create_File.	[MsgId: MMSG-15918]
Starting action WM_Delete_File.	[MsgId: MMSG-15919]
WM_Delete_File.c(4): Notify: Transaction "WM_Delete_File" started.	[MsgId: MMSG-16999]
WM_Delete_File.c(7): web_add_header("X-CSRF-Token") started  	[MsgId: MMSG-26355]
WM_Delete_File.c(7): Warning -26597: Added header value is NULL, empty or contains white spaces only. It is added anyway  	[MsgId: MWAR-26597]
WM_Delete_File.c(7): web_add_header("X-CSRF-Token") highest severity level was "warning"  	[MsgId: MMSG-26391]
WM_Delete_File.c(8): web_reg_find started  	[MsgId: MMSG-26355]
WM_Delete_File.c(8): Registering web_reg_find was successful  	[MsgId: MMSG-26390]
WM_Delete_File.c(9): web_custom_request("Delete File") started  	[MsgId: MMSG-26355]
WM_Delete_File.c(9): Continuing after Error -26366: "Text=204" not found for web_reg_find  	[MsgId: MERR-26366]
End auto log messages stack.	[MsgId: MMSG-10544]


Start auto log messages stack - Iteration 20.	[MsgId: MMSG-10545]
Ending action WM_Create_File.	[MsgId: MMSG-15918]
Starting action WM_Delete_File.	[MsgId: MMSG-15919]
WM_Delete_File.c(4): Notify: Transaction "WM_Delete_File" started.	[MsgId: MMSG-16999]
WM_Delete_File.c(7): web_add_header("X-CSRF-Token") started  	[MsgId: MMSG-26355]
WM_Delete_File.c(7): Warning -26597: Added header value is NULL, empty or contains white spaces only. It is added anyway  	[MsgId: MWAR-26597]
WM_Delete_File.c(7): web_add_header("X-CSRF-Token") highest severity level was "warning"  	[MsgId: MMSG-26391]
WM_Delete_File.c(8): web_reg_find started  	[MsgId: MMSG-26355]
WM_Delete_File.c(8): Registering web_reg_find was successful  	[MsgId: MMSG-26390]
WM_Delete_File.c(9): web_custom_request("Delete File") started  	[MsgId: MMSG-26355]
WM_Delete_File.c(9): Continuing after Error -26366: "Text=204" not found for web_reg_find  	[MsgId: MERR-26366]
End auto log messages stack.	[MsgId: MMSG-10544]


Start auto log messages stack.	[MsgId: MMSG-10546]
vuser_init.c(27): Registering web_reg_save_param_regexp was successful  	[MsgId: MMSG-26390]
vuser_init.c(37): web_reg_save_param_regexp started  	[MsgId: MMSG-26355]
vuser_init.c(37): Registering web_reg_save_param_regexp was successful  	[MsgId: MMSG-26390]
vuser_init.c(46): web_url("{URL}") started  	[MsgId: MMSG-26355]
vuser_init.c(46): web_url("{URL}") was successful, 2086 body bytes, 1155 header bytes, 48 chunking overhead bytes  	[MsgId: MMSG-26385]
vuser_init.c(57): web_submit_data("accounts.sap.com") started  	[MsgId: MMSG-26355]
vuser_init.c(57): Warning: Client Certificate was requested by SSL server  	[MsgId: MMSG-26000]
vuser_init.c(57): Continuing after Error -26609: HTTP Status-Code=503 (Service Unavailable) for "https://accounts500.sap.com/saml2/idp/sso/accounts.sap.com"  	[MsgId: MERR-26609]
End auto log messages stack.	[MsgId: MMSG-10544]


Start auto log messages stack.	[MsgId: MMSG-10546]
vuser_init.c(57): web_submit_data("accounts.sap.com") highest severity level was "continue on error", 3902 body bytes, 136 header bytes  	[MsgId: MMSG-26388]
vuser_init.c(57): Continuing after error in Vuser script.	[MsgId: MMSG-10678]
vuser_init.c(69): Notify: Transaction "account500_logon_watt-{ACCOUNT}" started.	[MsgId: MMSG-16999]
vuser_init.c(72): web_submit_form("accounts.sap.com_2") started  	[MsgId: MMSG-26355]
vuser_init.c(72): Continuing after Error -27979: Requested form not found  	[MsgId: MERR-27979]
End auto log messages stack.	[MsgId: MMSG-10544]


Start auto log messages stack.	[MsgId: MMSG-10546]
vuser_init.c(72): web_submit_form("accounts.sap.com_2") highest severity level was "continue on error", 0 body bytes, 0 header bytes  	[MsgId: MMSG-26388]
vuser_init.c(72): Continuing after error in Vuser script.	[MsgId: MMSG-10678]
vuser_init.c(80): web_submit_form("test") started  	[MsgId: MMSG-26355]
vuser_init.c(80): Continuing after Error -27979: Requested form not found  	[MsgId: MERR-27979]
End auto log messages stack.	[MsgId: MMSG-10544]


Start auto log messages stack.	[MsgId: MMSG-10546]
vuser_init.c(27): Registering web_reg_save_param_regexp was successful  	[MsgId: MMSG-26390]
vuser_init.c(37): web_reg_save_param_regexp started  	[MsgId: MMSG-26355]
vuser_init.c(37): Registering web_reg_save_param_regexp was successful  	[MsgId: MMSG-26390]
vuser_init.c(46): web_url("{URL}") started  	[MsgId: MMSG-26355]
vuser_init.c(46): web_url("{URL}") was successful, 2080 body bytes, 1147 header bytes, 48 chunking overhead bytes  	[MsgId: MMSG-26385]
vuser_init.c(57): web_submit_data("accounts.sap.com") started  	[MsgId: MMSG-26355]
vuser_init.c(57): Warning: Client Certificate was requested by SSL server  	[MsgId: MMSG-26000]
vuser_init.c(57): Continuing after Error -26609: HTTP Status-Code=503 (Service Unavailable) for "https://accounts500.sap.com/saml2/idp/sso/accounts.sap.com"  	[MsgId: MERR-26609]
End auto log messages stack.	[MsgId: MMSG-10544]


Start auto log messages stack.	[MsgId: MMSG-10546]
vuser_init.c(57): web_submit_data("accounts.sap.com") highest severity level was "continue on error", 3902 body bytes, 136 header bytes  	[MsgId: MMSG-26388]
vuser_init.c(57): Continuing after error in Vuser script.	[MsgId: MMSG-10678]
vuser_init.c(69): Notify: Transaction "account500_logon_watt-{ACCOUNT}" started.	[MsgId: MMSG-16999]
vuser_init.c(72): web_submit_form("accounts.sap.com_2") started  	[MsgId: MMSG-26355]
vuser_init.c(72): Continuing after Error -27979: Requested form not found  	[MsgId: MERR-27979]
End auto log messages stack.	[MsgId: MMSG-10544]


Start auto log messages stack.	[MsgId: MMSG-10546]
vuser_init.c(72): web_submit_form("accounts.sap.com_2") highest severity level was "continue on error", 0 body bytes, 0 header bytes  	[MsgId: MMSG-26388]
vuser_init.c(72): Continuing after error in Vuser script.	[MsgId: MMSG-10678]
vuser_init.c(80): web_submit_form("test") started  	[MsgId: MMSG-26355]
vuser_init.c(80): Continuing after Error -27979: Requested form not found  	[MsgId: MERR-27979]
End auto log messages stack.	[MsgId: MMSG-10544]


Start auto log messages stack.	[MsgId: MMSG-10546]
vuser_init.c(89): web_add_header("X-CSRF-Token") was successful  	[MsgId: MMSG-26392]
vuser_init.c(90): web_save_header started  	[MsgId: MMSG-26355]
vuser_init.c(90): web_save_header was successful  	[MsgId: MMSG-26392]
vuser_init.c(92): web_reg_save_param started  	[MsgId: MMSG-26355]
vuser_init.c(92): Registering web_reg_save_param was successful  	[MsgId: MMSG-26390]
vuser_init.c(106): web_reg_save_param started  	[MsgId: MMSG-26355]
vuser_init.c(106): Registering web_reg_save_param was successful  	[MsgId: MMSG-26390]
vuser_init.c(114): web_url("get worksspace") started  	[MsgId: MMSG-26355]
vuser_init.c(114): Continuing after Error -26377: No match found for the requested parameter "TOKEN". Check whether the requested boundaries exist in the response data. Also, if the data you want to save exceeds 2500 bytes, use web_set_max_html_param_len to increase the parameter size  	[MsgId: MERR-26377]
End auto log messages stack.	[MsgId: MMSG-10544]


Start auto log messages stack.	[MsgId: MMSG-10546]
vuser_init.c(89): web_add_header("X-CSRF-Token") was successful  	[MsgId: MMSG-26392]
vuser_init.c(90): web_save_header started  	[MsgId: MMSG-26355]
vuser_init.c(90): web_save_header was successful  	[MsgId: MMSG-26392]
vuser_init.c(92): web_reg_save_param started  	[MsgId: MMSG-26355]
vuser_init.c(92): Registering web_reg_save_param was successful  	[MsgId: MMSG-26390]
vuser_init.c(106): web_reg_save_param started  	[MsgId: MMSG-26355]
vuser_init.c(106): Registering web_reg_save_param was successful  	[MsgId: MMSG-26390]
vuser_init.c(114): web_url("get worksspace") started  	[MsgId: MMSG-26355]
vuser_init.c(114): Continuing after Error -26377: No match found for the requested parameter "TOKEN". Check whether the requested boundaries exist in the response data. Also, if the data you want to save exceeds 2500 bytes, use web_set_max_html_param_len to increase the parameter size  	[MsgId: MERR-26377]
End auto log messages stack.	[MsgId: MMSG-10544]


