Open_JS_File.c(29): Notify: Transaction "Open JS file" ended with "Pass" status (Duration: 1.0055 Wasted Time: 0.0000).	[MsgId: MMSG-16871]
Ending action Open_JS_File.	[MsgId: MMSG-15918]
Ending iteration 21.	[MsgId: MMSG-15965]
Starting iteration 22.	[MsgId: MMSG-15968]
Starting action Open_JS_File.	[MsgId: MMSG-15919]
RunApplicationPreview_WithMock.c(48): web_url("Master.controller.js") was successful, 861 body bytes, 199 header bytes  	[MsgId: MMSG-26386]
Open_JS_File.c(3): Notify: Transaction "Open JS file" started.	[MsgId: MMSG-16999]
RunApplicationPreview_WithMock.c(57): Notify: Transaction "RunPreviewAppWithMock" ended with "Pass" status (Duration: 1.9670 Wasted Time: 0.0000).	[MsgId: MMSG-16871]
Open_JS_File.c(4): web_url("open file") started  	[MsgId: MMSG-26355]
Ending action RunApplicationPreview_WithMock.	[MsgId: MMSG-15918]
Ending iteration 22.	[MsgId: MMSG-15965]
Starting iteration 23.	[MsgId: MMSG-15968]
Starting action Open_JS_File.	[MsgId: MMSG-15919]
Open_JS_File.c(3): Notify: Transaction "Open JS file" started.	[MsgId: MMSG-16999]
Open_JS_File.c(4): web_url("open file") started  	[MsgId: MMSG-26355]
Save_JS_File.c(7): web_custom_request("Save File") was successful, 0 body bytes, 198 header bytes  	[MsgId: MMSG-26386]
Save_JS_File.c(16): web_custom_request("gitapi/status") started  	[MsgId: MMSG-26355]
Search_File_Content_7_Files.c(60): web_url("Component.js") was successful, 1547 body bytes, 254 header bytes, 36 chunking overhead bytes  	[MsgId: MMSG-26385]
Search_File_Content_7_Files.c(68): Notify: Transaction "Search file content - 7 files" ended with "Pass" status (Duration: 2.1500 Wasted Time: 0.0000).	[MsgId: MMSG-16871]
Ending action Search_File_Content_7_Files.	[MsgId: MMSG-15918]
Ending iteration 23.	[MsgId: MMSG-15965]
Starting iteration 24.	[MsgId: MMSG-15968]
Starting action Open_JS_File.	[MsgId: MMSG-15919]
Open_JS_File.c(3): Notify: Transaction "Open JS file" started.	[MsgId: MMSG-16999]
Open_JS_File.c(4): web_url("open file") started  	[MsgId: MMSG-26355]
Save_JS_File.c(25): web_url("Save File Read data") was successful, 18 body bytes, 199 header bytes  	[MsgId: MMSG-26386]
Save_JS_File.c(33): Notify: Transaction "Save File" ended with "Pass" status (Duration: 4.4798 Wasted Time: 0.0000).	[MsgId: MMSG-16871]
RunApplicationPreview_WithMock.c(40): Warning -26609: HTTP Status-Code=503 (Service Unavailable) for "https://webidetesting-sapperf.hcproxy.neo.ondemand.com/view/Master.view.xml"  	[MsgId: MWAR-26609]
Ending action Save_JS_File.	[MsgId: MMSG-15918]
RunApplicationPreview_WithMock.c(40): web_url("Master.view.xml") highest severity level was "warning", 442 body bytes, 280 header bytes, 17 chunking overhead bytes  	[MsgId: MMSG-26387]
Ending iteration 21.	[MsgId: MMSG-15965]
Starting iteration 22.	[MsgId: MMSG-15968]
RunApplicationPreview_WithMock.c(16): web_url("Component.js") was successful, 1547 body bytes, 254 header bytes, 36 chunking overhead bytes  	[MsgId: MMSG-26385]
Starting action RunApplicationPreview_WithMock.	[MsgId: MMSG-15919]
RunApplicationPreview_WithMock.c(24): web_url("App.view.xml") started  	[MsgId: MMSG-26355]
RunApplicationPreview_WithMock.c(48): web_url("Master.controller.js") started  	[MsgId: MMSG-26355]
RunApplicationPreview_WithMock.c(3): Notify: Transaction "RunPreviewAppWithMock" started.	[MsgId: MMSG-16999]
RunApplicationPreview_WithMock.c(6): web_url("mock_preview_sapui5.html") started  	[MsgId: MMSG-26355]
RunApplicationPreview_WithMock.c(16): web_url("Component.js") was successful, 1547 body bytes, 254 header bytes, 36 chunking overhead bytes  	[MsgId: MMSG-26385]
RunApplicationPreview_WithMock.c(24): web_url("App.view.xml") started  	[MsgId: MMSG-26355]
Save_JS_File.c(25): web_url("Save File Read data") was successful, 18 body bytes, 199 header bytes  	[MsgId: MMSG-26386]
Save_JS_File.c(33): Notify: Transaction "Save File" ended with "Pass" status (Duration: 1.3813 Wasted Time: 0.0000).	[MsgId: MMSG-16871]
Ending action Save_JS_File.	[MsgId: MMSG-15918]
Ending iteration 26.	[MsgId: MMSG-15965]
Starting iteration 27.	[MsgId: MMSG-15968]
Starting action Open_JS_File.	[MsgId: MMSG-15919]
Open_JS_File.c(3): Notify: Transaction "Open JS file" started.	[MsgId: MMSG-16999]
Open_JS_File.c(4): web_url("open file") started  	[MsgId: MMSG-26355]
Open_JS_File.c(4): web_url("open file") was successful, 17 body bytes, 238 header bytes  	[MsgId: MMSG-26386]
Open_JS_File.c(11): web_custom_request("File") started  	[MsgId: MMSG-26355]
Search_File_Content_7_Files.c(4): web_url("filesearch") was successful, 2130 body bytes, 130 header bytes  	[MsgId: MMSG-26386]
Search_File_Content_7_Files.c(12): web_url("messageBundle_de.properties") started  	[MsgId: MMSG-26355]
Open_JS_File.c(20): web_custom_request("File") was successful, 17 body bytes, 199 header bytes  	[MsgId: MMSG-26386]
Open_JS_File.c(29): Notify: Transaction "Open JS file" ended with "Pass" status (Duration: 0.9373 Wasted Time: 0.0000).	[MsgId: MMSG-16871]
Ending action Open_JS_File.	[MsgId: MMSG-15918]
Ending iteration 24.	[MsgId: MMSG-15965]
RunApplicationPreview_WithMock.c(6): web_url("mock_preview_sapui5.html") was successful, 853 body bytes, 280 header bytes, 24 chunking overhead bytes  	[MsgId: MMSG-26385]
Starting iteration 25.	[MsgId: MMSG-15968]
RunApplicationPreview_WithMock.c(16): web_url("Component.js") started  	[MsgId: MMSG-26355]
Save_JS_File.c(16): web_custom_request("gitapi/status") was successful, 301 body bytes, 215 header bytes, 17 chunking overhead bytes  	[MsgId: MMSG-26385]
Starting action Save_JS_File.	[MsgId: MMSG-15919]
Open_JS_File.c(11): web_custom_request("File") was successful, 18 body bytes, 199 header bytes  	[MsgId: MMSG-26386]
Save_JS_File.c(25): web_url("Save File Read data") started  	[MsgId: MMSG-26355]
Save_JS_File.c(4): Notify: Transaction "Save File" started.	[MsgId: MMSG-16999]
Open_JS_File.c(20): web_custom_request("File") started  	[MsgId: MMSG-26355]
Save_JS_File.c(6): web_add_header("X-CSRF-Token") started  	[MsgId: MMSG-26355]
Save_JS_File.c(6): web_add_header("X-CSRF-Token") was successful  	[MsgId: MMSG-26392]
Save_JS_File.c(7): web_custom_request("Save File") started  	[MsgId: MMSG-26355]
Save_JS_File.c(25): web_url("Save File Read data") was successful, 17 body bytes, 198 header bytes  	[MsgId: MMSG-26386]
Save_JS_File.c(33): Notify: Transaction "Save File" ended with "Pass" status (Duration: 1.4644 Wasted Time: 0.0000).	[MsgId: MMSG-16871]
Ending action Save_JS_File.	[MsgId: MMSG-15918]
Ending iteration 24.	[MsgId: MMSG-15965]
Starting iteration 25.	[MsgId: MMSG-15968]
Starting action RunApplicationPreview_WithMock.	[MsgId: MMSG-15919]
RunApplicationPreview_WithMock.c(3): Notify: Transaction "RunPreviewAppWithMock" started.	[MsgId: MMSG-16999]
RunApplicationPreview_WithMock.c(6): web_url("mock_preview_sapui5.html") started  	[MsgId: MMSG-26355]
RunApplicationPreview_WithMock.c(24): web_url("App.view.xml") was successful, 398 body bytes, 193 header bytes  	[MsgId: MMSG-26386]
RunApplicationPreview_WithMock.c(32): web_url("App.controller.js") started  	[MsgId: MMSG-26355]
RunApplicationPreview_WithMock.c(16): web_url("Component.js") was successful, 1547 body bytes, 254 header bytes, 36 chunking overhead bytes  	[MsgId: MMSG-26385]
RunApplicationPreview_WithMock.c(24): web_url("App.view.xml") started  	[MsgId: MMSG-26355]
Save_JS_File.c(7): web_custom_request("Save File") was successful, 0 body bytes, 199 header bytes  	[MsgId: MMSG-26386]
Save_JS_File.c(16): web_custom_request("gitapi/status") started  	[MsgId: MMSG-26355]
Save_JS_File.c(7): web_custom_request("Save File") was successful, 0 body bytes, 198 header bytes  	[MsgId: MMSG-26386]
Save_JS_File.c(16): web_custom_request("gitapi/status") started  	[MsgId: MMSG-26355]
Save_JS_File.c(7): web_custom_request("Save File") was successful, 0 body bytes, 199 header bytes  	[MsgId: MMSG-26386]
Save_JS_File.c(16): web_custom_request("gitapi/status") started  	[MsgId: MMSG-26355]
RunApplicationPreview_WithMock.c(24): web_url("App.view.xml") was successful, 398 body bytes, 193 header bytes  	[MsgId: MMSG-26386]
RunApplicationPreview_WithMock.c(32): web_url("App.controller.js") started  	[MsgId: MMSG-26355]
RunApplicationPreview_WithMock.c(48): Warning -26609: HTTP Status-Code=503 (Service Unavailable) for "https://webidetesting-sapperf.hcproxy.neo.ondemand.com/view/Master.controller.js"  	[MsgId: MWAR-26609]
RunApplicationPreview_WithMock.c(48): web_url("Master.controller.js") highest severity level was "warning", 442 body bytes, 280 header bytes, 17 chunking overhead bytes  	[MsgId: MMSG-26387]
Open_JS_File.c(11): web_custom_request("File") was successful, 17 body bytes, 199 header bytes  	[MsgId: MMSG-26386]
RunApplicationPreview_WithMock.c(57): Notify: Transaction "RunPreviewAppWithMock" ended with "Pass" status (Duration: 4.6254 Wasted Time: 0.0000).	[MsgId: MMSG-16871]
Open_JS_File.c(20): web_custom_request("File") started  	[MsgId: MMSG-26355]
Ending action RunApplicationPreview_WithMock.	[MsgId: MMSG-15918]
Ending iteration 75.	[MsgId: MMSG-15965]
Starting iteration 76.	[MsgId: MMSG-15968]
Starting action Save_JS_File.	[MsgId: MMSG-15919]
Save_JS_File.c(4): Notify: Transaction "Save File" started.	[MsgId: MMSG-16999]
Save_JS_File.c(6): web_add_header("X-CSRF-Token") started  	[MsgId: MMSG-26355]
Save_JS_File.c(6): Warning -26597: Added header value is NULL, empty or contains white spaces only. It is added anyway  	[MsgId: MWAR-26597]
Save_JS_File.c(6): web_add_header("X-CSRF-Token") highest severity level was "warning"  	[MsgId: MMSG-26391]
Open_JS_File.c(11): web_custom_request("File") was successful, 17 body bytes, 199 header bytes  	[MsgId: MMSG-26386]
Save_JS_File.c(7): web_custom_request("Save File") started  	[MsgId: MMSG-26355]
Open_JS_File.c(20): web_custom_request("File") started  	[MsgId: MMSG-26355]
Search_File_Content_7_Files.c(12): web_url("messageBundle_de.properties") was successful, 638 body bytes, 162 header bytes  	[MsgId: MMSG-26386]
Search_File_Content_7_Files.c(20): web_url("messageBundle_en.properties") started  	[MsgId: MMSG-26355]
Search_File_Content_7_Files.c(4): web_url("filesearch") was successful, 2130 body bytes, 130 header bytes  	[MsgId: MMSG-26386]
Search_File_Content_7_Files.c(12): web_url("messageBundle_de.properties") started  	[MsgId: MMSG-26355]
Save_JS_File.c(16): web_custom_request("gitapi/status") was successful, 302 body bytes, 215 header bytes, 17 chunking overhead bytes  	[MsgId: MMSG-26385]
Save_JS_File.c(25): web_url("Save File Read data") started  	[MsgId: MMSG-26355]
RunApplicationPreview_WithMock.c(16): web_url("Component.js") was successful, 1547 body bytes, 254 header bytes, 36 chunking overhead bytes  	[MsgId: MMSG-26385]
RunApplicationPreview_WithMock.c(24): web_url("App.view.xml") started  	[MsgId: MMSG-26355]
Open_JS_File.c(20): web_custom_request("File") was successful, 18 body bytes, 199 header bytes  	[MsgId: MMSG-26386]
Open_JS_File.c(29): Notify: Transaction "Open JS file" ended with "Pass" status (Duration: 0.8269 Wasted Time: 0.0000).	[MsgId: MMSG-16871]
Ending action Open_JS_File.	[MsgId: MMSG-15918]
Ending Vuser...	[MsgId: MMSG-15966]
Starting action vuser_end.	[MsgId: MMSG-15919]
Open_JS_File.c(4): web_url("open file") was successful, 17 body bytes, 237 header bytes  	[MsgId: MMSG-26386]
Ending action vuser_end.	[MsgId: MMSG-15918]
Open_JS_File.c(11): web_custom_request("File") started  	[MsgId: MMSG-26355]
Vuser Terminated.	[MsgId: MMSG-15963]
Save_JS_File.c(16): web_custom_request("gitapi/status") was successful, 302 body bytes, 215 header bytes, 17 chunking overhead bytes  	[MsgId: MMSG-26385]
Save_JS_File.c(25): web_url("Save File Read data") started  	[MsgId: MMSG-26355]
Save_JS_File.c(25): web_url("Save File Read data") was successful, 16 body bytes, 199 header bytes  	[MsgId: MMSG-26386]
Save_JS_File.c(33): Notify: Transaction "Save File" ended with "Pass" status (Duration: 1.8131 Wasted Time: 0.0000).	[MsgId: MMSG-16871]
Ending action Save_JS_File.	[MsgId: MMSG-15918]
Ending Vuser...	[MsgId: MMSG-15966]
Starting action vuser_end.	[MsgId: MMSG-15919]
RunApplicationPreview_WithMock.c(32): web_url("App.controller.js") was successful, 46 body bytes, 198 header bytes  	[MsgId: MMSG-26386]
RunApplicationPreview_WithMock.c(40): web_url("Master.view.xml") started  	[MsgId: MMSG-26355]
Ending action vuser_end.	[MsgId: MMSG-15918]
Vuser Terminated.	[MsgId: MMSG-15963]
Save_JS_File.c(16): web_custom_request("gitapi/status") was successful, 302 body bytes, 215 header bytes, 17 chunking overhead bytes  	[MsgId: MMSG-26385]
Save_JS_File.c(25): web_url("Save File Read data") started  	[MsgId: MMSG-26355]
Open_JS_File.c(20): web_custom_request("File") was successful, 17 body bytes, 199 header bytes  	[MsgId: MMSG-26386]
Open_JS_File.c(29): Notify: Transaction "Open JS file" ended with "Pass" status (Duration: 0.9039 Wasted Time: 0.0000).	[MsgId: MMSG-16871]
Ending action Open_JS_File.	[MsgId: MMSG-15918]
Open_JS_File.c(4): web_url("open file") was successful, 17 body bytes, 237 header bytes  	[MsgId: MMSG-26386]
Ending Vuser...	[MsgId: MMSG-15966]
Open_JS_File.c(11): web_custom_request("File") started  	[MsgId: MMSG-26355]
Starting action vuser_end.	[MsgId: MMSG-15919]
Ending action vuser_end.	[MsgId: MMSG-15918]
Vuser Terminated.	[MsgId: MMSG-15963]
RunApplicationPreview_WithMock.c(32): web_url("App.controller.js") was successful, 46 body bytes, 198 header bytes  	[MsgId: MMSG-26386]
Open_JS_File.c(20): web_custom_request("File") was successful, 17 body bytes, 199 header bytes  	[MsgId: MMSG-26386]
Open_JS_File.c(29): Notify: Transaction "Open JS file" ended with "Pass" status (Duration: 0.9745 Wasted Time: 0.0000).	[MsgId: MMSG-16871]
Ending action Open_JS_File.	[MsgId: MMSG-15918]
RunApplicationPreview_WithMock.c(40): web_url("Master.view.xml") started  	[MsgId: MMSG-26355]
Ending Vuser...	[MsgId: MMSG-15966]
Starting action vuser_end.	[MsgId: MMSG-15919]
Ending action vuser_end.	[MsgId: MMSG-15918]
Vuser Terminated.	[MsgId: MMSG-15963]
RunApplicationPreview_WithMock.c(24): web_url("App.view.xml") was successful, 398 body bytes, 193 header bytes  	[MsgId: MMSG-26386]
RunApplicationPreview_WithMock.c(32): web_url("App.controller.js") started  	[MsgId: MMSG-26355]
Open_JS_File.c(4): web_url("open file") was successful, 18 body bytes, 238 header bytes  	[MsgId: MMSG-26386]
Open_JS_File.c(11): web_custom_request("File") started  	[MsgId: MMSG-26355]
Search_File_Content_7_Files.c(20): web_url("messageBundle_en.properties") was successful, 638 body bytes, 162 header bytes  	[MsgId: MMSG-26386]
Search_File_Content_7_Files.c(28): web_url("messageBundle.properties") started  	[MsgId: MMSG-26355]
Save_JS_File.c(7): web_custom_request("Save File") was successful, 0 body bytes, 199 header bytes  	[MsgId: MMSG-26386]
Save_JS_File.c(16): web_custom_request("gitapi/status") started  	[MsgId: MMSG-26355]
Save_JS_File.c(25): web_url("Save File Read data") was successful, 17 body bytes, 198 header bytes  	[MsgId: MMSG-26386]
Save_JS_File.c(33): Notify: Transaction "Save File" ended with "Pass" status (Duration: 5.5380 Wasted Time: 0.0000).	[MsgId: MMSG-16871]
Ending action Save_JS_File.	[MsgId: MMSG-15918]
Ending Vuser...	[MsgId: MMSG-15966]
Starting action vuser_end.	[MsgId: MMSG-15919]
Ending action vuser_end.	[MsgId: MMSG-15918]
Vuser Terminated.	[MsgId: MMSG-15963]
RunApplicationPreview_WithMock.c(24): web_url("App.view.xml") was successful, 398 body bytes, 193 header bytes  	[MsgId: MMSG-26386]
RunApplicationPreview_WithMock.c(32): web_url("App.controller.js") started  	[MsgId: MMSG-26355]
Open_JS_File.c(4): web_url("open file") was successful, 18 body bytes, 237 header bytes  	[MsgId: MMSG-26386]
Open_JS_File.c(11): web_custom_request("File") started  	[MsgId: MMSG-26355]
Open_JS_File.c(11): web_custom_request("File") was successful, 17 body bytes, 198 header bytes  	[MsgId: MMSG-26386]
Open_JS_File.c(20): web_custom_request("File") started  	[MsgId: MMSG-26355]
RunApplicationPreview_WithMock.c(6): web_url("mock_preview_sapui5.html") was successful, 853 body bytes, 280 header bytes, 24 chunking overhead bytes  	[MsgId: MMSG-26385]
RunApplicationPreview_WithMock.c(16): web_url("Component.js") started  	[MsgId: MMSG-26355]
Search_File_Content_7_Files.c(12): web_url("messageBundle_de.properties") was successful, 638 body bytes, 162 header bytes  	[MsgId: MMSG-26386]
Search_File_Content_7_Files.c(20): web_url("messageBundle_en.properties") started  	[MsgId: MMSG-26355]
Save_JS_File.c(25): web_url("Save File Read data") was successful, 17 body bytes, 200 header bytes  	[MsgId: MMSG-26386]
Save_JS_File.c(33): Notify: Transaction "Save File" ended with "Pass" status (Duration: 1.7653 Wasted Time: 0.0000).	[MsgId: MMSG-16871]
Ending action Save_JS_File.	[MsgId: MMSG-15918]
Ending Vuser...	[MsgId: MMSG-15966]
Starting action vuser_end.	[MsgId: MMSG-15919]
Ending action vuser_end.	[MsgId: MMSG-15918]
Vuser Terminated.	[MsgId: MMSG-15963]
Save_JS_File.c(16): web_custom_request("gitapi/status") was successful, 302 body bytes, 215 header bytes, 17 chunking overhead bytes  	[MsgId: MMSG-26385]
Save_JS_File.c(25): web_url("Save File Read data") started  	[MsgId: MMSG-26355]
RunApplicationPreview_WithMock.c(6): web_url("mock_preview_sapui5.html") was successful, 853 body bytes, 280 header bytes, 24 chunking overhead bytes  	[MsgId: MMSG-26385]
RunApplicationPreview_WithMock.c(16): web_url("Component.js") started  	[MsgId: MMSG-26355]
Open_JS_File.c(11): web_custom_request("File") was successful, 17 body bytes, 198 header bytes  	[MsgId: MMSG-26386]
RunApplicationPreview_WithMock.c(40): web_url("Master.view.xml") was successful, 563 body bytes, 247 header bytes, 23 chunking overhead bytes  	[MsgId: MMSG-26385]
Open_JS_File.c(20): web_custom_request("File") started  	[MsgId: MMSG-26355]
RunApplicationPreview_WithMock.c(48): web_url("Master.controller.js") started  	[MsgId: MMSG-26355]
RunApplicationPreview_WithMock.c(40): web_url("Master.view.xml") was successful, 563 body bytes, 247 header bytes, 23 chunking overhead bytes  	[MsgId: MMSG-26385]
RunApplicationPreview_WithMock.c(48): web_url("Master.controller.js") started  	[MsgId: MMSG-26355]
Save_JS_File.c(25): web_url("Save File Read data") was successful, 16 body bytes, 197 header bytes  	[MsgId: MMSG-26386]
Save_JS_File.c(33): Notify: Transaction "Save File" ended with "Pass" status (Duration: 3.4299 Wasted Time: 0.0000).	[MsgId: MMSG-16871]
Ending action Save_JS_File.	[MsgId: MMSG-15918]
Ending Vuser...	[MsgId: MMSG-15966]
Save_JS_File.c(7): web_custom_request("Save File") was successful, 1970 body bytes, 1237 header bytes, 43 chunking overhead bytes  	[MsgId: MMSG-26385]
Save_JS_File.c(16): web_custom_request("gitapi/status") started  	[MsgId: MMSG-26355]
Starting action vuser_end.	[MsgId: MMSG-15919]
Ending action vuser_end.	[MsgId: MMSG-15918]
Vuser Terminated.	[MsgId: MMSG-15963]
Open_JS_File.c(11): web_custom_request("File") was successful, 18 body bytes, 199 header bytes  	[MsgId: MMSG-26386]
Open_JS_File.c(20): web_custom_request("File") started  	[MsgId: MMSG-26355]
Search_File_Content_7_Files.c(28): web_url("messageBundle.properties") was successful, 638 body bytes, 162 header bytes  	[MsgId: MMSG-26386]
Search_File_Content_7_Files.c(36): web_url("mock_preview_sapui5.html") started  	[MsgId: MMSG-26355]
RunApplicationPreview_WithMock.c(32): web_url("App.controller.js") was successful, 46 body bytes, 198 header bytes  	[MsgId: MMSG-26386]
RunApplicationPreview_WithMock.c(32): web_url("App.controller.js") was successful, 46 body bytes, 198 header bytes  	[MsgId: MMSG-26386]
RunApplicationPreview_WithMock.c(40): web_url("Master.view.xml") started  	[MsgId: MMSG-26355]
RunApplicationPreview_WithMock.c(40): web_url("Master.view.xml") started  	[MsgId: MMSG-26355]
Open_JS_File.c(20): web_custom_request("File") was successful, 17 body bytes, 198 header bytes  	[MsgId: MMSG-26386]
Open_JS_File.c(29): Notify: Transaction "Open JS file" ended with "Pass" status (Duration: 0.8066 Wasted Time: 0.0000).	[MsgId: MMSG-16871]
Ending action Open_JS_File.	[MsgId: MMSG-15918]
Ending Vuser...	[MsgId: MMSG-15966]
Open_JS_File.c(11): web_custom_request("File") was successful, 18 body bytes, 198 header bytes  	[MsgId: MMSG-26386]
Open_JS_File.c(20): web_custom_request("File") started  	[MsgId: MMSG-26355]
Starting action vuser_end.	[MsgId: MMSG-15919]
Ending action vuser_end.	[MsgId: MMSG-15918]
Vuser Terminated.	[MsgId: MMSG-15963]
Search_File_Content_7_Files.c(20): web_url("messageBundle_en.properties") was successful, 638 body bytes, 162 header bytes  	[MsgId: MMSG-26386]
Search_File_Content_7_Files.c(28): web_url("messageBundle.properties") started  	[MsgId: MMSG-26355]
Save_JS_File.c(16): web_custom_request("gitapi/status") was successful, 301 body bytes, 215 header bytes, 17 chunking overhead bytes  	[MsgId: MMSG-26385]
Save_JS_File.c(25): web_url("Save File Read data") started  	[MsgId: MMSG-26355]
RunApplicationPreview_WithMock.c(48): web_url("Master.controller.js") was successful, 861 body bytes, 199 header bytes  	[MsgId: MMSG-26386]
RunApplicationPreview_WithMock.c(57): Notify: Transaction "RunPreviewAppWithMock" ended with "Pass" status (Duration: 1.6221 Wasted Time: 0.0000).	[MsgId: MMSG-16871]
Ending action RunApplicationPreview_WithMock.	[MsgId: MMSG-15918]
Ending Vuser...	[MsgId: MMSG-15966]
RunApplicationPreview_WithMock.c(48): web_url("Master.controller.js") was successful, 861 body bytes, 199 header bytes  	[MsgId: MMSG-26386]
Open_JS_File.c(20): web_custom_request("File") was successful, 17 body bytes, 198 header bytes  	[MsgId: MMSG-26386]
Save_JS_File.c(25): web_url("Save File Read data") was successful, 18 body bytes, 198 header bytes  	[MsgId: MMSG-26386]
RunApplicationPreview_WithMock.c(57): Notify: Transaction "RunPreviewAppWithMock" ended with "Pass" status (Duration: 1.6395 Wasted Time: 0.0000).	[MsgId: MMSG-16871]
Starting action vuser_end.	[MsgId: MMSG-15919]
Open_JS_File.c(29): Notify: Transaction "Open JS file" ended with "Pass" status (Duration: 0.8351 Wasted Time: 0.0000).	[MsgId: MMSG-16871]
Save_JS_File.c(33): Notify: Transaction "Save File" ended with "Pass" status (Duration: 3.6378 Wasted Time: 0.0000).	[MsgId: MMSG-16871]
Ending action RunApplicationPreview_WithMock.	[MsgId: MMSG-15918]
Ending action vuser_end.	[MsgId: MMSG-15918]
Ending action Open_JS_File.	[MsgId: MMSG-15918]
Ending action Save_JS_File.	[MsgId: MMSG-15918]
Ending Vuser...	[MsgId: MMSG-15966]
Starting action vuser_end.	[MsgId: MMSG-15919]
Ending Vuser...	[MsgId: MMSG-15966]
Ending Vuser...	[MsgId: MMSG-15966]
Vuser Terminated.	[MsgId: MMSG-15963]
Ending action vuser_end.	[MsgId: MMSG-15918]
Vuser Terminated.	[MsgId: MMSG-15963]
Starting action vuser_end.	[MsgId: MMSG-15919]
Ending action vuser_end.	[MsgId: MMSG-15918]
Starting action vuser_end.	[MsgId: MMSG-15919]
Save_JS_File.c(16): web_custom_request("gitapi/status") was successful, 1962 body bytes, 1103 header bytes, 43 chunking overhead bytes  	[MsgId: MMSG-26385]
Vuser Terminated.	[MsgId: MMSG-15963]
Ending action vuser_end.	[MsgId: MMSG-15918]
Vuser Terminated.	[MsgId: MMSG-15963]
Save_JS_File.c(25): web_url("Save File Read data") started  	[MsgId: MMSG-26355]
Save_JS_File.c(16): web_custom_request("gitapi/status") was successful, 301 body bytes, 215 header bytes, 17 chunking overhead bytes  	[MsgId: MMSG-26385]
RunApplicationPreview_WithMock.c(16): web_url("Component.js") was successful, 1547 body bytes, 254 header bytes, 36 chunking overhead bytes  	[MsgId: MMSG-26385]
Save_JS_File.c(25): web_url("Save File Read data") started  	[MsgId: MMSG-26355]
RunApplicationPreview_WithMock.c(24): web_url("App.view.xml") started  	[MsgId: MMSG-26355]
Search_File_Content_7_Files.c(36): web_url("mock_preview_sapui5.html") was successful, 853 body bytes, 241 header bytes, 24 chunking overhead bytes  	[MsgId: MMSG-26385]
Search_File_Content_7_Files.c(44): web_url("localIndex.html") started  	[MsgId: MMSG-26355]
Open_JS_File.c(20): web_custom_request("File") was successful, 18 body bytes, 199 header bytes  	[MsgId: MMSG-26386]
Open_JS_File.c(29): Notify: Transaction "Open JS file" ended with "Pass" status (Duration: 0.8109 Wasted Time: 0.0000).	[MsgId: MMSG-16871]
Ending action Open_JS_File.	[MsgId: MMSG-15918]
Ending Vuser...	[MsgId: MMSG-15966]
RunApplicationPreview_WithMock.c(40): web_url("Master.view.xml") was successful, 563 body bytes, 247 header bytes, 23 chunking overhead bytes  	[MsgId: MMSG-26385]
Starting action vuser_end.	[MsgId: MMSG-15919]
RunApplicationPreview_WithMock.c(48): web_url("Master.controller.js") started  	[MsgId: MMSG-26355]
Ending action vuser_end.	[MsgId: MMSG-15918]
Vuser Terminated.	[MsgId: MMSG-15963]
RunApplicationPreview_WithMock.c(40): web_url("Master.view.xml") was successful, 563 body bytes, 247 header bytes, 23 chunking overhead bytes  	[MsgId: MMSG-26385]
RunApplicationPreview_WithMock.c(48): web_url("Master.controller.js") started  	[MsgId: MMSG-26355]
RunApplicationPreview_WithMock.c(16): web_url("Component.js") was successful, 1547 body bytes, 254 header bytes, 36 chunking overhead bytes  	[MsgId: MMSG-26385]
RunApplicationPreview_WithMock.c(24): web_url("App.view.xml") started  	[MsgId: MMSG-26355]
Open_JS_File.c(20): web_custom_request("File") was successful, 18 body bytes, 198 header bytes  	[MsgId: MMSG-26386]
Open_JS_File.c(29): Notify: Transaction "Open JS file" ended with "Pass" status (Duration: 0.9282 Wasted Time: 0.0000).	[MsgId: MMSG-16871]
Search_File_Content_7_Files.c(28): web_url("messageBundle.properties") was successful, 638 body bytes, 162 header bytes  	[MsgId: MMSG-26386]
Ending action Open_JS_File.	[MsgId: MMSG-15918]
Search_File_Content_7_Files.c(36): web_url("mock_preview_sapui5.html") started  	[MsgId: MMSG-26355]
Ending Vuser...	[MsgId: MMSG-15966]
Starting action vuser_end.	[MsgId: MMSG-15919]
Ending action vuser_end.	[MsgId: MMSG-15918]
Vuser Terminated.	[MsgId: MMSG-15963]
Save_JS_File.c(25): web_url("Save File Read data") was successful, 18 body bytes, 200 header bytes  	[MsgId: MMSG-26386]
Save_JS_File.c(33): Notify: Transaction "Save File" ended with "Pass" status (Duration: 1.9637 Wasted Time: 0.0000).	[MsgId: MMSG-16871]
Ending action Save_JS_File.	[MsgId: MMSG-15918]
Ending Vuser...	[MsgId: MMSG-15966]
Starting action vuser_end.	[MsgId: MMSG-15919]
Ending action vuser_end.	[MsgId: MMSG-15918]
Vuser Terminated.	[MsgId: MMSG-15963]
RunApplicationPreview_WithMock.c(24): web_url("App.view.xml") was successful, 398 body bytes, 193 header bytes  	[MsgId: MMSG-26386]
RunApplicationPreview_WithMock.c(32): web_url("App.controller.js") started  	[MsgId: MMSG-26355]
Save_JS_File.c(25): web_url("Save File Read data") was successful, 17 body bytes, 194 header bytes  	[MsgId: MMSG-26386]
Save_JS_File.c(33): Notify: Transaction "Save File" ended with "Pass" status (Duration: 1.8921 Wasted Time: 0.0000).	[MsgId: MMSG-16871]
Ending action Save_JS_File.	[MsgId: MMSG-15918]
Ending Vuser...	[MsgId: MMSG-15966]
Starting action vuser_end.	[MsgId: MMSG-15919]
Ending action vuser_end.	[MsgId: MMSG-15918]
Vuser Terminated.	[MsgId: MMSG-15963]
Save_JS_File.c(25): web_url("Save File Read data") was successful, 1993 body bytes, 1125 header bytes, 43 chunking overhead bytes  	[MsgId: MMSG-26385]
Save_JS_File.c(33): Notify: Transaction "Save File" ended with "Pass" status (Duration: 0.7464 Wasted Time: 0.0000).	[MsgId: MMSG-16871]
Ending action Save_JS_File.	[MsgId: MMSG-15918]
Ending Vuser...	[MsgId: MMSG-15966]
Starting action vuser_end.	[MsgId: MMSG-15919]
Ending action vuser_end.	[MsgId: MMSG-15918]
Vuser Terminated.	[MsgId: MMSG-15963]
RunApplicationPreview_WithMock.c(48): web_url("Master.controller.js") was successful, 861 body bytes, 199 header bytes  	[MsgId: MMSG-26386]
RunApplicationPreview_WithMock.c(57): Notify: Transaction "RunPreviewAppWithMock" ended with "Pass" status (Duration: 1.4336 Wasted Time: 0.0000).	[MsgId: MMSG-16871]
RunApplicationPreview_WithMock.c(24): web_url("App.view.xml") was successful, 398 body bytes, 193 header bytes  	[MsgId: MMSG-26386]
RunApplicationPreview_WithMock.c(32): web_url("App.controller.js") started  	[MsgId: MMSG-26355]
Ending action RunApplicationPreview_WithMock.	[MsgId: MMSG-15918]
Save_JS_File.c(16): web_custom_request("gitapi/status") was successful, 302 body bytes, 215 header bytes, 17 chunking overhead bytes  	[MsgId: MMSG-26385]
Save_JS_File.c(25): web_url("Save File Read data") started  	[MsgId: MMSG-26355]
Ending Vuser...	[MsgId: MMSG-15966]
Starting action vuser_end.	[MsgId: MMSG-15919]
Ending action vuser_end.	[MsgId: MMSG-15918]
RunApplicationPreview_WithMock.c(48): web_url("Master.controller.js") was successful, 861 body bytes, 199 header bytes  	[MsgId: MMSG-26386]
RunApplicationPreview_WithMock.c(57): Notify: Transaction "RunPreviewAppWithMock" ended with "Pass" status (Duration: 1.7289 Wasted Time: 0.0000).	[MsgId: MMSG-16871]
Ending action RunApplicationPreview_WithMock.	[MsgId: MMSG-15918]
Save_JS_File.c(16): web_custom_request("gitapi/status") was successful, 299 body bytes, 215 header bytes, 17 chunking overhead bytes  	[MsgId: MMSG-26385]
Vuser Terminated.	[MsgId: MMSG-15963]
Ending Vuser...	[MsgId: MMSG-15966]
Starting action vuser_end.	[MsgId: MMSG-15919]
Ending action vuser_end.	[MsgId: MMSG-15918]
Vuser Terminated.	[MsgId: MMSG-15963]
Save_JS_File.c(25): web_url("Save File Read data") started  	[MsgId: MMSG-26355]
Save_JS_File.c(16): web_custom_request("gitapi/status") was successful, 300 body bytes, 215 header bytes, 17 chunking overhead bytes  	[MsgId: MMSG-26385]
Save_JS_File.c(25): web_url("Save File Read data") started  	[MsgId: MMSG-26355]
Search_File_Content_7_Files.c(36): web_url("mock_preview_sapui5.html") was successful, 853 body bytes, 241 header bytes, 24 chunking overhead bytes  	[MsgId: MMSG-26385]
Search_File_Content_7_Files.c(44): web_url("localIndex.html") started  	[MsgId: MMSG-26355]
RunApplicationPreview_WithMock.c(32): web_url("App.controller.js") was successful, 46 body bytes, 198 header bytes  	[MsgId: MMSG-26386]
RunApplicationPreview_WithMock.c(40): web_url("Master.view.xml") started  	[MsgId: MMSG-26355]
Search_File_Content_7_Files.c(44): web_url("localIndex.html") was successful, 1218 body bytes, 242 header bytes, 30 chunking overhead bytes  	[MsgId: MMSG-26385]
Search_File_Content_7_Files.c(52): web_url("Index.html") started  	[MsgId: MMSG-26355]
Save_JS_File.c(16): web_custom_request("gitapi/status") was successful, 300 body bytes, 215 header bytes, 17 chunking overhead bytes  	[MsgId: MMSG-26385]
Save_JS_File.c(25): web_url("Save File Read data") started  	[MsgId: MMSG-26355]
Save_JS_File.c(16): web_custom_request("gitapi/status") was successful, 301 body bytes, 215 header bytes, 17 chunking overhead bytes  	[MsgId: MMSG-26385]
Save_JS_File.c(25): web_url("Save File Read data") started  	[MsgId: MMSG-26355]
RunApplicationPreview_WithMock.c(32): web_url("App.controller.js") was successful, 46 body bytes, 198 header bytes  	[MsgId: MMSG-26386]
Save_JS_File.c(25): web_url("Save File Read data") was successful, 18 body bytes, 199 header bytes  	[MsgId: MMSG-26386]
Save_JS_File.c(33): Notify: Transaction "Save File" ended with "Pass" status (Duration: 15.0791 Wasted Time: 0.0000).	[MsgId: MMSG-16871]
RunApplicationPreview_WithMock.c(40): web_url("Master.view.xml") started  	[MsgId: MMSG-26355]
Save_JS_File.c(16): web_custom_request("gitapi/status") was successful, 302 body bytes, 215 header bytes, 17 chunking overhead bytes  	[MsgId: MMSG-26385]
Ending action Save_JS_File.	[MsgId: MMSG-15918]
Save_JS_File.c(25): web_url("Save File Read data") started  	[MsgId: MMSG-26355]
Ending Vuser...	[MsgId: MMSG-15966]
Starting action vuser_end.	[MsgId: MMSG-15919]
Ending action vuser_end.	[MsgId: MMSG-15918]
Vuser Terminated.	[MsgId: MMSG-15963]
Save_JS_File.c(16): web_custom_request("gitapi/status") was successful, 302 body bytes, 215 header bytes, 17 chunking overhead bytes  	[MsgId: MMSG-26385]
Save_JS_File.c(25): web_url("Save File Read data") started  	[MsgId: MMSG-26355]
Save_JS_File.c(25): web_url("Save File Read data") was successful, 17 body bytes, 200 header bytes  	[MsgId: MMSG-26386]
Save_JS_File.c(33): Notify: Transaction "Save File" ended with "Pass" status (Duration: 1.7576 Wasted Time: 0.0000).	[MsgId: MMSG-16871]
Ending action Save_JS_File.	[MsgId: MMSG-15918]
Ending Vuser...	[MsgId: MMSG-15966]
Save_JS_File.c(25): web_url("Save File Read data") was successful, 17 body bytes, 199 header bytes  	[MsgId: MMSG-26386]
Starting action vuser_end.	[MsgId: MMSG-15919]
Save_JS_File.c(33): Notify: Transaction "Save File" ended with "Pass" status (Duration: 1.5367 Wasted Time: 0.0000).	[MsgId: MMSG-16871]
Ending action vuser_end.	[MsgId: MMSG-15918]
Ending action Save_JS_File.	[MsgId: MMSG-15918]
Vuser Terminated.	[MsgId: MMSG-15963]
Ending Vuser...	[MsgId: MMSG-15966]
Starting action vuser_end.	[MsgId: MMSG-15919]
Ending action vuser_end.	[MsgId: MMSG-15918]
Vuser Terminated.	[MsgId: MMSG-15963]
RunApplicationPreview_WithMock.c(40): web_url("Master.view.xml") was successful, 563 body bytes, 247 header bytes, 23 chunking overhead bytes  	[MsgId: MMSG-26385]
RunApplicationPreview_WithMock.c(48): web_url("Master.controller.js") started  	[MsgId: MMSG-26355]
RunApplicationPreview_WithMock.c(40): web_url("Master.view.xml") was successful, 563 body bytes, 247 header bytes, 23 chunking overhead bytes  	[MsgId: MMSG-26385]
RunApplicationPreview_WithMock.c(48): web_url("Master.controller.js") started  	[MsgId: MMSG-26355]
Save_JS_File.c(16): web_custom_request("gitapi/status") was successful, 301 body bytes, 215 header bytes, 17 chunking overhead bytes  	[MsgId: MMSG-26385]
Save_JS_File.c(25): web_url("Save File Read data") started  	[MsgId: MMSG-26355]
Save_JS_File.c(25): web_url("Save File Read data") was successful, 18 body bytes, 200 header bytes  	[MsgId: MMSG-26386]
Save_JS_File.c(33): Notify: Transaction "Save File" ended with "Pass" status (Duration: 2.1823 Wasted Time: 0.0000).	[MsgId: MMSG-16871]
Ending action Save_JS_File.	[MsgId: MMSG-15918]
Ending Vuser...	[MsgId: MMSG-15966]
Starting action vuser_end.	[MsgId: MMSG-15919]
Ending action vuser_end.	[MsgId: MMSG-15918]
Vuser Terminated.	[MsgId: MMSG-15963]
Save_JS_File.c(25): web_url("Save File Read data") was successful, 17 body bytes, 199 header bytes  	[MsgId: MMSG-26386]
Save_JS_File.c(33): Notify: Transaction "Save File" ended with "Pass" status (Duration: 1.1304 Wasted Time: 0.0000).	[MsgId: MMSG-16871]
Ending action Save_JS_File.	[MsgId: MMSG-15918]
Ending Vuser...	[MsgId: MMSG-15966]
Starting action vuser_end.	[MsgId: MMSG-15919]
Ending action vuser_end.	[MsgId: MMSG-15918]
Vuser Terminated.	[MsgId: MMSG-15963]
Save_JS_File.c(25): web_url("Save File Read data") was successful, 17 body bytes, 200 header bytes  	[MsgId: MMSG-26386]
Save_JS_File.c(33): Notify: Transaction "Save File" ended with "Pass" status (Duration: 1.5524 Wasted Time: 0.0000).	[MsgId: MMSG-16871]
Save_JS_File.c(16): web_custom_request("gitapi/status") was successful, 301 body bytes, 215 header bytes, 17 chunking overhead bytes  	[MsgId: MMSG-26385]
Save_JS_File.c(25): web_url("Save File Read data") was successful, 18 body bytes, 195 header bytes  	[MsgId: MMSG-26386]
Save_JS_File.c(16): web_custom_request("gitapi/status") was successful, 300 body bytes, 215 header bytes, 17 chunking overhead bytes  	[MsgId: MMSG-26385]
Save_JS_File.c(16): web_custom_request("gitapi/status") was successful, 299 body bytes, 215 header bytes, 17 chunking overhead bytes  	[MsgId: MMSG-26385]
Save_JS_File.c(25): web_url("Save File Read data") started  	[MsgId: MMSG-26355]
RunApplicationPreview_WithMock.c(48): web_url("Master.controller.js") was successful, 861 body bytes, 199 header bytes  	[MsgId: MMSG-26386]
RunApplicationPreview_WithMock.c(48): web_url("Master.controller.js") was successful, 861 body bytes, 199 header bytes  	[MsgId: MMSG-26386]
Search_File_Content_7_Files.c(44): web_url("localIndex.html") was successful, 1218 body bytes, 242 header bytes, 30 chunking overhead bytes  	[MsgId: MMSG-26385]
Ending action Save_JS_File.	[MsgId: MMSG-15918]
Save_JS_File.c(25): web_url("Save File Read data") started  	[MsgId: MMSG-26355]
Save_JS_File.c(33): Notify: Transaction "Save File" ended with "Pass" status (Duration: 16.4677 Wasted Time: 0.0000).	[MsgId: MMSG-16871]
Save_JS_File.c(25): web_url("Save File Read data") started  	[MsgId: MMSG-26355]
Search_File_Content_7_Files.c(52): web_url("Index.html") was successful, 642 body bytes, 240 header bytes, 23 chunking overhead bytes  	[MsgId: MMSG-26385]
RunApplicationPreview_WithMock.c(57): Notify: Transaction "RunPreviewAppWithMock" ended with "Pass" status (Duration: 1.1727 Wasted Time: 0.0000).	[MsgId: MMSG-16871]
RunApplicationPreview_WithMock.c(57): Notify: Transaction "RunPreviewAppWithMock" ended with "Pass" status (Duration: 1.3271 Wasted Time: 0.0000).	[MsgId: MMSG-16871]
Search_File_Content_7_Files.c(52): web_url("Index.html") started  	[MsgId: MMSG-26355]
Ending Vuser...	[MsgId: MMSG-15966]
Ending action Save_JS_File.	[MsgId: MMSG-15918]
Save_JS_File.c(16): web_custom_request("gitapi/status") was successful, 302 body bytes, 215 header bytes, 17 chunking overhead bytes  	[MsgId: MMSG-26385]
Search_File_Content_7_Files.c(60): web_url("Component.js") started  	[MsgId: MMSG-26355]
Ending action RunApplicationPreview_WithMock.	[MsgId: MMSG-15918]
Ending action RunApplicationPreview_WithMock.	[MsgId: MMSG-15918]
Ending Vuser...	[MsgId: MMSG-15966]
Ending Vuser...	[MsgId: MMSG-15966]
Save_JS_File.c(25): web_url("Save File Read data") started  	[MsgId: MMSG-26355]
Save_JS_File.c(25): web_url("Save File Read data") was successful, 18 body bytes, 200 header bytes  	[MsgId: MMSG-26386]
Starting action vuser_end.	[MsgId: MMSG-15919]
Starting action vuser_end.	[MsgId: MMSG-15919]
Ending action vuser_end.	[MsgId: MMSG-15918]
Ending Vuser...	[MsgId: MMSG-15966]
Starting action vuser_end.	[MsgId: MMSG-15919]
Ending action vuser_end.	[MsgId: MMSG-15918]
Vuser Terminated.	[MsgId: MMSG-15963]
Vuser Terminated.	[MsgId: MMSG-15963]
Save_JS_File.c(33): Notify: Transaction "Save File" ended with "Pass" status (Duration: 15.0742 Wasted Time: 0.0000).	[MsgId: MMSG-16871]
Ending action Save_JS_File.	[MsgId: MMSG-15918]
Ending Vuser...	[MsgId: MMSG-15966]
Starting action vuser_end.	[MsgId: MMSG-15919]
Ending action vuser_end.	[MsgId: MMSG-15918]
Starting action vuser_end.	[MsgId: MMSG-15919]
Ending action vuser_end.	[MsgId: MMSG-15918]
Vuser Terminated.	[MsgId: MMSG-15963]
Ending action vuser_end.	[MsgId: MMSG-15918]
Vuser Terminated.	[MsgId: MMSG-15963]
Vuser Terminated.	[MsgId: MMSG-15963]
Save_JS_File.c(25): web_url("Save File Read data") was successful, 18 body bytes, 197 header bytes  	[MsgId: MMSG-26386]
Save_JS_File.c(25): web_url("Save File Read data") was successful, 17 body bytes, 199 header bytes  	[MsgId: MMSG-26386]
Save_JS_File.c(33): Notify: Transaction "Save File" ended with "Pass" status (Duration: 5.8400 Wasted Time: 0.0000).	[MsgId: MMSG-16871]
Ending action Save_JS_File.	[MsgId: MMSG-15918]
Ending Vuser...	[MsgId: MMSG-15966]
Starting action vuser_end.	[MsgId: MMSG-15919]
Ending action vuser_end.	[MsgId: MMSG-15918]
Vuser Terminated.	[MsgId: MMSG-15963]
Save_JS_File.c(25): web_url("Save File Read data") was successful, 18 body bytes, 200 header bytes  	[MsgId: MMSG-26386]
Save_JS_File.c(33): Notify: Transaction "Save File" ended with "Pass" status (Duration: 7.1614 Wasted Time: 0.0000).	[MsgId: MMSG-16871]
Ending action Save_JS_File.	[MsgId: MMSG-15918]
Save_JS_File.c(33): Notify: Transaction "Save File" ended with "Pass" status (Duration: 1.6837 Wasted Time: 0.0000).	[MsgId: MMSG-16871]
Ending action Save_JS_File.	[MsgId: MMSG-15918]
Search_File_Content_7_Files.c(52): web_url("Index.html") was successful, 642 body bytes, 240 header bytes, 23 chunking overhead bytes  	[MsgId: MMSG-26385]
Ending Vuser...	[MsgId: MMSG-15966]
Save_JS_File.c(16): web_custom_request("gitapi/status") was successful, 302 body bytes, 215 header bytes, 17 chunking overhead bytes  	[MsgId: MMSG-26385]
Ending Vuser...	[MsgId: MMSG-15966]
Search_File_Content_7_Files.c(60): web_url("Component.js") started  	[MsgId: MMSG-26355]
Starting action vuser_end.	[MsgId: MMSG-15919]
Save_JS_File.c(25): web_url("Save File Read data") started  	[MsgId: MMSG-26355]
Starting action vuser_end.	[MsgId: MMSG-15919]
Ending action vuser_end.	[MsgId: MMSG-15918]
Ending action vuser_end.	[MsgId: MMSG-15918]
Vuser Terminated.	[MsgId: MMSG-15963]
Vuser Terminated.	[MsgId: MMSG-15963]
Save_JS_File.c(25): web_url("Save File Read data") was successful, 17 body bytes, 198 header bytes  	[MsgId: MMSG-26386]
Save_JS_File.c(33): Notify: Transaction "Save File" ended with "Pass" status (Duration: 4.4675 Wasted Time: 0.0000).	[MsgId: MMSG-16871]
Ending action Save_JS_File.	[MsgId: MMSG-15918]
Ending Vuser...	[MsgId: MMSG-15966]
Starting action vuser_end.	[MsgId: MMSG-15919]
Ending action vuser_end.	[MsgId: MMSG-15918]
Vuser Terminated.	[MsgId: MMSG-15963]
Save_JS_File.c(16): web_custom_request("gitapi/status") was successful, 302 body bytes, 215 header bytes, 17 chunking overhead bytes  	[MsgId: MMSG-26385]
Save_JS_File.c(25): web_url("Save File Read data") started  	[MsgId: MMSG-26355]
Search_File_Content_7_Files.c(60): web_url("Component.js") was successful, 1547 body bytes, 254 header bytes, 36 chunking overhead bytes  	[MsgId: MMSG-26385]
Search_File_Content_7_Files.c(68): Notify: Transaction "Search file content - 7 files" ended with "Pass" status (Duration: 1.8500 Wasted Time: 0.0000).	[MsgId: MMSG-16871]
Ending action Search_File_Content_7_Files.	[MsgId: MMSG-15918]
Ending Vuser...	[MsgId: MMSG-15966]
Starting action vuser_end.	[MsgId: MMSG-15919]
Ending action vuser_end.	[MsgId: MMSG-15918]
Vuser Terminated.	[MsgId: MMSG-15963]
Save_JS_File.c(25): web_url("Save File Read data") was successful, 17 body bytes, 198 header bytes  	[MsgId: MMSG-26386]
Save_JS_File.c(33): Notify: Transaction "Save File" ended with "Pass" status (Duration: 5.1450 Wasted Time: 0.0000).	[MsgId: MMSG-16871]
Ending action Save_JS_File.	[MsgId: MMSG-15918]
Ending Vuser...	[MsgId: MMSG-15966]
Starting action vuser_end.	[MsgId: MMSG-15919]
Ending action vuser_end.	[MsgId: MMSG-15918]
Vuser Terminated.	[MsgId: MMSG-15963]
Save_JS_File.c(16): web_custom_request("gitapi/status") was successful, 300 body bytes, 215 header bytes, 17 chunking overhead bytes  	[MsgId: MMSG-26385]
Save_JS_File.c(25): web_url("Save File Read data") was successful, 18 body bytes, 199 header bytes  	[MsgId: MMSG-26386]
Save_JS_File.c(33): Notify: Transaction "Save File" ended with "Pass" status (Duration: 14.4644 Wasted Time: 0.0000).	[MsgId: MMSG-16871]
Ending action Save_JS_File.	[MsgId: MMSG-15918]
Ending Vuser...	[MsgId: MMSG-15966]
Starting action vuser_end.	[MsgId: MMSG-15919]
Ending action vuser_end.	[MsgId: MMSG-15918]
Vuser Terminated.	[MsgId: MMSG-15963]
Search_File_Content_7_Files.c(60): web_url("Component.js") was successful, 1547 body bytes, 254 header bytes, 36 chunking overhead bytes  	[MsgId: MMSG-26385]
Search_File_Content_7_Files.c(68): Notify: Transaction "Search file content - 7 files" ended with "Pass" status (Duration: 1.7314 Wasted Time: 0.0000).	[MsgId: MMSG-16871]
Save_JS_File.c(16): web_custom_request("gitapi/status") was successful, 302 body bytes, 215 header bytes, 17 chunking overhead bytes  	[MsgId: MMSG-26385]
Ending action Search_File_Content_7_Files.	[MsgId: MMSG-15918]
Save_JS_File.c(25): web_url("Save File Read data") started  	[MsgId: MMSG-26355]
Save_JS_File.c(25): web_url("Save File Read data") started  	[MsgId: MMSG-26355]
Ending Vuser...	[MsgId: MMSG-15966]
Starting action vuser_end.	[MsgId: MMSG-15919]
Ending action vuser_end.	[MsgId: MMSG-15918]
Vuser Terminated.	[MsgId: MMSG-15963]
Save_JS_File.c(25): web_url("Save File Read data") was successful, 16 body bytes, 200 header bytes  	[MsgId: MMSG-26386]
Save_JS_File.c(33): Notify: Transaction "Save File" ended with "Pass" status (Duration: 15.4181 Wasted Time: 0.0000).	[MsgId: MMSG-16871]
Ending action Save_JS_File.	[MsgId: MMSG-15918]
Ending Vuser...	[MsgId: MMSG-15966]
Starting action vuser_end.	[MsgId: MMSG-15919]
Ending action vuser_end.	[MsgId: MMSG-15918]
Vuser Terminated.	[MsgId: MMSG-15963]
Save_JS_File.c(25): web_url("Save File Read data") was successful, 18 body bytes, 200 header bytes  	[MsgId: MMSG-26386]
Save_JS_File.c(33): Notify: Transaction "Save File" ended with "Pass" status (Duration: 17.0534 Wasted Time: 0.0000).	[MsgId: MMSG-16871]
Ending action Save_JS_File.	[MsgId: MMSG-15918]
Ending Vuser...	[MsgId: MMSG-15966]
Starting action vuser_end.	[MsgId: MMSG-15919]
Ending action vuser_end.	[MsgId: MMSG-15918]
Vuser Terminated.	[MsgId: MMSG-15963]
Save_JS_File.c(16): web_custom_request("gitapi/status") was successful, 302 body bytes, 215 header bytes, 17 chunking overhead bytes  	[MsgId: MMSG-26385]
Save_JS_File.c(25): web_url("Save File Read data") started  	[MsgId: MMSG-26355]
Save_JS_File.c(25): web_url("Save File Read data") was successful, 18 body bytes, 200 header bytes  	[MsgId: MMSG-26386]
Save_JS_File.c(33): Notify: Transaction "Save File" ended with "Pass" status (Duration: 20.7425 Wasted Time: 0.0000).	[MsgId: MMSG-16871]
Ending action Save_JS_File.	[MsgId: MMSG-15918]
Ending Vuser...	[MsgId: MMSG-15966]
Starting action vuser_end.	[MsgId: MMSG-15919]
Ending action vuser_end.	[MsgId: MMSG-15918]
Vuser Terminated.	[MsgId: MMSG-15963]
