 Logged in with user[P710777]
 Logged in with user[P710600]
 Logged in with user[P710601]
Start auto log messages stack - Iteration 1.	[MsgId: MMSG-10545]
LSP_Start.c(11): Registered web_reg_find successful for "Text=Language server start triggered" (count=1)  	[MsgId: MMSG-26364]
LSP_Start.c(11): web_custom_request("start") was successful, 31 body bytes, 202 header bytes  	[MsgId: MMSG-26386]
LSP_Start.c(27): Notify: Transaction "LSP_POLL_Task" started.	[MsgId: MMSG-16999]
LSP_Start.c(28): web_reg_save_param started  	[MsgId: MMSG-26355]
LSP_Start.c(28): Registering web_reg_save_param was successful  	[MsgId: MMSG-26390]
LSP_Start.c(29): web_reg_find started  	[MsgId: MMSG-26355]
LSP_Start.c(29): Registering web_reg_find was successful  	[MsgId: MMSG-26390]
LSP_Start.c(30): web_url("Poll Task") started  	[MsgId: MMSG-26355]
LSP_Start.c(30): Continuing after Error -26377: No match found for the requested parameter "LSP_START_STATUS". Either the specified boundaries were not found in the response or the matched text is longer than current max html parameter size of 50000 bytes. The total length of the response is 0 bytes. You can use "web_set_max_html_param_len" to increase the max parameter size.  	[MsgId: MERR-26377]
End auto log messages stack.	[MsgId: MMSG-10544]


Start auto log messages stack - Iteration 1.	[MsgId: MMSG-10545]
LSP_Start.c(30): Registered web_reg_find successful for "Text=200" (count=1)  	[MsgId: MMSG-26364]
LSP_Start.c(30): Continuing after Error -26374: The above "not found" error(s) may be explained by header and body byte counts being 225 and 0, respectively.  	[MsgId: MERR-26374]
End auto log messages stack.	[MsgId: MMSG-10544]


Start auto log messages stack - Iteration 1.	[MsgId: MMSG-10545]
LSP_Start.c(38): Notify: The 2nd error message associated with transaction "LSP_POLL_Task" is "Error -26374: The above "not found" error(s) may be explained by header and body byte counts being 225 and 0, respectively."	[MsgId: MMSG-16819]
LSP_Start.c(27): Notify: Transaction "LSP_POLL_Task" started.	[MsgId: MMSG-16999]
LSP_Start.c(28): web_reg_save_param started  	[MsgId: MMSG-26355]
LSP_Start.c(28): Registering web_reg_save_param was successful  	[MsgId: MMSG-26390]
LSP_Start.c(29): web_reg_find started  	[MsgId: MMSG-26355]
LSP_Start.c(29): Registering web_reg_find was successful  	[MsgId: MMSG-26390]
LSP_Start.c(30): web_url("Poll Task") started  	[MsgId: MMSG-26355]
LSP_Start.c(30): Continuing after Error -26377: No match found for the requested parameter "LSP_START_STATUS". Either the specified boundaries were not found in the response or the matched text is longer than current max html parameter size of 50000 bytes. The total length of the response is 0 bytes. You can use "web_set_max_html_param_len" to increase the max parameter size.  	[MsgId: MERR-26377]
End auto log messages stack.	[MsgId: MMSG-10544]


Start auto log messages stack - Iteration 1.	[MsgId: MMSG-10545]
LSP_Start.c(30): Registered web_reg_find successful for "Text=200" (count=1)  	[MsgId: MMSG-26364]
LSP_Start.c(30): Continuing after Error -26374: The above "not found" error(s) may be explained by header and body byte counts being 225 and 0, respectively.  	[MsgId: MERR-26374]
End auto log messages stack.	[MsgId: MMSG-10544]


Start auto log messages stack - Iteration 1.	[MsgId: MMSG-10545]
LSP_Start.c(38): Notify: The 2nd error message associated with transaction "LSP_POLL_Task" is "Error -26374: The above "not found" error(s) may be explained by header and body byte counts being 225 and 0, respectively."	[MsgId: MMSG-16819]
LSP_Start.c(27): Notify: Transaction "LSP_POLL_Task" started.	[MsgId: MMSG-16999]
LSP_Start.c(28): web_reg_save_param started  	[MsgId: MMSG-26355]
LSP_Start.c(28): Registering web_reg_save_param was successful  	[MsgId: MMSG-26390]
LSP_Start.c(29): web_reg_find started  	[MsgId: MMSG-26355]
LSP_Start.c(29): Registering web_reg_find was successful  	[MsgId: MMSG-26390]
LSP_Start.c(30): web_url("Poll Task") started  	[MsgId: MMSG-26355]
LSP_Start.c(30): Continuing after Error -26377: No match found for the requested parameter "LSP_START_STATUS". Either the specified boundaries were not found in the response or the matched text is longer than current max html parameter size of 50000 bytes. The total length of the response is 0 bytes. You can use "web_set_max_html_param_len" to increase the max parameter size.  	[MsgId: MERR-26377]
End auto log messages stack.	[MsgId: MMSG-10544]


Start auto log messages stack - Iteration 1.	[MsgId: MMSG-10545]
LSP_Start.c(30): Registered web_reg_find successful for "Text=200" (count=1)  	[MsgId: MMSG-26364]
LSP_Start.c(30): Continuing after Error -26374: The above "not found" error(s) may be explained by header and body byte counts being 225 and 0, respectively.  	[MsgId: MERR-26374]
End auto log messages stack.	[MsgId: MMSG-10544]


Start auto log messages stack - Iteration 1.	[MsgId: MMSG-10545]
LSP_Start.c(38): Notify: The 2nd error message associated with transaction "LSP_POLL_Task" is "Error -26374: The above "not found" error(s) may be explained by header and body byte counts being 225 and 0, respectively."	[MsgId: MMSG-16819]
LSP_Start.c(27): Notify: Transaction "LSP_POLL_Task" started.	[MsgId: MMSG-16999]
LSP_Start.c(28): web_reg_save_param started  	[MsgId: MMSG-26355]
LSP_Start.c(28): Registering web_reg_save_param was successful  	[MsgId: MMSG-26390]
LSP_Start.c(29): web_reg_find started  	[MsgId: MMSG-26355]
LSP_Start.c(29): Registering web_reg_find was successful  	[MsgId: MMSG-26390]
LSP_Start.c(30): web_url("Poll Task") started  	[MsgId: MMSG-26355]
LSP_Start.c(30): Continuing after Error -26377: No match found for the requested parameter "LSP_START_STATUS". Either the specified boundaries were not found in the response or the matched text is longer than current max html parameter size of 50000 bytes. The total length of the response is 0 bytes. You can use "web_set_max_html_param_len" to increase the max parameter size.  	[MsgId: MERR-26377]
End auto log messages stack.	[MsgId: MMSG-10544]


Start auto log messages stack - Iteration 1.	[MsgId: MMSG-10545]
LSP_Start.c(30): Registered web_reg_find successful for "Text=200" (count=1)  	[MsgId: MMSG-26364]
LSP_Start.c(30): Continuing after Error -26374: The above "not found" error(s) may be explained by header and body byte counts being 225 and 0, respectively.  	[MsgId: MERR-26374]
End auto log messages stack.	[MsgId: MMSG-10544]


Start auto log messages stack - Iteration 1.	[MsgId: MMSG-10545]
LSP_Start.c(38): Notify: The 2nd error message associated with transaction "LSP_POLL_Task" is "Error -26374: The above "not found" error(s) may be explained by header and body byte counts being 225 and 0, respectively."	[MsgId: MMSG-16819]
LSP_Start.c(27): Notify: Transaction "LSP_POLL_Task" started.	[MsgId: MMSG-16999]
LSP_Start.c(28): web_reg_save_param started  	[MsgId: MMSG-26355]
LSP_Start.c(28): Registering web_reg_save_param was successful  	[MsgId: MMSG-26390]
LSP_Start.c(29): web_reg_find started  	[MsgId: MMSG-26355]
LSP_Start.c(29): Registering web_reg_find was successful  	[MsgId: MMSG-26390]
LSP_Start.c(30): web_url("Poll Task") started  	[MsgId: MMSG-26355]
LSP_Start.c(30): Continuing after Error -26377: No match found for the requested parameter "LSP_START_STATUS". Either the specified boundaries were not found in the response or the matched text is longer than current max html parameter size of 50000 bytes. The total length of the response is 0 bytes. You can use "web_set_max_html_param_len" to increase the max parameter size.  	[MsgId: MERR-26377]
End auto log messages stack.	[MsgId: MMSG-10544]


Start auto log messages stack - Iteration 1.	[MsgId: MMSG-10545]
LSP_Start.c(30): Registered web_reg_find successful for "Text=200" (count=1)  	[MsgId: MMSG-26364]
LSP_Start.c(30): Continuing after Error -26374: The above "not found" error(s) may be explained by header and body byte counts being 225 and 0, respectively.  	[MsgId: MERR-26374]
End auto log messages stack.	[MsgId: MMSG-10544]


Start auto log messages stack - Iteration 1.	[MsgId: MMSG-10545]
LSP_Start.c(38): Notify: The 2nd error message associated with transaction "LSP_POLL_Task" is "Error -26374: The above "not found" error(s) may be explained by header and body byte counts being 225 and 0, respectively."	[MsgId: MMSG-16819]
LSP_Start.c(27): Notify: Transaction "LSP_POLL_Task" started.	[MsgId: MMSG-16999]
LSP_Start.c(28): web_reg_save_param started  	[MsgId: MMSG-26355]
LSP_Start.c(28): Registering web_reg_save_param was successful  	[MsgId: MMSG-26390]
LSP_Start.c(29): web_reg_find started  	[MsgId: MMSG-26355]
LSP_Start.c(29): Registering web_reg_find was successful  	[MsgId: MMSG-26390]
LSP_Start.c(30): web_url("Poll Task") started  	[MsgId: MMSG-26355]
LSP_Start.c(30): Continuing after Error -26377: No match found for the requested parameter "LSP_START_STATUS". Either the specified boundaries were not found in the response or the matched text is longer than current max html parameter size of 50000 bytes. The total length of the response is 0 bytes. You can use "web_set_max_html_param_len" to increase the max parameter size.  	[MsgId: MERR-26377]
End auto log messages stack.	[MsgId: MMSG-10544]


Start auto log messages stack - Iteration 1.	[MsgId: MMSG-10545]
LSP_Start.c(30): Registered web_reg_find successful for "Text=200" (count=1)  	[MsgId: MMSG-26364]
LSP_Start.c(30): Continuing after Error -26374: The above "not found" error(s) may be explained by header and body byte counts being 225 and 0, respectively.  	[MsgId: MERR-26374]
End auto log messages stack.	[MsgId: MMSG-10544]


Start auto log messages stack - Iteration 1.	[MsgId: MMSG-10545]
LSP_Start.c(38): Notify: The 2nd error message associated with transaction "LSP_POLL_Task" is "Error -26374: The above "not found" error(s) may be explained by header and body byte counts being 225 and 0, respectively."	[MsgId: MMSG-16819]
LSP_Start.c(27): Notify: Transaction "LSP_POLL_Task" started.	[MsgId: MMSG-16999]
LSP_Start.c(28): web_reg_save_param started  	[MsgId: MMSG-26355]
LSP_Start.c(28): Registering web_reg_save_param was successful  	[MsgId: MMSG-26390]
LSP_Start.c(29): web_reg_find started  	[MsgId: MMSG-26355]
LSP_Start.c(29): Registering web_reg_find was successful  	[MsgId: MMSG-26390]
LSP_Start.c(30): web_url("Poll Task") started  	[MsgId: MMSG-26355]
LSP_Start.c(30): Continuing after Error -26377: No match found for the requested parameter "LSP_START_STATUS". Either the specified boundaries were not found in the response or the matched text is longer than current max html parameter size of 50000 bytes. The total length of the response is 0 bytes. You can use "web_set_max_html_param_len" to increase the max parameter size.  	[MsgId: MERR-26377]
End auto log messages stack.	[MsgId: MMSG-10544]


Start auto log messages stack - Iteration 1.	[MsgId: MMSG-10545]
LSP_Start.c(30): Registered web_reg_find successful for "Text=200" (count=1)  	[MsgId: MMSG-26364]
LSP_Start.c(30): Continuing after Error -26374: The above "not found" error(s) may be explained by header and body byte counts being 225 and 0, respectively.  	[MsgId: MERR-26374]
End auto log messages stack.	[MsgId: MMSG-10544]


Start auto log messages stack - Iteration 1.	[MsgId: MMSG-10545]
LSP_Start.c(38): Notify: The 2nd error message associated with transaction "LSP_POLL_Task" is "Error -26374: The above "not found" error(s) may be explained by header and body byte counts being 225 and 0, respectively."	[MsgId: MMSG-16819]
LSP_Start.c(27): Notify: Transaction "LSP_POLL_Task" started.	[MsgId: MMSG-16999]
LSP_Start.c(28): web_reg_save_param started  	[MsgId: MMSG-26355]
LSP_Start.c(28): Registering web_reg_save_param was successful  	[MsgId: MMSG-26390]
LSP_Start.c(29): web_reg_find started  	[MsgId: MMSG-26355]
LSP_Start.c(29): Registering web_reg_find was successful  	[MsgId: MMSG-26390]
LSP_Start.c(30): web_url("Poll Task") started  	[MsgId: MMSG-26355]
LSP_Start.c(30): Continuing after Error -26377: No match found for the requested parameter "LSP_START_STATUS". Either the specified boundaries were not found in the response or the matched text is longer than current max html parameter size of 50000 bytes. The total length of the response is 0 bytes. You can use "web_set_max_html_param_len" to increase the max parameter size.  	[MsgId: MERR-26377]
End auto log messages stack.	[MsgId: MMSG-10544]


Start auto log messages stack - Iteration 1.	[MsgId: MMSG-10545]
LSP_Start.c(30): Registered web_reg_find successful for "Text=200" (count=1)  	[MsgId: MMSG-26364]
LSP_Start.c(30): Continuing after Error -26374: The above "not found" error(s) may be explained by header and body byte counts being 225 and 0, respectively.  	[MsgId: MERR-26374]
End auto log messages stack.	[MsgId: MMSG-10544]


Start auto log messages stack - Iteration 1.	[MsgId: MMSG-10545]
LSP_Start.c(38): Notify: The 2nd error message associated with transaction "LSP_POLL_Task" is "Error -26374: The above "not found" error(s) may be explained by header and body byte counts being 225 and 0, respectively."	[MsgId: MMSG-16819]
LSP_Start.c(27): Notify: Transaction "LSP_POLL_Task" started.	[MsgId: MMSG-16999]
LSP_Start.c(28): web_reg_save_param started  	[MsgId: MMSG-26355]
LSP_Start.c(28): Registering web_reg_save_param was successful  	[MsgId: MMSG-26390]
LSP_Start.c(29): web_reg_find started  	[MsgId: MMSG-26355]
LSP_Start.c(29): Registering web_reg_find was successful  	[MsgId: MMSG-26390]
LSP_Start.c(30): web_url("Poll Task") started  	[MsgId: MMSG-26355]
LSP_Start.c(30): Continuing after Error -26377: No match found for the requested parameter "LSP_START_STATUS". Either the specified boundaries were not found in the response or the matched text is longer than current max html parameter size of 50000 bytes. The total length of the response is 0 bytes. You can use "web_set_max_html_param_len" to increase the max parameter size.  	[MsgId: MERR-26377]
End auto log messages stack.	[MsgId: MMSG-10544]


Start auto log messages stack - Iteration 1.	[MsgId: MMSG-10545]
LSP_Start.c(30): Registered web_reg_find successful for "Text=200" (count=1)  	[MsgId: MMSG-26364]
LSP_Start.c(30): Continuing after Error -26374: The above "not found" error(s) may be explained by header and body byte counts being 225 and 0, respectively.  	[MsgId: MERR-26374]
End auto log messages stack.	[MsgId: MMSG-10544]


Start auto log messages stack - Iteration 1.	[MsgId: MMSG-10545]
LSP_Start.c(38): Notify: The 2nd error message associated with transaction "LSP_POLL_Task" is "Error -26374: The above "not found" error(s) may be explained by header and body byte counts being 225 and 0, respectively."	[MsgId: MMSG-16819]
LSP_Start.c(27): Notify: Transaction "LSP_POLL_Task" started.	[MsgId: MMSG-16999]
LSP_Start.c(28): web_reg_save_param started  	[MsgId: MMSG-26355]
LSP_Start.c(28): Registering web_reg_save_param was successful  	[MsgId: MMSG-26390]
LSP_Start.c(29): web_reg_find started  	[MsgId: MMSG-26355]
LSP_Start.c(29): Registering web_reg_find was successful  	[MsgId: MMSG-26390]
LSP_Start.c(30): web_url("Poll Task") started  	[MsgId: MMSG-26355]
LSP_Start.c(30): Continuing after Error -26377: No match found for the requested parameter "LSP_START_STATUS". Either the specified boundaries were not found in the response or the matched text is longer than current max html parameter size of 50000 bytes. The total length of the response is 0 bytes. You can use "web_set_max_html_param_len" to increase the max parameter size.  	[MsgId: MERR-26377]
End auto log messages stack.	[MsgId: MMSG-10544]


Start auto log messages stack - Iteration 1.	[MsgId: MMSG-10545]
LSP_Start.c(30): Registered web_reg_find successful for "Text=200" (count=1)  	[MsgId: MMSG-26364]
LSP_Start.c(30): Continuing after Error -26374: The above "not found" error(s) may be explained by header and body byte counts being 225 and 0, respectively.  	[MsgId: MERR-26374]
End auto log messages stack.	[MsgId: MMSG-10544]


Start auto log messages stack - Iteration 1.	[MsgId: MMSG-10545]
LSP_Start.c(38): Notify: The 2nd error message associated with transaction "LSP_POLL_Task" is "Error -26374: The above "not found" error(s) may be explained by header and body byte counts being 225 and 0, respectively."	[MsgId: MMSG-16819]
LSP_Start.c(27): Notify: Transaction "LSP_POLL_Task" started.	[MsgId: MMSG-16999]
LSP_Start.c(28): web_reg_save_param started  	[MsgId: MMSG-26355]
LSP_Start.c(28): Registering web_reg_save_param was successful  	[MsgId: MMSG-26390]
LSP_Start.c(29): web_reg_find started  	[MsgId: MMSG-26355]
LSP_Start.c(29): Registering web_reg_find was successful  	[MsgId: MMSG-26390]
LSP_Start.c(30): web_url("Poll Task") started  	[MsgId: MMSG-26355]
LSP_Start.c(30): Continuing after Error -26377: No match found for the requested parameter "LSP_START_STATUS". Either the specified boundaries were not found in the response or the matched text is longer than current max html parameter size of 50000 bytes. The total length of the response is 0 bytes. You can use "web_set_max_html_param_len" to increase the max parameter size.  	[MsgId: MERR-26377]
End auto log messages stack.	[MsgId: MMSG-10544]


Start auto log messages stack - Iteration 1.	[MsgId: MMSG-10545]
LSP_Start.c(30): Registered web_reg_find successful for "Text=200" (count=1)  	[MsgId: MMSG-26364]
LSP_Start.c(30): Continuing after Error -26374: The above "not found" error(s) may be explained by header and body byte counts being 225 and 0, respectively.  	[MsgId: MERR-26374]
End auto log messages stack.	[MsgId: MMSG-10544]


Start auto log messages stack - Iteration 1.	[MsgId: MMSG-10545]
LSP_Start.c(38): Notify: The 2nd error message associated with transaction "LSP_POLL_Task" is "Error -26374: The above "not found" error(s) may be explained by header and body byte counts being 225 and 0, respectively."	[MsgId: MMSG-16819]
LSP_Start.c(27): Notify: Transaction "LSP_POLL_Task" started.	[MsgId: MMSG-16999]
LSP_Start.c(28): web_reg_save_param started  	[MsgId: MMSG-26355]
LSP_Start.c(28): Registering web_reg_save_param was successful  	[MsgId: MMSG-26390]
LSP_Start.c(29): web_reg_find started  	[MsgId: MMSG-26355]
LSP_Start.c(29): Registering web_reg_find was successful  	[MsgId: MMSG-26390]
LSP_Start.c(30): web_url("Poll Task") started  	[MsgId: MMSG-26355]
LSP_Start.c(30): Continuing after Error -26377: No match found for the requested parameter "LSP_START_STATUS". Either the specified boundaries were not found in the response or the matched text is longer than current max html parameter size of 50000 bytes. The total length of the response is 0 bytes. You can use "web_set_max_html_param_len" to increase the max parameter size.  	[MsgId: MERR-26377]
End auto log messages stack.	[MsgId: MMSG-10544]


Start auto log messages stack - Iteration 1.	[MsgId: MMSG-10545]
LSP_Start.c(30): Registered web_reg_find successful for "Text=200" (count=1)  	[MsgId: MMSG-26364]
LSP_Start.c(30): Continuing after Error -26374: The above "not found" error(s) may be explained by header and body byte counts being 225 and 0, respectively.  	[MsgId: MERR-26374]
End auto log messages stack.	[MsgId: MMSG-10544]


Start auto log messages stack - Iteration 1.	[MsgId: MMSG-10545]
LSP_Start.c(38): Notify: The 2nd error message associated with transaction "LSP_POLL_Task" is "Error -26374: The above "not found" error(s) may be explained by header and body byte counts being 225 and 0, respectively."	[MsgId: MMSG-16819]
LSP_Start.c(27): Notify: Transaction "LSP_POLL_Task" started.	[MsgId: MMSG-16999]
LSP_Start.c(28): web_reg_save_param started  	[MsgId: MMSG-26355]
LSP_Start.c(28): Registering web_reg_save_param was successful  	[MsgId: MMSG-26390]
LSP_Start.c(29): web_reg_find started  	[MsgId: MMSG-26355]
LSP_Start.c(29): Registering web_reg_find was successful  	[MsgId: MMSG-26390]
LSP_Start.c(30): web_url("Poll Task") started  	[MsgId: MMSG-26355]
LSP_Start.c(30): Continuing after Error -26377: No match found for the requested parameter "LSP_START_STATUS". Either the specified boundaries were not found in the response or the matched text is longer than current max html parameter size of 50000 bytes. The total length of the response is 0 bytes. You can use "web_set_max_html_param_len" to increase the max parameter size.  	[MsgId: MERR-26377]
End auto log messages stack.	[MsgId: MMSG-10544]


Start auto log messages stack - Iteration 1.	[MsgId: MMSG-10545]
LSP_Start.c(30): Registered web_reg_find successful for "Text=200" (count=1)  	[MsgId: MMSG-26364]
LSP_Start.c(30): Continuing after Error -26374: The above "not found" error(s) may be explained by header and body byte counts being 225 and 0, respectively.  	[MsgId: MERR-26374]
End auto log messages stack.	[MsgId: MMSG-10544]


Start auto log messages stack - Iteration 1.	[MsgId: MMSG-10545]
LSP_Start.c(38): Notify: The 2nd error message associated with transaction "LSP_POLL_Task" is "Error -26374: The above "not found" error(s) may be explained by header and body byte counts being 225 and 0, respectively."	[MsgId: MMSG-16819]
LSP_Start.c(27): Notify: Transaction "LSP_POLL_Task" started.	[MsgId: MMSG-16999]
LSP_Start.c(28): web_reg_save_param started  	[MsgId: MMSG-26355]
LSP_Start.c(28): Registering web_reg_save_param was successful  	[MsgId: MMSG-26390]
LSP_Start.c(29): web_reg_find started  	[MsgId: MMSG-26355]
LSP_Start.c(29): Registering web_reg_find was successful  	[MsgId: MMSG-26390]
LSP_Start.c(30): web_url("Poll Task") started  	[MsgId: MMSG-26355]
LSP_Start.c(30): Continuing after Error -26377: No match found for the requested parameter "LSP_START_STATUS". Either the specified boundaries were not found in the response or the matched text is longer than current max html parameter size of 50000 bytes. The total length of the response is 0 bytes. You can use "web_set_max_html_param_len" to increase the max parameter size.  	[MsgId: MERR-26377]
End auto log messages stack.	[MsgId: MMSG-10544]


Start auto log messages stack - Iteration 1.	[MsgId: MMSG-10545]
LSP_Start.c(30): Registered web_reg_find successful for "Text=200" (count=1)  	[MsgId: MMSG-26364]
LSP_Start.c(30): Continuing after Error -26374: The above "not found" error(s) may be explained by header and body byte counts being 225 and 0, respectively.  	[MsgId: MERR-26374]
End auto log messages stack.	[MsgId: MMSG-10544]


Start auto log messages stack - Iteration 1.	[MsgId: MMSG-10545]
LSP_Start.c(38): Notify: The 2nd error message associated with transaction "LSP_POLL_Task" is "Error -26374: The above "not found" error(s) may be explained by header and body byte counts being 225 and 0, respectively."	[MsgId: MMSG-16819]
LSP_Start.c(27): Notify: Transaction "LSP_POLL_Task" started.	[MsgId: MMSG-16999]
LSP_Start.c(28): web_reg_save_param started  	[MsgId: MMSG-26355]
LSP_Start.c(28): Registering web_reg_save_param was successful  	[MsgId: MMSG-26390]
LSP_Start.c(29): web_reg_find started  	[MsgId: MMSG-26355]
LSP_Start.c(29): Registering web_reg_find was successful  	[MsgId: MMSG-26390]
LSP_Start.c(30): web_url("Poll Task") started  	[MsgId: MMSG-26355]
LSP_Start.c(30): Continuing after Error -26377: No match found for the requested parameter "LSP_START_STATUS". Either the specified boundaries were not found in the response or the matched text is longer than current max html parameter size of 50000 bytes. The total length of the response is 0 bytes. You can use "web_set_max_html_param_len" to increase the max parameter size.  	[MsgId: MERR-26377]
End auto log messages stack.	[MsgId: MMSG-10544]


Start auto log messages stack - Iteration 1.	[MsgId: MMSG-10545]
LSP_Start.c(30): Registered web_reg_find successful for "Text=200" (count=1)  	[MsgId: MMSG-26364]
LSP_Start.c(30): Continuing after Error -26374: The above "not found" error(s) may be explained by header and body byte counts being 225 and 0, respectively.  	[MsgId: MERR-26374]
End auto log messages stack.	[MsgId: MMSG-10544]


Start auto log messages stack - Iteration 1.	[MsgId: MMSG-10545]
LSP_Start.c(38): Notify: The 2nd error message associated with transaction "LSP_POLL_Task" is "Error -26374: The above "not found" error(s) may be explained by header and body byte counts being 225 and 0, respectively."	[MsgId: MMSG-16819]
LSP_Start.c(27): Notify: Transaction "LSP_POLL_Task" started.	[MsgId: MMSG-16999]
LSP_Start.c(28): web_reg_save_param started  	[MsgId: MMSG-26355]
LSP_Start.c(28): Registering web_reg_save_param was successful  	[MsgId: MMSG-26390]
LSP_Start.c(29): web_reg_find started  	[MsgId: MMSG-26355]
LSP_Start.c(29): Registering web_reg_find was successful  	[MsgId: MMSG-26390]
LSP_Start.c(30): web_url("Poll Task") started  	[MsgId: MMSG-26355]
LSP_Start.c(30): Continuing after Error -26377: No match found for the requested parameter "LSP_START_STATUS". Either the specified boundaries were not found in the response or the matched text is longer than current max html parameter size of 50000 bytes. The total length of the response is 0 bytes. You can use "web_set_max_html_param_len" to increase the max parameter size.  	[MsgId: MERR-26377]
End auto log messages stack.	[MsgId: MMSG-10544]


Start auto log messages stack - Iteration 1.	[MsgId: MMSG-10545]
LSP_Start.c(30): Registered web_reg_find successful for "Text=200" (count=1)  	[MsgId: MMSG-26364]
LSP_Start.c(30): Continuing after Error -26374: The above "not found" error(s) may be explained by header and body byte counts being 225 and 0, respectively.  	[MsgId: MERR-26374]
End auto log messages stack.	[MsgId: MMSG-10544]


Start auto log messages stack - Iteration 1.	[MsgId: MMSG-10545]
LSP_Start.c(38): Notify: The 2nd error message associated with transaction "LSP_POLL_Task" is "Error -26374: The above "not found" error(s) may be explained by header and body byte counts being 225 and 0, respectively."	[MsgId: MMSG-16819]
LSP_Start.c(27): Notify: Transaction "LSP_POLL_Task" started.	[MsgId: MMSG-16999]
LSP_Start.c(28): web_reg_save_param started  	[MsgId: MMSG-26355]
LSP_Start.c(28): Registering web_reg_save_param was successful  	[MsgId: MMSG-26390]
LSP_Start.c(29): web_reg_find started  	[MsgId: MMSG-26355]
LSP_Start.c(29): Registering web_reg_find was successful  	[MsgId: MMSG-26390]
LSP_Start.c(30): web_url("Poll Task") started  	[MsgId: MMSG-26355]
LSP_Start.c(30): Continuing after Error -26377: No match found for the requested parameter "LSP_START_STATUS". Either the specified boundaries were not found in the response or the matched text is longer than current max html parameter size of 50000 bytes. The total length of the response is 0 bytes. You can use "web_set_max_html_param_len" to increase the max parameter size.  	[MsgId: MERR-26377]
End auto log messages stack.	[MsgId: MMSG-10544]


Start auto log messages stack - Iteration 1.	[MsgId: MMSG-10545]
LSP_Start.c(30): Registered web_reg_find successful for "Text=200" (count=1)  	[MsgId: MMSG-26364]
LSP_Start.c(30): Continuing after Error -26374: The above "not found" error(s) may be explained by header and body byte counts being 225 and 0, respectively.  	[MsgId: MERR-26374]
End auto log messages stack.	[MsgId: MMSG-10544]


Start auto log messages stack - Iteration 1.	[MsgId: MMSG-10545]
LSP_Start.c(38): Notify: The 2nd error message associated with transaction "LSP_POLL_Task" is "Error -26374: The above "not found" error(s) may be explained by header and body byte counts being 225 and 0, respectively."	[MsgId: MMSG-16819]
LSP_Start.c(27): Notify: Transaction "LSP_POLL_Task" started.	[MsgId: MMSG-16999]
LSP_Start.c(28): web_reg_save_param started  	[MsgId: MMSG-26355]
LSP_Start.c(28): Registering web_reg_save_param was successful  	[MsgId: MMSG-26390]
LSP_Start.c(29): web_reg_find started  	[MsgId: MMSG-26355]
LSP_Start.c(29): Registering web_reg_find was successful  	[MsgId: MMSG-26390]
LSP_Start.c(30): web_url("Poll Task") started  	[MsgId: MMSG-26355]
LSP_Start.c(30): Continuing after Error -26377: No match found for the requested parameter "LSP_START_STATUS". Either the specified boundaries were not found in the response or the matched text is longer than current max html parameter size of 50000 bytes. The total length of the response is 0 bytes. You can use "web_set_max_html_param_len" to increase the max parameter size.  	[MsgId: MERR-26377]
End auto log messages stack.	[MsgId: MMSG-10544]


Start auto log messages stack - Iteration 1.	[MsgId: MMSG-10545]
LSP_Start.c(30): Registered web_reg_find successful for "Text=200" (count=1)  	[MsgId: MMSG-26364]
LSP_Start.c(30): Continuing after Error -26374: The above "not found" error(s) may be explained by header and body byte counts being 225 and 0, respectively.  	[MsgId: MERR-26374]
End auto log messages stack.	[MsgId: MMSG-10544]


Start auto log messages stack - Iteration 1.	[MsgId: MMSG-10545]
LSP_Start.c(38): Notify: The 2nd error message associated with transaction "LSP_POLL_Task" is "Error -26374: The above "not found" error(s) may be explained by header and body byte counts being 225 and 0, respectively."	[MsgId: MMSG-16819]
LSP_Start.c(27): Notify: Transaction "LSP_POLL_Task" started.	[MsgId: MMSG-16999]
LSP_Start.c(28): web_reg_save_param started  	[MsgId: MMSG-26355]
LSP_Start.c(28): Registering web_reg_save_param was successful  	[MsgId: MMSG-26390]
LSP_Start.c(29): web_reg_find started  	[MsgId: MMSG-26355]
LSP_Start.c(29): Registering web_reg_find was successful  	[MsgId: MMSG-26390]
LSP_Start.c(30): web_url("Poll Task") started  	[MsgId: MMSG-26355]
LSP_Start.c(30): Continuing after Error -26377: No match found for the requested parameter "LSP_START_STATUS". Either the specified boundaries were not found in the response or the matched text is longer than current max html parameter size of 50000 bytes. The total length of the response is 0 bytes. You can use "web_set_max_html_param_len" to increase the max parameter size.  	[MsgId: MERR-26377]
End auto log messages stack.	[MsgId: MMSG-10544]


Start auto log messages stack - Iteration 1.	[MsgId: MMSG-10545]
LSP_Start.c(30): Registered web_reg_find successful for "Text=200" (count=1)  	[MsgId: MMSG-26364]
LSP_Start.c(30): Continuing after Error -26374: The above "not found" error(s) may be explained by header and body byte counts being 225 and 0, respectively.  	[MsgId: MERR-26374]
End auto log messages stack.	[MsgId: MMSG-10544]


Start auto log messages stack - Iteration 1.	[MsgId: MMSG-10545]
LSP_Start.c(38): Notify: The 2nd error message associated with transaction "LSP_POLL_Task" is "Error -26374: The above "not found" error(s) may be explained by header and body byte counts being 225 and 0, respectively."	[MsgId: MMSG-16819]
LSP_Start.c(27): Notify: Transaction "LSP_POLL_Task" started.	[MsgId: MMSG-16999]
LSP_Start.c(28): web_reg_save_param started  	[MsgId: MMSG-26355]
LSP_Start.c(28): Registering web_reg_save_param was successful  	[MsgId: MMSG-26390]
LSP_Start.c(29): web_reg_find started  	[MsgId: MMSG-26355]
LSP_Start.c(29): Registering web_reg_find was successful  	[MsgId: MMSG-26390]
LSP_Start.c(30): web_url("Poll Task") started  	[MsgId: MMSG-26355]
LSP_Start.c(30): Continuing after Error -26377: No match found for the requested parameter "LSP_START_STATUS". Either the specified boundaries were not found in the response or the matched text is longer than current max html parameter size of 50000 bytes. The total length of the response is 0 bytes. You can use "web_set_max_html_param_len" to increase the max parameter size.  	[MsgId: MERR-26377]
End auto log messages stack.	[MsgId: MMSG-10544]


Start auto log messages stack - Iteration 1.	[MsgId: MMSG-10545]
LSP_Start.c(30): Registered web_reg_find successful for "Text=200" (count=1)  	[MsgId: MMSG-26364]
LSP_Start.c(30): Continuing after Error -26374: The above "not found" error(s) may be explained by header and body byte counts being 225 and 0, respectively.  	[MsgId: MERR-26374]
End auto log messages stack.	[MsgId: MMSG-10544]


