 Logged in with user[P710777]
 Logged in with user[P710600]
 Logged in with user[P710601]
Start auto log messages stack - Iteration 1.	[MsgId: MMSG-10545]
LSP_Start.c(45): Notify: Transaction "LSP_Start" ended with a "Fail" status (Duration: 2.1985 Wasted Time: 0.0000).	[MsgId: MMSG-16871]
LSP_Start.c(45): Notify: Transaction "LSP_Start" has 0 error message(s).	[MsgId: MMSG-16818]
Ending action LSP_Start.	[MsgId: MMSG-15918]
Starting action LSP_delete.	[MsgId: MMSG-15919]
LSP_delete.c(3): web_add_header("X-CSRF-Token") started  	[MsgId: MMSG-26355]
LSP_delete.c(3): web_add_header("X-CSRF-Token") was successful  	[MsgId: MMSG-26392]
LSP_delete.c(4): web_reg_find started  	[MsgId: MMSG-26355]
LSP_delete.c(4): Registering web_reg_find was successful  	[MsgId: MMSG-26390]
LSP_delete.c(5): web_reg_find started  	[MsgId: MMSG-26355]
LSP_delete.c(5): Registering web_reg_find was successful  	[MsgId: MMSG-26390]
LSP_delete.c(8): web_custom_request("delete") started  	[MsgId: MMSG-26355]
LSP_delete.c(8): Continuing after Error -26612: HTTP Status-Code=500 (Internal Server Error) for "https://diperf1-wf1f52214.dispatcher.int.sap.hana.ondemand.com/di/lsp/delete?workspaceId=workspacedws3mkiot86x86xw"  	[MsgId: MERR-26612]
LSP_delete.c(8): Continuing after Error -26366: "Text=200" not found for web_reg_find  	[MsgId: MERR-26366]
LSP_delete.c(8): Continuing after Error -26366: "Text=Language server deleted" not found for web_reg_find  	[MsgId: MERR-26366]
End auto log messages stack.	[MsgId: MMSG-10544]


Start auto log messages stack - Iteration 2.	[MsgId: MMSG-10545]
LSP_Start.c(45): Notify: Transaction "LSP_Start" ended with a "Fail" status (Duration: 2.3811 Wasted Time: 0.0000).	[MsgId: MMSG-16871]
LSP_Start.c(45): Notify: Transaction "LSP_Start" has 0 error message(s).	[MsgId: MMSG-16818]
Ending action LSP_Start.	[MsgId: MMSG-15918]
Starting action LSP_delete.	[MsgId: MMSG-15919]
LSP_delete.c(3): web_add_header("X-CSRF-Token") started  	[MsgId: MMSG-26355]
LSP_delete.c(3): web_add_header("X-CSRF-Token") was successful  	[MsgId: MMSG-26392]
LSP_delete.c(4): web_reg_find started  	[MsgId: MMSG-26355]
LSP_delete.c(4): Registering web_reg_find was successful  	[MsgId: MMSG-26390]
LSP_delete.c(5): web_reg_find started  	[MsgId: MMSG-26355]
LSP_delete.c(5): Registering web_reg_find was successful  	[MsgId: MMSG-26390]
LSP_delete.c(8): web_custom_request("delete") started  	[MsgId: MMSG-26355]
LSP_delete.c(8): Continuing after Error -26612: HTTP Status-Code=500 (Internal Server Error) for "https://diperf1-wf1f52214.dispatcher.int.sap.hana.ondemand.com/di/lsp/delete?workspaceId=workspacedws3mkiot86x86xw"  	[MsgId: MERR-26612]
LSP_delete.c(8): Continuing after Error -26366: "Text=200" not found for web_reg_find  	[MsgId: MERR-26366]
LSP_delete.c(8): Continuing after Error -26366: "Text=Language server deleted" not found for web_reg_find  	[MsgId: MERR-26366]
End auto log messages stack.	[MsgId: MMSG-10544]


Start auto log messages stack - Iteration 3.	[MsgId: MMSG-10545]
LSP_Start.c(45): Notify: Transaction "LSP_Start" ended with a "Fail" status (Duration: 2.3675 Wasted Time: 0.0000).	[MsgId: MMSG-16871]
LSP_Start.c(45): Notify: Transaction "LSP_Start" has 0 error message(s).	[MsgId: MMSG-16818]
Ending action LSP_Start.	[MsgId: MMSG-15918]
Starting action LSP_delete.	[MsgId: MMSG-15919]
LSP_delete.c(3): web_add_header("X-CSRF-Token") started  	[MsgId: MMSG-26355]
LSP_delete.c(3): web_add_header("X-CSRF-Token") was successful  	[MsgId: MMSG-26392]
LSP_delete.c(4): web_reg_find started  	[MsgId: MMSG-26355]
LSP_delete.c(4): Registering web_reg_find was successful  	[MsgId: MMSG-26390]
LSP_delete.c(5): web_reg_find started  	[MsgId: MMSG-26355]
LSP_delete.c(5): Registering web_reg_find was successful  	[MsgId: MMSG-26390]
LSP_delete.c(8): web_custom_request("delete") started  	[MsgId: MMSG-26355]
LSP_delete.c(8): Continuing after Error -26612: HTTP Status-Code=500 (Internal Server Error) for "https://diperf1-wf1f52214.dispatcher.int.sap.hana.ondemand.com/di/lsp/delete?workspaceId=workspacedws3mkiot86x86xw"  	[MsgId: MERR-26612]
LSP_delete.c(8): Continuing after Error -26366: "Text=200" not found for web_reg_find  	[MsgId: MERR-26366]
LSP_delete.c(8): Continuing after Error -26366: "Text=Language server deleted" not found for web_reg_find  	[MsgId: MERR-26366]
End auto log messages stack.	[MsgId: MMSG-10544]


Start auto log messages stack - Iteration 4.	[MsgId: MMSG-10545]
LSP_Start.c(45): Notify: Transaction "LSP_Start" ended with a "Fail" status (Duration: 2.3579 Wasted Time: 0.0000).	[MsgId: MMSG-16871]
LSP_Start.c(45): Notify: Transaction "LSP_Start" has 0 error message(s).	[MsgId: MMSG-16818]
Ending action LSP_Start.	[MsgId: MMSG-15918]
Starting action LSP_delete.	[MsgId: MMSG-15919]
LSP_delete.c(3): web_add_header("X-CSRF-Token") started  	[MsgId: MMSG-26355]
LSP_delete.c(3): web_add_header("X-CSRF-Token") was successful  	[MsgId: MMSG-26392]
LSP_delete.c(4): web_reg_find started  	[MsgId: MMSG-26355]
LSP_delete.c(4): Registering web_reg_find was successful  	[MsgId: MMSG-26390]
LSP_delete.c(5): web_reg_find started  	[MsgId: MMSG-26355]
LSP_delete.c(5): Registering web_reg_find was successful  	[MsgId: MMSG-26390]
LSP_delete.c(8): web_custom_request("delete") started  	[MsgId: MMSG-26355]
LSP_delete.c(8): Continuing after Error -26612: HTTP Status-Code=500 (Internal Server Error) for "https://diperf1-wf1f52214.dispatcher.int.sap.hana.ondemand.com/di/lsp/delete?workspaceId=workspacedws3mkiot86x86xw"  	[MsgId: MERR-26612]
LSP_delete.c(8): Continuing after Error -26366: "Text=200" not found for web_reg_find  	[MsgId: MERR-26366]
LSP_delete.c(8): Continuing after Error -26366: "Text=Language server deleted" not found for web_reg_find  	[MsgId: MERR-26366]
End auto log messages stack.	[MsgId: MMSG-10544]


Start auto log messages stack - Iteration 5.	[MsgId: MMSG-10545]
LSP_Start.c(45): Notify: Transaction "LSP_Start" ended with a "Fail" status (Duration: 2.3658 Wasted Time: 0.0000).	[MsgId: MMSG-16871]
LSP_Start.c(45): Notify: Transaction "LSP_Start" has 0 error message(s).	[MsgId: MMSG-16818]
Ending action LSP_Start.	[MsgId: MMSG-15918]
Starting action LSP_delete.	[MsgId: MMSG-15919]
LSP_delete.c(3): web_add_header("X-CSRF-Token") started  	[MsgId: MMSG-26355]
LSP_delete.c(3): web_add_header("X-CSRF-Token") was successful  	[MsgId: MMSG-26392]
LSP_delete.c(4): web_reg_find started  	[MsgId: MMSG-26355]
LSP_delete.c(4): Registering web_reg_find was successful  	[MsgId: MMSG-26390]
LSP_delete.c(5): web_reg_find started  	[MsgId: MMSG-26355]
LSP_delete.c(5): Registering web_reg_find was successful  	[MsgId: MMSG-26390]
LSP_delete.c(8): web_custom_request("delete") started  	[MsgId: MMSG-26355]
LSP_delete.c(8): Continuing after Error -26612: HTTP Status-Code=500 (Internal Server Error) for "https://diperf1-wf1f52214.dispatcher.int.sap.hana.ondemand.com/di/lsp/delete?workspaceId=workspacedws3mkiot86x86xw"  	[MsgId: MERR-26612]
LSP_delete.c(8): Continuing after Error -26366: "Text=200" not found for web_reg_find  	[MsgId: MERR-26366]
LSP_delete.c(8): Continuing after Error -26366: "Text=Language server deleted" not found for web_reg_find  	[MsgId: MERR-26366]
End auto log messages stack.	[MsgId: MMSG-10544]


Start auto log messages stack - Iteration 6.	[MsgId: MMSG-10545]
LSP_Start.c(45): Notify: Transaction "LSP_Start" ended with a "Fail" status (Duration: 2.3771 Wasted Time: 0.0000).	[MsgId: MMSG-16871]
LSP_Start.c(45): Notify: Transaction "LSP_Start" has 0 error message(s).	[MsgId: MMSG-16818]
Ending action LSP_Start.	[MsgId: MMSG-15918]
Starting action LSP_delete.	[MsgId: MMSG-15919]
LSP_delete.c(3): web_add_header("X-CSRF-Token") started  	[MsgId: MMSG-26355]
LSP_delete.c(3): web_add_header("X-CSRF-Token") was successful  	[MsgId: MMSG-26392]
LSP_delete.c(4): web_reg_find started  	[MsgId: MMSG-26355]
LSP_delete.c(4): Registering web_reg_find was successful  	[MsgId: MMSG-26390]
LSP_delete.c(5): web_reg_find started  	[MsgId: MMSG-26355]
LSP_delete.c(5): Registering web_reg_find was successful  	[MsgId: MMSG-26390]
LSP_delete.c(8): web_custom_request("delete") started  	[MsgId: MMSG-26355]
LSP_delete.c(8): Continuing after Error -26612: HTTP Status-Code=500 (Internal Server Error) for "https://diperf1-wf1f52214.dispatcher.int.sap.hana.ondemand.com/di/lsp/delete?workspaceId=workspacedws3mkiot86x86xw"  	[MsgId: MERR-26612]
LSP_delete.c(8): Continuing after Error -26366: "Text=200" not found for web_reg_find  	[MsgId: MERR-26366]
LSP_delete.c(8): Continuing after Error -26366: "Text=Language server deleted" not found for web_reg_find  	[MsgId: MERR-26366]
End auto log messages stack.	[MsgId: MMSG-10544]


Start auto log messages stack - Iteration 7.	[MsgId: MMSG-10545]
LSP_Start.c(45): Notify: Transaction "LSP_Start" ended with a "Fail" status (Duration: 2.3563 Wasted Time: 0.0001).	[MsgId: MMSG-16871]
LSP_Start.c(45): Notify: Transaction "LSP_Start" has 0 error message(s).	[MsgId: MMSG-16818]
Ending action LSP_Start.	[MsgId: MMSG-15918]
Starting action LSP_delete.	[MsgId: MMSG-15919]
LSP_delete.c(3): web_add_header("X-CSRF-Token") started  	[MsgId: MMSG-26355]
LSP_delete.c(3): web_add_header("X-CSRF-Token") was successful  	[MsgId: MMSG-26392]
LSP_delete.c(4): web_reg_find started  	[MsgId: MMSG-26355]
LSP_delete.c(4): Registering web_reg_find was successful  	[MsgId: MMSG-26390]
LSP_delete.c(5): web_reg_find started  	[MsgId: MMSG-26355]
LSP_delete.c(5): Registering web_reg_find was successful  	[MsgId: MMSG-26390]
LSP_delete.c(8): web_custom_request("delete") started  	[MsgId: MMSG-26355]
LSP_delete.c(8): Continuing after Error -26612: HTTP Status-Code=500 (Internal Server Error) for "https://diperf1-wf1f52214.dispatcher.int.sap.hana.ondemand.com/di/lsp/delete?workspaceId=workspacedws3mkiot86x86xw"  	[MsgId: MERR-26612]
LSP_delete.c(8): Continuing after Error -26366: "Text=200" not found for web_reg_find  	[MsgId: MERR-26366]
LSP_delete.c(8): Continuing after Error -26366: "Text=Language server deleted" not found for web_reg_find  	[MsgId: MERR-26366]
End auto log messages stack.	[MsgId: MMSG-10544]


Start auto log messages stack - Iteration 8.	[MsgId: MMSG-10545]
LSP_Start.c(45): Notify: Transaction "LSP_Start" ended with a "Fail" status (Duration: 2.3833 Wasted Time: 0.0000).	[MsgId: MMSG-16871]
LSP_Start.c(45): Notify: Transaction "LSP_Start" has 0 error message(s).	[MsgId: MMSG-16818]
Ending action LSP_Start.	[MsgId: MMSG-15918]
Starting action LSP_delete.	[MsgId: MMSG-15919]
LSP_delete.c(3): web_add_header("X-CSRF-Token") started  	[MsgId: MMSG-26355]
LSP_delete.c(3): web_add_header("X-CSRF-Token") was successful  	[MsgId: MMSG-26392]
LSP_delete.c(4): web_reg_find started  	[MsgId: MMSG-26355]
LSP_delete.c(4): Registering web_reg_find was successful  	[MsgId: MMSG-26390]
LSP_delete.c(5): web_reg_find started  	[MsgId: MMSG-26355]
LSP_delete.c(5): Registering web_reg_find was successful  	[MsgId: MMSG-26390]
LSP_delete.c(8): web_custom_request("delete") started  	[MsgId: MMSG-26355]
LSP_delete.c(8): Continuing after Error -26612: HTTP Status-Code=500 (Internal Server Error) for "https://diperf1-wf1f52214.dispatcher.int.sap.hana.ondemand.com/di/lsp/delete?workspaceId=workspacedws3mkiot86x86xw"  	[MsgId: MERR-26612]
LSP_delete.c(8): Continuing after Error -26366: "Text=200" not found for web_reg_find  	[MsgId: MERR-26366]
LSP_delete.c(8): Continuing after Error -26366: "Text=Language server deleted" not found for web_reg_find  	[MsgId: MERR-26366]
End auto log messages stack.	[MsgId: MMSG-10544]


Start auto log messages stack - Iteration 9.	[MsgId: MMSG-10545]
LSP_Start.c(45): Notify: Transaction "LSP_Start" ended with a "Fail" status (Duration: 2.3770 Wasted Time: 0.0000).	[MsgId: MMSG-16871]
LSP_Start.c(45): Notify: Transaction "LSP_Start" has 0 error message(s).	[MsgId: MMSG-16818]
Ending action LSP_Start.	[MsgId: MMSG-15918]
Starting action LSP_delete.	[MsgId: MMSG-15919]
LSP_delete.c(3): web_add_header("X-CSRF-Token") started  	[MsgId: MMSG-26355]
LSP_delete.c(3): web_add_header("X-CSRF-Token") was successful  	[MsgId: MMSG-26392]
LSP_delete.c(4): web_reg_find started  	[MsgId: MMSG-26355]
LSP_delete.c(4): Registering web_reg_find was successful  	[MsgId: MMSG-26390]
LSP_delete.c(5): web_reg_find started  	[MsgId: MMSG-26355]
LSP_delete.c(5): Registering web_reg_find was successful  	[MsgId: MMSG-26390]
LSP_delete.c(8): web_custom_request("delete") started  	[MsgId: MMSG-26355]
LSP_delete.c(8): Continuing after Error -26612: HTTP Status-Code=500 (Internal Server Error) for "https://diperf1-wf1f52214.dispatcher.int.sap.hana.ondemand.com/di/lsp/delete?workspaceId=workspacedws3mkiot86x86xw"  	[MsgId: MERR-26612]
LSP_delete.c(8): Continuing after Error -26366: "Text=200" not found for web_reg_find  	[MsgId: MERR-26366]
LSP_delete.c(8): Continuing after Error -26366: "Text=Language server deleted" not found for web_reg_find  	[MsgId: MERR-26366]
End auto log messages stack.	[MsgId: MMSG-10544]


Start auto log messages stack - Iteration 10.	[MsgId: MMSG-10545]
LSP_Start.c(45): Notify: Transaction "LSP_Start" ended with a "Fail" status (Duration: 2.4270 Wasted Time: 0.0000).	[MsgId: MMSG-16871]
LSP_Start.c(45): Notify: Transaction "LSP_Start" has 0 error message(s).	[MsgId: MMSG-16818]
Ending action LSP_Start.	[MsgId: MMSG-15918]
Starting action LSP_delete.	[MsgId: MMSG-15919]
LSP_delete.c(3): web_add_header("X-CSRF-Token") started  	[MsgId: MMSG-26355]
LSP_delete.c(3): web_add_header("X-CSRF-Token") was successful  	[MsgId: MMSG-26392]
LSP_delete.c(4): web_reg_find started  	[MsgId: MMSG-26355]
LSP_delete.c(4): Registering web_reg_find was successful  	[MsgId: MMSG-26390]
LSP_delete.c(5): web_reg_find started  	[MsgId: MMSG-26355]
LSP_delete.c(5): Registering web_reg_find was successful  	[MsgId: MMSG-26390]
LSP_delete.c(8): web_custom_request("delete") started  	[MsgId: MMSG-26355]
LSP_delete.c(8): Continuing after Error -26612: HTTP Status-Code=500 (Internal Server Error) for "https://diperf1-wf1f52214.dispatcher.int.sap.hana.ondemand.com/di/lsp/delete?workspaceId=workspacedws3mkiot86x86xw"  	[MsgId: MERR-26612]
LSP_delete.c(8): Continuing after Error -26366: "Text=200" not found for web_reg_find  	[MsgId: MERR-26366]
LSP_delete.c(8): Continuing after Error -26366: "Text=Language server deleted" not found for web_reg_find  	[MsgId: MERR-26366]
End auto log messages stack.	[MsgId: MMSG-10544]


Start auto log messages stack - Iteration 11.	[MsgId: MMSG-10545]
LSP_Start.c(45): Notify: Transaction "LSP_Start" ended with a "Fail" status (Duration: 2.3938 Wasted Time: 0.0001).	[MsgId: MMSG-16871]
LSP_Start.c(45): Notify: Transaction "LSP_Start" has 0 error message(s).	[MsgId: MMSG-16818]
Ending action LSP_Start.	[MsgId: MMSG-15918]
Starting action LSP_delete.	[MsgId: MMSG-15919]
LSP_delete.c(3): web_add_header("X-CSRF-Token") started  	[MsgId: MMSG-26355]
LSP_delete.c(3): web_add_header("X-CSRF-Token") was successful  	[MsgId: MMSG-26392]
LSP_delete.c(4): web_reg_find started  	[MsgId: MMSG-26355]
LSP_delete.c(4): Registering web_reg_find was successful  	[MsgId: MMSG-26390]
LSP_delete.c(5): web_reg_find started  	[MsgId: MMSG-26355]
LSP_delete.c(5): Registering web_reg_find was successful  	[MsgId: MMSG-26390]
LSP_delete.c(8): web_custom_request("delete") started  	[MsgId: MMSG-26355]
LSP_delete.c(8): Continuing after Error -26612: HTTP Status-Code=500 (Internal Server Error) for "https://diperf1-wf1f52214.dispatcher.int.sap.hana.ondemand.com/di/lsp/delete?workspaceId=workspacedws3mkiot86x86xw"  	[MsgId: MERR-26612]
LSP_delete.c(8): Continuing after Error -26366: "Text=200" not found for web_reg_find  	[MsgId: MERR-26366]
LSP_delete.c(8): Continuing after Error -26366: "Text=Language server deleted" not found for web_reg_find  	[MsgId: MERR-26366]
End auto log messages stack.	[MsgId: MMSG-10544]


Start auto log messages stack - Iteration 12.	[MsgId: MMSG-10545]
LSP_Start.c(45): Notify: Transaction "LSP_Start" ended with a "Fail" status (Duration: 2.3585 Wasted Time: 0.0000).	[MsgId: MMSG-16871]
LSP_Start.c(45): Notify: Transaction "LSP_Start" has 0 error message(s).	[MsgId: MMSG-16818]
Ending action LSP_Start.	[MsgId: MMSG-15918]
Starting action LSP_delete.	[MsgId: MMSG-15919]
LSP_delete.c(3): web_add_header("X-CSRF-Token") started  	[MsgId: MMSG-26355]
LSP_delete.c(3): web_add_header("X-CSRF-Token") was successful  	[MsgId: MMSG-26392]
LSP_delete.c(4): web_reg_find started  	[MsgId: MMSG-26355]
LSP_delete.c(4): Registering web_reg_find was successful  	[MsgId: MMSG-26390]
LSP_delete.c(5): web_reg_find started  	[MsgId: MMSG-26355]
LSP_delete.c(5): Registering web_reg_find was successful  	[MsgId: MMSG-26390]
LSP_delete.c(8): web_custom_request("delete") started  	[MsgId: MMSG-26355]
LSP_delete.c(8): Continuing after Error -26612: HTTP Status-Code=500 (Internal Server Error) for "https://diperf1-wf1f52214.dispatcher.int.sap.hana.ondemand.com/di/lsp/delete?workspaceId=workspacedws3mkiot86x86xw"  	[MsgId: MERR-26612]
LSP_delete.c(8): Continuing after Error -26366: "Text=200" not found for web_reg_find  	[MsgId: MERR-26366]
LSP_delete.c(8): Continuing after Error -26366: "Text=Language server deleted" not found for web_reg_find  	[MsgId: MERR-26366]
End auto log messages stack.	[MsgId: MMSG-10544]


Start auto log messages stack - Iteration 13.	[MsgId: MMSG-10545]
LSP_Start.c(45): Notify: Transaction "LSP_Start" ended with a "Fail" status (Duration: 2.3671 Wasted Time: 0.0000).	[MsgId: MMSG-16871]
LSP_Start.c(45): Notify: Transaction "LSP_Start" has 0 error message(s).	[MsgId: MMSG-16818]
Ending action LSP_Start.	[MsgId: MMSG-15918]
Starting action LSP_delete.	[MsgId: MMSG-15919]
LSP_delete.c(3): web_add_header("X-CSRF-Token") started  	[MsgId: MMSG-26355]
LSP_delete.c(3): web_add_header("X-CSRF-Token") was successful  	[MsgId: MMSG-26392]
LSP_delete.c(4): web_reg_find started  	[MsgId: MMSG-26355]
LSP_delete.c(4): Registering web_reg_find was successful  	[MsgId: MMSG-26390]
LSP_delete.c(5): web_reg_find started  	[MsgId: MMSG-26355]
LSP_delete.c(5): Registering web_reg_find was successful  	[MsgId: MMSG-26390]
LSP_delete.c(8): web_custom_request("delete") started  	[MsgId: MMSG-26355]
LSP_delete.c(8): Continuing after Error -26612: HTTP Status-Code=500 (Internal Server Error) for "https://diperf1-wf1f52214.dispatcher.int.sap.hana.ondemand.com/di/lsp/delete?workspaceId=workspacedws3mkiot86x86xw"  	[MsgId: MERR-26612]
LSP_delete.c(8): Continuing after Error -26366: "Text=200" not found for web_reg_find  	[MsgId: MERR-26366]
LSP_delete.c(8): Continuing after Error -26366: "Text=Language server deleted" not found for web_reg_find  	[MsgId: MERR-26366]
End auto log messages stack.	[MsgId: MMSG-10544]


Start auto log messages stack - Iteration 14.	[MsgId: MMSG-10545]
LSP_Start.c(45): Notify: Transaction "LSP_Start" ended with a "Fail" status (Duration: 2.3832 Wasted Time: 0.0000).	[MsgId: MMSG-16871]
LSP_Start.c(45): Notify: Transaction "LSP_Start" has 0 error message(s).	[MsgId: MMSG-16818]
Ending action LSP_Start.	[MsgId: MMSG-15918]
Starting action LSP_delete.	[MsgId: MMSG-15919]
LSP_delete.c(3): web_add_header("X-CSRF-Token") started  	[MsgId: MMSG-26355]
LSP_delete.c(3): web_add_header("X-CSRF-Token") was successful  	[MsgId: MMSG-26392]
LSP_delete.c(4): web_reg_find started  	[MsgId: MMSG-26355]
LSP_delete.c(4): Registering web_reg_find was successful  	[MsgId: MMSG-26390]
LSP_delete.c(5): web_reg_find started  	[MsgId: MMSG-26355]
LSP_delete.c(5): Registering web_reg_find was successful  	[MsgId: MMSG-26390]
LSP_delete.c(8): web_custom_request("delete") started  	[MsgId: MMSG-26355]
LSP_delete.c(8): Continuing after Error -26612: HTTP Status-Code=500 (Internal Server Error) for "https://diperf1-wf1f52214.dispatcher.int.sap.hana.ondemand.com/di/lsp/delete?workspaceId=workspacedws3mkiot86x86xw"  	[MsgId: MERR-26612]
LSP_delete.c(8): Continuing after Error -26366: "Text=200" not found for web_reg_find  	[MsgId: MERR-26366]
LSP_delete.c(8): Continuing after Error -26366: "Text=Language server deleted" not found for web_reg_find  	[MsgId: MERR-26366]
End auto log messages stack.	[MsgId: MMSG-10544]


Start auto log messages stack - Iteration 15.	[MsgId: MMSG-10545]
LSP_Start.c(45): Notify: Transaction "LSP_Start" ended with a "Fail" status (Duration: 2.3652 Wasted Time: 0.0000).	[MsgId: MMSG-16871]
LSP_Start.c(45): Notify: Transaction "LSP_Start" has 0 error message(s).	[MsgId: MMSG-16818]
Ending action LSP_Start.	[MsgId: MMSG-15918]
Starting action LSP_delete.	[MsgId: MMSG-15919]
LSP_delete.c(3): web_add_header("X-CSRF-Token") started  	[MsgId: MMSG-26355]
LSP_delete.c(3): web_add_header("X-CSRF-Token") was successful  	[MsgId: MMSG-26392]
LSP_delete.c(4): web_reg_find started  	[MsgId: MMSG-26355]
LSP_delete.c(4): Registering web_reg_find was successful  	[MsgId: MMSG-26390]
LSP_delete.c(5): web_reg_find started  	[MsgId: MMSG-26355]
LSP_delete.c(5): Registering web_reg_find was successful  	[MsgId: MMSG-26390]
LSP_delete.c(8): web_custom_request("delete") started  	[MsgId: MMSG-26355]
LSP_delete.c(8): Continuing after Error -26612: HTTP Status-Code=500 (Internal Server Error) for "https://diperf1-wf1f52214.dispatcher.int.sap.hana.ondemand.com/di/lsp/delete?workspaceId=workspacedws3mkiot86x86xw"  	[MsgId: MERR-26612]
LSP_delete.c(8): Continuing after Error -26366: "Text=200" not found for web_reg_find  	[MsgId: MERR-26366]
LSP_delete.c(8): Continuing after Error -26366: "Text=Language server deleted" not found for web_reg_find  	[MsgId: MERR-26366]
End auto log messages stack.	[MsgId: MMSG-10544]


Start auto log messages stack - Iteration 16.	[MsgId: MMSG-10545]
LSP_Start.c(45): Notify: Transaction "LSP_Start" ended with a "Fail" status (Duration: 2.3585 Wasted Time: 0.0000).	[MsgId: MMSG-16871]
LSP_Start.c(45): Notify: Transaction "LSP_Start" has 0 error message(s).	[MsgId: MMSG-16818]
Ending action LSP_Start.	[MsgId: MMSG-15918]
Starting action LSP_delete.	[MsgId: MMSG-15919]
LSP_delete.c(3): web_add_header("X-CSRF-Token") started  	[MsgId: MMSG-26355]
LSP_delete.c(3): web_add_header("X-CSRF-Token") was successful  	[MsgId: MMSG-26392]
LSP_delete.c(4): web_reg_find started  	[MsgId: MMSG-26355]
LSP_delete.c(4): Registering web_reg_find was successful  	[MsgId: MMSG-26390]
LSP_delete.c(5): web_reg_find started  	[MsgId: MMSG-26355]
LSP_delete.c(5): Registering web_reg_find was successful  	[MsgId: MMSG-26390]
LSP_delete.c(8): web_custom_request("delete") started  	[MsgId: MMSG-26355]
LSP_delete.c(8): Continuing after Error -26612: HTTP Status-Code=500 (Internal Server Error) for "https://diperf1-wf1f52214.dispatcher.int.sap.hana.ondemand.com/di/lsp/delete?workspaceId=workspacedws3mkiot86x86xw"  	[MsgId: MERR-26612]
LSP_delete.c(8): Continuing after Error -26366: "Text=200" not found for web_reg_find  	[MsgId: MERR-26366]
LSP_delete.c(8): Continuing after Error -26366: "Text=Language server deleted" not found for web_reg_find  	[MsgId: MERR-26366]
End auto log messages stack.	[MsgId: MMSG-10544]


Start auto log messages stack - Iteration 17.	[MsgId: MMSG-10545]
LSP_Start.c(45): Notify: Transaction "LSP_Start" ended with a "Fail" status (Duration: 2.3578 Wasted Time: 0.0000).	[MsgId: MMSG-16871]
LSP_Start.c(45): Notify: Transaction "LSP_Start" has 0 error message(s).	[MsgId: MMSG-16818]
Ending action LSP_Start.	[MsgId: MMSG-15918]
Starting action LSP_delete.	[MsgId: MMSG-15919]
LSP_delete.c(3): web_add_header("X-CSRF-Token") started  	[MsgId: MMSG-26355]
LSP_delete.c(3): web_add_header("X-CSRF-Token") was successful  	[MsgId: MMSG-26392]
LSP_delete.c(4): web_reg_find started  	[MsgId: MMSG-26355]
LSP_delete.c(4): Registering web_reg_find was successful  	[MsgId: MMSG-26390]
LSP_delete.c(5): web_reg_find started  	[MsgId: MMSG-26355]
LSP_delete.c(5): Registering web_reg_find was successful  	[MsgId: MMSG-26390]
LSP_delete.c(8): web_custom_request("delete") started  	[MsgId: MMSG-26355]
LSP_delete.c(8): Continuing after Error -26612: HTTP Status-Code=500 (Internal Server Error) for "https://diperf1-wf1f52214.dispatcher.int.sap.hana.ondemand.com/di/lsp/delete?workspaceId=workspacedws3mkiot86x86xw"  	[MsgId: MERR-26612]
LSP_delete.c(8): Continuing after Error -26366: "Text=200" not found for web_reg_find  	[MsgId: MERR-26366]
LSP_delete.c(8): Continuing after Error -26366: "Text=Language server deleted" not found for web_reg_find  	[MsgId: MERR-26366]
End auto log messages stack.	[MsgId: MMSG-10544]


Start auto log messages stack - Iteration 18.	[MsgId: MMSG-10545]
LSP_Start.c(45): Notify: Transaction "LSP_Start" ended with a "Fail" status (Duration: 2.3720 Wasted Time: 0.0000).	[MsgId: MMSG-16871]
LSP_Start.c(45): Notify: Transaction "LSP_Start" has 0 error message(s).	[MsgId: MMSG-16818]
Ending action LSP_Start.	[MsgId: MMSG-15918]
Starting action LSP_delete.	[MsgId: MMSG-15919]
LSP_delete.c(3): web_add_header("X-CSRF-Token") started  	[MsgId: MMSG-26355]
LSP_delete.c(3): web_add_header("X-CSRF-Token") was successful  	[MsgId: MMSG-26392]
LSP_delete.c(4): web_reg_find started  	[MsgId: MMSG-26355]
LSP_delete.c(4): Registering web_reg_find was successful  	[MsgId: MMSG-26390]
LSP_delete.c(5): web_reg_find started  	[MsgId: MMSG-26355]
LSP_delete.c(5): Registering web_reg_find was successful  	[MsgId: MMSG-26390]
LSP_delete.c(8): web_custom_request("delete") started  	[MsgId: MMSG-26355]
LSP_delete.c(8): Continuing after Error -26612: HTTP Status-Code=500 (Internal Server Error) for "https://diperf1-wf1f52214.dispatcher.int.sap.hana.ondemand.com/di/lsp/delete?workspaceId=workspacedws3mkiot86x86xw"  	[MsgId: MERR-26612]
LSP_delete.c(8): Continuing after Error -26366: "Text=200" not found for web_reg_find  	[MsgId: MERR-26366]
LSP_delete.c(8): Continuing after Error -26366: "Text=Language server deleted" not found for web_reg_find  	[MsgId: MERR-26366]
End auto log messages stack.	[MsgId: MMSG-10544]


Start auto log messages stack - Iteration 19.	[MsgId: MMSG-10545]
LSP_Start.c(45): Notify: Transaction "LSP_Start" ended with a "Fail" status (Duration: 2.3530 Wasted Time: 0.0000).	[MsgId: MMSG-16871]
LSP_Start.c(45): Notify: Transaction "LSP_Start" has 0 error message(s).	[MsgId: MMSG-16818]
Ending action LSP_Start.	[MsgId: MMSG-15918]
Starting action LSP_delete.	[MsgId: MMSG-15919]
LSP_delete.c(3): web_add_header("X-CSRF-Token") started  	[MsgId: MMSG-26355]
LSP_delete.c(3): web_add_header("X-CSRF-Token") was successful  	[MsgId: MMSG-26392]
LSP_delete.c(4): web_reg_find started  	[MsgId: MMSG-26355]
LSP_delete.c(4): Registering web_reg_find was successful  	[MsgId: MMSG-26390]
LSP_delete.c(5): web_reg_find started  	[MsgId: MMSG-26355]
LSP_delete.c(5): Registering web_reg_find was successful  	[MsgId: MMSG-26390]
LSP_delete.c(8): web_custom_request("delete") started  	[MsgId: MMSG-26355]
LSP_delete.c(8): Continuing after Error -26612: HTTP Status-Code=500 (Internal Server Error) for "https://diperf1-wf1f52214.dispatcher.int.sap.hana.ondemand.com/di/lsp/delete?workspaceId=workspacedws3mkiot86x86xw"  	[MsgId: MERR-26612]
LSP_delete.c(8): Continuing after Error -26366: "Text=200" not found for web_reg_find  	[MsgId: MERR-26366]
LSP_delete.c(8): Continuing after Error -26366: "Text=Language server deleted" not found for web_reg_find  	[MsgId: MERR-26366]
End auto log messages stack.	[MsgId: MMSG-10544]


Start auto log messages stack - Iteration 20.	[MsgId: MMSG-10545]
LSP_Start.c(45): Notify: Transaction "LSP_Start" ended with a "Fail" status (Duration: 2.3512 Wasted Time: 0.0000).	[MsgId: MMSG-16871]
LSP_Start.c(45): Notify: Transaction "LSP_Start" has 0 error message(s).	[MsgId: MMSG-16818]
Ending action LSP_Start.	[MsgId: MMSG-15918]
Starting action LSP_delete.	[MsgId: MMSG-15919]
LSP_delete.c(3): web_add_header("X-CSRF-Token") started  	[MsgId: MMSG-26355]
LSP_delete.c(3): web_add_header("X-CSRF-Token") was successful  	[MsgId: MMSG-26392]
LSP_delete.c(4): web_reg_find started  	[MsgId: MMSG-26355]
LSP_delete.c(4): Registering web_reg_find was successful  	[MsgId: MMSG-26390]
LSP_delete.c(5): web_reg_find started  	[MsgId: MMSG-26355]
LSP_delete.c(5): Registering web_reg_find was successful  	[MsgId: MMSG-26390]
LSP_delete.c(8): web_custom_request("delete") started  	[MsgId: MMSG-26355]
LSP_delete.c(8): Continuing after Error -26612: HTTP Status-Code=500 (Internal Server Error) for "https://diperf1-wf1f52214.dispatcher.int.sap.hana.ondemand.com/di/lsp/delete?workspaceId=workspacedws3mkiot86x86xw"  	[MsgId: MERR-26612]
LSP_delete.c(8): Continuing after Error -26366: "Text=200" not found for web_reg_find  	[MsgId: MERR-26366]
LSP_delete.c(8): Continuing after Error -26366: "Text=Language server deleted" not found for web_reg_find  	[MsgId: MERR-26366]
End auto log messages stack.	[MsgId: MMSG-10544]


Start auto log messages stack - Iteration 21.	[MsgId: MMSG-10545]
LSP_Start.c(45): Notify: Transaction "LSP_Start" ended with a "Fail" status (Duration: 2.3551 Wasted Time: 0.0000).	[MsgId: MMSG-16871]
LSP_Start.c(45): Notify: Transaction "LSP_Start" has 0 error message(s).	[MsgId: MMSG-16818]
Ending action LSP_Start.	[MsgId: MMSG-15918]
Starting action LSP_delete.	[MsgId: MMSG-15919]
LSP_delete.c(3): web_add_header("X-CSRF-Token") started  	[MsgId: MMSG-26355]
LSP_delete.c(3): web_add_header("X-CSRF-Token") was successful  	[MsgId: MMSG-26392]
LSP_delete.c(4): web_reg_find started  	[MsgId: MMSG-26355]
LSP_delete.c(4): Registering web_reg_find was successful  	[MsgId: MMSG-26390]
LSP_delete.c(5): web_reg_find started  	[MsgId: MMSG-26355]
LSP_delete.c(5): Registering web_reg_find was successful  	[MsgId: MMSG-26390]
LSP_delete.c(8): web_custom_request("delete") started  	[MsgId: MMSG-26355]
LSP_delete.c(8): Continuing after Error -26612: HTTP Status-Code=500 (Internal Server Error) for "https://diperf1-wf1f52214.dispatcher.int.sap.hana.ondemand.com/di/lsp/delete?workspaceId=workspacedws3mkiot86x86xw"  	[MsgId: MERR-26612]
LSP_delete.c(8): Continuing after Error -26366: "Text=200" not found for web_reg_find  	[MsgId: MERR-26366]
LSP_delete.c(8): Continuing after Error -26366: "Text=Language server deleted" not found for web_reg_find  	[MsgId: MERR-26366]
End auto log messages stack.	[MsgId: MMSG-10544]


