 Logged in with user[P710777]
Start auto log messages stack - Iteration 1.	[MsgId: MMSG-10545]
LSP_Start.c(45): Notify: Transaction "LSP_Start" has 0 error message(s).	[MsgId: MMSG-16818]
Ending action LSP_Start.	[MsgId: MMSG-15918]
Starting action LSP_delete.	[MsgId: MMSG-15919]
LSP_delete.c(4): Notify: Transaction "Delete_App" started.	[MsgId: MMSG-16999]
LSP_delete.c(6): web_add_header("X-CSRF-Token") started  	[MsgId: MMSG-26355]
LSP_delete.c(6): web_add_header("X-CSRF-Token") was successful  	[MsgId: MMSG-26392]
LSP_delete.c(7): web_reg_find started  	[MsgId: MMSG-26355]
LSP_delete.c(7): Registering web_reg_find was successful  	[MsgId: MMSG-26390]
LSP_delete.c(8): web_reg_find started  	[MsgId: MMSG-26355]
LSP_delete.c(8): Registering web_reg_find was successful  	[MsgId: MMSG-26390]
LSP_delete.c(11): web_custom_request("delete") started  	[MsgId: MMSG-26355]
LSP_delete.c(11): Continuing after Error -26612: HTTP Status-Code=500 (Internal Server Error) for "https://diperf1-wf1f52214.dispatcher.int.sap.hana.ondemand.com/di/lsp/delete?workspaceId=workspacen7ahdx1lm7we8g3a"  	[MsgId: MERR-26612]
LSP_delete.c(11): Continuing after Error -26366: "Text=200" not found for web_reg_find  	[MsgId: MERR-26366]
LSP_delete.c(11): Continuing after Error -26366: "Text=Language server deleted" not found for web_reg_find  	[MsgId: MERR-26366]
End auto log messages stack.	[MsgId: MMSG-10544]


Start auto log messages stack - Iteration 2.	[MsgId: MMSG-10545]
LSP_Start.c(45): Notify: Transaction "LSP_Start" has 0 error message(s).	[MsgId: MMSG-16818]
Ending action LSP_Start.	[MsgId: MMSG-15918]
Starting action LSP_delete.	[MsgId: MMSG-15919]
LSP_delete.c(4): Notify: Transaction "Delete_App" started.	[MsgId: MMSG-16999]
LSP_delete.c(6): web_add_header("X-CSRF-Token") started  	[MsgId: MMSG-26355]
LSP_delete.c(6): web_add_header("X-CSRF-Token") was successful  	[MsgId: MMSG-26392]
LSP_delete.c(7): web_reg_find started  	[MsgId: MMSG-26355]
LSP_delete.c(7): Registering web_reg_find was successful  	[MsgId: MMSG-26390]
LSP_delete.c(8): web_reg_find started  	[MsgId: MMSG-26355]
LSP_delete.c(8): Registering web_reg_find was successful  	[MsgId: MMSG-26390]
LSP_delete.c(11): web_custom_request("delete") started  	[MsgId: MMSG-26355]
LSP_delete.c(11): Continuing after Error -26612: HTTP Status-Code=500 (Internal Server Error) for "https://diperf1-wf1f52214.dispatcher.int.sap.hana.ondemand.com/di/lsp/delete?workspaceId=workspacen7ahdx1lm7we8g3a"  	[MsgId: MERR-26612]
LSP_delete.c(11): Continuing after Error -26366: "Text=200" not found for web_reg_find  	[MsgId: MERR-26366]
LSP_delete.c(11): Continuing after Error -26366: "Text=Language server deleted" not found for web_reg_find  	[MsgId: MERR-26366]
End auto log messages stack.	[MsgId: MMSG-10544]


Start auto log messages stack - Iteration 3.	[MsgId: MMSG-10545]
LSP_Start.c(45): Notify: Transaction "LSP_Start" has 0 error message(s).	[MsgId: MMSG-16818]
Ending action LSP_Start.	[MsgId: MMSG-15918]
Starting action LSP_delete.	[MsgId: MMSG-15919]
LSP_delete.c(4): Notify: Transaction "Delete_App" started.	[MsgId: MMSG-16999]
LSP_delete.c(6): web_add_header("X-CSRF-Token") started  	[MsgId: MMSG-26355]
LSP_delete.c(6): web_add_header("X-CSRF-Token") was successful  	[MsgId: MMSG-26392]
LSP_delete.c(7): web_reg_find started  	[MsgId: MMSG-26355]
LSP_delete.c(7): Registering web_reg_find was successful  	[MsgId: MMSG-26390]
LSP_delete.c(8): web_reg_find started  	[MsgId: MMSG-26355]
LSP_delete.c(8): Registering web_reg_find was successful  	[MsgId: MMSG-26390]
LSP_delete.c(11): web_custom_request("delete") started  	[MsgId: MMSG-26355]
LSP_delete.c(11): Continuing after Error -26612: HTTP Status-Code=500 (Internal Server Error) for "https://diperf1-wf1f52214.dispatcher.int.sap.hana.ondemand.com/di/lsp/delete?workspaceId=workspacen7ahdx1lm7we8g3a"  	[MsgId: MERR-26612]
LSP_delete.c(11): Continuing after Error -26366: "Text=200" not found for web_reg_find  	[MsgId: MERR-26366]
LSP_delete.c(11): Continuing after Error -26366: "Text=Language server deleted" not found for web_reg_find  	[MsgId: MERR-26366]
End auto log messages stack.	[MsgId: MMSG-10544]


Start auto log messages stack - Iteration 4.	[MsgId: MMSG-10545]
LSP_Start.c(45): Notify: Transaction "LSP_Start" has 0 error message(s).	[MsgId: MMSG-16818]
Ending action LSP_Start.	[MsgId: MMSG-15918]
Starting action LSP_delete.	[MsgId: MMSG-15919]
LSP_delete.c(4): Notify: Transaction "Delete_App" started.	[MsgId: MMSG-16999]
LSP_delete.c(6): web_add_header("X-CSRF-Token") started  	[MsgId: MMSG-26355]
LSP_delete.c(6): web_add_header("X-CSRF-Token") was successful  	[MsgId: MMSG-26392]
LSP_delete.c(7): web_reg_find started  	[MsgId: MMSG-26355]
LSP_delete.c(7): Registering web_reg_find was successful  	[MsgId: MMSG-26390]
LSP_delete.c(8): web_reg_find started  	[MsgId: MMSG-26355]
LSP_delete.c(8): Registering web_reg_find was successful  	[MsgId: MMSG-26390]
LSP_delete.c(11): web_custom_request("delete") started  	[MsgId: MMSG-26355]
LSP_delete.c(11): Continuing after Error -26612: HTTP Status-Code=500 (Internal Server Error) for "https://diperf1-wf1f52214.dispatcher.int.sap.hana.ondemand.com/di/lsp/delete?workspaceId=workspacen7ahdx1lm7we8g3a"  	[MsgId: MERR-26612]
LSP_delete.c(11): Continuing after Error -26366: "Text=200" not found for web_reg_find  	[MsgId: MERR-26366]
LSP_delete.c(11): Continuing after Error -26366: "Text=Language server deleted" not found for web_reg_find  	[MsgId: MERR-26366]
End auto log messages stack.	[MsgId: MMSG-10544]


Start auto log messages stack - Iteration 5.	[MsgId: MMSG-10545]
LSP_Start.c(45): Notify: Transaction "LSP_Start" has 0 error message(s).	[MsgId: MMSG-16818]
Ending action LSP_Start.	[MsgId: MMSG-15918]
Starting action LSP_delete.	[MsgId: MMSG-15919]
LSP_delete.c(4): Notify: Transaction "Delete_App" started.	[MsgId: MMSG-16999]
LSP_delete.c(6): web_add_header("X-CSRF-Token") started  	[MsgId: MMSG-26355]
LSP_delete.c(6): web_add_header("X-CSRF-Token") was successful  	[MsgId: MMSG-26392]
LSP_delete.c(7): web_reg_find started  	[MsgId: MMSG-26355]
LSP_delete.c(7): Registering web_reg_find was successful  	[MsgId: MMSG-26390]
LSP_delete.c(8): web_reg_find started  	[MsgId: MMSG-26355]
LSP_delete.c(8): Registering web_reg_find was successful  	[MsgId: MMSG-26390]
LSP_delete.c(11): web_custom_request("delete") started  	[MsgId: MMSG-26355]
LSP_delete.c(11): Continuing after Error -26612: HTTP Status-Code=500 (Internal Server Error) for "https://diperf1-wf1f52214.dispatcher.int.sap.hana.ondemand.com/di/lsp/delete?workspaceId=workspacen7ahdx1lm7we8g3a"  	[MsgId: MERR-26612]
LSP_delete.c(11): Continuing after Error -26366: "Text=200" not found for web_reg_find  	[MsgId: MERR-26366]
LSP_delete.c(11): Continuing after Error -26366: "Text=Language server deleted" not found for web_reg_find  	[MsgId: MERR-26366]
End auto log messages stack.	[MsgId: MMSG-10544]


