Ending action Save_JS_File.	[MsgId: MMSG-15918]
Ending iteration 73.	[MsgId: MMSG-15965]
Starting iteration 74.	[MsgId: MMSG-15968]
Starting action Open_JS_File.	[MsgId: MMSG-15919]
Open_JS_File.c(3): Notify: Transaction "Open JS file" started.	[MsgId: MMSG-16999]
Open_JS_File.c(4): web_url("open file") started  	[MsgId: MMSG-26355]
RunApplicationPreview_WithMock.c(6): web_url("mock_preview_sapui5.html") was successful, 853 body bytes, 280 header bytes, 24 chunking overhead bytes  	[MsgId: MMSG-26385]
RunApplicationPreview_WithMock.c(16): web_url("Component.js") started  	[MsgId: MMSG-26355]
Search_File_Content_7_Files.c(36): web_url("mock_preview_sapui5.html") was successful, 853 body bytes, 241 header bytes, 24 chunking overhead bytes  	[MsgId: MMSG-26385]
Search_File_Content_7_Files.c(44): web_url("localIndex.html") started  	[MsgId: MMSG-26355]
RunApplicationPreview_WithMock.c(16): web_url("Component.js") was successful, 1547 body bytes, 254 header bytes, 36 chunking overhead bytes  	[MsgId: MMSG-26385]
RunApplicationPreview_WithMock.c(24): web_url("App.view.xml") started  	[MsgId: MMSG-26355]
RunApplicationPreview_WithMock.c(24): web_url("App.view.xml") was successful, 398 body bytes, 193 header bytes  	[MsgId: MMSG-26386]
RunApplicationPreview_WithMock.c(32): web_url("App.controller.js") started  	[MsgId: MMSG-26355]
RunApplicationPreview_WithMock.c(16): web_url("Component.js") was successful, 1547 body bytes, 254 header bytes, 36 chunking overhead bytes  	[MsgId: MMSG-26385]
RunApplicationPreview_WithMock.c(24): web_url("App.view.xml") started  	[MsgId: MMSG-26355]
Search_File_Content_7_Files.c(44): web_url("localIndex.html") was successful, 1218 body bytes, 242 header bytes, 30 chunking overhead bytes  	[MsgId: MMSG-26385]
Search_File_Content_7_Files.c(52): web_url("Index.html") started  	[MsgId: MMSG-26355]
Open_JS_File.c(4): web_url("open file") was successful, 16 body bytes, 238 header bytes  	[MsgId: MMSG-26386]
Open_JS_File.c(11): web_custom_request("File") started  	[MsgId: MMSG-26355]
RunApplicationPreview_WithMock.c(24): web_url("App.view.xml") was successful, 398 body bytes, 193 header bytes  	[MsgId: MMSG-26386]
RunApplicationPreview_WithMock.c(32): web_url("App.controller.js") started  	[MsgId: MMSG-26355]
RunApplicationPreview_WithMock.c(32): web_url("App.controller.js") was successful, 46 body bytes, 198 header bytes  	[MsgId: MMSG-26386]
RunApplicationPreview_WithMock.c(40): web_url("Master.view.xml") started  	[MsgId: MMSG-26355]
Search_File_Content_7_Files.c(52): web_url("Index.html") was successful, 642 body bytes, 240 header bytes, 23 chunking overhead bytes  	[MsgId: MMSG-26385]
Search_File_Content_7_Files.c(60): web_url("Component.js") started  	[MsgId: MMSG-26355]
Open_JS_File.c(11): web_custom_request("File") was successful, 16 body bytes, 199 header bytes  	[MsgId: MMSG-26386]
Open_JS_File.c(20): web_custom_request("File") started  	[MsgId: MMSG-26355]
RunApplicationPreview_WithMock.c(32): web_url("App.controller.js") was successful, 46 body bytes, 198 header bytes  	[MsgId: MMSG-26386]
RunApplicationPreview_WithMock.c(40): web_url("Master.view.xml") started  	[MsgId: MMSG-26355]
Open_JS_File.c(20): web_custom_request("File") was successful, 16 body bytes, 199 header bytes  	[MsgId: MMSG-26386]
Open_JS_File.c(29): Notify: Transaction "Open JS file" ended with "Pass" status (Duration: 0.7053 Wasted Time: 0.0000).	[MsgId: MMSG-16871]
Ending action Open_JS_File.	[MsgId: MMSG-15918]
Ending iteration 74.	[MsgId: MMSG-15965]
Starting iteration 75.	[MsgId: MMSG-15968]
Starting action Search_File_Content_7_Files.	[MsgId: MMSG-15919]
Search_File_Content_7_Files.c(3): Notify: Transaction "Search file content - 7 files" started.	[MsgId: MMSG-16999]
Search_File_Content_7_Files.c(4): web_url("filesearch") started  	[MsgId: MMSG-26355]
RunApplicationPreview_WithMock.c(40): web_url("Master.view.xml") was successful, 563 body bytes, 247 header bytes, 23 chunking overhead bytes  	[MsgId: MMSG-26385]
RunApplicationPreview_WithMock.c(48): web_url("Master.controller.js") started  	[MsgId: MMSG-26355]
Search_File_Content_7_Files.c(60): web_url("Component.js") was successful, 1547 body bytes, 254 header bytes, 36 chunking overhead bytes  	[MsgId: MMSG-26385]
Search_File_Content_7_Files.c(68): Notify: Transaction "Search file content - 7 files" ended with "Pass" status (Duration: 1.9372 Wasted Time: 0.0000).	[MsgId: MMSG-16871]
Ending action Search_File_Content_7_Files.	[MsgId: MMSG-15918]
Ending iteration 70.	[MsgId: MMSG-15965]
Starting iteration 71.	[MsgId: MMSG-15968]
Starting action Save_JS_File.	[MsgId: MMSG-15919]
Save_JS_File.c(4): Notify: Transaction "Save File" started.	[MsgId: MMSG-16999]
Save_JS_File.c(6): web_add_header("X-CSRF-Token") started  	[MsgId: MMSG-26355]
Save_JS_File.c(6): web_add_header("X-CSRF-Token") was successful  	[MsgId: MMSG-26392]
Save_JS_File.c(7): web_custom_request("Save File") started  	[MsgId: MMSG-26355]
RunApplicationPreview_WithMock.c(40): web_url("Master.view.xml") was successful, 563 body bytes, 247 header bytes, 23 chunking overhead bytes  	[MsgId: MMSG-26385]
RunApplicationPreview_WithMock.c(48): web_url("Master.controller.js") started  	[MsgId: MMSG-26355]
RunApplicationPreview_WithMock.c(48): web_url("Master.controller.js") was successful, 861 body bytes, 199 header bytes  	[MsgId: MMSG-26386]
RunApplicationPreview_WithMock.c(48): web_url("Master.controller.js") was successful, 861 body bytes, 199 header bytes  	[MsgId: MMSG-26386]
RunApplicationPreview_WithMock.c(57): Notify: Transaction "RunPreviewAppWithMock" ended with "Pass" status (Duration: 1.8424 Wasted Time: 0.0000).	[MsgId: MMSG-16871]
Ending action RunApplicationPreview_WithMock.	[MsgId: MMSG-15918]
RunApplicationPreview_WithMock.c(57): Notify: Transaction "RunPreviewAppWithMock" ended with "Pass" status (Duration: 1.5561 Wasted Time: 0.0000).	[MsgId: MMSG-16871]
Ending iteration 75.	[MsgId: MMSG-15965]
Starting iteration 76.	[MsgId: MMSG-15968]
Ending action RunApplicationPreview_WithMock.	[MsgId: MMSG-15918]
Ending iteration 69.	[MsgId: MMSG-15965]
Starting action Save_JS_File.	[MsgId: MMSG-15919]
Save_JS_File.c(4): Notify: Transaction "Save File" started.	[MsgId: MMSG-16999]
Save_JS_File.c(6): web_add_header("X-CSRF-Token") started  	[MsgId: MMSG-26355]
Save_JS_File.c(6): web_add_header("X-CSRF-Token") was successful  	[MsgId: MMSG-26392]
Save_JS_File.c(7): web_custom_request("Save File") started  	[MsgId: MMSG-26355]
Starting iteration 70.	[MsgId: MMSG-15968]
Starting action Open_JS_File.	[MsgId: MMSG-15919]
Open_JS_File.c(3): Notify: Transaction "Open JS file" started.	[MsgId: MMSG-16999]
Open_JS_File.c(4): web_url("open file") started  	[MsgId: MMSG-26355]
Search_File_Content_7_Files.c(4): web_url("filesearch") was successful, 2145 body bytes, 130 header bytes  	[MsgId: MMSG-26386]
Search_File_Content_7_Files.c(12): web_url("messageBundle_de.properties") started  	[MsgId: MMSG-26355]
Save_JS_File.c(7): web_custom_request("Save File") was successful, 0 body bytes, 200 header bytes  	[MsgId: MMSG-26386]
Save_JS_File.c(16): web_custom_request("gitapi/status") started  	[MsgId: MMSG-26355]
Search_File_Content_7_Files.c(12): web_url("messageBundle_de.properties") was successful, 638 body bytes, 162 header bytes  	[MsgId: MMSG-26386]
Search_File_Content_7_Files.c(20): web_url("messageBundle_en.properties") started  	[MsgId: MMSG-26355]
Open_JS_File.c(4): web_url("open file") was successful, 18 body bytes, 238 header bytes  	[MsgId: MMSG-26386]
Open_JS_File.c(11): web_custom_request("File") started  	[MsgId: MMSG-26355]
Search_File_Content_7_Files.c(20): web_url("messageBundle_en.properties") was successful, 638 body bytes, 162 header bytes  	[MsgId: MMSG-26386]
Search_File_Content_7_Files.c(28): web_url("messageBundle.properties") started  	[MsgId: MMSG-26355]
Save_JS_File.c(7): web_custom_request("Save File") was successful, 0 body bytes, 200 header bytes  	[MsgId: MMSG-26386]
Save_JS_File.c(16): web_custom_request("gitapi/status") started  	[MsgId: MMSG-26355]
Open_JS_File.c(11): web_custom_request("File") was successful, 18 body bytes, 199 header bytes  	[MsgId: MMSG-26386]
Open_JS_File.c(20): web_custom_request("File") started  	[MsgId: MMSG-26355]
Search_File_Content_7_Files.c(28): web_url("messageBundle.properties") was successful, 638 body bytes, 162 header bytes  	[MsgId: MMSG-26386]
Search_File_Content_7_Files.c(36): web_url("mock_preview_sapui5.html") started  	[MsgId: MMSG-26355]
Open_JS_File.c(20): web_custom_request("File") was successful, 18 body bytes, 199 header bytes  	[MsgId: MMSG-26386]
Open_JS_File.c(29): Notify: Transaction "Open JS file" ended with "Pass" status (Duration: 0.9605 Wasted Time: 0.0000).	[MsgId: MMSG-16871]
Ending action Open_JS_File.	[MsgId: MMSG-15918]
Ending iteration 70.	[MsgId: MMSG-15965]
Starting iteration 71.	[MsgId: MMSG-15968]
Starting action RunApplicationPreview_WithMock.	[MsgId: MMSG-15919]
RunApplicationPreview_WithMock.c(3): Notify: Transaction "RunPreviewAppWithMock" started.	[MsgId: MMSG-16999]
RunApplicationPreview_WithMock.c(6): web_url("mock_preview_sapui5.html") started  	[MsgId: MMSG-26355]
Search_File_Content_7_Files.c(36): web_url("mock_preview_sapui5.html") was successful, 853 body bytes, 241 header bytes, 24 chunking overhead bytes  	[MsgId: MMSG-26385]
Search_File_Content_7_Files.c(44): web_url("localIndex.html") started  	[MsgId: MMSG-26355]
Search_File_Content_7_Files.c(44): web_url("localIndex.html") was successful, 1218 body bytes, 242 header bytes, 30 chunking overhead bytes  	[MsgId: MMSG-26385]
Search_File_Content_7_Files.c(52): web_url("Index.html") started  	[MsgId: MMSG-26355]
Search_File_Content_7_Files.c(52): web_url("Index.html") was successful, 642 body bytes, 240 header bytes, 23 chunking overhead bytes  	[MsgId: MMSG-26385]
Search_File_Content_7_Files.c(60): web_url("Component.js") started  	[MsgId: MMSG-26355]
RunApplicationPreview_WithMock.c(6): web_url("mock_preview_sapui5.html") was successful, 853 body bytes, 280 header bytes, 24 chunking overhead bytes  	[MsgId: MMSG-26385]
RunApplicationPreview_WithMock.c(16): web_url("Component.js") started  	[MsgId: MMSG-26355]
Save_JS_File.c(16): web_custom_request("gitapi/status") was successful, 303 body bytes, 215 header bytes, 17 chunking overhead bytes  	[MsgId: MMSG-26385]
Save_JS_File.c(25): web_url("Save File Read data") started  	[MsgId: MMSG-26355]
Save_JS_File.c(16): web_custom_request("gitapi/status") was successful, 303 body bytes, 215 header bytes, 17 chunking overhead bytes  	[MsgId: MMSG-26385]
Save_JS_File.c(25): web_url("Save File Read data") started  	[MsgId: MMSG-26355]
Search_File_Content_7_Files.c(60): web_url("Component.js") was successful, 1547 body bytes, 254 header bytes, 36 chunking overhead bytes  	[MsgId: MMSG-26385]
Search_File_Content_7_Files.c(68): Notify: Transaction "Search file content - 7 files" ended with "Pass" status (Duration: 1.8665 Wasted Time: 0.0000).	[MsgId: MMSG-16871]
Ending action Search_File_Content_7_Files.	[MsgId: MMSG-15918]
Ending iteration 75.	[MsgId: MMSG-15965]
Starting iteration 76.	[MsgId: MMSG-15968]
Starting action Open_JS_File.	[MsgId: MMSG-15919]
Open_JS_File.c(3): Notify: Transaction "Open JS file" started.	[MsgId: MMSG-16999]
Open_JS_File.c(4): web_url("open file") started  	[MsgId: MMSG-26355]
RunApplicationPreview_WithMock.c(16): web_url("Component.js") was successful, 1547 body bytes, 254 header bytes, 36 chunking overhead bytes  	[MsgId: MMSG-26385]
RunApplicationPreview_WithMock.c(24): web_url("App.view.xml") started  	[MsgId: MMSG-26355]
Save_JS_File.c(25): web_url("Save File Read data") was successful, 18 body bytes, 200 header bytes  	[MsgId: MMSG-26386]
Save_JS_File.c(33): Notify: Transaction "Save File" ended with "Pass" status (Duration: 1.9727 Wasted Time: 0.0000).	[MsgId: MMSG-16871]
Ending action Save_JS_File.	[MsgId: MMSG-15918]
Ending iteration 71.	[MsgId: MMSG-15965]
Starting iteration 72.	[MsgId: MMSG-15968]
Starting action Save_JS_File.	[MsgId: MMSG-15919]
Save_JS_File.c(4): Notify: Transaction "Save File" started.	[MsgId: MMSG-16999]
Save_JS_File.c(6): web_add_header("X-CSRF-Token") started  	[MsgId: MMSG-26355]
Save_JS_File.c(25): web_url("Save File Read data") was successful, 18 body bytes, 198 header bytes  	[MsgId: MMSG-26386]
Save_JS_File.c(33): Notify: Transaction "Save File" ended with "Pass" status (Duration: 1.8103 Wasted Time: 0.0000).	[MsgId: MMSG-16871]
Ending action Save_JS_File.	[MsgId: MMSG-15918]
Ending iteration 76.	[MsgId: MMSG-15965]
Starting iteration 77.	[MsgId: MMSG-15968]
Save_JS_File.c(6): web_add_header("X-CSRF-Token") was successful  	[MsgId: MMSG-26392]
Starting action Save_JS_File.	[MsgId: MMSG-15919]
Save_JS_File.c(7): web_custom_request("Save File") started  	[MsgId: MMSG-26355]
Save_JS_File.c(4): Notify: Transaction "Save File" started.	[MsgId: MMSG-16999]
Save_JS_File.c(6): web_add_header("X-CSRF-Token") started  	[MsgId: MMSG-26355]
Save_JS_File.c(6): web_add_header("X-CSRF-Token") was successful  	[MsgId: MMSG-26392]
Save_JS_File.c(7): web_custom_request("Save File") started  	[MsgId: MMSG-26355]
RunApplicationPreview_WithMock.c(24): web_url("App.view.xml") was successful, 398 body bytes, 193 header bytes  	[MsgId: MMSG-26386]
RunApplicationPreview_WithMock.c(32): web_url("App.controller.js") started  	[MsgId: MMSG-26355]
RunApplicationPreview_WithMock.c(32): web_url("App.controller.js") was successful, 46 body bytes, 198 header bytes  	[MsgId: MMSG-26386]
RunApplicationPreview_WithMock.c(40): web_url("Master.view.xml") started  	[MsgId: MMSG-26355]
Open_JS_File.c(4): web_url("open file") was successful, 16 body bytes, 238 header bytes  	[MsgId: MMSG-26386]
Open_JS_File.c(11): web_custom_request("File") started  	[MsgId: MMSG-26355]
Open_JS_File.c(11): web_custom_request("File") was successful, 16 body bytes, 199 header bytes  	[MsgId: MMSG-26386]
Open_JS_File.c(20): web_custom_request("File") started  	[MsgId: MMSG-26355]
RunApplicationPreview_WithMock.c(40): web_url("Master.view.xml") was successful, 563 body bytes, 247 header bytes, 23 chunking overhead bytes  	[MsgId: MMSG-26385]
RunApplicationPreview_WithMock.c(48): web_url("Master.controller.js") started  	[MsgId: MMSG-26355]
Save_JS_File.c(7): web_custom_request("Save File") was successful, 0 body bytes, 200 header bytes  	[MsgId: MMSG-26386]
Save_JS_File.c(16): web_custom_request("gitapi/status") started  	[MsgId: MMSG-26355]
Save_JS_File.c(7): web_custom_request("Save File") was successful, 0 body bytes, 198 header bytes  	[MsgId: MMSG-26386]
Save_JS_File.c(16): web_custom_request("gitapi/status") started  	[MsgId: MMSG-26355]
Open_JS_File.c(20): web_custom_request("File") was successful, 16 body bytes, 199 header bytes  	[MsgId: MMSG-26386]
Open_JS_File.c(29): Notify: Transaction "Open JS file" ended with "Pass" status (Duration: 0.7718 Wasted Time: 0.0000).	[MsgId: MMSG-16871]
Ending action Open_JS_File.	[MsgId: MMSG-15918]
Ending iteration 76.	[MsgId: MMSG-15965]
Starting iteration 77.	[MsgId: MMSG-15968]
Starting action Open_JS_File.	[MsgId: MMSG-15919]
Open_JS_File.c(3): Notify: Transaction "Open JS file" started.	[MsgId: MMSG-16999]
Open_JS_File.c(4): web_url("open file") started  	[MsgId: MMSG-26355]
RunApplicationPreview_WithMock.c(48): web_url("Master.controller.js") was successful, 861 body bytes, 199 header bytes  	[MsgId: MMSG-26386]
RunApplicationPreview_WithMock.c(57): Notify: Transaction "RunPreviewAppWithMock" ended with "Pass" status (Duration: 1.4295 Wasted Time: 0.0000).	[MsgId: MMSG-16871]
Ending action RunApplicationPreview_WithMock.	[MsgId: MMSG-15918]
Ending iteration 71.	[MsgId: MMSG-15965]
Starting iteration 72.	[MsgId: MMSG-15968]
Starting action Save_JS_File.	[MsgId: MMSG-15919]
Save_JS_File.c(4): Notify: Transaction "Save File" started.	[MsgId: MMSG-16999]
Save_JS_File.c(6): web_add_header("X-CSRF-Token") started  	[MsgId: MMSG-26355]
Save_JS_File.c(6): web_add_header("X-CSRF-Token") was successful  	[MsgId: MMSG-26392]
Save_JS_File.c(7): web_custom_request("Save File") started  	[MsgId: MMSG-26355]
Open_JS_File.c(4): web_url("open file") was successful, 16 body bytes, 238 header bytes  	[MsgId: MMSG-26386]
Open_JS_File.c(11): web_custom_request("File") started  	[MsgId: MMSG-26355]
Open_JS_File.c(11): web_custom_request("File") was successful, 16 body bytes, 199 header bytes  	[MsgId: MMSG-26386]
Open_JS_File.c(20): web_custom_request("File") started  	[MsgId: MMSG-26355]
Open_JS_File.c(20): web_custom_request("File") was successful, 16 body bytes, 199 header bytes  	[MsgId: MMSG-26386]
Open_JS_File.c(29): Notify: Transaction "Open JS file" ended with "Pass" status (Duration: 0.7261 Wasted Time: 0.0000).	[MsgId: MMSG-16871]
Ending action Open_JS_File.	[MsgId: MMSG-15918]
Ending iteration 77.	[MsgId: MMSG-15965]
Starting iteration 78.	[MsgId: MMSG-15968]
Starting action Save_JS_File.	[MsgId: MMSG-15919]
Save_JS_File.c(4): Notify: Transaction "Save File" started.	[MsgId: MMSG-16999]
Save_JS_File.c(6): web_add_header("X-CSRF-Token") started  	[MsgId: MMSG-26355]
Save_JS_File.c(16): web_custom_request("gitapi/status") was successful, 303 body bytes, 215 header bytes, 17 chunking overhead bytes  	[MsgId: MMSG-26385]
Save_JS_File.c(25): web_url("Save File Read data") started  	[MsgId: MMSG-26355]
Save_JS_File.c(6): web_add_header("X-CSRF-Token") was successful  	[MsgId: MMSG-26392]
Save_JS_File.c(7): web_custom_request("Save File") started  	[MsgId: MMSG-26355]
Save_JS_File.c(16): web_custom_request("gitapi/status") was successful, 303 body bytes, 215 header bytes, 17 chunking overhead bytes  	[MsgId: MMSG-26385]
Save_JS_File.c(25): web_url("Save File Read data") started  	[MsgId: MMSG-26355]
Save_JS_File.c(25): web_url("Save File Read data") was successful, 18 body bytes, 200 header bytes  	[MsgId: MMSG-26386]
Save_JS_File.c(33): Notify: Transaction "Save File" ended with "Pass" status (Duration: 1.4991 Wasted Time: 0.0000).	[MsgId: MMSG-16871]
Ending action Save_JS_File.	[MsgId: MMSG-15918]
Ending iteration 72.	[MsgId: MMSG-15965]
Starting iteration 73.	[MsgId: MMSG-15968]
Starting action Save_JS_File.	[MsgId: MMSG-15919]
Save_JS_File.c(4): Notify: Transaction "Save File" started.	[MsgId: MMSG-16999]
Save_JS_File.c(6): web_add_header("X-CSRF-Token") started  	[MsgId: MMSG-26355]
Save_JS_File.c(25): web_url("Save File Read data") was successful, 17 body bytes, 200 header bytes  	[MsgId: MMSG-26386]
Save_JS_File.c(6): web_add_header("X-CSRF-Token") was successful  	[MsgId: MMSG-26392]
Save_JS_File.c(33): Notify: Transaction "Save File" ended with "Pass" status (Duration: 1.5053 Wasted Time: 0.0000).	[MsgId: MMSG-16871]
Ending action Save_JS_File.	[MsgId: MMSG-15918]
Ending iteration 77.	[MsgId: MMSG-15965]
Starting iteration 78.	[MsgId: MMSG-15968]
Save_JS_File.c(7): web_custom_request("Save File") started  	[MsgId: MMSG-26355]
Starting action Open_JS_File.	[MsgId: MMSG-15919]
Open_JS_File.c(3): Notify: Transaction "Open JS file" started.	[MsgId: MMSG-16999]
Open_JS_File.c(4): web_url("open file") started  	[MsgId: MMSG-26355]
Save_JS_File.c(7): web_custom_request("Save File") was successful, 0 body bytes, 200 header bytes  	[MsgId: MMSG-26386]
Save_JS_File.c(16): web_custom_request("gitapi/status") started  	[MsgId: MMSG-26355]
Save_JS_File.c(7): web_custom_request("Save File") was successful, 0 body bytes, 199 header bytes  	[MsgId: MMSG-26386]
Save_JS_File.c(16): web_custom_request("gitapi/status") started  	[MsgId: MMSG-26355]
Open_JS_File.c(4): web_url("open file") was successful, 17 body bytes, 239 header bytes  	[MsgId: MMSG-26386]
Open_JS_File.c(11): web_custom_request("File") started  	[MsgId: MMSG-26355]
Open_JS_File.c(11): web_custom_request("File") was successful, 17 body bytes, 200 header bytes  	[MsgId: MMSG-26386]
Open_JS_File.c(20): web_custom_request("File") started  	[MsgId: MMSG-26355]
Open_JS_File.c(20): web_custom_request("File") was successful, 17 body bytes, 200 header bytes  	[MsgId: MMSG-26386]
Open_JS_File.c(29): Notify: Transaction "Open JS file" ended with "Pass" status (Duration: 0.6964 Wasted Time: 0.0000).	[MsgId: MMSG-16871]
Ending action Open_JS_File.	[MsgId: MMSG-15918]
Ending iteration 78.	[MsgId: MMSG-15965]
Starting iteration 79.	[MsgId: MMSG-15968]
Starting action Search_File_Content_7_Files.	[MsgId: MMSG-15919]
Search_File_Content_7_Files.c(3): Notify: Transaction "Search file content - 7 files" started.	[MsgId: MMSG-16999]
Search_File_Content_7_Files.c(4): web_url("filesearch") started  	[MsgId: MMSG-26355]
Save_JS_File.c(16): web_custom_request("gitapi/status") was successful, 303 body bytes, 215 header bytes, 17 chunking overhead bytes  	[MsgId: MMSG-26385]
Save_JS_File.c(25): web_url("Save File Read data") started  	[MsgId: MMSG-26355]
Save_JS_File.c(25): web_url("Save File Read data") was successful, 17 body bytes, 199 header bytes  	[MsgId: MMSG-26386]
Save_JS_File.c(33): Notify: Transaction "Save File" ended with "Pass" status (Duration: 1.3110 Wasted Time: 0.0000).	[MsgId: MMSG-16871]
Ending action Save_JS_File.	[MsgId: MMSG-15918]
Ending iteration 78.	[MsgId: MMSG-15965]
Starting iteration 79.	[MsgId: MMSG-15968]
Starting action RunApplicationPreview_WithMock.	[MsgId: MMSG-15919]
RunApplicationPreview_WithMock.c(3): Notify: Transaction "RunPreviewAppWithMock" started.	[MsgId: MMSG-16999]
RunApplicationPreview_WithMock.c(6): web_url("mock_preview_sapui5.html") started  	[MsgId: MMSG-26355]
Search_File_Content_7_Files.c(4): web_url("filesearch") was successful, 2145 body bytes, 130 header bytes  	[MsgId: MMSG-26386]
Search_File_Content_7_Files.c(12): web_url("messageBundle_de.properties") started  	[MsgId: MMSG-26355]
Save_JS_File.c(16): web_custom_request("gitapi/status") was successful, 303 body bytes, 215 header bytes, 17 chunking overhead bytes  	[MsgId: MMSG-26385]
Save_JS_File.c(25): web_url("Save File Read data") started  	[MsgId: MMSG-26355]
Search_File_Content_7_Files.c(12): web_url("messageBundle_de.properties") was successful, 638 body bytes, 162 header bytes  	[MsgId: MMSG-26386]
Search_File_Content_7_Files.c(20): web_url("messageBundle_en.properties") started  	[MsgId: MMSG-26355]
Save_JS_File.c(25): web_url("Save File Read data") was successful, 17 body bytes, 200 header bytes  	[MsgId: MMSG-26386]
Save_JS_File.c(33): Notify: Transaction "Save File" ended with "Pass" status (Duration: 1.4010 Wasted Time: 0.0000).	[MsgId: MMSG-16871]
Ending action Save_JS_File.	[MsgId: MMSG-15918]
Ending iteration 73.	[MsgId: MMSG-15965]
Starting iteration 74.	[MsgId: MMSG-15968]
Starting action Save_JS_File.	[MsgId: MMSG-15919]
Save_JS_File.c(4): Notify: Transaction "Save File" started.	[MsgId: MMSG-16999]
Save_JS_File.c(6): web_add_header("X-CSRF-Token") started  	[MsgId: MMSG-26355]
Save_JS_File.c(6): web_add_header("X-CSRF-Token") was successful  	[MsgId: MMSG-26392]
Save_JS_File.c(7): web_custom_request("Save File") started  	[MsgId: MMSG-26355]
RunApplicationPreview_WithMock.c(6): web_url("mock_preview_sapui5.html") was successful, 853 body bytes, 280 header bytes, 24 chunking overhead bytes  	[MsgId: MMSG-26385]
RunApplicationPreview_WithMock.c(16): web_url("Component.js") started  	[MsgId: MMSG-26355]
Search_File_Content_7_Files.c(20): web_url("messageBundle_en.properties") was successful, 638 body bytes, 162 header bytes  	[MsgId: MMSG-26386]
Search_File_Content_7_Files.c(28): web_url("messageBundle.properties") started  	[MsgId: MMSG-26355]
Search_File_Content_7_Files.c(28): web_url("messageBundle.properties") was successful, 638 body bytes, 162 header bytes  	[MsgId: MMSG-26386]
Search_File_Content_7_Files.c(36): web_url("mock_preview_sapui5.html") started  	[MsgId: MMSG-26355]
RunApplicationPreview_WithMock.c(16): web_url("Component.js") was successful, 1547 body bytes, 254 header bytes, 36 chunking overhead bytes  	[MsgId: MMSG-26385]
RunApplicationPreview_WithMock.c(24): web_url("App.view.xml") started  	[MsgId: MMSG-26355]
RunApplicationPreview_WithMock.c(24): web_url("App.view.xml") was successful, 398 body bytes, 193 header bytes  	[MsgId: MMSG-26386]
RunApplicationPreview_WithMock.c(32): web_url("App.controller.js") started  	[MsgId: MMSG-26355]
Search_File_Content_7_Files.c(36): web_url("mock_preview_sapui5.html") was successful, 853 body bytes, 241 header bytes, 24 chunking overhead bytes  	[MsgId: MMSG-26385]
Search_File_Content_7_Files.c(44): web_url("localIndex.html") started  	[MsgId: MMSG-26355]
Save_JS_File.c(7): web_custom_request("Save File") was successful, 0 body bytes, 200 header bytes  	[MsgId: MMSG-26386]
Save_JS_File.c(16): web_custom_request("gitapi/status") started  	[MsgId: MMSG-26355]
RunApplicationPreview_WithMock.c(32): web_url("App.controller.js") was successful, 46 body bytes, 198 header bytes  	[MsgId: MMSG-26386]
RunApplicationPreview_WithMock.c(40): web_url("Master.view.xml") started  	[MsgId: MMSG-26355]
RunApplicationPreview_WithMock.c(40): web_url("Master.view.xml") was successful, 563 body bytes, 247 header bytes, 23 chunking overhead bytes  	[MsgId: MMSG-26385]
RunApplicationPreview_WithMock.c(48): web_url("Master.controller.js") started  	[MsgId: MMSG-26355]
Search_File_Content_7_Files.c(44): web_url("localIndex.html") was successful, 1218 body bytes, 242 header bytes, 30 chunking overhead bytes  	[MsgId: MMSG-26385]
Search_File_Content_7_Files.c(52): web_url("Index.html") started  	[MsgId: MMSG-26355]
RunApplicationPreview_WithMock.c(48): web_url("Master.controller.js") was successful, 861 body bytes, 199 header bytes  	[MsgId: MMSG-26386]
RunApplicationPreview_WithMock.c(57): Notify: Transaction "RunPreviewAppWithMock" ended with "Pass" status (Duration: 1.0026 Wasted Time: 0.0000).	[MsgId: MMSG-16871]
Ending action RunApplicationPreview_WithMock.	[MsgId: MMSG-15918]
Ending iteration 79.	[MsgId: MMSG-15965]
Starting iteration 80.	[MsgId: MMSG-15968]
Starting action Open_JS_File.	[MsgId: MMSG-15919]
Open_JS_File.c(3): Notify: Transaction "Open JS file" started.	[MsgId: MMSG-16999]
Open_JS_File.c(4): web_url("open file") started  	[MsgId: MMSG-26355]
Search_File_Content_7_Files.c(52): web_url("Index.html") was successful, 642 body bytes, 240 header bytes, 23 chunking overhead bytes  	[MsgId: MMSG-26385]
Search_File_Content_7_Files.c(60): web_url("Component.js") started  	[MsgId: MMSG-26355]
Save_JS_File.c(16): web_custom_request("gitapi/status") was successful, 303 body bytes, 215 header bytes, 17 chunking overhead bytes  	[MsgId: MMSG-26385]
Save_JS_File.c(25): web_url("Save File Read data") started  	[MsgId: MMSG-26355]
Save_JS_File.c(7): web_custom_request("Save File") was successful, 0 body bytes, 199 header bytes  	[MsgId: MMSG-26386]
Save_JS_File.c(16): web_custom_request("gitapi/status") started  	[MsgId: MMSG-26355]
Search_File_Content_7_Files.c(60): web_url("Component.js") was successful, 1547 body bytes, 254 header bytes, 36 chunking overhead bytes  	[MsgId: MMSG-26385]
Search_File_Content_7_Files.c(68): Notify: Transaction "Search file content - 7 files" ended with "Pass" status (Duration: 1.6816 Wasted Time: 0.0000).	[MsgId: MMSG-16871]
Ending action Search_File_Content_7_Files.	[MsgId: MMSG-15918]
Ending iteration 79.	[MsgId: MMSG-15965]
Starting iteration 80.	[MsgId: MMSG-15968]
Starting action RunApplicationPreview_WithMock.	[MsgId: MMSG-15919]
RunApplicationPreview_WithMock.c(3): Notify: Transaction "RunPreviewAppWithMock" started.	[MsgId: MMSG-16999]
RunApplicationPreview_WithMock.c(6): web_url("mock_preview_sapui5.html") started  	[MsgId: MMSG-26355]
Save_JS_File.c(25): web_url("Save File Read data") was successful, 17 body bytes, 198 header bytes  	[MsgId: MMSG-26386]
Save_JS_File.c(33): Notify: Transaction "Save File" ended with "Pass" status (Duration: 1.0506 Wasted Time: 0.0000).	[MsgId: MMSG-16871]
Ending action Save_JS_File.	[MsgId: MMSG-15918]
Ending iteration 74.	[MsgId: MMSG-15965]
Starting iteration 75.	[MsgId: MMSG-15968]
Starting action RunApplicationPreview_WithMock.	[MsgId: MMSG-15919]
RunApplicationPreview_WithMock.c(3): Notify: Transaction "RunPreviewAppWithMock" started.	[MsgId: MMSG-16999]
RunApplicationPreview_WithMock.c(6): web_url("mock_preview_sapui5.html") started  	[MsgId: MMSG-26355]
Open_JS_File.c(4): web_url("open file") was successful, 17 body bytes, 238 header bytes  	[MsgId: MMSG-26386]
Open_JS_File.c(11): web_custom_request("File") started  	[MsgId: MMSG-26355]
Open_JS_File.c(11): web_custom_request("File") was successful, 17 body bytes, 199 header bytes  	[MsgId: MMSG-26386]
Open_JS_File.c(20): web_custom_request("File") started  	[MsgId: MMSG-26355]
Save_JS_File.c(16): web_custom_request("gitapi/status") was successful, 303 body bytes, 215 header bytes, 17 chunking overhead bytes  	[MsgId: MMSG-26385]
Save_JS_File.c(25): web_url("Save File Read data") started  	[MsgId: MMSG-26355]
Save_JS_File.c(25): web_url("Save File Read data") was successful, 18 body bytes, 199 header bytes  	[MsgId: MMSG-26386]
Save_JS_File.c(33): Notify: Transaction "Save File" ended with "Pass" status (Duration: 3.6528 Wasted Time: 0.0000).	[MsgId: MMSG-16871]
Ending action Save_JS_File.	[MsgId: MMSG-15918]
Ending iteration 72.	[MsgId: MMSG-15965]
Starting iteration 73.	[MsgId: MMSG-15968]
Open_JS_File.c(20): web_custom_request("File") was successful, 17 body bytes, 199 header bytes  	[MsgId: MMSG-26386]
Open_JS_File.c(29): Notify: Transaction "Open JS file" ended with "Pass" status (Duration: 0.5980 Wasted Time: 0.0000).	[MsgId: MMSG-16871]
Ending action Open_JS_File.	[MsgId: MMSG-15918]
Ending iteration 80.	[MsgId: MMSG-15965]
Starting iteration 81.	[MsgId: MMSG-15968]
Starting action Open_JS_File.	[MsgId: MMSG-15919]
Open_JS_File.c(3): Notify: Transaction "Open JS file" started.	[MsgId: MMSG-16999]
Open_JS_File.c(4): web_url("open file") started  	[MsgId: MMSG-26355]
Starting action RunApplicationPreview_WithMock.	[MsgId: MMSG-15919]
RunApplicationPreview_WithMock.c(3): Notify: Transaction "RunPreviewAppWithMock" started.	[MsgId: MMSG-16999]
RunApplicationPreview_WithMock.c(6): web_url("mock_preview_sapui5.html") started  	[MsgId: MMSG-26355]
RunApplicationPreview_WithMock.c(6): web_url("mock_preview_sapui5.html") was successful, 853 body bytes, 280 header bytes, 24 chunking overhead bytes  	[MsgId: MMSG-26385]
RunApplicationPreview_WithMock.c(16): web_url("Component.js") started  	[MsgId: MMSG-26355]
RunApplicationPreview_WithMock.c(6): web_url("mock_preview_sapui5.html") was successful, 853 body bytes, 280 header bytes, 24 chunking overhead bytes  	[MsgId: MMSG-26385]
RunApplicationPreview_WithMock.c(16): web_url("Component.js") started  	[MsgId: MMSG-26355]
RunApplicationPreview_WithMock.c(16): web_url("Component.js") was successful, 1547 body bytes, 254 header bytes, 36 chunking overhead bytes  	[MsgId: MMSG-26385]
RunApplicationPreview_WithMock.c(24): web_url("App.view.xml") started  	[MsgId: MMSG-26355]
RunApplicationPreview_WithMock.c(24): web_url("App.view.xml") was successful, 398 body bytes, 193 header bytes  	[MsgId: MMSG-26386]
RunApplicationPreview_WithMock.c(32): web_url("App.controller.js") started  	[MsgId: MMSG-26355]
Open_JS_File.c(4): web_url("open file") was successful, 17 body bytes, 238 header bytes  	[MsgId: MMSG-26386]
Open_JS_File.c(11): web_custom_request("File") started  	[MsgId: MMSG-26355]
RunApplicationPreview_WithMock.c(6): web_url("mock_preview_sapui5.html") was successful, 853 body bytes, 280 header bytes, 24 chunking overhead bytes  	[MsgId: MMSG-26385]
RunApplicationPreview_WithMock.c(16): web_url("Component.js") started  	[MsgId: MMSG-26355]
RunApplicationPreview_WithMock.c(16): web_url("Component.js") was successful, 1547 body bytes, 254 header bytes, 36 chunking overhead bytes  	[MsgId: MMSG-26385]
RunApplicationPreview_WithMock.c(24): web_url("App.view.xml") started  	[MsgId: MMSG-26355]
Open_JS_File.c(11): web_custom_request("File") was successful, 17 body bytes, 199 header bytes  	[MsgId: MMSG-26386]
Open_JS_File.c(20): web_custom_request("File") started  	[MsgId: MMSG-26355]
RunApplicationPreview_WithMock.c(32): web_url("App.controller.js") was successful, 46 body bytes, 198 header bytes  	[MsgId: MMSG-26386]
RunApplicationPreview_WithMock.c(40): web_url("Master.view.xml") started  	[MsgId: MMSG-26355]
RunApplicationPreview_WithMock.c(24): web_url("App.view.xml") was successful, 398 body bytes, 193 header bytes  	[MsgId: MMSG-26386]
RunApplicationPreview_WithMock.c(32): web_url("App.controller.js") started  	[MsgId: MMSG-26355]
RunApplicationPreview_WithMock.c(16): web_url("Component.js") was successful, 1547 body bytes, 254 header bytes, 36 chunking overhead bytes  	[MsgId: MMSG-26385]
RunApplicationPreview_WithMock.c(24): web_url("App.view.xml") started  	[MsgId: MMSG-26355]
RunApplicationPreview_WithMock.c(40): web_url("Master.view.xml") was successful, 563 body bytes, 247 header bytes, 23 chunking overhead bytes  	[MsgId: MMSG-26385]
RunApplicationPreview_WithMock.c(48): web_url("Master.controller.js") started  	[MsgId: MMSG-26355]
Open_JS_File.c(20): web_custom_request("File") was successful, 17 body bytes, 199 header bytes  	[MsgId: MMSG-26386]
Open_JS_File.c(29): Notify: Transaction "Open JS file" ended with "Pass" status (Duration: 0.9099 Wasted Time: 0.0000).	[MsgId: MMSG-16871]
Ending action Open_JS_File.	[MsgId: MMSG-15918]
Ending iteration 81.	[MsgId: MMSG-15965]
Starting iteration 82.	[MsgId: MMSG-15968]
Starting action Open_JS_File.	[MsgId: MMSG-15919]
Open_JS_File.c(3): Notify: Transaction "Open JS file" started.	[MsgId: MMSG-16999]
Open_JS_File.c(4): web_url("open file") started  	[MsgId: MMSG-26355]
RunApplicationPreview_WithMock.c(32): web_url("App.controller.js") was successful, 46 body bytes, 198 header bytes  	[MsgId: MMSG-26386]
RunApplicationPreview_WithMock.c(40): web_url("Master.view.xml") started  	[MsgId: MMSG-26355]
RunApplicationPreview_WithMock.c(24): web_url("App.view.xml") was successful, 398 body bytes, 193 header bytes  	[MsgId: MMSG-26386]
RunApplicationPreview_WithMock.c(32): web_url("App.controller.js") started  	[MsgId: MMSG-26355]
RunApplicationPreview_WithMock.c(48): web_url("Master.controller.js") was successful, 861 body bytes, 199 header bytes  	[MsgId: MMSG-26386]
RunApplicationPreview_WithMock.c(57): Notify: Transaction "RunPreviewAppWithMock" ended with "Pass" status (Duration: 1.3489 Wasted Time: 0.0000).	[MsgId: MMSG-16871]
Ending action RunApplicationPreview_WithMock.	[MsgId: MMSG-15918]
Ending iteration 80.	[MsgId: MMSG-15965]
Starting iteration 81.	[MsgId: MMSG-15968]
Starting action Open_JS_File.	[MsgId: MMSG-15919]
Open_JS_File.c(3): Notify: Transaction "Open JS file" started.	[MsgId: MMSG-16999]
Open_JS_File.c(4): web_url("open file") started  	[MsgId: MMSG-26355]
RunApplicationPreview_WithMock.c(40): web_url("Master.view.xml") was successful, 563 body bytes, 247 header bytes, 23 chunking overhead bytes  	[MsgId: MMSG-26385]
RunApplicationPreview_WithMock.c(48): web_url("Master.controller.js") started  	[MsgId: MMSG-26355]
RunApplicationPreview_WithMock.c(32): web_url("App.controller.js") was successful, 46 body bytes, 198 header bytes  	[MsgId: MMSG-26386]
RunApplicationPreview_WithMock.c(40): web_url("Master.view.xml") started  	[MsgId: MMSG-26355]
RunApplicationPreview_WithMock.c(48): web_url("Master.controller.js") was successful, 861 body bytes, 199 header bytes  	[MsgId: MMSG-26386]
RunApplicationPreview_WithMock.c(57): Notify: Transaction "RunPreviewAppWithMock" ended with "Pass" status (Duration: 1.4321 Wasted Time: 0.0000).	[MsgId: MMSG-16871]
Ending action RunApplicationPreview_WithMock.	[MsgId: MMSG-15918]
Ending iteration 75.	[MsgId: MMSG-15965]
Starting iteration 76.	[MsgId: MMSG-15968]
Starting action RunApplicationPreview_WithMock.	[MsgId: MMSG-15919]
RunApplicationPreview_WithMock.c(3): Notify: Transaction "RunPreviewAppWithMock" started.	[MsgId: MMSG-16999]
RunApplicationPreview_WithMock.c(6): web_url("mock_preview_sapui5.html") started  	[MsgId: MMSG-26355]
RunApplicationPreview_WithMock.c(40): web_url("Master.view.xml") was successful, 563 body bytes, 247 header bytes, 23 chunking overhead bytes  	[MsgId: MMSG-26385]
RunApplicationPreview_WithMock.c(48): web_url("Master.controller.js") started  	[MsgId: MMSG-26355]
Open_JS_File.c(4): web_url("open file") was successful, 17 body bytes, 238 header bytes  	[MsgId: MMSG-26386]
Open_JS_File.c(11): web_custom_request("File") started  	[MsgId: MMSG-26355]
RunApplicationPreview_WithMock.c(48): web_url("Master.controller.js") was successful, 861 body bytes, 199 header bytes  	[MsgId: MMSG-26386]
RunApplicationPreview_WithMock.c(57): Notify: Transaction "RunPreviewAppWithMock" ended with "Pass" status (Duration: 1.3240 Wasted Time: 0.0000).	[MsgId: MMSG-16871]
Ending action RunApplicationPreview_WithMock.	[MsgId: MMSG-15918]
Ending iteration 73.	[MsgId: MMSG-15965]
Starting iteration 74.	[MsgId: MMSG-15968]
Starting action Open_JS_File.	[MsgId: MMSG-15919]
Open_JS_File.c(3): Notify: Transaction "Open JS file" started.	[MsgId: MMSG-16999]
Open_JS_File.c(4): web_url("open file") started  	[MsgId: MMSG-26355]
Open_JS_File.c(4): web_url("open file") was successful, 17 body bytes, 239 header bytes  	[MsgId: MMSG-26386]
Open_JS_File.c(11): web_custom_request("File") started  	[MsgId: MMSG-26355]
Open_JS_File.c(11): web_custom_request("File") was successful, 17 body bytes, 199 header bytes  	[MsgId: MMSG-26386]
Open_JS_File.c(20): web_custom_request("File") started  	[MsgId: MMSG-26355]
Open_JS_File.c(11): web_custom_request("File") was successful, 17 body bytes, 200 header bytes  	[MsgId: MMSG-26386]
Open_JS_File.c(20): web_custom_request("File") started  	[MsgId: MMSG-26355]
Open_JS_File.c(20): web_custom_request("File") was successful, 17 body bytes, 199 header bytes  	[MsgId: MMSG-26386]
Open_JS_File.c(29): Notify: Transaction "Open JS file" ended with "Pass" status (Duration: 0.5656 Wasted Time: 0.0000).	[MsgId: MMSG-16871]
Ending action Open_JS_File.	[MsgId: MMSG-15918]
Ending iteration 82.	[MsgId: MMSG-15965]
Starting iteration 83.	[MsgId: MMSG-15968]
Starting action Save_JS_File.	[MsgId: MMSG-15919]
Save_JS_File.c(4): Notify: Transaction "Save File" started.	[MsgId: MMSG-16999]
Save_JS_File.c(6): web_add_header("X-CSRF-Token") started  	[MsgId: MMSG-26355]
Save_JS_File.c(6): web_add_header("X-CSRF-Token") was successful  	[MsgId: MMSG-26392]
Save_JS_File.c(7): web_custom_request("Save File") started  	[MsgId: MMSG-26355]
RunApplicationPreview_WithMock.c(6): web_url("mock_preview_sapui5.html") was successful, 853 body bytes, 280 header bytes, 24 chunking overhead bytes  	[MsgId: MMSG-26385]
RunApplicationPreview_WithMock.c(16): web_url("Component.js") started  	[MsgId: MMSG-26355]
Open_JS_File.c(20): web_custom_request("File") was successful, 17 body bytes, 200 header bytes  	[MsgId: MMSG-26386]
Open_JS_File.c(29): Notify: Transaction "Open JS file" ended with "Pass" status (Duration: 0.5622 Wasted Time: 0.0000).	[MsgId: MMSG-16871]
Ending action Open_JS_File.	[MsgId: MMSG-15918]
Ending iteration 81.	[MsgId: MMSG-15965]
Starting iteration 82.	[MsgId: MMSG-15968]
Starting action Save_JS_File.	[MsgId: MMSG-15919]
Save_JS_File.c(4): Notify: Transaction "Save File" started.	[MsgId: MMSG-16999]
Save_JS_File.c(6): web_add_header("X-CSRF-Token") started  	[MsgId: MMSG-26355]
Save_JS_File.c(6): web_add_header("X-CSRF-Token") was successful  	[MsgId: MMSG-26392]
Save_JS_File.c(7): web_custom_request("Save File") started  	[MsgId: MMSG-26355]
Open_JS_File.c(4): web_url("open file") was successful, 18 body bytes, 238 header bytes  	[MsgId: MMSG-26386]
Open_JS_File.c(11): web_custom_request("File") started  	[MsgId: MMSG-26355]
RunApplicationPreview_WithMock.c(16): web_url("Component.js") was successful, 1547 body bytes, 254 header bytes, 36 chunking overhead bytes  	[MsgId: MMSG-26385]
RunApplicationPreview_WithMock.c(24): web_url("App.view.xml") started  	[MsgId: MMSG-26355]
Open_JS_File.c(11): web_custom_request("File") was successful, 18 body bytes, 199 header bytes  	[MsgId: MMSG-26386]
Open_JS_File.c(20): web_custom_request("File") started  	[MsgId: MMSG-26355]
RunApplicationPreview_WithMock.c(24): web_url("App.view.xml") was successful, 398 body bytes, 193 header bytes  	[MsgId: MMSG-26386]
RunApplicationPreview_WithMock.c(32): web_url("App.controller.js") started  	[MsgId: MMSG-26355]
Open_JS_File.c(20): web_custom_request("File") was successful, 18 body bytes, 199 header bytes  	[MsgId: MMSG-26386]
Open_JS_File.c(29): Notify: Transaction "Open JS file" ended with "Pass" status (Duration: 0.5756 Wasted Time: 0.0000).	[MsgId: MMSG-16871]
Ending action Open_JS_File.	[MsgId: MMSG-15918]
Ending iteration 74.	[MsgId: MMSG-15965]
Starting iteration 75.	[MsgId: MMSG-15968]
Starting action Save_JS_File.	[MsgId: MMSG-15919]
Save_JS_File.c(4): Notify: Transaction "Save File" started.	[MsgId: MMSG-16999]
Save_JS_File.c(6): web_add_header("X-CSRF-Token") started  	[MsgId: MMSG-26355]
Save_JS_File.c(6): web_add_header("X-CSRF-Token") was successful  	[MsgId: MMSG-26392]
Save_JS_File.c(7): web_custom_request("Save File") started  	[MsgId: MMSG-26355]
Save_JS_File.c(7): web_custom_request("Save File") was successful, 0 body bytes, 199 header bytes  	[MsgId: MMSG-26386]
Save_JS_File.c(16): web_custom_request("gitapi/status") started  	[MsgId: MMSG-26355]
Save_JS_File.c(7): web_custom_request("Save File") was successful, 0 body bytes, 200 header bytes  	[MsgId: MMSG-26386]
RunApplicationPreview_WithMock.c(32): web_url("App.controller.js") was successful, 46 body bytes, 198 header bytes  	[MsgId: MMSG-26386]
RunApplicationPreview_WithMock.c(40): web_url("Master.view.xml") started  	[MsgId: MMSG-26355]
Save_JS_File.c(16): web_custom_request("gitapi/status") started  	[MsgId: MMSG-26355]
RunApplicationPreview_WithMock.c(40): web_url("Master.view.xml") was successful, 563 body bytes, 247 header bytes, 23 chunking overhead bytes  	[MsgId: MMSG-26385]
RunApplicationPreview_WithMock.c(48): web_url("Master.controller.js") started  	[MsgId: MMSG-26355]
RunApplicationPreview_WithMock.c(48): web_url("Master.controller.js") was successful, 861 body bytes, 199 header bytes  	[MsgId: MMSG-26386]
RunApplicationPreview_WithMock.c(57): Notify: Transaction "RunPreviewAppWithMock" ended with "Pass" status (Duration: 0.9976 Wasted Time: 0.0000).	[MsgId: MMSG-16871]
Ending action RunApplicationPreview_WithMock.	[MsgId: MMSG-15918]
Ending iteration 76.	[MsgId: MMSG-15965]
Starting iteration 77.	[MsgId: MMSG-15968]
Starting action Save_JS_File.	[MsgId: MMSG-15919]
Save_JS_File.c(4): Notify: Transaction "Save File" started.	[MsgId: MMSG-16999]
Save_JS_File.c(6): web_add_header("X-CSRF-Token") started  	[MsgId: MMSG-26355]
Save_JS_File.c(6): web_add_header("X-CSRF-Token") was successful  	[MsgId: MMSG-26392]
Save_JS_File.c(7): web_custom_request("Save File") started  	[MsgId: MMSG-26355]
Save_JS_File.c(7): web_custom_request("Save File") was successful, 0 body bytes, 199 header bytes  	[MsgId: MMSG-26386]
Save_JS_File.c(16): web_custom_request("gitapi/status") started  	[MsgId: MMSG-26355]
Save_JS_File.c(7): web_custom_request("Save File") was successful, 0 body bytes, 198 header bytes  	[MsgId: MMSG-26386]
Save_JS_File.c(16): web_custom_request("gitapi/status") started  	[MsgId: MMSG-26355]
Save_JS_File.c(16): web_custom_request("gitapi/status") was successful, 303 body bytes, 215 header bytes, 17 chunking overhead bytes  	[MsgId: MMSG-26385]
Save_JS_File.c(25): web_url("Save File Read data") started  	[MsgId: MMSG-26355]
Save_JS_File.c(25): web_url("Save File Read data") was successful, 18 body bytes, 196 header bytes  	[MsgId: MMSG-26386]
Save_JS_File.c(33): Notify: Transaction "Save File" ended with "Pass" status (Duration: 7.1046 Wasted Time: 0.0000).	[MsgId: MMSG-16871]
Ending action Save_JS_File.	[MsgId: MMSG-15918]
Ending Vuser...	[MsgId: MMSG-15966]
Starting action vuser_end.	[MsgId: MMSG-15919]
Ending action vuser_end.	[MsgId: MMSG-15918]
Vuser Terminated.	[MsgId: MMSG-15963]
Save_JS_File.c(16): web_custom_request("gitapi/status") was successful, 303 body bytes, 215 header bytes, 17 chunking overhead bytes  	[MsgId: MMSG-26385]
Save_JS_File.c(25): web_url("Save File Read data") started  	[MsgId: MMSG-26355]
Save_JS_File.c(25): web_url("Save File Read data") was successful, 17 body bytes, 200 header bytes  	[MsgId: MMSG-26386]
Save_JS_File.c(33): Notify: Transaction "Save File" ended with "Pass" status (Duration: 7.9367 Wasted Time: 0.0000).	[MsgId: MMSG-16871]
Ending action Save_JS_File.	[MsgId: MMSG-15918]
Ending Vuser...	[MsgId: MMSG-15966]
Starting action vuser_end.	[MsgId: MMSG-15919]
Ending action vuser_end.	[MsgId: MMSG-15918]
Vuser Terminated.	[MsgId: MMSG-15963]
Save_JS_File.c(16): web_custom_request("gitapi/status") was successful, 303 body bytes, 215 header bytes, 17 chunking overhead bytes  	[MsgId: MMSG-26385]
Save_JS_File.c(25): web_url("Save File Read data") started  	[MsgId: MMSG-26355]
Save_JS_File.c(16): web_custom_request("gitapi/status") was successful, 303 body bytes, 215 header bytes, 17 chunking overhead bytes  	[MsgId: MMSG-26385]
Save_JS_File.c(25): web_url("Save File Read data") started  	[MsgId: MMSG-26355]
Save_JS_File.c(25): web_url("Save File Read data") was successful, 18 body bytes, 200 header bytes  	[MsgId: MMSG-26386]
Save_JS_File.c(33): Notify: Transaction "Save File" ended with "Pass" status (Duration: 8.0242 Wasted Time: 0.0000).	[MsgId: MMSG-16871]
Ending action Save_JS_File.	[MsgId: MMSG-15918]
Ending Vuser...	[MsgId: MMSG-15966]
Starting action vuser_end.	[MsgId: MMSG-15919]
Save_JS_File.c(25): web_url("Save File Read data") was successful, 17 body bytes, 200 header bytes  	[MsgId: MMSG-26386]
Save_JS_File.c(33): Notify: Transaction "Save File" ended with "Pass" status (Duration: 7.4493 Wasted Time: 0.0000).	[MsgId: MMSG-16871]
Ending action Save_JS_File.	[MsgId: MMSG-15918]
Ending Vuser...	[MsgId: MMSG-15966]
Starting action vuser_end.	[MsgId: MMSG-15919]
Ending action vuser_end.	[MsgId: MMSG-15918]
Ending action vuser_end.	[MsgId: MMSG-15918]
Vuser Terminated.	[MsgId: MMSG-15963]
Vuser Terminated.	[MsgId: MMSG-15963]
